#! /usr/local/iverilog/bin/vvp
:ivl_version "11.0 (devel)" "(s20150603-612-ga9388a89)";
:ivl_delay_selection "TYPICAL";
:vpi_time_precision + 0;
:vpi_module "system";
:vpi_module "vhdl_sys";
:vpi_module "vhdl_textio";
:vpi_module "v2005_math";
:vpi_module "va_math";
S_0000000002707980 .scope module, "integrated" "integrated" 2 1;
 .timescale 0 0;
    .port_info 0 /INPUT 10 "SW";
    .port_info 1 /INPUT 2 "KEY";
    .port_info 2 /OUTPUT 10 "LEDR";
    .port_info 3 /OUTPUT 8 "HEX0";
    .port_info 4 /OUTPUT 8 "HEX1";
    .port_info 5 /OUTPUT 8 "HEX2";
    .port_info 6 /OUTPUT 8 "HEX3";
    .port_info 7 /OUTPUT 8 "HEX4";
    .port_info 8 /OUTPUT 8 "HEX5";
v0000000002781d00_0 .var "HEX0", 7 0;
v00000000027819e0_0 .var "HEX1", 7 0;
v0000000002781a80_0 .var "HEX2", 7 0;
v00000000027820c0_0 .var "HEX3", 7 0;
v0000000002781f80_0 .var "HEX4", 7 0;
v0000000002781b20_0 .var "HEX5", 7 0;
o0000000002790538 .functor BUFZ 2, C4<zz>; HiZ drive
v0000000002781260_0 .net "KEY", 1 0, o0000000002790538;  0 drivers
v00000000027813a0_0 .var "LEDR", 9 0;
o0000000002790598 .functor BUFZ 10, C4<zzzzzzzzzz>; HiZ drive
v0000000002782660_0 .net "SW", 9 0, o0000000002790598;  0 drivers
v0000000002781bc0_0 .net *"_s2", 1 0, L_0000000002786840;  1 drivers
v0000000002781120_0 .net "her_HEX0", 7 0, v000000000277f780_0;  1 drivers
v0000000002781440_0 .net "her_HEX1", 7 0, v000000000277e740_0;  1 drivers
v0000000002781da0_0 .net "her_HEX2", 7 0, v000000000277e380_0;  1 drivers
v00000000027827a0_0 .net "her_HEX3", 7 0, v000000000277e240_0;  1 drivers
v0000000002781e40_0 .net "her_HEX4", 7 0, v000000000277e6a0_0;  1 drivers
v0000000002781ee0_0 .net "her_HEX5", 7 0, v000000000277ee20_0;  1 drivers
v0000000002782020_0 .net "her_LEDR", 9 0, v000000000277e420_0;  1 drivers
v0000000002782160_0 .net "his_HEX0", 7 0, v00000000027d3820_0;  1 drivers
v0000000002782a20_0 .net "his_HEX1", 7 0, v00000000027d2ce0_0;  1 drivers
v0000000002782200_0 .net "his_HEX2", 7 0, v00000000027d2880_0;  1 drivers
v00000000027822a0_0 .net "his_HEX3", 7 0, v00000000027d35a0_0;  1 drivers
v00000000027823e0_0 .net "his_HEX4", 7 0, v00000000027d3640_0;  1 drivers
v0000000002782ac0_0 .net "his_HEX5", 7 0, v00000000027d3be0_0;  1 drivers
L_00000000027d4ca8 .functor BUFT 1, C4<0000000000>, C4<0>, C4<0>, C4<0>;
v0000000002782c00_0 .net "his_LEDR", 9 0, L_00000000027d4ca8;  1 drivers
v0000000002782ca0_0 .net "my_HEX0", 7 0, v0000000002760c70_0;  1 drivers
v0000000002782d40_0 .net "my_HEX1", 7 0, v000000000275f5f0_0;  1 drivers
v0000000002782e80_0 .net "my_HEX2", 7 0, v000000000275fc30_0;  1 drivers
v00000000027847c0_0 .net "my_HEX3", 7 0, v000000000275f370_0;  1 drivers
v0000000002784ae0_0 .net "my_HEX4", 7 0, v00000000027609f0_0;  1 drivers
v00000000027835a0_0 .net "my_HEX5", 7 0, v000000000275f550_0;  1 drivers
v00000000027833c0_0 .net "my_LEDR", 9 0, L_0000000002785580;  1 drivers
E_0000000002758970 .event edge, L_0000000002786840;
L_0000000002786840 .part o0000000002790598, 8, 2;
S_0000000002707b10 .scope module, "U0" "designblock1" 2 13, 3 1 0, S_0000000002707980;
 .timescale 0 0;
    .port_info 0 /INPUT 10 "SW";
    .port_info 1 /INPUT 2 "KEY";
    .port_info 2 /OUTPUT 10 "LEDR";
    .port_info 3 /OUTPUT 8 "HEX0";
    .port_info 4 /OUTPUT 8 "HEX1";
    .port_info 5 /OUTPUT 8 "HEX2";
    .port_info 6 /OUTPUT 8 "HEX3";
    .port_info 7 /OUTPUT 8 "HEX4";
    .port_info 8 /OUTPUT 8 "HEX5";
P_0000000002707570 .param/l "Bday1" 0 3 7, C4<000100100000010010011001>;
P_00000000027075a8 .param/l "Bday2" 0 3 8, C4<000001100000011000000000>;
L_000000000274f4f0 .functor NOT 8, L_00000000027842c0, C4<00000000>, C4<00000000>, C4<00000000>;
v000000000275f230_0 .net "Bday", 23 0, L_00000000027854e0;  1 drivers
v000000000275fcd0_0 .net "HEX0", 7 0, v0000000002760c70_0;  alias, 1 drivers
v000000000275fd70_0 .net "HEX1", 7 0, v000000000275f5f0_0;  alias, 1 drivers
v00000000027601d0_0 .net "HEX2", 7 0, v000000000275fc30_0;  alias, 1 drivers
v000000000275fe10_0 .net "HEX3", 7 0, v000000000275f370_0;  alias, 1 drivers
v000000000275f9b0_0 .net "HEX4", 7 0, v00000000027609f0_0;  alias, 1 drivers
v000000000275f730_0 .net "HEX5", 7 0, v000000000275f550_0;  alias, 1 drivers
v0000000002760950_0 .net "KEY", 1 0, o0000000002790538;  alias, 0 drivers
v0000000002760d10_0 .net "LEDR", 9 0, L_0000000002785580;  alias, 1 drivers
v0000000002760e50_0 .net "SW", 9 0, o0000000002790598;  alias, 0 drivers
v000000000275fa50_0 .net *"_s1", 0 0, L_0000000002785800;  1 drivers
L_00000000027d4c18 .functor BUFT 1, C4<000100100000010010011001>, C4<0>, C4<0>, C4<0>;
v000000000275f0f0_0 .net/2u *"_s2", 23 0, L_00000000027d4c18;  1 drivers
v0000000002760310_0 .net *"_s23", 0 0, L_0000000002783640;  1 drivers
v000000000275fb90_0 .net *"_s25", 7 0, L_00000000027842c0;  1 drivers
v0000000002760090_0 .net *"_s26", 7 0, L_000000000274f4f0;  1 drivers
v000000000275efb0_0 .net *"_s29", 7 0, L_00000000027845e0;  1 drivers
v000000000275f050_0 .net *"_s30", 7 0, L_0000000002785760;  1 drivers
L_00000000027d4c60 .functor BUFT 1, C4<000001100000011000000000>, C4<0>, C4<0>, C4<0>;
v000000000275faf0_0 .net/2u *"_s4", 23 0, L_00000000027d4c60;  1 drivers
L_0000000002785800 .part o0000000002790538, 0, 1;
L_00000000027854e0 .functor MUXZ 24, L_00000000027d4c60, L_00000000027d4c18, L_0000000002785800, C4<>;
L_0000000002784540 .part L_00000000027854e0, 20, 4;
L_0000000002784860 .part L_00000000027854e0, 16, 4;
L_0000000002784fe0 .part L_00000000027854e0, 12, 4;
L_0000000002783fa0 .part L_00000000027854e0, 8, 4;
L_0000000002784180 .part L_00000000027854e0, 4, 4;
L_0000000002784900 .part L_00000000027854e0, 0, 4;
L_0000000002785580 .part/pv L_0000000002785760, 0, 8, 10;
L_0000000002783640 .part o0000000002790538, 1, 1;
L_00000000027842c0 .part o0000000002790598, 0, 8;
L_00000000027845e0 .part o0000000002790598, 0, 8;
L_0000000002785760 .functor MUXZ 8, L_00000000027845e0, L_000000000274f4f0, L_0000000002783640, C4<>;
S_0000000002702170 .scope module, "U0" "print7seg" 3 11, 4 1 0, S_0000000002707b10;
 .timescale 0 0;
    .port_info 0 /INPUT 4 "num";
    .port_info 1 /OUTPUT 8 "HEX";
v000000000275f550_0 .var "HEX", 7 0;
v000000000275f190_0 .net "num", 3 0, L_0000000002784540;  1 drivers
E_0000000002759930 .event edge, v000000000275f190_0;
S_0000000002702300 .scope module, "U1" "print7seg" 3 12, 4 1 0, S_0000000002707b10;
 .timescale 0 0;
    .port_info 0 /INPUT 4 "num";
    .port_info 1 /OUTPUT 8 "HEX";
v00000000027609f0_0 .var "HEX", 7 0;
v0000000002760b30_0 .net "num", 3 0, L_0000000002784860;  1 drivers
E_0000000002759d70 .event edge, v0000000002760b30_0;
S_00000000026f2d50 .scope module, "U2" "print7seg" 3 13, 4 1 0, S_0000000002707b10;
 .timescale 0 0;
    .port_info 0 /INPUT 4 "num";
    .port_info 1 /OUTPUT 8 "HEX";
v000000000275f370_0 .var "HEX", 7 0;
v0000000002760810_0 .net "num", 3 0, L_0000000002784fe0;  1 drivers
E_0000000002759af0 .event edge, v0000000002760810_0;
S_00000000026f2ee0 .scope module, "U3" "print7seg" 3 14, 4 1 0, S_0000000002707b10;
 .timescale 0 0;
    .port_info 0 /INPUT 4 "num";
    .port_info 1 /OUTPUT 8 "HEX";
v000000000275fc30_0 .var "HEX", 7 0;
v000000000275f870_0 .net "num", 3 0, L_0000000002783fa0;  1 drivers
E_00000000027591b0 .event edge, v000000000275f870_0;
S_00000000026e7380 .scope module, "U4" "print7seg" 3 15, 4 1 0, S_0000000002707b10;
 .timescale 0 0;
    .port_info 0 /INPUT 4 "num";
    .port_info 1 /OUTPUT 8 "HEX";
v000000000275f5f0_0 .var "HEX", 7 0;
v00000000027608b0_0 .net "num", 3 0, L_0000000002784180;  1 drivers
E_0000000002759970 .event edge, v00000000027608b0_0;
S_00000000026e7510 .scope module, "U5" "print7seg" 3 16, 4 1 0, S_0000000002707b10;
 .timescale 0 0;
    .port_info 0 /INPUT 4 "num";
    .port_info 1 /OUTPUT 8 "HEX";
v0000000002760c70_0 .var "HEX", 7 0;
v000000000275f690_0 .net "num", 3 0, L_0000000002784900;  1 drivers
E_0000000002759b30 .event edge, v000000000275f690_0;
S_00000000026e0990 .scope module, "U1" "designblock2" 2 14, 5 1 0, S_0000000002707980;
 .timescale 0 0;
    .port_info 0 /INPUT 10 "SW";
    .port_info 1 /INPUT 2 "KEY";
    .port_info 2 /OUTPUT 10 "LEDR";
    .port_info 3 /OUTPUT 8 "HEX0";
    .port_info 4 /OUTPUT 8 "HEX1";
    .port_info 5 /OUTPUT 8 "HEX2";
    .port_info 6 /OUTPUT 8 "HEX3";
    .port_info 7 /OUTPUT 8 "HEX4";
    .port_info 8 /OUTPUT 8 "HEX5";
L_000000000274edf0 .functor NOT 4, L_0000000002783780, C4<0000>, C4<0000>, C4<0000>;
L_000000000274f6b0 .functor NOT 1, L_0000000002783460, C4<0>, C4<0>, C4<0>;
L_0000000002787ac0 .functor NOT 4, L_0000000002784f40, C4<0000>, C4<0000>, C4<0000>;
L_0000000002787cf0 .functor NOT 4, L_0000000002784b80, C4<0000>, C4<0000>, C4<0000>;
L_0000000002788000 .functor NOT 4, L_00000000027849a0, C4<0000>, C4<0000>, C4<0000>;
L_0000000002787580 .functor NOT 4, L_0000000002784f40, C4<0000>, C4<0000>, C4<0000>;
v00000000027d3d20_0 .net "HEX0", 7 0, v00000000027d3820_0;  alias, 1 drivers
v00000000027d3f00_0 .net "HEX1", 7 0, v00000000027d2ce0_0;  alias, 1 drivers
v00000000027d2ec0_0 .net "HEX2", 7 0, v00000000027d2880_0;  alias, 1 drivers
v00000000027d2060_0 .net "HEX3", 7 0, v00000000027d35a0_0;  alias, 1 drivers
v00000000027d2f60_0 .net "HEX4", 7 0, v00000000027d3640_0;  alias, 1 drivers
v00000000027d3000_0 .net "HEX5", 7 0, v00000000027d3be0_0;  alias, 1 drivers
v00000000027d31e0_0 .net "KEY", 1 0, o0000000002790538;  alias, 0 drivers
v00000000027d3320_0 .net "LEDR", 9 0, L_00000000027d4ca8;  alias, 1 drivers
v000000000277d770_0 .net "SW", 9 0, o0000000002790598;  alias, 0 drivers
L_00000000027d4fc0 .functor BUFT 1, C4<0001>, C4<0>, C4<0>, C4<0>;
v000000000277db30_0 .net/2u *"_s101", 3 0, L_00000000027d4fc0;  1 drivers
v000000000277d090_0 .net *"_s103", 3 0, L_0000000002783d20;  1 drivers
v000000000277d6d0_0 .net *"_s108", 0 0, L_00000000027853a0;  1 drivers
v000000000277d450_0 .net *"_s109", 3 0, L_0000000002787580;  1 drivers
L_00000000027d5008 .functor BUFT 1, C4<0001>, C4<0>, C4<0>, C4<0>;
v000000000277d810_0 .net/2u *"_s111", 3 0, L_00000000027d5008;  1 drivers
v000000000277c0f0_0 .net *"_s113", 3 0, L_0000000002783500;  1 drivers
L_00000000027d5050 .functor BUFT 1, C4<1000>, C4<0>, C4<0>, C4<0>;
v000000000277da90_0 .net/2u *"_s117", 3 0, L_00000000027d5050;  1 drivers
v000000000277ca50_0 .net *"_s119", 0 0, L_00000000027838c0;  1 drivers
L_00000000027d5098 .functor BUFT 1, C4<1010>, C4<0>, C4<0>, C4<0>;
v000000000277c190_0 .net/2u *"_s121", 3 0, L_00000000027d5098;  1 drivers
v000000000277d310_0 .net *"_s17", 0 0, L_0000000002783460;  1 drivers
v000000000277cc30_0 .net *"_s3", 0 0, L_0000000002784d60;  1 drivers
v000000000277d130_0 .net *"_s46", 0 0, L_00000000027831e0;  1 drivers
L_00000000027d4cf0 .functor BUFT 1, C4<1011>, C4<0>, C4<0>, C4<0>;
v000000000277d8b0_0 .net/2u *"_s47", 3 0, L_00000000027d4cf0;  1 drivers
L_00000000027d4d38 .functor BUFT 1, C4<1111>, C4<0>, C4<0>, C4<0>;
v000000000277dbd0_0 .net/2u *"_s49", 3 0, L_00000000027d4d38;  1 drivers
v000000000277d1d0_0 .net *"_s5", 3 0, L_0000000002784040;  1 drivers
v000000000277d950_0 .net *"_s54", 0 0, L_00000000027851c0;  1 drivers
L_00000000027d4d80 .functor BUFT 1, C4<1011>, C4<0>, C4<0>, C4<0>;
v000000000277c730_0 .net/2u *"_s55", 3 0, L_00000000027d4d80;  1 drivers
L_00000000027d4dc8 .functor BUFT 1, C4<1111>, C4<0>, C4<0>, C4<0>;
v000000000277dc70_0 .net/2u *"_s57", 3 0, L_00000000027d4dc8;  1 drivers
v000000000277c2d0_0 .net *"_s62", 0 0, L_0000000002783280;  1 drivers
L_00000000027d4e10 .functor BUFT 1, C4<1011>, C4<0>, C4<0>, C4<0>;
v000000000277d270_0 .net/2u *"_s63", 3 0, L_00000000027d4e10;  1 drivers
L_00000000027d4e58 .functor BUFT 1, C4<1111>, C4<0>, C4<0>, C4<0>;
v000000000277cd70_0 .net/2u *"_s65", 3 0, L_00000000027d4e58;  1 drivers
v000000000277c410_0 .net *"_s7", 3 0, L_0000000002783780;  1 drivers
v000000000277d3b0_0 .net *"_s70", 0 0, L_0000000002784ea0;  1 drivers
v000000000277c4b0_0 .net *"_s71", 3 0, L_0000000002787ac0;  1 drivers
L_00000000027d4ea0 .functor BUFT 1, C4<0001>, C4<0>, C4<0>, C4<0>;
v000000000277def0_0 .net/2u *"_s73", 3 0, L_00000000027d4ea0;  1 drivers
v000000000277cb90_0 .net *"_s75", 3 0, L_0000000002783a00;  1 drivers
L_00000000027d4ee8 .functor BUFT 1, C4<0111>, C4<0>, C4<0>, C4<0>;
v000000000277ce10_0 .net/2u *"_s79", 3 0, L_00000000027d4ee8;  1 drivers
v000000000277d4f0_0 .net *"_s8", 3 0, L_000000000274edf0;  1 drivers
v000000000277dd10_0 .net *"_s81", 0 0, L_0000000002783f00;  1 drivers
L_00000000027d4f30 .functor BUFT 1, C4<0000>, C4<0>, C4<0>, C4<0>;
v000000000277c370_0 .net/2u *"_s83", 3 0, L_00000000027d4f30;  1 drivers
v000000000277c230_0 .net *"_s88", 0 0, L_0000000002785260;  1 drivers
v000000000277ddb0_0 .net *"_s89", 3 0, L_0000000002787cf0;  1 drivers
L_00000000027d4f78 .functor BUFT 1, C4<0001>, C4<0>, C4<0>, C4<0>;
v000000000277c550_0 .net/2u *"_s91", 3 0, L_00000000027d4f78;  1 drivers
v000000000277c5f0_0 .net *"_s93", 3 0, L_0000000002783820;  1 drivers
v000000000277cff0_0 .net *"_s98", 0 0, L_00000000027844a0;  1 drivers
v000000000277de50_0 .net *"_s99", 3 0, L_0000000002788000;  1 drivers
v000000000277d9f0_0 .net "ansneg", 3 0, L_0000000002785120;  1 drivers
v000000000277c7d0_0 .net "carry1", 0 0, L_000000000274f170;  1 drivers
v000000000277c690_0 .net "carry2", 0 0, L_000000000274f9c0;  1 drivers
v000000000277d630_0 .net "carry3", 0 0, L_0000000002787820;  1 drivers
v000000000277d590_0 .net "carryfin", 0 0, L_00000000027875f0;  1 drivers
v000000000277c910_0 .net "final", 3 0, L_0000000002785620;  1 drivers
v000000000277c050_0 .net "first", 3 0, L_0000000002784680;  1 drivers
v000000000277ceb0_0 .net "inputy", 3 0, L_00000000027849a0;  1 drivers
v000000000277c870_0 .net "negative1", 3 0, L_0000000002784c20;  1 drivers
v000000000277caf0_0 .net "negative2", 3 0, L_0000000002784cc0;  1 drivers
v000000000277c9b0_0 .net "negative3", 3 0, L_00000000027836e0;  1 drivers
v000000000277ccd0_0 .net "overflow", 3 0, L_00000000027840e0;  1 drivers
v000000000277cf50_0 .net "second", 3 0, L_0000000002785300;  1 drivers
v000000000277e560_0 .net "sum", 3 0, L_0000000002784f40;  1 drivers
v000000000277f140_0 .net "third", 3 0, L_0000000002785440;  1 drivers
v000000000277f640_0 .net "x", 3 0, L_0000000002784b80;  1 drivers
v000000000277f500_0 .net "y", 3 0, L_0000000002783960;  1 drivers
L_0000000002784b80 .part o0000000002790598, 4, 4;
L_0000000002784d60 .part o0000000002790538, 0, 1;
L_0000000002784040 .part o0000000002790598, 0, 4;
L_0000000002783780 .part o0000000002790598, 0, 4;
L_0000000002783960 .functor MUXZ 4, L_000000000274edf0, L_0000000002784040, L_0000000002784d60, C4<>;
L_00000000027849a0 .part o0000000002790598, 0, 4;
L_0000000002783460 .part o0000000002790538, 0, 1;
L_00000000027830a0 .part L_0000000002784b80, 0, 1;
L_0000000002783140 .part L_0000000002783960, 0, 1;
L_0000000002783320 .part L_0000000002784b80, 1, 1;
L_0000000002783be0 .part L_0000000002783960, 1, 1;
L_0000000002785080 .part L_0000000002784b80, 2, 1;
L_0000000002784a40 .part L_0000000002783960, 2, 1;
L_0000000002783aa0 .part L_0000000002784b80, 3, 1;
L_0000000002784e00 .part L_0000000002783960, 3, 1;
L_0000000002784f40 .concat8 [ 1 1 1 1], L_000000000274f560, L_000000000274f090, L_000000000274faa0, L_0000000002787f20;
L_00000000027831e0 .part L_0000000002784b80, 3, 1;
L_0000000002784c20 .functor MUXZ 4, L_00000000027d4d38, L_00000000027d4cf0, L_00000000027831e0, C4<>;
L_00000000027851c0 .part L_00000000027849a0, 3, 1;
L_0000000002784cc0 .functor MUXZ 4, L_00000000027d4dc8, L_00000000027d4d80, L_00000000027851c0, C4<>;
L_0000000002783280 .part L_0000000002784f40, 3, 1;
L_00000000027836e0 .functor MUXZ 4, L_00000000027d4e58, L_00000000027d4e10, L_0000000002783280, C4<>;
L_0000000002784ea0 .part L_00000000027836e0, 2, 1;
L_0000000002783a00 .arith/sum 4, L_0000000002787ac0, L_00000000027d4ea0;
L_0000000002785120 .functor MUXZ 4, L_0000000002783a00, L_0000000002784f40, L_0000000002784ea0, C4<>;
L_0000000002783f00 .cmp/gt 4, L_0000000002785120, L_00000000027d4ee8;
L_00000000027840e0 .functor MUXZ 4, L_00000000027836e0, L_00000000027d4f30, L_0000000002783f00, C4<>;
L_0000000002785260 .part L_0000000002784c20, 2, 1;
L_0000000002783820 .arith/sum 4, L_0000000002787cf0, L_00000000027d4f78;
L_0000000002784680 .functor MUXZ 4, L_0000000002783820, L_0000000002784b80, L_0000000002785260, C4<>;
L_00000000027844a0 .part L_0000000002784cc0, 2, 1;
L_0000000002783d20 .arith/sum 4, L_0000000002788000, L_00000000027d4fc0;
L_0000000002785300 .functor MUXZ 4, L_0000000002783d20, L_00000000027849a0, L_00000000027844a0, C4<>;
L_00000000027853a0 .part L_00000000027836e0, 2, 1;
L_0000000002783500 .arith/sum 4, L_0000000002787580, L_00000000027d5008;
L_0000000002785440 .functor MUXZ 4, L_0000000002783500, L_0000000002784f40, L_00000000027853a0, C4<>;
L_00000000027838c0 .cmp/ge 4, L_0000000002785440, L_00000000027d5050;
L_0000000002785620 .functor MUXZ 4, L_0000000002785440, L_00000000027d5098, L_00000000027838c0, C4<>;
S_00000000026e0b20 .scope module, "U0" "full_adder" 5 18, 6 1 0, S_00000000026e0990;
 .timescale 0 0;
    .port_info 0 /INPUT 1 "Cin";
    .port_info 1 /INPUT 1 "a";
    .port_info 2 /INPUT 1 "b";
    .port_info 3 /OUTPUT 1 "sum";
    .port_info 4 /OUTPUT 1 "Cout";
L_000000000274ef40 .functor XOR 1, L_000000000274f6b0, L_00000000027830a0, C4<0>, C4<0>;
L_000000000274f560 .functor XOR 1, L_000000000274ef40, L_0000000002783140, C4<0>, C4<0>;
L_000000000274f5d0 .functor AND 1, L_00000000027830a0, L_0000000002783140, C4<1>, C4<1>;
L_000000000274ec30 .functor AND 1, L_00000000027830a0, L_000000000274f6b0, C4<1>, C4<1>;
L_000000000274f950 .functor OR 1, L_000000000274f5d0, L_000000000274ec30, C4<0>, C4<0>;
L_000000000274f640 .functor AND 1, L_0000000002783140, L_000000000274f6b0, C4<1>, C4<1>;
L_000000000274f170 .functor OR 1, L_000000000274f950, L_000000000274f640, C4<0>, C4<0>;
v0000000002760450_0 .net "Cin", 0 0, L_000000000274f6b0;  1 drivers
v000000000275f7d0_0 .net "Cout", 0 0, L_000000000274f170;  alias, 1 drivers
v0000000002760590_0 .net *"_s0", 0 0, L_000000000274ef40;  1 drivers
v000000000275f910_0 .net *"_s10", 0 0, L_000000000274f640;  1 drivers
v000000000275f2d0_0 .net *"_s4", 0 0, L_000000000274f5d0;  1 drivers
v000000000275feb0_0 .net *"_s6", 0 0, L_000000000274ec30;  1 drivers
v000000000275ff50_0 .net *"_s8", 0 0, L_000000000274f950;  1 drivers
v0000000002760630_0 .net "a", 0 0, L_00000000027830a0;  1 drivers
v00000000027606d0_0 .net "b", 0 0, L_0000000002783140;  1 drivers
v0000000002760770_0 .net "sum", 0 0, L_000000000274f560;  1 drivers
S_00000000026a2510 .scope module, "U1" "full_adder" 5 19, 6 1 0, S_00000000026e0990;
 .timescale 0 0;
    .port_info 0 /INPUT 1 "Cin";
    .port_info 1 /INPUT 1 "a";
    .port_info 2 /INPUT 1 "b";
    .port_info 3 /OUTPUT 1 "sum";
    .port_info 4 /OUTPUT 1 "Cout";
L_000000000274f020 .functor XOR 1, L_000000000274f170, L_0000000002783320, C4<0>, C4<0>;
L_000000000274f090 .functor XOR 1, L_000000000274f020, L_0000000002783be0, C4<0>, C4<0>;
L_000000000274f720 .functor AND 1, L_0000000002783320, L_0000000002783be0, C4<1>, C4<1>;
L_000000000274f790 .functor AND 1, L_0000000002783320, L_000000000274f170, C4<1>, C4<1>;
L_000000000274f1e0 .functor OR 1, L_000000000274f720, L_000000000274f790, C4<0>, C4<0>;
L_000000000274f250 .functor AND 1, L_0000000002783be0, L_000000000274f170, C4<1>, C4<1>;
L_000000000274f9c0 .functor OR 1, L_000000000274f1e0, L_000000000274f250, C4<0>, C4<0>;
v00000000027d2a60_0 .net "Cin", 0 0, L_000000000274f170;  alias, 1 drivers
v00000000027d24c0_0 .net "Cout", 0 0, L_000000000274f9c0;  alias, 1 drivers
v00000000027d3500_0 .net *"_s0", 0 0, L_000000000274f020;  1 drivers
v00000000027d3aa0_0 .net *"_s10", 0 0, L_000000000274f250;  1 drivers
v00000000027d2920_0 .net *"_s4", 0 0, L_000000000274f720;  1 drivers
v00000000027d26a0_0 .net *"_s6", 0 0, L_000000000274f790;  1 drivers
v00000000027d2240_0 .net *"_s8", 0 0, L_000000000274f1e0;  1 drivers
v00000000027d3140_0 .net "a", 0 0, L_0000000002783320;  1 drivers
v00000000027d2100_0 .net "b", 0 0, L_0000000002783be0;  1 drivers
v00000000027d3960_0 .net "sum", 0 0, L_000000000274f090;  1 drivers
S_00000000026a26a0 .scope module, "U2" "full_adder" 5 20, 6 1 0, S_00000000026e0990;
 .timescale 0 0;
    .port_info 0 /INPUT 1 "Cin";
    .port_info 1 /INPUT 1 "a";
    .port_info 2 /INPUT 1 "b";
    .port_info 3 /OUTPUT 1 "sum";
    .port_info 4 /OUTPUT 1 "Cout";
L_000000000274ebc0 .functor XOR 1, L_000000000274f9c0, L_0000000002785080, C4<0>, C4<0>;
L_000000000274faa0 .functor XOR 1, L_000000000274ebc0, L_0000000002784a40, C4<0>, C4<0>;
L_000000000274ed10 .functor AND 1, L_0000000002785080, L_0000000002784a40, C4<1>, C4<1>;
L_000000000274f2c0 .functor AND 1, L_0000000002785080, L_000000000274f9c0, C4<1>, C4<1>;
L_000000000274f330 .functor OR 1, L_000000000274ed10, L_000000000274f2c0, C4<0>, C4<0>;
L_0000000002787b30 .functor AND 1, L_0000000002784a40, L_000000000274f9c0, C4<1>, C4<1>;
L_0000000002787820 .functor OR 1, L_000000000274f330, L_0000000002787b30, C4<0>, C4<0>;
v00000000027d3a00_0 .net "Cin", 0 0, L_000000000274f9c0;  alias, 1 drivers
v00000000027d38c0_0 .net "Cout", 0 0, L_0000000002787820;  alias, 1 drivers
v00000000027d21a0_0 .net *"_s0", 0 0, L_000000000274ebc0;  1 drivers
v00000000027d33c0_0 .net *"_s10", 0 0, L_0000000002787b30;  1 drivers
v00000000027d2b00_0 .net *"_s4", 0 0, L_000000000274ed10;  1 drivers
v00000000027d29c0_0 .net *"_s6", 0 0, L_000000000274f2c0;  1 drivers
v00000000027d3780_0 .net *"_s8", 0 0, L_000000000274f330;  1 drivers
v00000000027d2740_0 .net "a", 0 0, L_0000000002785080;  1 drivers
v00000000027d2c40_0 .net "b", 0 0, L_0000000002784a40;  1 drivers
v00000000027d2380_0 .net "sum", 0 0, L_000000000274faa0;  1 drivers
S_00000000027d4020 .scope module, "U3" "full_adder" 5 21, 6 1 0, S_00000000026e0990;
 .timescale 0 0;
    .port_info 0 /INPUT 1 "Cin";
    .port_info 1 /INPUT 1 "a";
    .port_info 2 /INPUT 1 "b";
    .port_info 3 /OUTPUT 1 "sum";
    .port_info 4 /OUTPUT 1 "Cout";
L_00000000027881c0 .functor XOR 1, L_0000000002787820, L_0000000002783aa0, C4<0>, C4<0>;
L_0000000002787f20 .functor XOR 1, L_00000000027881c0, L_0000000002784e00, C4<0>, C4<0>;
L_0000000002787740 .functor AND 1, L_0000000002783aa0, L_0000000002784e00, C4<1>, C4<1>;
L_0000000002787c10 .functor AND 1, L_0000000002783aa0, L_0000000002787820, C4<1>, C4<1>;
L_0000000002787f90 .functor OR 1, L_0000000002787740, L_0000000002787c10, C4<0>, C4<0>;
L_0000000002787a50 .functor AND 1, L_0000000002784e00, L_0000000002787820, C4<1>, C4<1>;
L_00000000027875f0 .functor OR 1, L_0000000002787f90, L_0000000002787a50, C4<0>, C4<0>;
v00000000027d30a0_0 .net "Cin", 0 0, L_0000000002787820;  alias, 1 drivers
v00000000027d3280_0 .net "Cout", 0 0, L_00000000027875f0;  alias, 1 drivers
v00000000027d22e0_0 .net *"_s0", 0 0, L_00000000027881c0;  1 drivers
v00000000027d2ba0_0 .net *"_s10", 0 0, L_0000000002787a50;  1 drivers
v00000000027d2d80_0 .net *"_s4", 0 0, L_0000000002787740;  1 drivers
v00000000027d3e60_0 .net *"_s6", 0 0, L_0000000002787c10;  1 drivers
v00000000027d2560_0 .net *"_s8", 0 0, L_0000000002787f90;  1 drivers
v00000000027d3dc0_0 .net "a", 0 0, L_0000000002783aa0;  1 drivers
v00000000027d3b40_0 .net "b", 0 0, L_0000000002784e00;  1 drivers
v00000000027d3460_0 .net "sum", 0 0, L_0000000002787f20;  1 drivers
S_00000000027d41b0 .scope module, "U4" "print7seg" 5 24, 4 1 0, S_00000000026e0990;
 .timescale 0 0;
    .port_info 0 /INPUT 4 "num";
    .port_info 1 /OUTPUT 8 "HEX";
v00000000027d3be0_0 .var "HEX", 7 0;
v00000000027d2600_0 .net "num", 3 0, L_0000000002784c20;  alias, 1 drivers
E_0000000002759230 .event edge, v00000000027d2600_0;
S_00000000027d4340 .scope module, "U5" "print7seg" 5 26, 4 1 0, S_00000000026e0990;
 .timescale 0 0;
    .port_info 0 /INPUT 4 "num";
    .port_info 1 /OUTPUT 8 "HEX";
v00000000027d35a0_0 .var "HEX", 7 0;
v00000000027d27e0_0 .net "num", 3 0, L_0000000002784cc0;  alias, 1 drivers
E_0000000002759db0 .event edge, v00000000027d27e0_0;
S_00000000027d44d0 .scope module, "U6" "print7seg" 5 36, 4 1 0, S_00000000026e0990;
 .timescale 0 0;
    .port_info 0 /INPUT 4 "num";
    .port_info 1 /OUTPUT 8 "HEX";
v00000000027d3640_0 .var "HEX", 7 0;
v00000000027d2420_0 .net "num", 3 0, L_0000000002784680;  alias, 1 drivers
E_0000000002759ef0 .event edge, v00000000027d2420_0;
S_00000000027d4660 .scope module, "U7" "print7seg" 5 37, 4 1 0, S_00000000026e0990;
 .timescale 0 0;
    .port_info 0 /INPUT 4 "num";
    .port_info 1 /OUTPUT 8 "HEX";
v00000000027d2880_0 .var "HEX", 7 0;
v00000000027d36e0_0 .net "num", 3 0, L_0000000002785300;  alias, 1 drivers
E_00000000027592b0 .event edge, v00000000027d36e0_0;
S_000000000277bcc0 .scope module, "U8" "print7seg" 5 30, 4 1 0, S_00000000026e0990;
 .timescale 0 0;
    .port_info 0 /INPUT 4 "num";
    .port_info 1 /OUTPUT 8 "HEX";
v00000000027d2ce0_0 .var "HEX", 7 0;
v00000000027d2e20_0 .net "num", 3 0, L_00000000027840e0;  alias, 1 drivers
E_00000000027593b0 .event edge, v00000000027d2e20_0;
S_000000000277b9a0 .scope module, "U9" "print7seg" 5 40, 4 1 0, S_00000000026e0990;
 .timescale 0 0;
    .port_info 0 /INPUT 4 "num";
    .port_info 1 /OUTPUT 8 "HEX";
v00000000027d3820_0 .var "HEX", 7 0;
v00000000027d3c80_0 .net "num", 3 0, L_0000000002785620;  alias, 1 drivers
E_0000000002759770 .event edge, v00000000027d3c80_0;
S_000000000277b4f0 .scope module, "U2" "designblock3" 2 15, 7 1 0, S_0000000002707980;
 .timescale 0 0;
    .port_info 0 /INPUT 2 "KEY";
    .port_info 1 /INPUT 10 "SW";
    .port_info 2 /OUTPUT 10 "LEDR";
    .port_info 3 /OUTPUT 8 "HEX0";
    .port_info 4 /OUTPUT 8 "HEX1";
    .port_info 5 /OUTPUT 8 "HEX2";
    .port_info 6 /OUTPUT 8 "HEX3";
    .port_info 7 /OUTPUT 8 "HEX4";
    .port_info 8 /OUTPUT 8 "HEX5";
L_0000000002788070 .functor NOT 4, L_0000000002783b40, C4<0000>, C4<0000>, C4<0000>;
L_00000000027882a0 .functor NOT 4, L_0000000002783dc0, C4<0000>, C4<0000>, C4<0000>;
L_00000000027880e0 .functor OR 1, L_0000000002786020, L_0000000002786f20, C4<0>, C4<0>;
L_0000000002788230 .functor OR 1, L_00000000027880e0, L_00000000027856c0, C4<0>, C4<0>;
v000000000277f8c0_0 .net "HEX0", 7 0, v000000000277f780_0;  alias, 1 drivers
v000000000277f320_0 .net "HEX1", 7 0, v000000000277e740_0;  alias, 1 drivers
v000000000277e920_0 .net "HEX2", 7 0, v000000000277e380_0;  alias, 1 drivers
v000000000277fdc0_0 .net "HEX3", 7 0, v000000000277e240_0;  alias, 1 drivers
v000000000277fa00_0 .net "HEX4", 7 0, v000000000277e6a0_0;  alias, 1 drivers
v000000000277f1e0_0 .net "HEX5", 7 0, v000000000277ee20_0;  alias, 1 drivers
v000000000277ece0_0 .net "KEY", 1 0, o0000000002790538;  alias, 0 drivers
v000000000277e420_0 .var "LEDR", 9 0;
v000000000277f5a0_0 .net "SW", 9 0, o0000000002790598;  alias, 0 drivers
v000000000277faa0_0 .net *"_s10", 1 0, L_0000000002783c80;  1 drivers
v000000000277f280_0 .net *"_s15", 0 0, L_0000000002783e60;  1 drivers
L_00000000027d5170 .functor BUFT 1, C4<1011>, C4<0>, C4<0>, C4<0>;
v000000000277ed80_0 .net/2u *"_s16", 3 0, L_00000000027d5170;  1 drivers
L_00000000027d51b8 .functor BUFT 1, C4<1010>, C4<0>, C4<0>, C4<0>;
v000000000277e1a0_0 .net/2u *"_s18", 3 0, L_00000000027d51b8;  1 drivers
v000000000277fb40_0 .net *"_s23", 0 0, L_0000000002784360;  1 drivers
L_00000000027d5200 .functor BUFT 1, C4<1011>, C4<0>, C4<0>, C4<0>;
v000000000277eba0_0 .net/2u *"_s24", 3 0, L_00000000027d5200;  1 drivers
L_00000000027d5248 .functor BUFT 1, C4<1010>, C4<0>, C4<0>, C4<0>;
v000000000277fbe0_0 .net/2u *"_s26", 3 0, L_00000000027d5248;  1 drivers
L_00000000027d5290 .functor BUFT 1, C4<1010>, C4<0>, C4<0>, C4<0>;
v000000000277f3c0_0 .net/2u *"_s30", 3 0, L_00000000027d5290;  1 drivers
L_00000000027d52d8 .functor BUFT 1, C4<1010>, C4<0>, C4<0>, C4<0>;
v000000000277f820_0 .net/2u *"_s34", 3 0, L_00000000027d52d8;  1 drivers
L_00000000027d5320 .functor BUFT 1, C4<1010>, C4<0>, C4<0>, C4<0>;
v000000000277f000_0 .net/2u *"_s38", 3 0, L_00000000027d5320;  1 drivers
v000000000277f460_0 .net *"_s43", 0 0, L_0000000002785da0;  1 drivers
v000000000277ea60_0 .net *"_s44", 3 0, L_0000000002788070;  1 drivers
L_00000000027d5368 .functor BUFT 1, C4<0001>, C4<0>, C4<0>, C4<0>;
v000000000277e7e0_0 .net/2u *"_s46", 3 0, L_00000000027d5368;  1 drivers
v000000000277fc80_0 .net *"_s48", 3 0, L_00000000027865c0;  1 drivers
v000000000277fd20_0 .net *"_s5", 0 0, L_0000000002784720;  1 drivers
L_00000000027d53b0 .functor BUFT 1, C4<1010>, C4<0>, C4<0>, C4<0>;
v000000000277eb00_0 .net/2u *"_s52", 3 0, L_00000000027d53b0;  1 drivers
v000000000277eec0_0 .net *"_s57", 0 0, L_0000000002786660;  1 drivers
v000000000277e600_0 .net *"_s58", 3 0, L_00000000027882a0;  1 drivers
L_00000000027d50e0 .functor BUFT 1, C4<01>, C4<0>, C4<0>, C4<0>;
v000000000277ef60_0 .net/2s *"_s6", 1 0, L_00000000027d50e0;  1 drivers
L_00000000027d53f8 .functor BUFT 1, C4<0001>, C4<0>, C4<0>, C4<0>;
v000000000277fe60_0 .net/2u *"_s60", 3 0, L_00000000027d53f8;  1 drivers
v000000000277e4c0_0 .net *"_s62", 3 0, L_0000000002786ac0;  1 drivers
L_00000000027d5440 .functor BUFT 1, C4<1000>, C4<0>, C4<0>, C4<0>;
v000000000277e880_0 .net/2u *"_s66", 3 0, L_00000000027d5440;  1 drivers
v000000000277ff00_0 .net *"_s68", 0 0, L_0000000002785f80;  1 drivers
L_00000000027d5488 .functor BUFT 1, C4<1111>, C4<0>, C4<0>, C4<0>;
v000000000277e060_0 .net/2u *"_s70", 3 0, L_00000000027d5488;  1 drivers
L_00000000027d54d0 .functor BUFT 1, C4<1000>, C4<0>, C4<0>, C4<0>;
v0000000002782f20_0 .net/2u *"_s74", 3 0, L_00000000027d54d0;  1 drivers
v00000000027816c0_0 .net *"_s76", 0 0, L_00000000027859e0;  1 drivers
L_00000000027d5518 .functor BUFT 1, C4<1111>, C4<0>, C4<0>, C4<0>;
v00000000027828e0_0 .net/2u *"_s78", 3 0, L_00000000027d5518;  1 drivers
L_00000000027d5128 .functor BUFT 1, C4<00>, C4<0>, C4<0>, C4<0>;
v0000000002781800_0 .net/2s *"_s8", 1 0, L_00000000027d5128;  1 drivers
L_00000000027d55f0 .functor BUFT 1, C4<0000>, C4<0>, C4<0>, C4<0>;
v0000000002781080_0 .net/2u *"_s87", 3 0, L_00000000027d55f0;  1 drivers
v0000000002782340_0 .net *"_s89", 0 0, L_0000000002786020;  1 drivers
L_00000000027d5638 .functor BUFT 1, C4<0000>, C4<0>, C4<0>, C4<0>;
v0000000002782520_0 .net/2u *"_s91", 3 0, L_00000000027d5638;  1 drivers
v0000000002782b60_0 .net *"_s93", 0 0, L_0000000002786f20;  1 drivers
v0000000002781620_0 .net *"_s95", 0 0, L_00000000027880e0;  1 drivers
v0000000002781940_0 .net *"_s97", 0 0, L_0000000002788230;  1 drivers
v0000000002782980_0 .net "final1", 3 0, L_0000000002785bc0;  1 drivers
v00000000027811c0_0 .net "final2", 3 0, L_0000000002786b60;  1 drivers
v0000000002782840_0 .net "negative1", 3 0, L_0000000002784220;  1 drivers
v00000000027825c0_0 .net "negative2", 3 0, L_0000000002784400;  1 drivers
v0000000002782de0_0 .net "num1", 3 0, L_0000000002785d00;  1 drivers
v0000000002782700_0 .net "num2", 3 0, L_00000000027858a0;  1 drivers
v0000000002781300_0 .net "printnum1", 3 0, L_0000000002785ee0;  1 drivers
v0000000002781c60_0 .net "printnum2", 3 0, L_0000000002786e80;  1 drivers
v00000000027818a0_0 .net "printsign1", 3 0, L_0000000002786980;  1 drivers
v00000000027814e0_0 .net "printsign2", 3 0, L_0000000002786c00;  1 drivers
v0000000002782480_0 .net "signednum", 0 0, L_00000000027856c0;  1 drivers
v0000000002781580_0 .net "x", 3 0, L_0000000002783b40;  1 drivers
v0000000002781760_0 .net "y", 3 0, L_0000000002783dc0;  1 drivers
E_000000000275a270 .event edge, L_0000000002788230;
L_0000000002783b40 .part o0000000002790598, 4, 4;
L_0000000002783dc0 .part o0000000002790598, 0, 4;
L_0000000002784720 .part o0000000002790598, 8, 1;
L_0000000002783c80 .functor MUXZ 2, L_00000000027d5128, L_00000000027d50e0, L_0000000002784720, C4<>;
L_00000000027856c0 .part L_0000000002783c80, 0, 1;
L_0000000002783e60 .part L_0000000002783b40, 3, 1;
L_0000000002784220 .functor MUXZ 4, L_00000000027d51b8, L_00000000027d5170, L_0000000002783e60, C4<>;
L_0000000002784360 .part L_0000000002783dc0, 3, 1;
L_0000000002784400 .functor MUXZ 4, L_00000000027d5248, L_00000000027d5200, L_0000000002784360, C4<>;
L_0000000002786980 .functor MUXZ 4, L_00000000027d5290, L_0000000002784220, L_00000000027856c0, C4<>;
L_0000000002786c00 .functor MUXZ 4, L_00000000027d52d8, L_0000000002784400, L_00000000027856c0, C4<>;
L_0000000002785d00 .functor MUXZ 4, L_00000000027d5320, L_0000000002784220, L_00000000027856c0, C4<>;
L_0000000002785da0 .part L_0000000002785d00, 0, 1;
L_00000000027865c0 .arith/sum 4, L_0000000002788070, L_00000000027d5368;
L_0000000002785ee0 .functor MUXZ 4, L_0000000002783b40, L_00000000027865c0, L_0000000002785da0, C4<>;
L_00000000027858a0 .functor MUXZ 4, L_00000000027d53b0, L_0000000002784400, L_00000000027856c0, C4<>;
L_0000000002786660 .part L_00000000027858a0, 0, 1;
L_0000000002786ac0 .arith/sum 4, L_00000000027882a0, L_00000000027d53f8;
L_0000000002786e80 .functor MUXZ 4, L_0000000002783dc0, L_0000000002786ac0, L_0000000002786660, C4<>;
L_0000000002785f80 .cmp/gt 4, L_0000000002785ee0, L_00000000027d5440;
L_0000000002785bc0 .functor MUXZ 4, L_0000000002785ee0, L_00000000027d5488, L_0000000002785f80, C4<>;
L_00000000027859e0 .cmp/gt 4, L_0000000002786e80, L_00000000027d54d0;
L_0000000002786b60 .functor MUXZ 4, L_0000000002786e80, L_00000000027d5518, L_00000000027859e0, C4<>;
L_0000000002786020 .cmp/ne 4, L_0000000002783b40, L_00000000027d55f0;
L_0000000002786f20 .cmp/ne 4, L_0000000002783dc0, L_00000000027d5638;
S_000000000277b810 .scope module, "U0" "print7seg3" 7 21, 8 1 0, S_000000000277b4f0;
 .timescale 0 0;
    .port_info 0 /INPUT 4 "num";
    .port_info 1 /OUTPUT 8 "HEX";
v000000000277ee20_0 .var "HEX", 7 0;
v000000000277e2e0_0 .net "num", 3 0, L_0000000002786980;  alias, 1 drivers
E_000000000275a1f0 .event edge, v000000000277e2e0_0;
S_000000000277be50 .scope module, "U1" "print7seg3" 7 22, 8 1 0, S_000000000277b4f0;
 .timescale 0 0;
    .port_info 0 /INPUT 4 "num";
    .port_info 1 /OUTPUT 8 "HEX";
v000000000277e740_0 .var "HEX", 7 0;
v000000000277f6e0_0 .net "num", 3 0, L_0000000002786c00;  alias, 1 drivers
E_000000000275ab30 .event edge, v000000000277f6e0_0;
S_000000000277bb30 .scope module, "U2" "print7seg3" 7 31, 8 1 0, S_000000000277b4f0;
 .timescale 0 0;
    .port_info 0 /INPUT 4 "num";
    .port_info 1 /OUTPUT 8 "HEX";
v000000000277e6a0_0 .var "HEX", 7 0;
v000000000277f960_0 .net "num", 3 0, L_0000000002785bc0;  alias, 1 drivers
E_000000000275a6b0 .event edge, v000000000277f960_0;
S_000000000277b680 .scope module, "U3" "print7seg3" 7 32, 8 1 0, S_000000000277b4f0;
 .timescale 0 0;
    .port_info 0 /INPUT 4 "num";
    .port_info 1 /OUTPUT 8 "HEX";
v000000000277f780_0 .var "HEX", 7 0;
v000000000277e100_0 .net "num", 3 0, L_0000000002786b60;  alias, 1 drivers
E_000000000275a2b0 .event edge, v000000000277e100_0;
S_000000000277b040 .scope module, "U4" "print7seg3" 7 33, 8 1 0, S_000000000277b4f0;
 .timescale 0 0;
    .port_info 0 /INPUT 4 "num";
    .port_info 1 /OUTPUT 8 "HEX";
v000000000277e240_0 .var "HEX", 7 0;
L_00000000027d5560 .functor BUFT 1, C4<1010>, C4<0>, C4<0>, C4<0>;
v000000000277ec40_0 .net "num", 3 0, L_00000000027d5560;  1 drivers
E_000000000275aab0 .event edge, v000000000277ec40_0;
S_000000000277b1d0 .scope module, "U5" "print7seg3" 7 34, 8 1 0, S_000000000277b4f0;
 .timescale 0 0;
    .port_info 0 /INPUT 4 "num";
    .port_info 1 /OUTPUT 8 "HEX";
v000000000277e380_0 .var "HEX", 7 0;
L_00000000027d55a8 .functor BUFT 1, C4<1010>, C4<0>, C4<0>, C4<0>;
v000000000277f0a0_0 .net "num", 3 0, L_00000000027d55a8;  1 drivers
E_000000000275ae70 .event edge, v000000000277f0a0_0;
    .scope S_0000000002702170;
T_0 ;
    %wait E_0000000002759930;
    %load/vec4 v000000000275f190_0;
    %dup/vec4;
    %pushi/vec4 0, 0, 4;
    %cmp/u;
    %jmp/1 T_0.0, 6;
    %dup/vec4;
    %pushi/vec4 1, 0, 4;
    %cmp/u;
    %jmp/1 T_0.1, 6;
    %dup/vec4;
    %pushi/vec4 2, 0, 4;
    %cmp/u;
    %jmp/1 T_0.2, 6;
    %dup/vec4;
    %pushi/vec4 3, 0, 4;
    %cmp/u;
    %jmp/1 T_0.3, 6;
    %dup/vec4;
    %pushi/vec4 4, 0, 4;
    %cmp/u;
    %jmp/1 T_0.4, 6;
    %dup/vec4;
    %pushi/vec4 5, 0, 4;
    %cmp/u;
    %jmp/1 T_0.5, 6;
    %dup/vec4;
    %pushi/vec4 6, 0, 4;
    %cmp/u;
    %jmp/1 T_0.6, 6;
    %dup/vec4;
    %pushi/vec4 7, 0, 4;
    %cmp/u;
    %jmp/1 T_0.7, 6;
    %dup/vec4;
    %pushi/vec4 8, 0, 4;
    %cmp/u;
    %jmp/1 T_0.8, 6;
    %dup/vec4;
    %pushi/vec4 9, 0, 4;
    %cmp/u;
    %jmp/1 T_0.9, 6;
    %dup/vec4;
    %pushi/vec4 10, 0, 4;
    %cmp/u;
    %jmp/1 T_0.10, 6;
    %dup/vec4;
    %pushi/vec4 11, 0, 4;
    %cmp/u;
    %jmp/1 T_0.11, 6;
    %pushi/vec4 255, 0, 8;
    %store/vec4 v000000000275f550_0, 0, 8;
    %jmp T_0.13;
T_0.0 ;
    %pushi/vec4 192, 0, 8;
    %store/vec4 v000000000275f550_0, 0, 8;
    %jmp T_0.13;
T_0.1 ;
    %pushi/vec4 249, 0, 8;
    %store/vec4 v000000000275f550_0, 0, 8;
    %jmp T_0.13;
T_0.2 ;
    %pushi/vec4 164, 0, 8;
    %store/vec4 v000000000275f550_0, 0, 8;
    %jmp T_0.13;
T_0.3 ;
    %pushi/vec4 176, 0, 8;
    %store/vec4 v000000000275f550_0, 0, 8;
    %jmp T_0.13;
T_0.4 ;
    %pushi/vec4 153, 0, 8;
    %store/vec4 v000000000275f550_0, 0, 8;
    %jmp T_0.13;
T_0.5 ;
    %pushi/vec4 146, 0, 8;
    %store/vec4 v000000000275f550_0, 0, 8;
    %jmp T_0.13;
T_0.6 ;
    %pushi/vec4 130, 0, 8;
    %store/vec4 v000000000275f550_0, 0, 8;
    %jmp T_0.13;
T_0.7 ;
    %pushi/vec4 248, 0, 8;
    %store/vec4 v000000000275f550_0, 0, 8;
    %jmp T_0.13;
T_0.8 ;
    %pushi/vec4 128, 0, 8;
    %store/vec4 v000000000275f550_0, 0, 8;
    %jmp T_0.13;
T_0.9 ;
    %pushi/vec4 152, 0, 8;
    %store/vec4 v000000000275f550_0, 0, 8;
    %jmp T_0.13;
T_0.10 ;
    %pushi/vec4 142, 0, 8;
    %store/vec4 v000000000275f550_0, 0, 8;
    %jmp T_0.13;
T_0.11 ;
    %pushi/vec4 191, 0, 8;
    %store/vec4 v000000000275f550_0, 0, 8;
    %jmp T_0.13;
T_0.13 ;
    %pop/vec4 1;
    %jmp T_0;
    .thread T_0, $push;
    .scope S_0000000002702300;
T_1 ;
    %wait E_0000000002759d70;
    %load/vec4 v0000000002760b30_0;
    %dup/vec4;
    %pushi/vec4 0, 0, 4;
    %cmp/u;
    %jmp/1 T_1.0, 6;
    %dup/vec4;
    %pushi/vec4 1, 0, 4;
    %cmp/u;
    %jmp/1 T_1.1, 6;
    %dup/vec4;
    %pushi/vec4 2, 0, 4;
    %cmp/u;
    %jmp/1 T_1.2, 6;
    %dup/vec4;
    %pushi/vec4 3, 0, 4;
    %cmp/u;
    %jmp/1 T_1.3, 6;
    %dup/vec4;
    %pushi/vec4 4, 0, 4;
    %cmp/u;
    %jmp/1 T_1.4, 6;
    %dup/vec4;
    %pushi/vec4 5, 0, 4;
    %cmp/u;
    %jmp/1 T_1.5, 6;
    %dup/vec4;
    %pushi/vec4 6, 0, 4;
    %cmp/u;
    %jmp/1 T_1.6, 6;
    %dup/vec4;
    %pushi/vec4 7, 0, 4;
    %cmp/u;
    %jmp/1 T_1.7, 6;
    %dup/vec4;
    %pushi/vec4 8, 0, 4;
    %cmp/u;
    %jmp/1 T_1.8, 6;
    %dup/vec4;
    %pushi/vec4 9, 0, 4;
    %cmp/u;
    %jmp/1 T_1.9, 6;
    %dup/vec4;
    %pushi/vec4 10, 0, 4;
    %cmp/u;
    %jmp/1 T_1.10, 6;
    %dup/vec4;
    %pushi/vec4 11, 0, 4;
    %cmp/u;
    %jmp/1 T_1.11, 6;
    %pushi/vec4 255, 0, 8;
    %store/vec4 v00000000027609f0_0, 0, 8;
    %jmp T_1.13;
T_1.0 ;
    %pushi/vec4 192, 0, 8;
    %store/vec4 v00000000027609f0_0, 0, 8;
    %jmp T_1.13;
T_1.1 ;
    %pushi/vec4 249, 0, 8;
    %store/vec4 v00000000027609f0_0, 0, 8;
    %jmp T_1.13;
T_1.2 ;
    %pushi/vec4 164, 0, 8;
    %store/vec4 v00000000027609f0_0, 0, 8;
    %jmp T_1.13;
T_1.3 ;
    %pushi/vec4 176, 0, 8;
    %store/vec4 v00000000027609f0_0, 0, 8;
    %jmp T_1.13;
T_1.4 ;
    %pushi/vec4 153, 0, 8;
    %store/vec4 v00000000027609f0_0, 0, 8;
    %jmp T_1.13;
T_1.5 ;
    %pushi/vec4 146, 0, 8;
    %store/vec4 v00000000027609f0_0, 0, 8;
    %jmp T_1.13;
T_1.6 ;
    %pushi/vec4 130, 0, 8;
    %store/vec4 v00000000027609f0_0, 0, 8;
    %jmp T_1.13;
T_1.7 ;
    %pushi/vec4 248, 0, 8;
    %store/vec4 v00000000027609f0_0, 0, 8;
    %jmp T_1.13;
T_1.8 ;
    %pushi/vec4 128, 0, 8;
    %store/vec4 v00000000027609f0_0, 0, 8;
    %jmp T_1.13;
T_1.9 ;
    %pushi/vec4 152, 0, 8;
    %store/vec4 v00000000027609f0_0, 0, 8;
    %jmp T_1.13;
T_1.10 ;
    %pushi/vec4 142, 0, 8;
    %store/vec4 v00000000027609f0_0, 0, 8;
    %jmp T_1.13;
T_1.11 ;
    %pushi/vec4 191, 0, 8;
    %store/vec4 v00000000027609f0_0, 0, 8;
    %jmp T_1.13;
T_1.13 ;
    %pop/vec4 1;
    %jmp T_1;
    .thread T_1, $push;
    .scope S_00000000026f2d50;
T_2 ;
    %wait E_0000000002759af0;
    %load/vec4 v0000000002760810_0;
    %dup/vec4;
    %pushi/vec4 0, 0, 4;
    %cmp/u;
    %jmp/1 T_2.0, 6;
    %dup/vec4;
    %pushi/vec4 1, 0, 4;
    %cmp/u;
    %jmp/1 T_2.1, 6;
    %dup/vec4;
    %pushi/vec4 2, 0, 4;
    %cmp/u;
    %jmp/1 T_2.2, 6;
    %dup/vec4;
    %pushi/vec4 3, 0, 4;
    %cmp/u;
    %jmp/1 T_2.3, 6;
    %dup/vec4;
    %pushi/vec4 4, 0, 4;
    %cmp/u;
    %jmp/1 T_2.4, 6;
    %dup/vec4;
    %pushi/vec4 5, 0, 4;
    %cmp/u;
    %jmp/1 T_2.5, 6;
    %dup/vec4;
    %pushi/vec4 6, 0, 4;
    %cmp/u;
    %jmp/1 T_2.6, 6;
    %dup/vec4;
    %pushi/vec4 7, 0, 4;
    %cmp/u;
    %jmp/1 T_2.7, 6;
    %dup/vec4;
    %pushi/vec4 8, 0, 4;
    %cmp/u;
    %jmp/1 T_2.8, 6;
    %dup/vec4;
    %pushi/vec4 9, 0, 4;
    %cmp/u;
    %jmp/1 T_2.9, 6;
    %dup/vec4;
    %pushi/vec4 10, 0, 4;
    %cmp/u;
    %jmp/1 T_2.10, 6;
    %dup/vec4;
    %pushi/vec4 11, 0, 4;
    %cmp/u;
    %jmp/1 T_2.11, 6;
    %pushi/vec4 255, 0, 8;
    %store/vec4 v000000000275f370_0, 0, 8;
    %jmp T_2.13;
T_2.0 ;
    %pushi/vec4 192, 0, 8;
    %store/vec4 v000000000275f370_0, 0, 8;
    %jmp T_2.13;
T_2.1 ;
    %pushi/vec4 249, 0, 8;
    %store/vec4 v000000000275f370_0, 0, 8;
    %jmp T_2.13;
T_2.2 ;
    %pushi/vec4 164, 0, 8;
    %store/vec4 v000000000275f370_0, 0, 8;
    %jmp T_2.13;
T_2.3 ;
    %pushi/vec4 176, 0, 8;
    %store/vec4 v000000000275f370_0, 0, 8;
    %jmp T_2.13;
T_2.4 ;
    %pushi/vec4 153, 0, 8;
    %store/vec4 v000000000275f370_0, 0, 8;
    %jmp T_2.13;
T_2.5 ;
    %pushi/vec4 146, 0, 8;
    %store/vec4 v000000000275f370_0, 0, 8;
    %jmp T_2.13;
T_2.6 ;
    %pushi/vec4 130, 0, 8;
    %store/vec4 v000000000275f370_0, 0, 8;
    %jmp T_2.13;
T_2.7 ;
    %pushi/vec4 248, 0, 8;
    %store/vec4 v000000000275f370_0, 0, 8;
    %jmp T_2.13;
T_2.8 ;
    %pushi/vec4 128, 0, 8;
    %store/vec4 v000000000275f370_0, 0, 8;
    %jmp T_2.13;
T_2.9 ;
    %pushi/vec4 152, 0, 8;
    %store/vec4 v000000000275f370_0, 0, 8;
    %jmp T_2.13;
T_2.10 ;
    %pushi/vec4 142, 0, 8;
    %store/vec4 v000000000275f370_0, 0, 8;
    %jmp T_2.13;
T_2.11 ;
    %pushi/vec4 191, 0, 8;
    %store/vec4 v000000000275f370_0, 0, 8;
    %jmp T_2.13;
T_2.13 ;
    %pop/vec4 1;
    %jmp T_2;
    .thread T_2, $push;
    .scope S_00000000026f2ee0;
T_3 ;
    %wait E_00000000027591b0;
    %load/vec4 v000000000275f870_0;
    %dup/vec4;
    %pushi/vec4 0, 0, 4;
    %cmp/u;
    %jmp/1 T_3.0, 6;
    %dup/vec4;
    %pushi/vec4 1, 0, 4;
    %cmp/u;
    %jmp/1 T_3.1, 6;
    %dup/vec4;
    %pushi/vec4 2, 0, 4;
    %cmp/u;
    %jmp/1 T_3.2, 6;
    %dup/vec4;
    %pushi/vec4 3, 0, 4;
    %cmp/u;
    %jmp/1 T_3.3, 6;
    %dup/vec4;
    %pushi/vec4 4, 0, 4;
    %cmp/u;
    %jmp/1 T_3.4, 6;
    %dup/vec4;
    %pushi/vec4 5, 0, 4;
    %cmp/u;
    %jmp/1 T_3.5, 6;
    %dup/vec4;
    %pushi/vec4 6, 0, 4;
    %cmp/u;
    %jmp/1 T_3.6, 6;
    %dup/vec4;
    %pushi/vec4 7, 0, 4;
    %cmp/u;
    %jmp/1 T_3.7, 6;
    %dup/vec4;
    %pushi/vec4 8, 0, 4;
    %cmp/u;
    %jmp/1 T_3.8, 6;
    %dup/vec4;
    %pushi/vec4 9, 0, 4;
    %cmp/u;
    %jmp/1 T_3.9, 6;
    %dup/vec4;
    %pushi/vec4 10, 0, 4;
    %cmp/u;
    %jmp/1 T_3.10, 6;
    %dup/vec4;
    %pushi/vec4 11, 0, 4;
    %cmp/u;
    %jmp/1 T_3.11, 6;
    %pushi/vec4 255, 0, 8;
    %store/vec4 v000000000275fc30_0, 0, 8;
    %jmp T_3.13;
T_3.0 ;
    %pushi/vec4 192, 0, 8;
    %store/vec4 v000000000275fc30_0, 0, 8;
    %jmp T_3.13;
T_3.1 ;
    %pushi/vec4 249, 0, 8;
    %store/vec4 v000000000275fc30_0, 0, 8;
    %jmp T_3.13;
T_3.2 ;
    %pushi/vec4 164, 0, 8;
    %store/vec4 v000000000275fc30_0, 0, 8;
    %jmp T_3.13;
T_3.3 ;
    %pushi/vec4 176, 0, 8;
    %store/vec4 v000000000275fc30_0, 0, 8;
    %jmp T_3.13;
T_3.4 ;
    %pushi/vec4 153, 0, 8;
    %store/vec4 v000000000275fc30_0, 0, 8;
    %jmp T_3.13;
T_3.5 ;
    %pushi/vec4 146, 0, 8;
    %store/vec4 v000000000275fc30_0, 0, 8;
    %jmp T_3.13;
T_3.6 ;
    %pushi/vec4 130, 0, 8;
    %store/vec4 v000000000275fc30_0, 0, 8;
    %jmp T_3.13;
T_3.7 ;
    %pushi/vec4 248, 0, 8;
    %store/vec4 v000000000275fc30_0, 0, 8;
    %jmp T_3.13;
T_3.8 ;
    %pushi/vec4 128, 0, 8;
    %store/vec4 v000000000275fc30_0, 0, 8;
    %jmp T_3.13;
T_3.9 ;
    %pushi/vec4 152, 0, 8;
    %store/vec4 v000000000275fc30_0, 0, 8;
    %jmp T_3.13;
T_3.10 ;
    %pushi/vec4 142, 0, 8;
    %store/vec4 v000000000275fc30_0, 0, 8;
    %jmp T_3.13;
T_3.11 ;
    %pushi/vec4 191, 0, 8;
    %store/vec4 v000000000275fc30_0, 0, 8;
    %jmp T_3.13;
T_3.13 ;
    %pop/vec4 1;
    %jmp T_3;
    .thread T_3, $push;
    .scope S_00000000026e7380;
T_4 ;
    %wait E_0000000002759970;
    %load/vec4 v00000000027608b0_0;
    %dup/vec4;
    %pushi/vec4 0, 0, 4;
    %cmp/u;
    %jmp/1 T_4.0, 6;
    %dup/vec4;
    %pushi/vec4 1, 0, 4;
    %cmp/u;
    %jmp/1 T_4.1, 6;
    %dup/vec4;
    %pushi/vec4 2, 0, 4;
    %cmp/u;
    %jmp/1 T_4.2, 6;
    %dup/vec4;
    %pushi/vec4 3, 0, 4;
    %cmp/u;
    %jmp/1 T_4.3, 6;
    %dup/vec4;
    %pushi/vec4 4, 0, 4;
    %cmp/u;
    %jmp/1 T_4.4, 6;
    %dup/vec4;
    %pushi/vec4 5, 0, 4;
    %cmp/u;
    %jmp/1 T_4.5, 6;
    %dup/vec4;
    %pushi/vec4 6, 0, 4;
    %cmp/u;
    %jmp/1 T_4.6, 6;
    %dup/vec4;
    %pushi/vec4 7, 0, 4;
    %cmp/u;
    %jmp/1 T_4.7, 6;
    %dup/vec4;
    %pushi/vec4 8, 0, 4;
    %cmp/u;
    %jmp/1 T_4.8, 6;
    %dup/vec4;
    %pushi/vec4 9, 0, 4;
    %cmp/u;
    %jmp/1 T_4.9, 6;
    %dup/vec4;
    %pushi/vec4 10, 0, 4;
    %cmp/u;
    %jmp/1 T_4.10, 6;
    %dup/vec4;
    %pushi/vec4 11, 0, 4;
    %cmp/u;
    %jmp/1 T_4.11, 6;
    %pushi/vec4 255, 0, 8;
    %store/vec4 v000000000275f5f0_0, 0, 8;
    %jmp T_4.13;
T_4.0 ;
    %pushi/vec4 192, 0, 8;
    %store/vec4 v000000000275f5f0_0, 0, 8;
    %jmp T_4.13;
T_4.1 ;
    %pushi/vec4 249, 0, 8;
    %store/vec4 v000000000275f5f0_0, 0, 8;
    %jmp T_4.13;
T_4.2 ;
    %pushi/vec4 164, 0, 8;
    %store/vec4 v000000000275f5f0_0, 0, 8;
    %jmp T_4.13;
T_4.3 ;
    %pushi/vec4 176, 0, 8;
    %store/vec4 v000000000275f5f0_0, 0, 8;
    %jmp T_4.13;
T_4.4 ;
    %pushi/vec4 153, 0, 8;
    %store/vec4 v000000000275f5f0_0, 0, 8;
    %jmp T_4.13;
T_4.5 ;
    %pushi/vec4 146, 0, 8;
    %store/vec4 v000000000275f5f0_0, 0, 8;
    %jmp T_4.13;
T_4.6 ;
    %pushi/vec4 130, 0, 8;
    %store/vec4 v000000000275f5f0_0, 0, 8;
    %jmp T_4.13;
T_4.7 ;
    %pushi/vec4 248, 0, 8;
    %store/vec4 v000000000275f5f0_0, 0, 8;
    %jmp T_4.13;
T_4.8 ;
    %pushi/vec4 128, 0, 8;
    %store/vec4 v000000000275f5f0_0, 0, 8;
    %jmp T_4.13;
T_4.9 ;
    %pushi/vec4 152, 0, 8;
    %store/vec4 v000000000275f5f0_0, 0, 8;
    %jmp T_4.13;
T_4.10 ;
    %pushi/vec4 142, 0, 8;
    %store/vec4 v000000000275f5f0_0, 0, 8;
    %jmp T_4.13;
T_4.11 ;
    %pushi/vec4 191, 0, 8;
    %store/vec4 v000000000275f5f0_0, 0, 8;
    %jmp T_4.13;
T_4.13 ;
    %pop/vec4 1;
    %jmp T_4;
    .thread T_4, $push;
    .scope S_00000000026e7510;
T_5 ;
    %wait E_0000000002759b30;
    %load/vec4 v000000000275f690_0;
    %dup/vec4;
    %pushi/vec4 0, 0, 4;
    %cmp/u;
    %jmp/1 T_5.0, 6;
    %dup/vec4;
    %pushi/vec4 1, 0, 4;
    %cmp/u;
    %jmp/1 T_5.1, 6;
    %dup/vec4;
    %pushi/vec4 2, 0, 4;
    %cmp/u;
    %jmp/1 T_5.2, 6;
    %dup/vec4;
    %pushi/vec4 3, 0, 4;
    %cmp/u;
    %jmp/1 T_5.3, 6;
    %dup/vec4;
    %pushi/vec4 4, 0, 4;
    %cmp/u;
    %jmp/1 T_5.4, 6;
    %dup/vec4;
    %pushi/vec4 5, 0, 4;
    %cmp/u;
    %jmp/1 T_5.5, 6;
    %dup/vec4;
    %pushi/vec4 6, 0, 4;
    %cmp/u;
    %jmp/1 T_5.6, 6;
    %dup/vec4;
    %pushi/vec4 7, 0, 4;
    %cmp/u;
    %jmp/1 T_5.7, 6;
    %dup/vec4;
    %pushi/vec4 8, 0, 4;
    %cmp/u;
    %jmp/1 T_5.8, 6;
    %dup/vec4;
    %pushi/vec4 9, 0, 4;
    %cmp/u;
    %jmp/1 T_5.9, 6;
    %dup/vec4;
    %pushi/vec4 10, 0, 4;
    %cmp/u;
    %jmp/1 T_5.10, 6;
    %dup/vec4;
    %pushi/vec4 11, 0, 4;
    %cmp/u;
    %jmp/1 T_5.11, 6;
    %pushi/vec4 255, 0, 8;
    %store/vec4 v0000000002760c70_0, 0, 8;
    %jmp T_5.13;
T_5.0 ;
    %pushi/vec4 192, 0, 8;
    %store/vec4 v0000000002760c70_0, 0, 8;
    %jmp T_5.13;
T_5.1 ;
    %pushi/vec4 249, 0, 8;
    %store/vec4 v0000000002760c70_0, 0, 8;
    %jmp T_5.13;
T_5.2 ;
    %pushi/vec4 164, 0, 8;
    %store/vec4 v0000000002760c70_0, 0, 8;
    %jmp T_5.13;
T_5.3 ;
    %pushi/vec4 176, 0, 8;
    %store/vec4 v0000000002760c70_0, 0, 8;
    %jmp T_5.13;
T_5.4 ;
    %pushi/vec4 153, 0, 8;
    %store/vec4 v0000000002760c70_0, 0, 8;
    %jmp T_5.13;
T_5.5 ;
    %pushi/vec4 146, 0, 8;
    %store/vec4 v0000000002760c70_0, 0, 8;
    %jmp T_5.13;
T_5.6 ;
    %pushi/vec4 130, 0, 8;
    %store/vec4 v0000000002760c70_0, 0, 8;
    %jmp T_5.13;
T_5.7 ;
    %pushi/vec4 248, 0, 8;
    %store/vec4 v0000000002760c70_0, 0, 8;
    %jmp T_5.13;
T_5.8 ;
    %pushi/vec4 128, 0, 8;
    %store/vec4 v0000000002760c70_0, 0, 8;
    %jmp T_5.13;
T_5.9 ;
    %pushi/vec4 152, 0, 8;
    %store/vec4 v0000000002760c70_0, 0, 8;
    %jmp T_5.13;
T_5.10 ;
    %pushi/vec4 142, 0, 8;
    %store/vec4 v0000000002760c70_0, 0, 8;
    %jmp T_5.13;
T_5.11 ;
    %pushi/vec4 191, 0, 8;
    %store/vec4 v0000000002760c70_0, 0, 8;
    %jmp T_5.13;
T_5.13 ;
    %pop/vec4 1;
    %jmp T_5;
    .thread T_5, $push;
    .scope S_00000000027d41b0;
T_6 ;
    %wait E_0000000002759230;
    %load/vec4 v00000000027d2600_0;
    %dup/vec4;
    %pushi/vec4 0, 0, 4;
    %cmp/u;
    %jmp/1 T_6.0, 6;
    %dup/vec4;
    %pushi/vec4 1, 0, 4;
    %cmp/u;
    %jmp/1 T_6.1, 6;
    %dup/vec4;
    %pushi/vec4 2, 0, 4;
    %cmp/u;
    %jmp/1 T_6.2, 6;
    %dup/vec4;
    %pushi/vec4 3, 0, 4;
    %cmp/u;
    %jmp/1 T_6.3, 6;
    %dup/vec4;
    %pushi/vec4 4, 0, 4;
    %cmp/u;
    %jmp/1 T_6.4, 6;
    %dup/vec4;
    %pushi/vec4 5, 0, 4;
    %cmp/u;
    %jmp/1 T_6.5, 6;
    %dup/vec4;
    %pushi/vec4 6, 0, 4;
    %cmp/u;
    %jmp/1 T_6.6, 6;
    %dup/vec4;
    %pushi/vec4 7, 0, 4;
    %cmp/u;
    %jmp/1 T_6.7, 6;
    %dup/vec4;
    %pushi/vec4 8, 0, 4;
    %cmp/u;
    %jmp/1 T_6.8, 6;
    %dup/vec4;
    %pushi/vec4 9, 0, 4;
    %cmp/u;
    %jmp/1 T_6.9, 6;
    %dup/vec4;
    %pushi/vec4 10, 0, 4;
    %cmp/u;
    %jmp/1 T_6.10, 6;
    %dup/vec4;
    %pushi/vec4 11, 0, 4;
    %cmp/u;
    %jmp/1 T_6.11, 6;
    %pushi/vec4 255, 0, 8;
    %store/vec4 v00000000027d3be0_0, 0, 8;
    %jmp T_6.13;
T_6.0 ;
    %pushi/vec4 192, 0, 8;
    %store/vec4 v00000000027d3be0_0, 0, 8;
    %jmp T_6.13;
T_6.1 ;
    %pushi/vec4 249, 0, 8;
    %store/vec4 v00000000027d3be0_0, 0, 8;
    %jmp T_6.13;
T_6.2 ;
    %pushi/vec4 164, 0, 8;
    %store/vec4 v00000000027d3be0_0, 0, 8;
    %jmp T_6.13;
T_6.3 ;
    %pushi/vec4 176, 0, 8;
    %store/vec4 v00000000027d3be0_0, 0, 8;
    %jmp T_6.13;
T_6.4 ;
    %pushi/vec4 153, 0, 8;
    %store/vec4 v00000000027d3be0_0, 0, 8;
    %jmp T_6.13;
T_6.5 ;
    %pushi/vec4 146, 0, 8;
    %store/vec4 v00000000027d3be0_0, 0, 8;
    %jmp T_6.13;
T_6.6 ;
    %pushi/vec4 130, 0, 8;
    %store/vec4 v00000000027d3be0_0, 0, 8;
    %jmp T_6.13;
T_6.7 ;
    %pushi/vec4 248, 0, 8;
    %store/vec4 v00000000027d3be0_0, 0, 8;
    %jmp T_6.13;
T_6.8 ;
    %pushi/vec4 128, 0, 8;
    %store/vec4 v00000000027d3be0_0, 0, 8;
    %jmp T_6.13;
T_6.9 ;
    %pushi/vec4 152, 0, 8;
    %store/vec4 v00000000027d3be0_0, 0, 8;
    %jmp T_6.13;
T_6.10 ;
    %pushi/vec4 142, 0, 8;
    %store/vec4 v00000000027d3be0_0, 0, 8;
    %jmp T_6.13;
T_6.11 ;
    %pushi/vec4 191, 0, 8;
    %store/vec4 v00000000027d3be0_0, 0, 8;
    %jmp T_6.13;
T_6.13 ;
    %pop/vec4 1;
    %jmp T_6;
    .thread T_6, $push;
    .scope S_00000000027d4340;
T_7 ;
    %wait E_0000000002759db0;
    %load/vec4 v00000000027d27e0_0;
    %dup/vec4;
    %pushi/vec4 0, 0, 4;
    %cmp/u;
    %jmp/1 T_7.0, 6;
    %dup/vec4;
    %pushi/vec4 1, 0, 4;
    %cmp/u;
    %jmp/1 T_7.1, 6;
    %dup/vec4;
    %pushi/vec4 2, 0, 4;
    %cmp/u;
    %jmp/1 T_7.2, 6;
    %dup/vec4;
    %pushi/vec4 3, 0, 4;
    %cmp/u;
    %jmp/1 T_7.3, 6;
    %dup/vec4;
    %pushi/vec4 4, 0, 4;
    %cmp/u;
    %jmp/1 T_7.4, 6;
    %dup/vec4;
    %pushi/vec4 5, 0, 4;
    %cmp/u;
    %jmp/1 T_7.5, 6;
    %dup/vec4;
    %pushi/vec4 6, 0, 4;
    %cmp/u;
    %jmp/1 T_7.6, 6;
    %dup/vec4;
    %pushi/vec4 7, 0, 4;
    %cmp/u;
    %jmp/1 T_7.7, 6;
    %dup/vec4;
    %pushi/vec4 8, 0, 4;
    %cmp/u;
    %jmp/1 T_7.8, 6;
    %dup/vec4;
    %pushi/vec4 9, 0, 4;
    %cmp/u;
    %jmp/1 T_7.9, 6;
    %dup/vec4;
    %pushi/vec4 10, 0, 4;
    %cmp/u;
    %jmp/1 T_7.10, 6;
    %dup/vec4;
    %pushi/vec4 11, 0, 4;
    %cmp/u;
    %jmp/1 T_7.11, 6;
    %pushi/vec4 255, 0, 8;
    %store/vec4 v00000000027d35a0_0, 0, 8;
    %jmp T_7.13;
T_7.0 ;
    %pushi/vec4 192, 0, 8;
    %store/vec4 v00000000027d35a0_0, 0, 8;
    %jmp T_7.13;
T_7.1 ;
    %pushi/vec4 249, 0, 8;
    %store/vec4 v00000000027d35a0_0, 0, 8;
    %jmp T_7.13;
T_7.2 ;
    %pushi/vec4 164, 0, 8;
    %store/vec4 v00000000027d35a0_0, 0, 8;
    %jmp T_7.13;
T_7.3 ;
    %pushi/vec4 176, 0, 8;
    %store/vec4 v00000000027d35a0_0, 0, 8;
    %jmp T_7.13;
T_7.4 ;
    %pushi/vec4 153, 0, 8;
    %store/vec4 v00000000027d35a0_0, 0, 8;
    %jmp T_7.13;
T_7.5 ;
    %pushi/vec4 146, 0, 8;
    %store/vec4 v00000000027d35a0_0, 0, 8;
    %jmp T_7.13;
T_7.6 ;
    %pushi/vec4 130, 0, 8;
    %store/vec4 v00000000027d35a0_0, 0, 8;
    %jmp T_7.13;
T_7.7 ;
    %pushi/vec4 248, 0, 8;
    %store/vec4 v00000000027d35a0_0, 0, 8;
    %jmp T_7.13;
T_7.8 ;
    %pushi/vec4 128, 0, 8;
    %store/vec4 v00000000027d35a0_0, 0, 8;
    %jmp T_7.13;
T_7.9 ;
    %pushi/vec4 152, 0, 8;
    %store/vec4 v00000000027d35a0_0, 0, 8;
    %jmp T_7.13;
T_7.10 ;
    %pushi/vec4 142, 0, 8;
    %store/vec4 v00000000027d35a0_0, 0, 8;
    %jmp T_7.13;
T_7.11 ;
    %pushi/vec4 191, 0, 8;
    %store/vec4 v00000000027d35a0_0, 0, 8;
    %jmp T_7.13;
T_7.13 ;
    %pop/vec4 1;
    %jmp T_7;
    .thread T_7, $push;
    .scope S_000000000277bcc0;
T_8 ;
    %wait E_00000000027593b0;
    %load/vec4 v00000000027d2e20_0;
    %dup/vec4;
    %pushi/vec4 0, 0, 4;
    %cmp/u;
    %jmp/1 T_8.0, 6;
    %dup/vec4;
    %pushi/vec4 1, 0, 4;
    %cmp/u;
    %jmp/1 T_8.1, 6;
    %dup/vec4;
    %pushi/vec4 2, 0, 4;
    %cmp/u;
    %jmp/1 T_8.2, 6;
    %dup/vec4;
    %pushi/vec4 3, 0, 4;
    %cmp/u;
    %jmp/1 T_8.3, 6;
    %dup/vec4;
    %pushi/vec4 4, 0, 4;
    %cmp/u;
    %jmp/1 T_8.4, 6;
    %dup/vec4;
    %pushi/vec4 5, 0, 4;
    %cmp/u;
    %jmp/1 T_8.5, 6;
    %dup/vec4;
    %pushi/vec4 6, 0, 4;
    %cmp/u;
    %jmp/1 T_8.6, 6;
    %dup/vec4;
    %pushi/vec4 7, 0, 4;
    %cmp/u;
    %jmp/1 T_8.7, 6;
    %dup/vec4;
    %pushi/vec4 8, 0, 4;
    %cmp/u;
    %jmp/1 T_8.8, 6;
    %dup/vec4;
    %pushi/vec4 9, 0, 4;
    %cmp/u;
    %jmp/1 T_8.9, 6;
    %dup/vec4;
    %pushi/vec4 10, 0, 4;
    %cmp/u;
    %jmp/1 T_8.10, 6;
    %dup/vec4;
    %pushi/vec4 11, 0, 4;
    %cmp/u;
    %jmp/1 T_8.11, 6;
    %pushi/vec4 255, 0, 8;
    %store/vec4 v00000000027d2ce0_0, 0, 8;
    %jmp T_8.13;
T_8.0 ;
    %pushi/vec4 192, 0, 8;
    %store/vec4 v00000000027d2ce0_0, 0, 8;
    %jmp T_8.13;
T_8.1 ;
    %pushi/vec4 249, 0, 8;
    %store/vec4 v00000000027d2ce0_0, 0, 8;
    %jmp T_8.13;
T_8.2 ;
    %pushi/vec4 164, 0, 8;
    %store/vec4 v00000000027d2ce0_0, 0, 8;
    %jmp T_8.13;
T_8.3 ;
    %pushi/vec4 176, 0, 8;
    %store/vec4 v00000000027d2ce0_0, 0, 8;
    %jmp T_8.13;
T_8.4 ;
    %pushi/vec4 153, 0, 8;
    %store/vec4 v00000000027d2ce0_0, 0, 8;
    %jmp T_8.13;
T_8.5 ;
    %pushi/vec4 146, 0, 8;
    %store/vec4 v00000000027d2ce0_0, 0, 8;
    %jmp T_8.13;
T_8.6 ;
    %pushi/vec4 130, 0, 8;
    %store/vec4 v00000000027d2ce0_0, 0, 8;
    %jmp T_8.13;
T_8.7 ;
    %pushi/vec4 248, 0, 8;
    %store/vec4 v00000000027d2ce0_0, 0, 8;
    %jmp T_8.13;
T_8.8 ;
    %pushi/vec4 128, 0, 8;
    %store/vec4 v00000000027d2ce0_0, 0, 8;
    %jmp T_8.13;
T_8.9 ;
    %pushi/vec4 152, 0, 8;
    %store/vec4 v00000000027d2ce0_0, 0, 8;
    %jmp T_8.13;
T_8.10 ;
    %pushi/vec4 142, 0, 8;
    %store/vec4 v00000000027d2ce0_0, 0, 8;
    %jmp T_8.13;
T_8.11 ;
    %pushi/vec4 191, 0, 8;
    %store/vec4 v00000000027d2ce0_0, 0, 8;
    %jmp T_8.13;
T_8.13 ;
    %pop/vec4 1;
    %jmp T_8;
    .thread T_8, $push;
    .scope S_00000000027d44d0;
T_9 ;
    %wait E_0000000002759ef0;
    %load/vec4 v00000000027d2420_0;
    %dup/vec4;
    %pushi/vec4 0, 0, 4;
    %cmp/u;
    %jmp/1 T_9.0, 6;
    %dup/vec4;
    %pushi/vec4 1, 0, 4;
    %cmp/u;
    %jmp/1 T_9.1, 6;
    %dup/vec4;
    %pushi/vec4 2, 0, 4;
    %cmp/u;
    %jmp/1 T_9.2, 6;
    %dup/vec4;
    %pushi/vec4 3, 0, 4;
    %cmp/u;
    %jmp/1 T_9.3, 6;
    %dup/vec4;
    %pushi/vec4 4, 0, 4;
    %cmp/u;
    %jmp/1 T_9.4, 6;
    %dup/vec4;
    %pushi/vec4 5, 0, 4;
    %cmp/u;
    %jmp/1 T_9.5, 6;
    %dup/vec4;
    %pushi/vec4 6, 0, 4;
    %cmp/u;
    %jmp/1 T_9.6, 6;
    %dup/vec4;
    %pushi/vec4 7, 0, 4;
    %cmp/u;
    %jmp/1 T_9.7, 6;
    %dup/vec4;
    %pushi/vec4 8, 0, 4;
    %cmp/u;
    %jmp/1 T_9.8, 6;
    %dup/vec4;
    %pushi/vec4 9, 0, 4;
    %cmp/u;
    %jmp/1 T_9.9, 6;
    %dup/vec4;
    %pushi/vec4 10, 0, 4;
    %cmp/u;
    %jmp/1 T_9.10, 6;
    %dup/vec4;
    %pushi/vec4 11, 0, 4;
    %cmp/u;
    %jmp/1 T_9.11, 6;
    %pushi/vec4 255, 0, 8;
    %store/vec4 v00000000027d3640_0, 0, 8;
    %jmp T_9.13;
T_9.0 ;
    %pushi/vec4 192, 0, 8;
    %store/vec4 v00000000027d3640_0, 0, 8;
    %jmp T_9.13;
T_9.1 ;
    %pushi/vec4 249, 0, 8;
    %store/vec4 v00000000027d3640_0, 0, 8;
    %jmp T_9.13;
T_9.2 ;
    %pushi/vec4 164, 0, 8;
    %store/vec4 v00000000027d3640_0, 0, 8;
    %jmp T_9.13;
T_9.3 ;
    %pushi/vec4 176, 0, 8;
    %store/vec4 v00000000027d3640_0, 0, 8;
    %jmp T_9.13;
T_9.4 ;
    %pushi/vec4 153, 0, 8;
    %store/vec4 v00000000027d3640_0, 0, 8;
    %jmp T_9.13;
T_9.5 ;
    %pushi/vec4 146, 0, 8;
    %store/vec4 v00000000027d3640_0, 0, 8;
    %jmp T_9.13;
T_9.6 ;
    %pushi/vec4 130, 0, 8;
    %store/vec4 v00000000027d3640_0, 0, 8;
    %jmp T_9.13;
T_9.7 ;
    %pushi/vec4 248, 0, 8;
    %store/vec4 v00000000027d3640_0, 0, 8;
    %jmp T_9.13;
T_9.8 ;
    %pushi/vec4 128, 0, 8;
    %store/vec4 v00000000027d3640_0, 0, 8;
    %jmp T_9.13;
T_9.9 ;
    %pushi/vec4 152, 0, 8;
    %store/vec4 v00000000027d3640_0, 0, 8;
    %jmp T_9.13;
T_9.10 ;
    %pushi/vec4 142, 0, 8;
    %store/vec4 v00000000027d3640_0, 0, 8;
    %jmp T_9.13;
T_9.11 ;
    %pushi/vec4 191, 0, 8;
    %store/vec4 v00000000027d3640_0, 0, 8;
    %jmp T_9.13;
T_9.13 ;
    %pop/vec4 1;
    %jmp T_9;
    .thread T_9, $push;
    .scope S_00000000027d4660;
T_10 ;
    %wait E_00000000027592b0;
    %load/vec4 v00000000027d36e0_0;
    %dup/vec4;
    %pushi/vec4 0, 0, 4;
    %cmp/u;
    %jmp/1 T_10.0, 6;
    %dup/vec4;
    %pushi/vec4 1, 0, 4;
    %cmp/u;
    %jmp/1 T_10.1, 6;
    %dup/vec4;
    %pushi/vec4 2, 0, 4;
    %cmp/u;
    %jmp/1 T_10.2, 6;
    %dup/vec4;
    %pushi/vec4 3, 0, 4;
    %cmp/u;
    %jmp/1 T_10.3, 6;
    %dup/vec4;
    %pushi/vec4 4, 0, 4;
    %cmp/u;
    %jmp/1 T_10.4, 6;
    %dup/vec4;
    %pushi/vec4 5, 0, 4;
    %cmp/u;
    %jmp/1 T_10.5, 6;
    %dup/vec4;
    %pushi/vec4 6, 0, 4;
    %cmp/u;
    %jmp/1 T_10.6, 6;
    %dup/vec4;
    %pushi/vec4 7, 0, 4;
    %cmp/u;
    %jmp/1 T_10.7, 6;
    %dup/vec4;
    %pushi/vec4 8, 0, 4;
    %cmp/u;
    %jmp/1 T_10.8, 6;
    %dup/vec4;
    %pushi/vec4 9, 0, 4;
    %cmp/u;
    %jmp/1 T_10.9, 6;
    %dup/vec4;
    %pushi/vec4 10, 0, 4;
    %cmp/u;
    %jmp/1 T_10.10, 6;
    %dup/vec4;
    %pushi/vec4 11, 0, 4;
    %cmp/u;
    %jmp/1 T_10.11, 6;
    %pushi/vec4 255, 0, 8;
    %store/vec4 v00000000027d2880_0, 0, 8;
    %jmp T_10.13;
T_10.0 ;
    %pushi/vec4 192, 0, 8;
    %store/vec4 v00000000027d2880_0, 0, 8;
    %jmp T_10.13;
T_10.1 ;
    %pushi/vec4 249, 0, 8;
    %store/vec4 v00000000027d2880_0, 0, 8;
    %jmp T_10.13;
T_10.2 ;
    %pushi/vec4 164, 0, 8;
    %store/vec4 v00000000027d2880_0, 0, 8;
    %jmp T_10.13;
T_10.3 ;
    %pushi/vec4 176, 0, 8;
    %store/vec4 v00000000027d2880_0, 0, 8;
    %jmp T_10.13;
T_10.4 ;
    %pushi/vec4 153, 0, 8;
    %store/vec4 v00000000027d2880_0, 0, 8;
    %jmp T_10.13;
T_10.5 ;
    %pushi/vec4 146, 0, 8;
    %store/vec4 v00000000027d2880_0, 0, 8;
    %jmp T_10.13;
T_10.6 ;
    %pushi/vec4 130, 0, 8;
    %store/vec4 v00000000027d2880_0, 0, 8;
    %jmp T_10.13;
T_10.7 ;
    %pushi/vec4 248, 0, 8;
    %store/vec4 v00000000027d2880_0, 0, 8;
    %jmp T_10.13;
T_10.8 ;
    %pushi/vec4 128, 0, 8;
    %store/vec4 v00000000027d2880_0, 0, 8;
    %jmp T_10.13;
T_10.9 ;
    %pushi/vec4 152, 0, 8;
    %store/vec4 v00000000027d2880_0, 0, 8;
    %jmp T_10.13;
T_10.10 ;
    %pushi/vec4 142, 0, 8;
    %store/vec4 v00000000027d2880_0, 0, 8;
    %jmp T_10.13;
T_10.11 ;
    %pushi/vec4 191, 0, 8;
    %store/vec4 v00000000027d2880_0, 0, 8;
    %jmp T_10.13;
T_10.13 ;
    %pop/vec4 1;
    %jmp T_10;
    .thread T_10, $push;
    .scope S_000000000277b9a0;
T_11 ;
    %wait E_0000000002759770;
    %load/vec4 v00000000027d3c80_0;
    %dup/vec4;
    %pushi/vec4 0, 0, 4;
    %cmp/u;
    %jmp/1 T_11.0, 6;
    %dup/vec4;
    %pushi/vec4 1, 0, 4;
    %cmp/u;
    %jmp/1 T_11.1, 6;
    %dup/vec4;
    %pushi/vec4 2, 0, 4;
    %cmp/u;
    %jmp/1 T_11.2, 6;
    %dup/vec4;
    %pushi/vec4 3, 0, 4;
    %cmp/u;
    %jmp/1 T_11.3, 6;
    %dup/vec4;
    %pushi/vec4 4, 0, 4;
    %cmp/u;
    %jmp/1 T_11.4, 6;
    %dup/vec4;
    %pushi/vec4 5, 0, 4;
    %cmp/u;
    %jmp/1 T_11.5, 6;
    %dup/vec4;
    %pushi/vec4 6, 0, 4;
    %cmp/u;
    %jmp/1 T_11.6, 6;
    %dup/vec4;
    %pushi/vec4 7, 0, 4;
    %cmp/u;
    %jmp/1 T_11.7, 6;
    %dup/vec4;
    %pushi/vec4 8, 0, 4;
    %cmp/u;
    %jmp/1 T_11.8, 6;
    %dup/vec4;
    %pushi/vec4 9, 0, 4;
    %cmp/u;
    %jmp/1 T_11.9, 6;
    %dup/vec4;
    %pushi/vec4 10, 0, 4;
    %cmp/u;
    %jmp/1 T_11.10, 6;
    %dup/vec4;
    %pushi/vec4 11, 0, 4;
    %cmp/u;
    %jmp/1 T_11.11, 6;
    %pushi/vec4 255, 0, 8;
    %store/vec4 v00000000027d3820_0, 0, 8;
    %jmp T_11.13;
T_11.0 ;
    %pushi/vec4 192, 0, 8;
    %store/vec4 v00000000027d3820_0, 0, 8;
    %jmp T_11.13;
T_11.1 ;
    %pushi/vec4 249, 0, 8;
    %store/vec4 v00000000027d3820_0, 0, 8;
    %jmp T_11.13;
T_11.2 ;
    %pushi/vec4 164, 0, 8;
    %store/vec4 v00000000027d3820_0, 0, 8;
    %jmp T_11.13;
T_11.3 ;
    %pushi/vec4 176, 0, 8;
    %store/vec4 v00000000027d3820_0, 0, 8;
    %jmp T_11.13;
T_11.4 ;
    %pushi/vec4 153, 0, 8;
    %store/vec4 v00000000027d3820_0, 0, 8;
    %jmp T_11.13;
T_11.5 ;
    %pushi/vec4 146, 0, 8;
    %store/vec4 v00000000027d3820_0, 0, 8;
    %jmp T_11.13;
T_11.6 ;
    %pushi/vec4 130, 0, 8;
    %store/vec4 v00000000027d3820_0, 0, 8;
    %jmp T_11.13;
T_11.7 ;
    %pushi/vec4 248, 0, 8;
    %store/vec4 v00000000027d3820_0, 0, 8;
    %jmp T_11.13;
T_11.8 ;
    %pushi/vec4 128, 0, 8;
    %store/vec4 v00000000027d3820_0, 0, 8;
    %jmp T_11.13;
T_11.9 ;
    %pushi/vec4 152, 0, 8;
    %store/vec4 v00000000027d3820_0, 0, 8;
    %jmp T_11.13;
T_11.10 ;
    %pushi/vec4 142, 0, 8;
    %store/vec4 v00000000027d3820_0, 0, 8;
    %jmp T_11.13;
T_11.11 ;
    %pushi/vec4 191, 0, 8;
    %store/vec4 v00000000027d3820_0, 0, 8;
    %jmp T_11.13;
T_11.13 ;
    %pop/vec4 1;
    %jmp T_11;
    .thread T_11, $push;
    .scope S_000000000277b810;
T_12 ;
    %wait E_000000000275a1f0;
    %load/vec4 v000000000277e2e0_0;
    %dup/vec4;
    %pushi/vec4 0, 0, 4;
    %cmp/u;
    %jmp/1 T_12.0, 6;
    %dup/vec4;
    %pushi/vec4 1, 0, 4;
    %cmp/u;
    %jmp/1 T_12.1, 6;
    %dup/vec4;
    %pushi/vec4 2, 0, 4;
    %cmp/u;
    %jmp/1 T_12.2, 6;
    %dup/vec4;
    %pushi/vec4 3, 0, 4;
    %cmp/u;
    %jmp/1 T_12.3, 6;
    %dup/vec4;
    %pushi/vec4 4, 0, 4;
    %cmp/u;
    %jmp/1 T_12.4, 6;
    %dup/vec4;
    %pushi/vec4 5, 0, 4;
    %cmp/u;
    %jmp/1 T_12.5, 6;
    %dup/vec4;
    %pushi/vec4 6, 0, 4;
    %cmp/u;
    %jmp/1 T_12.6, 6;
    %dup/vec4;
    %pushi/vec4 7, 0, 4;
    %cmp/u;
    %jmp/1 T_12.7, 6;
    %dup/vec4;
    %pushi/vec4 8, 0, 4;
    %cmp/u;
    %jmp/1 T_12.8, 6;
    %dup/vec4;
    %pushi/vec4 9, 0, 4;
    %cmp/u;
    %jmp/1 T_12.9, 6;
    %dup/vec4;
    %pushi/vec4 10, 0, 4;
    %cmp/u;
    %jmp/1 T_12.10, 6;
    %dup/vec4;
    %pushi/vec4 11, 0, 4;
    %cmp/u;
    %jmp/1 T_12.11, 6;
    %pushi/vec4 142, 0, 8;
    %store/vec4 v000000000277ee20_0, 0, 8;
    %jmp T_12.13;
T_12.0 ;
    %pushi/vec4 192, 0, 8;
    %store/vec4 v000000000277ee20_0, 0, 8;
    %jmp T_12.13;
T_12.1 ;
    %pushi/vec4 249, 0, 8;
    %store/vec4 v000000000277ee20_0, 0, 8;
    %jmp T_12.13;
T_12.2 ;
    %pushi/vec4 164, 0, 8;
    %store/vec4 v000000000277ee20_0, 0, 8;
    %jmp T_12.13;
T_12.3 ;
    %pushi/vec4 176, 0, 8;
    %store/vec4 v000000000277ee20_0, 0, 8;
    %jmp T_12.13;
T_12.4 ;
    %pushi/vec4 153, 0, 8;
    %store/vec4 v000000000277ee20_0, 0, 8;
    %jmp T_12.13;
T_12.5 ;
    %pushi/vec4 146, 0, 8;
    %store/vec4 v000000000277ee20_0, 0, 8;
    %jmp T_12.13;
T_12.6 ;
    %pushi/vec4 130, 0, 8;
    %store/vec4 v000000000277ee20_0, 0, 8;
    %jmp T_12.13;
T_12.7 ;
    %pushi/vec4 248, 0, 8;
    %store/vec4 v000000000277ee20_0, 0, 8;
    %jmp T_12.13;
T_12.8 ;
    %pushi/vec4 128, 0, 8;
    %store/vec4 v000000000277ee20_0, 0, 8;
    %jmp T_12.13;
T_12.9 ;
    %pushi/vec4 152, 0, 8;
    %store/vec4 v000000000277ee20_0, 0, 8;
    %jmp T_12.13;
T_12.10 ;
    %pushi/vec4 255, 0, 8;
    %store/vec4 v000000000277ee20_0, 0, 8;
    %jmp T_12.13;
T_12.11 ;
    %pushi/vec4 191, 0, 8;
    %store/vec4 v000000000277ee20_0, 0, 8;
    %jmp T_12.13;
T_12.13 ;
    %pop/vec4 1;
    %jmp T_12;
    .thread T_12, $push;
    .scope S_000000000277be50;
T_13 ;
    %wait E_000000000275ab30;
    %load/vec4 v000000000277f6e0_0;
    %dup/vec4;
    %pushi/vec4 0, 0, 4;
    %cmp/u;
    %jmp/1 T_13.0, 6;
    %dup/vec4;
    %pushi/vec4 1, 0, 4;
    %cmp/u;
    %jmp/1 T_13.1, 6;
    %dup/vec4;
    %pushi/vec4 2, 0, 4;
    %cmp/u;
    %jmp/1 T_13.2, 6;
    %dup/vec4;
    %pushi/vec4 3, 0, 4;
    %cmp/u;
    %jmp/1 T_13.3, 6;
    %dup/vec4;
    %pushi/vec4 4, 0, 4;
    %cmp/u;
    %jmp/1 T_13.4, 6;
    %dup/vec4;
    %pushi/vec4 5, 0, 4;
    %cmp/u;
    %jmp/1 T_13.5, 6;
    %dup/vec4;
    %pushi/vec4 6, 0, 4;
    %cmp/u;
    %jmp/1 T_13.6, 6;
    %dup/vec4;
    %pushi/vec4 7, 0, 4;
    %cmp/u;
    %jmp/1 T_13.7, 6;
    %dup/vec4;
    %pushi/vec4 8, 0, 4;
    %cmp/u;
    %jmp/1 T_13.8, 6;
    %dup/vec4;
    %pushi/vec4 9, 0, 4;
    %cmp/u;
    %jmp/1 T_13.9, 6;
    %dup/vec4;
    %pushi/vec4 10, 0, 4;
    %cmp/u;
    %jmp/1 T_13.10, 6;
    %dup/vec4;
    %pushi/vec4 11, 0, 4;
    %cmp/u;
    %jmp/1 T_13.11, 6;
    %pushi/vec4 142, 0, 8;
    %store/vec4 v000000000277e740_0, 0, 8;
    %jmp T_13.13;
T_13.0 ;
    %pushi/vec4 192, 0, 8;
    %store/vec4 v000000000277e740_0, 0, 8;
    %jmp T_13.13;
T_13.1 ;
    %pushi/vec4 249, 0, 8;
    %store/vec4 v000000000277e740_0, 0, 8;
    %jmp T_13.13;
T_13.2 ;
    %pushi/vec4 164, 0, 8;
    %store/vec4 v000000000277e740_0, 0, 8;
    %jmp T_13.13;
T_13.3 ;
    %pushi/vec4 176, 0, 8;
    %store/vec4 v000000000277e740_0, 0, 8;
    %jmp T_13.13;
T_13.4 ;
    %pushi/vec4 153, 0, 8;
    %store/vec4 v000000000277e740_0, 0, 8;
    %jmp T_13.13;
T_13.5 ;
    %pushi/vec4 146, 0, 8;
    %store/vec4 v000000000277e740_0, 0, 8;
    %jmp T_13.13;
T_13.6 ;
    %pushi/vec4 130, 0, 8;
    %store/vec4 v000000000277e740_0, 0, 8;
    %jmp T_13.13;
T_13.7 ;
    %pushi/vec4 248, 0, 8;
    %store/vec4 v000000000277e740_0, 0, 8;
    %jmp T_13.13;
T_13.8 ;
    %pushi/vec4 128, 0, 8;
    %store/vec4 v000000000277e740_0, 0, 8;
    %jmp T_13.13;
T_13.9 ;
    %pushi/vec4 152, 0, 8;
    %store/vec4 v000000000277e740_0, 0, 8;
    %jmp T_13.13;
T_13.10 ;
    %pushi/vec4 255, 0, 8;
    %store/vec4 v000000000277e740_0, 0, 8;
    %jmp T_13.13;
T_13.11 ;
    %pushi/vec4 191, 0, 8;
    %store/vec4 v000000000277e740_0, 0, 8;
    %jmp T_13.13;
T_13.13 ;
    %pop/vec4 1;
    %jmp T_13;
    .thread T_13, $push;
    .scope S_000000000277bb30;
T_14 ;
    %wait E_000000000275a6b0;
    %load/vec4 v000000000277f960_0;
    %dup/vec4;
    %pushi/vec4 0, 0, 4;
    %cmp/u;
    %jmp/1 T_14.0, 6;
    %dup/vec4;
    %pushi/vec4 1, 0, 4;
    %cmp/u;
    %jmp/1 T_14.1, 6;
    %dup/vec4;
    %pushi/vec4 2, 0, 4;
    %cmp/u;
    %jmp/1 T_14.2, 6;
    %dup/vec4;
    %pushi/vec4 3, 0, 4;
    %cmp/u;
    %jmp/1 T_14.3, 6;
    %dup/vec4;
    %pushi/vec4 4, 0, 4;
    %cmp/u;
    %jmp/1 T_14.4, 6;
    %dup/vec4;
    %pushi/vec4 5, 0, 4;
    %cmp/u;
    %jmp/1 T_14.5, 6;
    %dup/vec4;
    %pushi/vec4 6, 0, 4;
    %cmp/u;
    %jmp/1 T_14.6, 6;
    %dup/vec4;
    %pushi/vec4 7, 0, 4;
    %cmp/u;
    %jmp/1 T_14.7, 6;
    %dup/vec4;
    %pushi/vec4 8, 0, 4;
    %cmp/u;
    %jmp/1 T_14.8, 6;
    %dup/vec4;
    %pushi/vec4 9, 0, 4;
    %cmp/u;
    %jmp/1 T_14.9, 6;
    %dup/vec4;
    %pushi/vec4 10, 0, 4;
    %cmp/u;
    %jmp/1 T_14.10, 6;
    %dup/vec4;
    %pushi/vec4 11, 0, 4;
    %cmp/u;
    %jmp/1 T_14.11, 6;
    %pushi/vec4 142, 0, 8;
    %store/vec4 v000000000277e6a0_0, 0, 8;
    %jmp T_14.13;
T_14.0 ;
    %pushi/vec4 192, 0, 8;
    %store/vec4 v000000000277e6a0_0, 0, 8;
    %jmp T_14.13;
T_14.1 ;
    %pushi/vec4 249, 0, 8;
    %store/vec4 v000000000277e6a0_0, 0, 8;
    %jmp T_14.13;
T_14.2 ;
    %pushi/vec4 164, 0, 8;
    %store/vec4 v000000000277e6a0_0, 0, 8;
    %jmp T_14.13;
T_14.3 ;
    %pushi/vec4 176, 0, 8;
    %store/vec4 v000000000277e6a0_0, 0, 8;
    %jmp T_14.13;
T_14.4 ;
    %pushi/vec4 153, 0, 8;
    %store/vec4 v000000000277e6a0_0, 0, 8;
    %jmp T_14.13;
T_14.5 ;
    %pushi/vec4 146, 0, 8;
    %store/vec4 v000000000277e6a0_0, 0, 8;
    %jmp T_14.13;
T_14.6 ;
    %pushi/vec4 130, 0, 8;
    %store/vec4 v000000000277e6a0_0, 0, 8;
    %jmp T_14.13;
T_14.7 ;
    %pushi/vec4 248, 0, 8;
    %store/vec4 v000000000277e6a0_0, 0, 8;
    %jmp T_14.13;
T_14.8 ;
    %pushi/vec4 128, 0, 8;
    %store/vec4 v000000000277e6a0_0, 0, 8;
    %jmp T_14.13;
T_14.9 ;
    %pushi/vec4 152, 0, 8;
    %store/vec4 v000000000277e6a0_0, 0, 8;
    %jmp T_14.13;
T_14.10 ;
    %pushi/vec4 255, 0, 8;
    %store/vec4 v000000000277e6a0_0, 0, 8;
    %jmp T_14.13;
T_14.11 ;
    %pushi/vec4 191, 0, 8;
    %store/vec4 v000000000277e6a0_0, 0, 8;
    %jmp T_14.13;
T_14.13 ;
    %pop/vec4 1;
    %jmp T_14;
    .thread T_14, $push;
    .scope S_000000000277b680;
T_15 ;
    %wait E_000000000275a2b0;
    %load/vec4 v000000000277e100_0;
    %dup/vec4;
    %pushi/vec4 0, 0, 4;
    %cmp/u;
    %jmp/1 T_15.0, 6;
    %dup/vec4;
    %pushi/vec4 1, 0, 4;
    %cmp/u;
    %jmp/1 T_15.1, 6;
    %dup/vec4;
    %pushi/vec4 2, 0, 4;
    %cmp/u;
    %jmp/1 T_15.2, 6;
    %dup/vec4;
    %pushi/vec4 3, 0, 4;
    %cmp/u;
    %jmp/1 T_15.3, 6;
    %dup/vec4;
    %pushi/vec4 4, 0, 4;
    %cmp/u;
    %jmp/1 T_15.4, 6;
    %dup/vec4;
    %pushi/vec4 5, 0, 4;
    %cmp/u;
    %jmp/1 T_15.5, 6;
    %dup/vec4;
    %pushi/vec4 6, 0, 4;
    %cmp/u;
    %jmp/1 T_15.6, 6;
    %dup/vec4;
    %pushi/vec4 7, 0, 4;
    %cmp/u;
    %jmp/1 T_15.7, 6;
    %dup/vec4;
    %pushi/vec4 8, 0, 4;
    %cmp/u;
    %jmp/1 T_15.8, 6;
    %dup/vec4;
    %pushi/vec4 9, 0, 4;
    %cmp/u;
    %jmp/1 T_15.9, 6;
    %dup/vec4;
    %pushi/vec4 10, 0, 4;
    %cmp/u;
    %jmp/1 T_15.10, 6;
    %dup/vec4;
    %pushi/vec4 11, 0, 4;
    %cmp/u;
    %jmp/1 T_15.11, 6;
    %pushi/vec4 142, 0, 8;
    %store/vec4 v000000000277f780_0, 0, 8;
    %jmp T_15.13;
T_15.0 ;
    %pushi/vec4 192, 0, 8;
    %store/vec4 v000000000277f780_0, 0, 8;
    %jmp T_15.13;
T_15.1 ;
    %pushi/vec4 249, 0, 8;
    %store/vec4 v000000000277f780_0, 0, 8;
    %jmp T_15.13;
T_15.2 ;
    %pushi/vec4 164, 0, 8;
    %store/vec4 v000000000277f780_0, 0, 8;
    %jmp T_15.13;
T_15.3 ;
    %pushi/vec4 176, 0, 8;
    %store/vec4 v000000000277f780_0, 0, 8;
    %jmp T_15.13;
T_15.4 ;
    %pushi/vec4 153, 0, 8;
    %store/vec4 v000000000277f780_0, 0, 8;
    %jmp T_15.13;
T_15.5 ;
    %pushi/vec4 146, 0, 8;
    %store/vec4 v000000000277f780_0, 0, 8;
    %jmp T_15.13;
T_15.6 ;
    %pushi/vec4 130, 0, 8;
    %store/vec4 v000000000277f780_0, 0, 8;
    %jmp T_15.13;
T_15.7 ;
    %pushi/vec4 248, 0, 8;
    %store/vec4 v000000000277f780_0, 0, 8;
    %jmp T_15.13;
T_15.8 ;
    %pushi/vec4 128, 0, 8;
    %store/vec4 v000000000277f780_0, 0, 8;
    %jmp T_15.13;
T_15.9 ;
    %pushi/vec4 152, 0, 8;
    %store/vec4 v000000000277f780_0, 0, 8;
    %jmp T_15.13;
T_15.10 ;
    %pushi/vec4 255, 0, 8;
    %store/vec4 v000000000277f780_0, 0, 8;
    %jmp T_15.13;
T_15.11 ;
    %pushi/vec4 191, 0, 8;
    %store/vec4 v000000000277f780_0, 0, 8;
    %jmp T_15.13;
T_15.13 ;
    %pop/vec4 1;
    %jmp T_15;
    .thread T_15, $push;
    .scope S_000000000277b040;
T_16 ;
    %wait E_000000000275aab0;
    %load/vec4 v000000000277ec40_0;
    %dup/vec4;
    %pushi/vec4 0, 0, 4;
    %cmp/u;
    %jmp/1 T_16.0, 6;
    %dup/vec4;
    %pushi/vec4 1, 0, 4;
    %cmp/u;
    %jmp/1 T_16.1, 6;
    %dup/vec4;
    %pushi/vec4 2, 0, 4;
    %cmp/u;
    %jmp/1 T_16.2, 6;
    %dup/vec4;
    %pushi/vec4 3, 0, 4;
    %cmp/u;
    %jmp/1 T_16.3, 6;
    %dup/vec4;
    %pushi/vec4 4, 0, 4;
    %cmp/u;
    %jmp/1 T_16.4, 6;
    %dup/vec4;
    %pushi/vec4 5, 0, 4;
    %cmp/u;
    %jmp/1 T_16.5, 6;
    %dup/vec4;
    %pushi/vec4 6, 0, 4;
    %cmp/u;
    %jmp/1 T_16.6, 6;
    %dup/vec4;
    %pushi/vec4 7, 0, 4;
    %cmp/u;
    %jmp/1 T_16.7, 6;
    %dup/vec4;
    %pushi/vec4 8, 0, 4;
    %cmp/u;
    %jmp/1 T_16.8, 6;
    %dup/vec4;
    %pushi/vec4 9, 0, 4;
    %cmp/u;
    %jmp/1 T_16.9, 6;
    %dup/vec4;
    %pushi/vec4 10, 0, 4;
    %cmp/u;
    %jmp/1 T_16.10, 6;
    %dup/vec4;
    %pushi/vec4 11, 0, 4;
    %cmp/u;
    %jmp/1 T_16.11, 6;
    %pushi/vec4 142, 0, 8;
    %store/vec4 v000000000277e240_0, 0, 8;
    %jmp T_16.13;
T_16.0 ;
    %pushi/vec4 192, 0, 8;
    %store/vec4 v000000000277e240_0, 0, 8;
    %jmp T_16.13;
T_16.1 ;
    %pushi/vec4 249, 0, 8;
    %store/vec4 v000000000277e240_0, 0, 8;
    %jmp T_16.13;
T_16.2 ;
    %pushi/vec4 164, 0, 8;
    %store/vec4 v000000000277e240_0, 0, 8;
    %jmp T_16.13;
T_16.3 ;
    %pushi/vec4 176, 0, 8;
    %store/vec4 v000000000277e240_0, 0, 8;
    %jmp T_16.13;
T_16.4 ;
    %pushi/vec4 153, 0, 8;
    %store/vec4 v000000000277e240_0, 0, 8;
    %jmp T_16.13;
T_16.5 ;
    %pushi/vec4 146, 0, 8;
    %store/vec4 v000000000277e240_0, 0, 8;
    %jmp T_16.13;
T_16.6 ;
    %pushi/vec4 130, 0, 8;
    %store/vec4 v000000000277e240_0, 0, 8;
    %jmp T_16.13;
T_16.7 ;
    %pushi/vec4 248, 0, 8;
    %store/vec4 v000000000277e240_0, 0, 8;
    %jmp T_16.13;
T_16.8 ;
    %pushi/vec4 128, 0, 8;
    %store/vec4 v000000000277e240_0, 0, 8;
    %jmp T_16.13;
T_16.9 ;
    %pushi/vec4 152, 0, 8;
    %store/vec4 v000000000277e240_0, 0, 8;
    %jmp T_16.13;
T_16.10 ;
    %pushi/vec4 255, 0, 8;
    %store/vec4 v000000000277e240_0, 0, 8;
    %jmp T_16.13;
T_16.11 ;
    %pushi/vec4 191, 0, 8;
    %store/vec4 v000000000277e240_0, 0, 8;
    %jmp T_16.13;
T_16.13 ;
    %pop/vec4 1;
    %jmp T_16;
    .thread T_16, $push;
    .scope S_000000000277b1d0;
T_17 ;
    %wait E_000000000275ae70;
    %load/vec4 v000000000277f0a0_0;
    %dup/vec4;
    %pushi/vec4 0, 0, 4;
    %cmp/u;
    %jmp/1 T_17.0, 6;
    %dup/vec4;
    %pushi/vec4 1, 0, 4;
    %cmp/u;
    %jmp/1 T_17.1, 6;
    %dup/vec4;
    %pushi/vec4 2, 0, 4;
    %cmp/u;
    %jmp/1 T_17.2, 6;
    %dup/vec4;
    %pushi/vec4 3, 0, 4;
    %cmp/u;
    %jmp/1 T_17.3, 6;
    %dup/vec4;
    %pushi/vec4 4, 0, 4;
    %cmp/u;
    %jmp/1 T_17.4, 6;
    %dup/vec4;
    %pushi/vec4 5, 0, 4;
    %cmp/u;
    %jmp/1 T_17.5, 6;
    %dup/vec4;
    %pushi/vec4 6, 0, 4;
    %cmp/u;
    %jmp/1 T_17.6, 6;
    %dup/vec4;
    %pushi/vec4 7, 0, 4;
    %cmp/u;
    %jmp/1 T_17.7, 6;
    %dup/vec4;
    %pushi/vec4 8, 0, 4;
    %cmp/u;
    %jmp/1 T_17.8, 6;
    %dup/vec4;
    %pushi/vec4 9, 0, 4;
    %cmp/u;
    %jmp/1 T_17.9, 6;
    %dup/vec4;
    %pushi/vec4 10, 0, 4;
    %cmp/u;
    %jmp/1 T_17.10, 6;
    %dup/vec4;
    %pushi/vec4 11, 0, 4;
    %cmp/u;
    %jmp/1 T_17.11, 6;
    %pushi/vec4 142, 0, 8;
    %store/vec4 v000000000277e380_0, 0, 8;
    %jmp T_17.13;
T_17.0 ;
    %pushi/vec4 192, 0, 8;
    %store/vec4 v000000000277e380_0, 0, 8;
    %jmp T_17.13;
T_17.1 ;
    %pushi/vec4 249, 0, 8;
    %store/vec4 v000000000277e380_0, 0, 8;
    %jmp T_17.13;
T_17.2 ;
    %pushi/vec4 164, 0, 8;
    %store/vec4 v000000000277e380_0, 0, 8;
    %jmp T_17.13;
T_17.3 ;
    %pushi/vec4 176, 0, 8;
    %store/vec4 v000000000277e380_0, 0, 8;
    %jmp T_17.13;
T_17.4 ;
    %pushi/vec4 153, 0, 8;
    %store/vec4 v000000000277e380_0, 0, 8;
    %jmp T_17.13;
T_17.5 ;
    %pushi/vec4 146, 0, 8;
    %store/vec4 v000000000277e380_0, 0, 8;
    %jmp T_17.13;
T_17.6 ;
    %pushi/vec4 130, 0, 8;
    %store/vec4 v000000000277e380_0, 0, 8;
    %jmp T_17.13;
T_17.7 ;
    %pushi/vec4 248, 0, 8;
    %store/vec4 v000000000277e380_0, 0, 8;
    %jmp T_17.13;
T_17.8 ;
    %pushi/vec4 128, 0, 8;
    %store/vec4 v000000000277e380_0, 0, 8;
    %jmp T_17.13;
T_17.9 ;
    %pushi/vec4 152, 0, 8;
    %store/vec4 v000000000277e380_0, 0, 8;
    %jmp T_17.13;
T_17.10 ;
    %pushi/vec4 255, 0, 8;
    %store/vec4 v000000000277e380_0, 0, 8;
    %jmp T_17.13;
T_17.11 ;
    %pushi/vec4 191, 0, 8;
    %store/vec4 v000000000277e380_0, 0, 8;
    %jmp T_17.13;
T_17.13 ;
    %pop/vec4 1;
    %jmp T_17;
    .thread T_17, $push;
    .scope S_000000000277b4f0;
T_18 ;
    %wait E_000000000275a270;
    %load/vec4 v0000000002782480_0;
    %flag_set/vec4 8;
    %jmp/0xz  T_18.0, 8;
    %load/vec4 v0000000002782840_0;
    %parti/s 1, 0, 2;
    %load/vec4 v00000000027825c0_0;
    %parti/s 1, 0, 2;
    %inv;
    %and;
    %flag_set/vec4 8;
    %jmp/0xz  T_18.2, 8;
    %pushi/vec4 1, 0, 1;
    %ix/load 4, 0, 0;
    %flag_set/imm 4, 0;
    %store/vec4 v000000000277e420_0, 4, 1;
    %pushi/vec4 0, 0, 2;
    %ix/load 4, 1, 0;
    %flag_set/imm 4, 0;
    %store/vec4 v000000000277e420_0, 4, 2;
    %pushi/vec4 3, 0, 2;
    %ix/load 4, 8, 0;
    %flag_set/imm 4, 0;
    %store/vec4 v000000000277e420_0, 4, 2;
    %jmp T_18.3;
T_18.2 ;
    %load/vec4 v0000000002782840_0;
    %parti/s 1, 0, 2;
    %inv;
    %load/vec4 v00000000027825c0_0;
    %parti/s 1, 0, 2;
    %and;
    %flag_set/vec4 8;
    %jmp/0xz  T_18.4, 8;
    %pushi/vec4 1, 0, 1;
    %ix/load 4, 1, 0;
    %flag_set/imm 4, 0;
    %store/vec4 v000000000277e420_0, 4, 1;
    %pushi/vec4 0, 0, 1;
    %ix/load 4, 0, 0;
    %flag_set/imm 4, 0;
    %store/vec4 v000000000277e420_0, 4, 1;
    %pushi/vec4 0, 0, 1;
    %ix/load 4, 2, 0;
    %flag_set/imm 4, 0;
    %store/vec4 v000000000277e420_0, 4, 1;
    %pushi/vec4 3, 0, 2;
    %ix/load 4, 8, 0;
    %flag_set/imm 4, 0;
    %store/vec4 v000000000277e420_0, 4, 2;
    %jmp T_18.5;
T_18.4 ;
    %load/vec4 v0000000002782840_0;
    %parti/s 1, 0, 2;
    %load/vec4 v00000000027825c0_0;
    %parti/s 1, 0, 2;
    %and;
    %flag_set/vec4 8;
    %jmp/0xz  T_18.6, 8;
    %load/vec4 v0000000002781300_0;
    %load/vec4 v0000000002781c60_0;
    %cmp/e;
    %flag_mov 8, 4;
    %jmp/0 T_18.8, 8;
    %pushi/vec4 1, 0, 2;
    %jmp/1 T_18.9, 8;
T_18.8 ; End of true expr.
    %pushi/vec4 0, 0, 2;
    %jmp/0 T_18.9, 8;
 ; End of false expr.
    %blend;
T_18.9;
    %pad/s 1;
    %ix/load 4, 2, 0;
    %flag_set/imm 4, 0;
    %store/vec4 v000000000277e420_0, 4, 1;
    %load/vec4 v0000000002781300_0;
    %load/vec4 v0000000002781c60_0;
    %cmp/u;
    %flag_mov 8, 5;
    %jmp/0 T_18.10, 8;
    %pushi/vec4 1, 0, 2;
    %jmp/1 T_18.11, 8;
T_18.10 ; End of true expr.
    %pushi/vec4 0, 0, 2;
    %jmp/0 T_18.11, 8;
 ; End of false expr.
    %blend;
T_18.11;
    %pad/s 1;
    %ix/load 4, 1, 0;
    %flag_set/imm 4, 0;
    %store/vec4 v000000000277e420_0, 4, 1;
    %load/vec4 v0000000002781c60_0;
    %load/vec4 v0000000002781300_0;
    %cmp/u;
    %flag_mov 8, 5;
    %jmp/0 T_18.12, 8;
    %pushi/vec4 1, 0, 2;
    %jmp/1 T_18.13, 8;
T_18.12 ; End of true expr.
    %pushi/vec4 0, 0, 2;
    %jmp/0 T_18.13, 8;
 ; End of false expr.
    %blend;
T_18.13;
    %pad/s 1;
    %ix/load 4, 0, 0;
    %flag_set/imm 4, 0;
    %store/vec4 v000000000277e420_0, 4, 1;
    %pushi/vec4 3, 0, 2;
    %ix/load 4, 8, 0;
    %flag_set/imm 4, 0;
    %store/vec4 v000000000277e420_0, 4, 2;
    %jmp T_18.7;
T_18.6 ;
    %load/vec4 v0000000002781300_0;
    %load/vec4 v0000000002781c60_0;
    %cmp/e;
    %flag_mov 8, 4;
    %jmp/0 T_18.14, 8;
    %pushi/vec4 1, 0, 2;
    %jmp/1 T_18.15, 8;
T_18.14 ; End of true expr.
    %pushi/vec4 0, 0, 2;
    %jmp/0 T_18.15, 8;
 ; End of false expr.
    %blend;
T_18.15;
    %pad/s 1;
    %ix/load 4, 2, 0;
    %flag_set/imm 4, 0;
    %store/vec4 v000000000277e420_0, 4, 1;
    %load/vec4 v0000000002781c60_0;
    %load/vec4 v0000000002781300_0;
    %cmp/u;
    %flag_mov 8, 5;
    %jmp/0 T_18.16, 8;
    %pushi/vec4 1, 0, 2;
    %jmp/1 T_18.17, 8;
T_18.16 ; End of true expr.
    %pushi/vec4 0, 0, 2;
    %jmp/0 T_18.17, 8;
 ; End of false expr.
    %blend;
T_18.17;
    %pad/s 1;
    %ix/load 4, 1, 0;
    %flag_set/imm 4, 0;
    %store/vec4 v000000000277e420_0, 4, 1;
    %load/vec4 v0000000002781300_0;
    %load/vec4 v0000000002781c60_0;
    %cmp/u;
    %flag_mov 8, 5;
    %jmp/0 T_18.18, 8;
    %pushi/vec4 1, 0, 2;
    %jmp/1 T_18.19, 8;
T_18.18 ; End of true expr.
    %pushi/vec4 0, 0, 2;
    %jmp/0 T_18.19, 8;
 ; End of false expr.
    %blend;
T_18.19;
    %pad/s 1;
    %ix/load 4, 0, 0;
    %flag_set/imm 4, 0;
    %store/vec4 v000000000277e420_0, 4, 1;
    %pushi/vec4 3, 0, 2;
    %ix/load 4, 8, 0;
    %flag_set/imm 4, 0;
    %store/vec4 v000000000277e420_0, 4, 2;
T_18.7 ;
T_18.5 ;
T_18.3 ;
    %jmp T_18.1;
T_18.0 ;
    %load/vec4 v0000000002781300_0;
    %load/vec4 v0000000002781c60_0;
    %cmp/e;
    %flag_mov 8, 4;
    %jmp/0 T_18.20, 8;
    %pushi/vec4 1, 0, 2;
    %jmp/1 T_18.21, 8;
T_18.20 ; End of true expr.
    %pushi/vec4 0, 0, 2;
    %jmp/0 T_18.21, 8;
 ; End of false expr.
    %blend;
T_18.21;
    %pad/s 1;
    %ix/load 4, 2, 0;
    %flag_set/imm 4, 0;
    %store/vec4 v000000000277e420_0, 4, 1;
    %load/vec4 v0000000002781c60_0;
    %load/vec4 v0000000002781300_0;
    %cmp/u;
    %flag_mov 8, 5;
    %jmp/0 T_18.22, 8;
    %pushi/vec4 1, 0, 2;
    %jmp/1 T_18.23, 8;
T_18.22 ; End of true expr.
    %pushi/vec4 0, 0, 2;
    %jmp/0 T_18.23, 8;
 ; End of false expr.
    %blend;
T_18.23;
    %pad/s 1;
    %ix/load 4, 1, 0;
    %flag_set/imm 4, 0;
    %store/vec4 v000000000277e420_0, 4, 1;
    %load/vec4 v0000000002781300_0;
    %load/vec4 v0000000002781c60_0;
    %cmp/u;
    %flag_mov 8, 5;
    %jmp/0 T_18.24, 8;
    %pushi/vec4 1, 0, 2;
    %jmp/1 T_18.25, 8;
T_18.24 ; End of true expr.
    %pushi/vec4 0, 0, 2;
    %jmp/0 T_18.25, 8;
 ; End of false expr.
    %blend;
T_18.25;
    %pad/s 1;
    %ix/load 4, 0, 0;
    %flag_set/imm 4, 0;
    %store/vec4 v000000000277e420_0, 4, 1;
    %pushi/vec4 2, 0, 2;
    %ix/load 4, 8, 0;
    %flag_set/imm 4, 0;
    %store/vec4 v000000000277e420_0, 4, 2;
T_18.1 ;
    %jmp T_18;
    .thread T_18, $push;
    .scope S_0000000002707980;
T_19 ;
    %wait E_0000000002758970;
    %load/vec4 v0000000002782660_0;
    %parti/s 2, 8, 5;
    %cmpi/e 0, 0, 2;
    %jmp/0xz  T_19.0, 4;
    %pushi/vec4 0, 0, 2;
    %ix/load 4, 8, 0;
    %flag_set/imm 4, 0;
    %store/vec4 v00000000027813a0_0, 4, 2;
    %load/vec4 v00000000027833c0_0;
    %parti/s 8, 0, 2;
    %ix/load 4, 0, 0;
    %flag_set/imm 4, 0;
    %store/vec4 v00000000027813a0_0, 4, 8;
    %load/vec4 v0000000002782ca0_0;
    %store/vec4 v0000000002781d00_0, 0, 8;
    %load/vec4 v0000000002782d40_0;
    %store/vec4 v00000000027819e0_0, 0, 8;
    %load/vec4 v0000000002782e80_0;
    %store/vec4 v0000000002781a80_0, 0, 8;
    %load/vec4 v00000000027847c0_0;
    %store/vec4 v00000000027820c0_0, 0, 8;
    %load/vec4 v0000000002784ae0_0;
    %store/vec4 v0000000002781f80_0, 0, 8;
    %load/vec4 v00000000027835a0_0;
    %store/vec4 v0000000002781b20_0, 0, 8;
    %jmp T_19.1;
T_19.0 ;
    %load/vec4 v0000000002782660_0;
    %parti/s 2, 8, 5;
    %cmpi/e 1, 0, 2;
    %jmp/0xz  T_19.2, 4;
    %pushi/vec4 1, 0, 2;
    %ix/load 4, 8, 0;
    %flag_set/imm 4, 0;
    %store/vec4 v00000000027813a0_0, 4, 2;
    %load/vec4 v0000000002782c00_0;
    %parti/s 8, 0, 2;
    %ix/load 4, 0, 0;
    %flag_set/imm 4, 0;
    %store/vec4 v00000000027813a0_0, 4, 8;
    %load/vec4 v0000000002782160_0;
    %store/vec4 v0000000002781d00_0, 0, 8;
    %load/vec4 v0000000002782a20_0;
    %store/vec4 v00000000027819e0_0, 0, 8;
    %load/vec4 v0000000002782200_0;
    %store/vec4 v0000000002781a80_0, 0, 8;
    %load/vec4 v00000000027822a0_0;
    %store/vec4 v00000000027820c0_0, 0, 8;
    %load/vec4 v00000000027823e0_0;
    %store/vec4 v0000000002781f80_0, 0, 8;
    %load/vec4 v0000000002782ac0_0;
    %store/vec4 v0000000002781b20_0, 0, 8;
    %jmp T_19.3;
T_19.2 ;
    %load/vec4 v0000000002782020_0;
    %store/vec4 v00000000027813a0_0, 0, 10;
    %load/vec4 v0000000002781120_0;
    %store/vec4 v0000000002781d00_0, 0, 8;
    %load/vec4 v0000000002781440_0;
    %store/vec4 v00000000027819e0_0, 0, 8;
    %load/vec4 v0000000002781da0_0;
    %store/vec4 v0000000002781a80_0, 0, 8;
    %load/vec4 v00000000027827a0_0;
    %store/vec4 v00000000027820c0_0, 0, 8;
    %load/vec4 v0000000002781e40_0;
    %store/vec4 v0000000002781f80_0, 0, 8;
    %load/vec4 v0000000002781ee0_0;
    %store/vec4 v0000000002781b20_0, 0, 8;
T_19.3 ;
T_19.1 ;
    %jmp T_19;
    .thread T_19, $push;
# The file index is used to find the file name in the following table.
:file_names 9;
    "N/A";
    "<interactive>";
    "integrated.v";
    "designblock1.v";
    "print7seg.v";
    "designblock2.v";
    "full_adder.v";
    "designblock3.v";
    "print7seg3.v";
