Analysis & Synthesis report for toplab3
Mon Dec 09 12:08:05 2019
Quartus Prime Version 18.1.0 Build 625 09/12/2018 SJ Lite Edition


---------------------
; Table of Contents ;
---------------------
  1. Legal Notice
  2. Analysis & Synthesis Summary
  3. Analysis & Synthesis Settings
  4. Parallel Compilation
  5. Analysis & Synthesis Source Files Read
  6. Analysis & Synthesis Resource Usage Summary
  7. Analysis & Synthesis Resource Utilization by Entity
  8. Analysis & Synthesis RAM Summary
  9. Analysis & Synthesis IP Cores Summary
 10. Registers Removed During Synthesis
 11. General Register Statistics
 12. Multiplexer Restructuring Statistics (Restructuring Performed)
 13. Source assignments for mem:U1|altsyncram:altsyncram_component|altsyncram_q781:auto_generated
 14. Parameter Settings for User Entity Instance: create_clock2:U0
 15. Parameter Settings for User Entity Instance: mem:U1|altsyncram:altsyncram_component
 16. Parameter Settings for User Entity Instance: toplab3_man:U3|create_clock2:U0
 17. Parameter Settings for User Entity Instance: toplab3_man:U3|Mode:U1
 18. Parameter Settings for User Entity Instance: toplab3_man:U3|NextState:U3
 19. altsyncram Parameter Settings by Entity Instance
 20. Port Connectivity Checks: "toplab3_man:U3|print7seg:U8"
 21. Port Connectivity Checks: "toplab3_man:U3|print7seg:U7"
 22. Port Connectivity Checks: "toplab3_man:U3|print7seg:U6"
 23. Port Connectivity Checks: "toplab3_man:U3|print7seg:U5"
 24. Port Connectivity Checks: "toplab3_man:U3|print7seg:U9"
 25. Port Connectivity Checks: "toplab3_man:U3|create_clock2:U0"
 26. Port Connectivity Checks: "mem:U1"
 27. Port Connectivity Checks: "create_clock2:U0"
 28. Post-Synthesis Netlist Statistics for Top Partition
 29. Elapsed Time Per Partition
 30. Analysis & Synthesis Messages
 31. Analysis & Synthesis Suppressed Messages



----------------
; Legal Notice ;
----------------
Copyright (C) 2018  Intel Corporation. All rights reserved.
Your use of Intel Corporation's design tools, logic functions 
and other software and tools, and its AMPP partner logic 
functions, and any output files from any of the foregoing 
(including device programming or simulation files), and any 
associated documentation or information are expressly subject 
to the terms and conditions of the Intel Program License 
Subscription Agreement, the Intel Quartus Prime License Agreement,
the Intel FPGA IP License Agreement, or other applicable license
agreement, including, without limitation, that your use is for
the sole purpose of programming logic devices manufactured by
Intel and sold by Intel or its authorized distributors.  Please
refer to the applicable agreement for further details.



+----------------------------------------------------------------------------------+
; Analysis & Synthesis Summary                                                     ;
+------------------------------------+---------------------------------------------+
; Analysis & Synthesis Status        ; Successful - Mon Dec 09 12:08:05 2019       ;
; Quartus Prime Version              ; 18.1.0 Build 625 09/12/2018 SJ Lite Edition ;
; Revision Name                      ; toplab3                                     ;
; Top-level Entity Name              ; toplab3                                     ;
; Family                             ; MAX 10                                      ;
; Total logic elements               ; 135                                         ;
;     Total combinational functions  ; 135                                         ;
;     Dedicated logic registers      ; 74                                          ;
; Total registers                    ; 74                                          ;
; Total pins                         ; 71                                          ;
; Total virtual pins                 ; 0                                           ;
; Total memory bits                  ; 12                                          ;
; Embedded Multiplier 9-bit elements ; 0                                           ;
; Total PLLs                         ; 0                                           ;
; UFM blocks                         ; 0                                           ;
; ADC blocks                         ; 0                                           ;
+------------------------------------+---------------------------------------------+


+------------------------------------------------------------------------------------------------------------+
; Analysis & Synthesis Settings                                                                              ;
+------------------------------------------------------------------+--------------------+--------------------+
; Option                                                           ; Setting            ; Default Value      ;
+------------------------------------------------------------------+--------------------+--------------------+
; Device                                                           ; 10M50DAF484C7G     ;                    ;
; Top-level entity name                                            ; toplab3            ; toplab3            ;
; Family name                                                      ; MAX 10             ; Cyclone V          ;
; Use smart compilation                                            ; Off                ; Off                ;
; Enable parallel Assembler and Timing Analyzer during compilation ; On                 ; On                 ;
; Enable compact report table                                      ; Off                ; Off                ;
; Restructure Multiplexers                                         ; Auto               ; Auto               ;
; Create Debugging Nodes for IP Cores                              ; Off                ; Off                ;
; Preserve fewer node names                                        ; On                 ; On                 ;
; Intel FPGA IP Evaluation Mode                                    ; Enable             ; Enable             ;
; Verilog Version                                                  ; Verilog_2001       ; Verilog_2001       ;
; VHDL Version                                                     ; VHDL_1993          ; VHDL_1993          ;
; State Machine Processing                                         ; Auto               ; Auto               ;
; Safe State Machine                                               ; Off                ; Off                ;
; Extract Verilog State Machines                                   ; On                 ; On                 ;
; Extract VHDL State Machines                                      ; On                 ; On                 ;
; Ignore Verilog initial constructs                                ; Off                ; Off                ;
; Iteration limit for constant Verilog loops                       ; 5000               ; 5000               ;
; Iteration limit for non-constant Verilog loops                   ; 250                ; 250                ;
; Add Pass-Through Logic to Inferred RAMs                          ; On                 ; On                 ;
; Infer RAMs from Raw Logic                                        ; On                 ; On                 ;
; Parallel Synthesis                                               ; On                 ; On                 ;
; DSP Block Balancing                                              ; Auto               ; Auto               ;
; NOT Gate Push-Back                                               ; On                 ; On                 ;
; Power-Up Don't Care                                              ; On                 ; On                 ;
; Remove Redundant Logic Cells                                     ; Off                ; Off                ;
; Remove Duplicate Registers                                       ; On                 ; On                 ;
; Ignore CARRY Buffers                                             ; Off                ; Off                ;
; Ignore CASCADE Buffers                                           ; Off                ; Off                ;
; Ignore GLOBAL Buffers                                            ; Off                ; Off                ;
; Ignore ROW GLOBAL Buffers                                        ; Off                ; Off                ;
; Ignore LCELL Buffers                                             ; Off                ; Off                ;
; Ignore SOFT Buffers                                              ; On                 ; On                 ;
; Limit AHDL Integers to 32 Bits                                   ; Off                ; Off                ;
; Optimization Technique                                           ; Balanced           ; Balanced           ;
; Carry Chain Length                                               ; 70                 ; 70                 ;
; Auto Carry Chains                                                ; On                 ; On                 ;
; Auto Open-Drain Pins                                             ; On                 ; On                 ;
; Perform WYSIWYG Primitive Resynthesis                            ; Off                ; Off                ;
; Auto ROM Replacement                                             ; On                 ; On                 ;
; Auto RAM Replacement                                             ; On                 ; On                 ;
; Auto DSP Block Replacement                                       ; On                 ; On                 ;
; Auto Shift Register Replacement                                  ; Auto               ; Auto               ;
; Allow Shift Register Merging across Hierarchies                  ; Auto               ; Auto               ;
; Auto Clock Enable Replacement                                    ; On                 ; On                 ;
; Strict RAM Replacement                                           ; Off                ; Off                ;
; Allow Synchronous Control Signals                                ; On                 ; On                 ;
; Force Use of Synchronous Clear Signals                           ; Off                ; Off                ;
; Auto RAM Block Balancing                                         ; On                 ; On                 ;
; Auto RAM to Logic Cell Conversion                                ; Off                ; Off                ;
; Auto Resource Sharing                                            ; Off                ; Off                ;
; Allow Any RAM Size For Recognition                               ; Off                ; Off                ;
; Allow Any ROM Size For Recognition                               ; Off                ; Off                ;
; Allow Any Shift Register Size For Recognition                    ; Off                ; Off                ;
; Use LogicLock Constraints during Resource Balancing              ; On                 ; On                 ;
; Ignore translate_off and synthesis_off directives                ; Off                ; Off                ;
; Timing-Driven Synthesis                                          ; On                 ; On                 ;
; Report Parameter Settings                                        ; On                 ; On                 ;
; Report Source Assignments                                        ; On                 ; On                 ;
; Report Connectivity Checks                                       ; On                 ; On                 ;
; Ignore Maximum Fan-Out Assignments                               ; Off                ; Off                ;
; Synchronization Register Chain Length                            ; 2                  ; 2                  ;
; Power Optimization During Synthesis                              ; Normal compilation ; Normal compilation ;
; HDL message level                                                ; Level2             ; Level2             ;
; Suppress Register Optimization Related Messages                  ; Off                ; Off                ;
; Number of Removed Registers Reported in Synthesis Report         ; 5000               ; 5000               ;
; Number of Swept Nodes Reported in Synthesis Report               ; 5000               ; 5000               ;
; Number of Inverted Registers Reported in Synthesis Report        ; 100                ; 100                ;
; Clock MUX Protection                                             ; On                 ; On                 ;
; Auto Gated Clock Conversion                                      ; Off                ; Off                ;
; Block Design Naming                                              ; Auto               ; Auto               ;
; SDC constraint protection                                        ; Off                ; Off                ;
; Synthesis Effort                                                 ; Auto               ; Auto               ;
; Shift Register Replacement - Allow Asynchronous Clear Signal     ; On                 ; On                 ;
; Pre-Mapping Resynthesis Optimization                             ; Off                ; Off                ;
; Analysis & Synthesis Message Level                               ; Medium             ; Medium             ;
; Disable Register Merging Across Hierarchies                      ; Auto               ; Auto               ;
; Resource Aware Inference For Block RAM                           ; On                 ; On                 ;
+------------------------------------------------------------------+--------------------+--------------------+


+------------------------------------------+
; Parallel Compilation                     ;
+----------------------------+-------------+
; Processors                 ; Number      ;
+----------------------------+-------------+
; Number detected on machine ; 4           ;
; Maximum allowed            ; 2           ;
;                            ;             ;
; Average used               ; 1.00        ;
; Maximum used               ; 2           ;
;                            ;             ;
; Usage by Processor         ; % Time Used ;
;     Processor 1            ; 100.0%      ;
;     Processor 2            ;   0.0%      ;
+----------------------------+-------------+


+--------------------------------------------------------------------------------------------------------------------------------------------------------------------------------------+
; Analysis & Synthesis Source Files Read                                                                                                                                               ;
+----------------------------------+-----------------+----------------------------------------+------------------------------------------------------------------------------+---------+
; File Name with User-Entered Path ; Used in Netlist ; File Type                              ; File Name with Absolute Path                                                 ; Library ;
+----------------------------------+-----------------+----------------------------------------+------------------------------------------------------------------------------+---------+
; ../Verilog/toplab3_man.v         ; yes             ; User Verilog HDL File                  ; C:/Users/Trey/Documents/Digital Logic/Lab 3/Verilog/toplab3_man.v            ;         ;
; ../Verilog/toplab3.v             ; yes             ; User Verilog HDL File                  ; C:/Users/Trey/Documents/Digital Logic/Lab 3/Verilog/toplab3.v                ;         ;
; ../Verilog/print7seg.v           ; yes             ; User Verilog HDL File                  ; C:/Users/Trey/Documents/Digital Logic/Lab 3/Verilog/print7seg.v              ;         ;
; ../Verilog/CSL.v                 ; yes             ; User Verilog HDL File                  ; C:/Users/Trey/Documents/Digital Logic/Lab 3/Verilog/CSL.v                    ;         ;
; ../Verilog/NextState.v           ; yes             ; User Verilog HDL File                  ; C:/Users/Trey/Documents/Digital Logic/Lab 3/Verilog/NextState.v              ;         ;
; ../Verilog/Mode.v                ; yes             ; User Verilog HDL File                  ; C:/Users/Trey/Documents/Digital Logic/Lab 3/Verilog/Mode.v                   ;         ;
; ../Verilog/create_clock2.v       ; yes             ; User Verilog HDL File                  ; C:/Users/Trey/Documents/Digital Logic/Lab 3/Verilog/create_clock2.v          ;         ;
; mem.v                            ; yes             ; User Wizard-Generated File             ; C:/Users/Trey/Documents/Digital Logic/Lab 3/Quartus/mem.v                    ;         ;
; altsyncram.tdf                   ; yes             ; Megafunction                           ; c:/intelfpga_lite/18.1/quartus/libraries/megafunctions/altsyncram.tdf        ;         ;
; stratix_ram_block.inc            ; yes             ; Megafunction                           ; c:/intelfpga_lite/18.1/quartus/libraries/megafunctions/stratix_ram_block.inc ;         ;
; lpm_mux.inc                      ; yes             ; Megafunction                           ; c:/intelfpga_lite/18.1/quartus/libraries/megafunctions/lpm_mux.inc           ;         ;
; lpm_decode.inc                   ; yes             ; Megafunction                           ; c:/intelfpga_lite/18.1/quartus/libraries/megafunctions/lpm_decode.inc        ;         ;
; aglobal181.inc                   ; yes             ; Megafunction                           ; c:/intelfpga_lite/18.1/quartus/libraries/megafunctions/aglobal181.inc        ;         ;
; a_rdenreg.inc                    ; yes             ; Megafunction                           ; c:/intelfpga_lite/18.1/quartus/libraries/megafunctions/a_rdenreg.inc         ;         ;
; altrom.inc                       ; yes             ; Megafunction                           ; c:/intelfpga_lite/18.1/quartus/libraries/megafunctions/altrom.inc            ;         ;
; altram.inc                       ; yes             ; Megafunction                           ; c:/intelfpga_lite/18.1/quartus/libraries/megafunctions/altram.inc            ;         ;
; altdpram.inc                     ; yes             ; Megafunction                           ; c:/intelfpga_lite/18.1/quartus/libraries/megafunctions/altdpram.inc          ;         ;
; db/altsyncram_q781.tdf           ; yes             ; Auto-Generated Megafunction            ; C:/Users/Trey/Documents/Digital Logic/Lab 3/Quartus/db/altsyncram_q781.tdf   ;         ;
; mem.txt                          ; yes             ; Auto-Found Memory Initialization File  ; C:/Users/Trey/Documents/Digital Logic/Lab 3/Quartus/mem.txt                  ;         ;
+----------------------------------+-----------------+----------------------------------------+------------------------------------------------------------------------------+---------+


+------------------------------------------------------------+
; Analysis & Synthesis Resource Usage Summary                ;
+---------------------------------------------+--------------+
; Resource                                    ; Usage        ;
+---------------------------------------------+--------------+
; Estimated Total logic elements              ; 135          ;
;                                             ;              ;
; Total combinational functions               ; 135          ;
; Logic element usage by number of LUT inputs ;              ;
;     -- 4 input functions                    ; 34           ;
;     -- 3 input functions                    ; 8            ;
;     -- <=2 input functions                  ; 93           ;
;                                             ;              ;
; Logic elements by mode                      ;              ;
;     -- normal mode                          ; 73           ;
;     -- arithmetic mode                      ; 62           ;
;                                             ;              ;
; Total registers                             ; 74           ;
;     -- Dedicated logic registers            ; 74           ;
;     -- I/O registers                        ; 0            ;
;                                             ;              ;
; I/O pins                                    ; 71           ;
; Total memory bits                           ; 12           ;
;                                             ;              ;
; Embedded Multiplier 9-bit elements          ; 0            ;
;                                             ;              ;
; Maximum fan-out node                        ; KEY[0]~input ;
; Maximum fan-out                             ; 80           ;
; Total fan-out                               ; 657          ;
; Average fan-out                             ; 1.86         ;
+---------------------------------------------+--------------+


+------------------------------------------------------------------------------------------------------------------------------------------------------------------------------------------------------------------------------------------------------------------------------------------------------------------+
; Analysis & Synthesis Resource Utilization by Entity                                                                                                                                                                                                                                                              ;
+-------------------------------------------+---------------------+---------------------------+-------------+------------+--------------+---------+-----------+------+--------------+------------+--------------------------------------------------------------------------------+-----------------+--------------+
; Compilation Hierarchy Node                ; Combinational ALUTs ; Dedicated Logic Registers ; Memory Bits ; UFM Blocks ; DSP Elements ; DSP 9x9 ; DSP 18x18 ; Pins ; Virtual Pins ; ADC blocks ; Full Hierarchy Name                                                            ; Entity Name     ; Library Name ;
+-------------------------------------------+---------------------+---------------------------+-------------+------------+--------------+---------+-----------+------+--------------+------------+--------------------------------------------------------------------------------+-----------------+--------------+
; |toplab3                                  ; 135 (5)             ; 74 (2)                    ; 12          ; 0          ; 0            ; 0       ; 0         ; 71   ; 0            ; 0          ; |toplab3                                                                       ; toplab3         ; work         ;
;    |create_clock2:U0|                     ; 57 (57)             ; 33 (33)                   ; 0           ; 0          ; 0            ; 0       ; 0         ; 0    ; 0            ; 0          ; |toplab3|create_clock2:U0                                                      ; create_clock2   ; work         ;
;    |mem:U1|                               ; 0 (0)               ; 0 (0)                     ; 12          ; 0          ; 0            ; 0       ; 0         ; 0    ; 0            ; 0          ; |toplab3|mem:U1                                                                ; mem             ; work         ;
;       |altsyncram:altsyncram_component|   ; 0 (0)               ; 0 (0)                     ; 12          ; 0          ; 0            ; 0       ; 0         ; 0    ; 0            ; 0          ; |toplab3|mem:U1|altsyncram:altsyncram_component                                ; altsyncram      ; work         ;
;          |altsyncram_q781:auto_generated| ; 0 (0)               ; 0 (0)                     ; 12          ; 0          ; 0            ; 0       ; 0         ; 0    ; 0            ; 0          ; |toplab3|mem:U1|altsyncram:altsyncram_component|altsyncram_q781:auto_generated ; altsyncram_q781 ; work         ;
;    |toplab3_man:U3|                       ; 73 (0)              ; 39 (0)                    ; 0           ; 0          ; 0            ; 0       ; 0         ; 0    ; 0            ; 0          ; |toplab3|toplab3_man:U3                                                        ; toplab3_man     ; work         ;
;       |CSL:U4|                            ; 0 (0)               ; 6 (6)                     ; 0           ; 0          ; 0            ; 0       ; 0         ; 0    ; 0            ; 0          ; |toplab3|toplab3_man:U3|CSL:U4                                                 ; CSL             ; work         ;
;       |Mode:U1|                           ; 2 (2)               ; 0 (0)                     ; 0           ; 0          ; 0            ; 0       ; 0         ; 0    ; 0            ; 0          ; |toplab3|toplab3_man:U3|Mode:U1                                                ; Mode            ; work         ;
;       |NextState:U3|                      ; 15 (15)             ; 0 (0)                     ; 0           ; 0          ; 0            ; 0       ; 0         ; 0    ; 0            ; 0          ; |toplab3|toplab3_man:U3|NextState:U3                                           ; NextState       ; work         ;
;       |create_clock2:U0|                  ; 53 (53)             ; 33 (33)                   ; 0           ; 0          ; 0            ; 0       ; 0         ; 0    ; 0            ; 0          ; |toplab3|toplab3_man:U3|create_clock2:U0                                       ; create_clock2   ; work         ;
;       |print7seg:U2|                      ; 3 (3)               ; 0 (0)                     ; 0           ; 0          ; 0            ; 0       ; 0         ; 0    ; 0            ; 0          ; |toplab3|toplab3_man:U3|print7seg:U2                                           ; print7seg       ; work         ;
+-------------------------------------------+---------------------+---------------------------+-------------+------------+--------------+---------+-----------+------+--------------+------------+--------------------------------------------------------------------------------+-----------------+--------------+
Note: For table entries with two numbers listed, the numbers in parentheses indicate the number of resources of the given type used by the specific entity alone. The numbers listed outside of parentheses indicate the total resources of the given type used by the specific entity and all of its sub-entities in the hierarchy.


+-----------------------------------------------------------------------------------------------------------------------------------------------------------------------------+
; Analysis & Synthesis RAM Summary                                                                                                                                            ;
+----------------------------------------------------------------------------------+------+------+--------------+--------------+--------------+--------------+------+---------+
; Name                                                                             ; Type ; Mode ; Port A Depth ; Port A Width ; Port B Depth ; Port B Width ; Size ; MIF     ;
+----------------------------------------------------------------------------------+------+------+--------------+--------------+--------------+--------------+------+---------+
; mem:U1|altsyncram:altsyncram_component|altsyncram_q781:auto_generated|ALTSYNCRAM ; AUTO ; ROM  ; 32           ; 4            ; --           ; --           ; 128  ; mem.txt ;
+----------------------------------------------------------------------------------+------+------+--------------+--------------+--------------+--------------+------+---------+


+---------------------------------------------------------------------------------------------------+
; Analysis & Synthesis IP Cores Summary                                                             ;
+--------+--------------+---------+--------------+--------------+-----------------+-----------------+
; Vendor ; IP Core Name ; Version ; Release Date ; License Type ; Entity Instance ; IP Include File ;
+--------+--------------+---------+--------------+--------------+-----------------+-----------------+
; Altera ; ROM: 1-PORT  ; 18.1    ; N/A          ; N/A          ; |toplab3|mem:U1 ; mem.v           ;
+--------+--------------+---------+--------------+--------------+-----------------+-----------------+


+--------------------------------------------------------------------------------+
; Registers Removed During Synthesis                                             ;
+---------------------------------------+----------------------------------------+
; Register name                         ; Reason for Removal                     ;
+---------------------------------------+----------------------------------------+
; toplab3_man:U3|CSL:U4|current[3..6]   ; Stuck at GND due to stuck port data_in ;
; Total Number of Removed Registers = 4 ;                                        ;
+---------------------------------------+----------------------------------------+


+------------------------------------------------------+
; General Register Statistics                          ;
+----------------------------------------------+-------+
; Statistic                                    ; Value ;
+----------------------------------------------+-------+
; Total registers                              ; 74    ;
; Number of registers using Synchronous Clear  ; 0     ;
; Number of registers using Synchronous Load   ; 0     ;
; Number of registers using Asynchronous Clear ; 74    ;
; Number of registers using Asynchronous Load  ; 0     ;
; Number of registers using Clock Enable       ; 0     ;
; Number of registers using Preset             ; 0     ;
+----------------------------------------------+-------+


+---------------------------------------------------------------------------------------------------------------------------------------------------------+
; Multiplexer Restructuring Statistics (Restructuring Performed)                                                                                          ;
+--------------------+-----------+---------------+----------------------+------------------------+------------+-------------------------------------------+
; Multiplexer Inputs ; Bus Width ; Baseline Area ; Area if Restructured ; Saving if Restructured ; Registered ; Example Multiplexer Output                ;
+--------------------+-----------+---------------+----------------------+------------------------+------------+-------------------------------------------+
; 3:1                ; 3 bits    ; 6 LEs         ; 6 LEs                ; 0 LEs                  ; Yes        ; |toplab3|toplab3_man:U3|CSL:U4|current[0] ;
; 3:1                ; 3 bits    ; 6 LEs         ; 6 LEs                ; 0 LEs                  ; Yes        ; |toplab3|toplab3_man:U3|CSL:U4|current[7] ;
+--------------------+-----------+---------------+----------------------+------------------------+------------+-------------------------------------------+


+----------------------------------------------------------------------------------------------+
; Source assignments for mem:U1|altsyncram:altsyncram_component|altsyncram_q781:auto_generated ;
+---------------------------------+--------------------+------+--------------------------------+
; Assignment                      ; Value              ; From ; To                             ;
+---------------------------------+--------------------+------+--------------------------------+
; OPTIMIZE_POWER_DURING_SYNTHESIS ; NORMAL_COMPILATION ; -    ; -                              ;
+---------------------------------+--------------------+------+--------------------------------+


+---------------------------------------------------------------+
; Parameter Settings for User Entity Instance: create_clock2:U0 ;
+----------------+---------------------------+------------------+
; Parameter Name ; Value                     ; Type             ;
+----------------+---------------------------+------------------+
; divide_by      ; 1011111010111100001000000 ; Unsigned Binary  ;
+----------------+---------------------------+------------------+
Note: In order to hide this table in the UI and the text report file, please set the "Show Parameter Settings in Synthesis Report" option in "Analysis and Synthesis Settings -> More Settings" to "Off".


+-------------------------------------------------------------------------------------+
; Parameter Settings for User Entity Instance: mem:U1|altsyncram:altsyncram_component ;
+------------------------------------+----------------------+-------------------------+
; Parameter Name                     ; Value                ; Type                    ;
+------------------------------------+----------------------+-------------------------+
; BYTE_SIZE_BLOCK                    ; 8                    ; Untyped                 ;
; AUTO_CARRY_CHAINS                  ; ON                   ; AUTO_CARRY              ;
; IGNORE_CARRY_BUFFERS               ; OFF                  ; IGNORE_CARRY            ;
; AUTO_CASCADE_CHAINS                ; ON                   ; AUTO_CASCADE            ;
; IGNORE_CASCADE_BUFFERS             ; OFF                  ; IGNORE_CASCADE          ;
; WIDTH_BYTEENA                      ; 1                    ; Untyped                 ;
; OPERATION_MODE                     ; ROM                  ; Untyped                 ;
; WIDTH_A                            ; 4                    ; Signed Integer          ;
; WIDTHAD_A                          ; 5                    ; Signed Integer          ;
; NUMWORDS_A                         ; 32                   ; Signed Integer          ;
; OUTDATA_REG_A                      ; CLOCK0               ; Untyped                 ;
; ADDRESS_ACLR_A                     ; NONE                 ; Untyped                 ;
; OUTDATA_ACLR_A                     ; NONE                 ; Untyped                 ;
; WRCONTROL_ACLR_A                   ; NONE                 ; Untyped                 ;
; INDATA_ACLR_A                      ; NONE                 ; Untyped                 ;
; BYTEENA_ACLR_A                     ; NONE                 ; Untyped                 ;
; WIDTH_B                            ; 1                    ; Untyped                 ;
; WIDTHAD_B                          ; 1                    ; Untyped                 ;
; NUMWORDS_B                         ; 1                    ; Untyped                 ;
; INDATA_REG_B                       ; CLOCK1               ; Untyped                 ;
; WRCONTROL_WRADDRESS_REG_B          ; CLOCK1               ; Untyped                 ;
; RDCONTROL_REG_B                    ; CLOCK1               ; Untyped                 ;
; ADDRESS_REG_B                      ; CLOCK1               ; Untyped                 ;
; OUTDATA_REG_B                      ; UNREGISTERED         ; Untyped                 ;
; BYTEENA_REG_B                      ; CLOCK1               ; Untyped                 ;
; INDATA_ACLR_B                      ; NONE                 ; Untyped                 ;
; WRCONTROL_ACLR_B                   ; NONE                 ; Untyped                 ;
; ADDRESS_ACLR_B                     ; NONE                 ; Untyped                 ;
; OUTDATA_ACLR_B                     ; NONE                 ; Untyped                 ;
; RDCONTROL_ACLR_B                   ; NONE                 ; Untyped                 ;
; BYTEENA_ACLR_B                     ; NONE                 ; Untyped                 ;
; WIDTH_BYTEENA_A                    ; 1                    ; Signed Integer          ;
; WIDTH_BYTEENA_B                    ; 1                    ; Untyped                 ;
; RAM_BLOCK_TYPE                     ; AUTO                 ; Untyped                 ;
; BYTE_SIZE                          ; 8                    ; Untyped                 ;
; READ_DURING_WRITE_MODE_MIXED_PORTS ; DONT_CARE            ; Untyped                 ;
; READ_DURING_WRITE_MODE_PORT_A      ; NEW_DATA_NO_NBE_READ ; Untyped                 ;
; READ_DURING_WRITE_MODE_PORT_B      ; NEW_DATA_NO_NBE_READ ; Untyped                 ;
; INIT_FILE                          ; mem.txt              ; Untyped                 ;
; INIT_FILE_LAYOUT                   ; PORT_A               ; Untyped                 ;
; MAXIMUM_DEPTH                      ; 0                    ; Untyped                 ;
; CLOCK_ENABLE_INPUT_A               ; BYPASS               ; Untyped                 ;
; CLOCK_ENABLE_INPUT_B               ; NORMAL               ; Untyped                 ;
; CLOCK_ENABLE_OUTPUT_A              ; BYPASS               ; Untyped                 ;
; CLOCK_ENABLE_OUTPUT_B              ; NORMAL               ; Untyped                 ;
; CLOCK_ENABLE_CORE_A                ; USE_INPUT_CLKEN      ; Untyped                 ;
; CLOCK_ENABLE_CORE_B                ; USE_INPUT_CLKEN      ; Untyped                 ;
; ENABLE_ECC                         ; FALSE                ; Untyped                 ;
; ECC_PIPELINE_STAGE_ENABLED         ; FALSE                ; Untyped                 ;
; WIDTH_ECCSTATUS                    ; 3                    ; Untyped                 ;
; DEVICE_FAMILY                      ; MAX 10               ; Untyped                 ;
; CBXI_PARAMETER                     ; altsyncram_q781      ; Untyped                 ;
+------------------------------------+----------------------+-------------------------+
Note: In order to hide this table in the UI and the text report file, please set the "Show Parameter Settings in Synthesis Report" option in "Analysis and Synthesis Settings -> More Settings" to "Off".


+------------------------------------------------------------------------------+
; Parameter Settings for User Entity Instance: toplab3_man:U3|create_clock2:U0 ;
+----------------+------------------------+------------------------------------+
; Parameter Name ; Value                  ; Type                               ;
+----------------+------------------------+------------------------------------+
; divide_by      ; 1001100010010110100000 ; Unsigned Binary                    ;
+----------------+------------------------+------------------------------------+
Note: In order to hide this table in the UI and the text report file, please set the "Show Parameter Settings in Synthesis Report" option in "Analysis and Synthesis Settings -> More Settings" to "Off".


+---------------------------------------------------------------------+
; Parameter Settings for User Entity Instance: toplab3_man:U3|Mode:U1 ;
+----------------+-------+--------------------------------------------+
; Parameter Name ; Value ; Type                                       ;
+----------------+-------+--------------------------------------------+
; hazard         ; 0001  ; Unsigned Binary                            ;
; left           ; 0010  ; Unsigned Binary                            ;
; right          ; 0011  ; Unsigned Binary                            ;
; off            ; 0000  ; Unsigned Binary                            ;
+----------------+-------+--------------------------------------------+
Note: In order to hide this table in the UI and the text report file, please set the "Show Parameter Settings in Synthesis Report" option in "Analysis and Synthesis Settings -> More Settings" to "Off".


+--------------------------------------------------------------------------+
; Parameter Settings for User Entity Instance: toplab3_man:U3|NextState:U3 ;
+----------------+------------+--------------------------------------------+
; Parameter Name ; Value      ; Type                                       ;
+----------------+------------+--------------------------------------------+
; hazard         ; 0001       ; Unsigned Binary                            ;
; left           ; 0010       ; Unsigned Binary                            ;
; right          ; 0011       ; Unsigned Binary                            ;
; off            ; 0000       ; Unsigned Binary                            ;
; left1          ; 0010000000 ; Unsigned Binary                            ;
; left2          ; 0110000000 ; Unsigned Binary                            ;
; left3          ; 1110000000 ; Unsigned Binary                            ;
; left4          ; 0000000000 ; Unsigned Binary                            ;
; right1         ; 0000000100 ; Unsigned Binary                            ;
; right2         ; 0000000110 ; Unsigned Binary                            ;
; right3         ; 0000000111 ; Unsigned Binary                            ;
; right4         ; 0000000000 ; Unsigned Binary                            ;
; hazard1        ; 1110000111 ; Unsigned Binary                            ;
; hazard2        ; 0000000000 ; Unsigned Binary                            ;
+----------------+------------+--------------------------------------------+
Note: In order to hide this table in the UI and the text report file, please set the "Show Parameter Settings in Synthesis Report" option in "Analysis and Synthesis Settings -> More Settings" to "Off".


+------------------------------------------------------------------------------------+
; altsyncram Parameter Settings by Entity Instance                                   ;
+-------------------------------------------+----------------------------------------+
; Name                                      ; Value                                  ;
+-------------------------------------------+----------------------------------------+
; Number of entity instances                ; 1                                      ;
; Entity Instance                           ; mem:U1|altsyncram:altsyncram_component ;
;     -- OPERATION_MODE                     ; ROM                                    ;
;     -- WIDTH_A                            ; 4                                      ;
;     -- NUMWORDS_A                         ; 32                                     ;
;     -- OUTDATA_REG_A                      ; CLOCK0                                 ;
;     -- WIDTH_B                            ; 1                                      ;
;     -- NUMWORDS_B                         ; 1                                      ;
;     -- ADDRESS_REG_B                      ; CLOCK1                                 ;
;     -- OUTDATA_REG_B                      ; UNREGISTERED                           ;
;     -- RAM_BLOCK_TYPE                     ; AUTO                                   ;
;     -- READ_DURING_WRITE_MODE_MIXED_PORTS ; DONT_CARE                              ;
+-------------------------------------------+----------------------------------------+


+---------------------------------------------------------+
; Port Connectivity Checks: "toplab3_man:U3|print7seg:U8" ;
+------+-------+----------+-------------------------------+
; Port ; Type  ; Severity ; Details                       ;
+------+-------+----------+-------------------------------+
; num  ; Input ; Info     ; Stuck at VCC                  ;
+------+-------+----------+-------------------------------+


+---------------------------------------------------------+
; Port Connectivity Checks: "toplab3_man:U3|print7seg:U7" ;
+------+-------+----------+-------------------------------+
; Port ; Type  ; Severity ; Details                       ;
+------+-------+----------+-------------------------------+
; num  ; Input ; Info     ; Stuck at VCC                  ;
+------+-------+----------+-------------------------------+


+---------------------------------------------------------+
; Port Connectivity Checks: "toplab3_man:U3|print7seg:U6" ;
+------+-------+----------+-------------------------------+
; Port ; Type  ; Severity ; Details                       ;
+------+-------+----------+-------------------------------+
; num  ; Input ; Info     ; Stuck at VCC                  ;
+------+-------+----------+-------------------------------+


+---------------------------------------------------------+
; Port Connectivity Checks: "toplab3_man:U3|print7seg:U5" ;
+------+-------+----------+-------------------------------+
; Port ; Type  ; Severity ; Details                       ;
+------+-------+----------+-------------------------------+
; num  ; Input ; Info     ; Stuck at VCC                  ;
+------+-------+----------+-------------------------------+


+---------------------------------------------------------+
; Port Connectivity Checks: "toplab3_man:U3|print7seg:U9" ;
+------+-------+----------+-------------------------------+
; Port ; Type  ; Severity ; Details                       ;
+------+-------+----------+-------------------------------+
; num  ; Input ; Info     ; Stuck at VCC                  ;
+------+-------+----------+-------------------------------+


+----------------------------------------------------------------------------------------------------------------+
; Port Connectivity Checks: "toplab3_man:U3|create_clock2:U0"                                                    ;
+------+--------+----------+-------------------------------------------------------------------------------------+
; Port ; Type   ; Severity ; Details                                                                             ;
+------+--------+----------+-------------------------------------------------------------------------------------+
; LED  ; Output ; Info     ; Connected to dangling logic. Logic that only feeds a dangling port will be removed. ;
+------+--------+----------+-------------------------------------------------------------------------------------+


+-------------------------------------------------------------------------------------------------------------------------------------------------------------------------------+
; Port Connectivity Checks: "mem:U1"                                                                                                                                            ;
+---------+--------+----------+-------------------------------------------------------------------------------------------------------------------------------------------------+
; Port    ; Type   ; Severity ; Details                                                                                                                                         ;
+---------+--------+----------+-------------------------------------------------------------------------------------------------------------------------------------------------+
; address ; Input  ; Warning  ; Input port expression (2 bits) is smaller than the input port (5 bits) it drives.  Extra input bit(s) "address[4..2]" will be connected to GND. ;
; q       ; Output ; Warning  ; Output or bidir port (4 bits) is wider than the port expression (3 bits) it drives; bit(s) "q[3..3]" have no fanouts                            ;
+---------+--------+----------+-------------------------------------------------------------------------------------------------------------------------------------------------+


+----------------------------------------------------------------------------------------------------------------+
; Port Connectivity Checks: "create_clock2:U0"                                                                   ;
+------+--------+----------+-------------------------------------------------------------------------------------+
; Port ; Type   ; Severity ; Details                                                                             ;
+------+--------+----------+-------------------------------------------------------------------------------------+
; LED  ; Output ; Info     ; Connected to dangling logic. Logic that only feeds a dangling port will be removed. ;
+------+--------+----------+-------------------------------------------------------------------------------------+


+-----------------------------------------------------+
; Post-Synthesis Netlist Statistics for Top Partition ;
+-----------------------+-----------------------------+
; Type                  ; Count                       ;
+-----------------------+-----------------------------+
; boundary_port         ; 71                          ;
; cycloneiii_ff         ; 74                          ;
;     CLR               ; 74                          ;
; cycloneiii_lcell_comb ; 138                         ;
;     arith             ; 62                          ;
;         2 data inputs ; 62                          ;
;     normal            ; 76                          ;
;         0 data inputs ; 2                           ;
;         1 data inputs ; 4                           ;
;         2 data inputs ; 28                          ;
;         3 data inputs ; 8                           ;
;         4 data inputs ; 34                          ;
; cycloneiii_ram_block  ; 3                           ;
;                       ;                             ;
; Max LUT depth         ; 4.40                        ;
; Average LUT depth     ; 3.60                        ;
+-----------------------+-----------------------------+


+-------------------------------+
; Elapsed Time Per Partition    ;
+----------------+--------------+
; Partition Name ; Elapsed Time ;
+----------------+--------------+
; Top            ; 00:00:01     ;
+----------------+--------------+


+-------------------------------+
; Analysis & Synthesis Messages ;
+-------------------------------+
Info: *******************************************************************
Info: Running Quartus Prime Analysis & Synthesis
    Info: Version 18.1.0 Build 625 09/12/2018 SJ Lite Edition
    Info: Processing started: Mon Dec 09 12:07:34 2019
Info: Command: quartus_map --read_settings_files=on --write_settings_files=off toplab3 -c toplab3
Warning (18236): Number of processors has not been specified which may cause overloading on shared machines.  Set the global assignment NUM_PARALLEL_PROCESSORS in your QSF to an appropriate value for best performance.
Info (20030): Parallel compilation is enabled and will use 2 of the 2 processors detected
Info (12021): Found 1 design units, including 1 entities, in source file /users/trey/documents/digital logic/lab 3/verilog/toplab3_man.v
    Info (12023): Found entity 1: toplab3_man File: C:/Users/Trey/Documents/Digital Logic/Lab 3/Verilog/toplab3_man.v Line: 1
Info (12021): Found 1 design units, including 1 entities, in source file /users/trey/documents/digital logic/lab 3/verilog/toplab3.v
    Info (12023): Found entity 1: toplab3 File: C:/Users/Trey/Documents/Digital Logic/Lab 3/Verilog/toplab3.v Line: 1
Info (12021): Found 1 design units, including 1 entities, in source file /users/trey/documents/digital logic/lab 3/verilog/print7seg.v
    Info (12023): Found entity 1: print7seg File: C:/Users/Trey/Documents/Digital Logic/Lab 3/Verilog/print7seg.v Line: 1
Info (12021): Found 1 design units, including 1 entities, in source file /users/trey/documents/digital logic/lab 3/verilog/csl.v
    Info (12023): Found entity 1: CSL File: C:/Users/Trey/Documents/Digital Logic/Lab 3/Verilog/CSL.v Line: 1
Info (12021): Found 1 design units, including 1 entities, in source file /users/trey/documents/digital logic/lab 3/verilog/nextstate.v
    Info (12023): Found entity 1: NextState File: C:/Users/Trey/Documents/Digital Logic/Lab 3/Verilog/NextState.v Line: 1
Info (12021): Found 1 design units, including 1 entities, in source file /users/trey/documents/digital logic/lab 3/verilog/mode.v
    Info (12023): Found entity 1: Mode File: C:/Users/Trey/Documents/Digital Logic/Lab 3/Verilog/Mode.v Line: 1
Info (12021): Found 1 design units, including 1 entities, in source file /users/trey/documents/digital logic/lab 3/verilog/create_clock2.v
    Info (12023): Found entity 1: create_clock2 File: C:/Users/Trey/Documents/Digital Logic/Lab 3/Verilog/create_clock2.v Line: 1
Info (12021): Found 1 design units, including 1 entities, in source file mem.v
    Info (12023): Found entity 1: mem File: C:/Users/Trey/Documents/Digital Logic/Lab 3/Quartus/mem.v Line: 39
Info (12127): Elaborating entity "toplab3" for the top level hierarchy
Warning (10230): Verilog HDL assignment warning at toplab3.v(23): truncated value with size 32 to match size of target (2) File: C:/Users/Trey/Documents/Digital Logic/Lab 3/Verilog/toplab3.v Line: 23
Warning (10235): Verilog HDL Always Construct warning at toplab3.v(32): variable "KEY" is read inside the Always Construct but isn't in the Always Construct's Event Control File: C:/Users/Trey/Documents/Digital Logic/Lab 3/Verilog/toplab3.v Line: 32
Warning (10235): Verilog HDL Always Construct warning at toplab3.v(35): variable "mem_inputs" is read inside the Always Construct but isn't in the Always Construct's Event Control File: C:/Users/Trey/Documents/Digital Logic/Lab 3/Verilog/toplab3.v Line: 35
Warning (10235): Verilog HDL Always Construct warning at toplab3.v(36): variable "mem_inputs" is read inside the Always Construct but isn't in the Always Construct's Event Control File: C:/Users/Trey/Documents/Digital Logic/Lab 3/Verilog/toplab3.v Line: 36
Warning (10235): Verilog HDL Always Construct warning at toplab3.v(37): variable "KEY" is read inside the Always Construct but isn't in the Always Construct's Event Control File: C:/Users/Trey/Documents/Digital Logic/Lab 3/Verilog/toplab3.v Line: 37
Warning (10240): Verilog HDL Always Construct warning at toplab3.v(28): inferring latch(es) for variable "finalSW", which holds its previous value in one or more paths through the always construct File: C:/Users/Trey/Documents/Digital Logic/Lab 3/Verilog/toplab3.v Line: 28
Warning (10240): Verilog HDL Always Construct warning at toplab3.v(28): inferring latch(es) for variable "finalKEY", which holds its previous value in one or more paths through the always construct File: C:/Users/Trey/Documents/Digital Logic/Lab 3/Verilog/toplab3.v Line: 28
Info (10041): Inferred latch for "finalKEY[0]" at toplab3.v(34) File: C:/Users/Trey/Documents/Digital Logic/Lab 3/Verilog/toplab3.v Line: 34
Info (10041): Inferred latch for "finalKEY[1]" at toplab3.v(34) File: C:/Users/Trey/Documents/Digital Logic/Lab 3/Verilog/toplab3.v Line: 34
Info (10041): Inferred latch for "finalSW[0]" at toplab3.v(34) File: C:/Users/Trey/Documents/Digital Logic/Lab 3/Verilog/toplab3.v Line: 34
Info (10041): Inferred latch for "finalSW[1]" at toplab3.v(34) File: C:/Users/Trey/Documents/Digital Logic/Lab 3/Verilog/toplab3.v Line: 34
Info (12128): Elaborating entity "create_clock2" for hierarchy "create_clock2:U0" File: C:/Users/Trey/Documents/Digital Logic/Lab 3/Verilog/toplab3.v Line: 14
Info (12128): Elaborating entity "mem" for hierarchy "mem:U1" File: C:/Users/Trey/Documents/Digital Logic/Lab 3/Verilog/toplab3.v Line: 26
Info (12128): Elaborating entity "altsyncram" for hierarchy "mem:U1|altsyncram:altsyncram_component" File: C:/Users/Trey/Documents/Digital Logic/Lab 3/Quartus/mem.v Line: 81
Info (12130): Elaborated megafunction instantiation "mem:U1|altsyncram:altsyncram_component" File: C:/Users/Trey/Documents/Digital Logic/Lab 3/Quartus/mem.v Line: 81
Info (12133): Instantiated megafunction "mem:U1|altsyncram:altsyncram_component" with the following parameter: File: C:/Users/Trey/Documents/Digital Logic/Lab 3/Quartus/mem.v Line: 81
    Info (12134): Parameter "address_aclr_a" = "NONE"
    Info (12134): Parameter "clock_enable_input_a" = "BYPASS"
    Info (12134): Parameter "clock_enable_output_a" = "BYPASS"
    Info (12134): Parameter "init_file" = "mem.txt"
    Info (12134): Parameter "intended_device_family" = "MAX 10"
    Info (12134): Parameter "lpm_hint" = "ENABLE_RUNTIME_MOD=NO"
    Info (12134): Parameter "lpm_type" = "altsyncram"
    Info (12134): Parameter "numwords_a" = "32"
    Info (12134): Parameter "operation_mode" = "ROM"
    Info (12134): Parameter "outdata_aclr_a" = "NONE"
    Info (12134): Parameter "outdata_reg_a" = "CLOCK0"
    Info (12134): Parameter "widthad_a" = "5"
    Info (12134): Parameter "width_a" = "4"
    Info (12134): Parameter "width_byteena_a" = "1"
Info (12021): Found 1 design units, including 1 entities, in source file db/altsyncram_q781.tdf
    Info (12023): Found entity 1: altsyncram_q781 File: C:/Users/Trey/Documents/Digital Logic/Lab 3/Quartus/db/altsyncram_q781.tdf Line: 27
Info (12128): Elaborating entity "altsyncram_q781" for hierarchy "mem:U1|altsyncram:altsyncram_component|altsyncram_q781:auto_generated" File: c:/intelfpga_lite/18.1/quartus/libraries/megafunctions/altsyncram.tdf Line: 791
Warning (113016): Width of data items in "mem.txt" is smaller than the memory width. Padding data items with 0 on MSB to fit in memory.  File: C:/Users/Trey/Documents/Digital Logic/Lab 3/Quartus/mem.txt Line: 6
Critical Warning (127005): Memory depth (32) in the design file differs from memory depth (4) in the Memory Initialization File "C:/Users/Trey/Documents/Digital Logic/Lab 3/Quartus/mem.txt" -- setting initial value for remaining addresses to 0 File: C:/Users/Trey/Documents/Digital Logic/Lab 3/Quartus/mem.v Line: 81
Info (12128): Elaborating entity "toplab3_man" for hierarchy "toplab3_man:U3" File: C:/Users/Trey/Documents/Digital Logic/Lab 3/Verilog/toplab3.v Line: 41
Info (12128): Elaborating entity "create_clock2" for hierarchy "toplab3_man:U3|create_clock2:U0" File: C:/Users/Trey/Documents/Digital Logic/Lab 3/Verilog/toplab3_man.v Line: 13
Info (12128): Elaborating entity "Mode" for hierarchy "toplab3_man:U3|Mode:U1" File: C:/Users/Trey/Documents/Digital Logic/Lab 3/Verilog/toplab3_man.v Line: 15
Info (12128): Elaborating entity "print7seg" for hierarchy "toplab3_man:U3|print7seg:U2" File: C:/Users/Trey/Documents/Digital Logic/Lab 3/Verilog/toplab3_man.v Line: 17
Info (12128): Elaborating entity "NextState" for hierarchy "toplab3_man:U3|NextState:U3" File: C:/Users/Trey/Documents/Digital Logic/Lab 3/Verilog/toplab3_man.v Line: 19
Warning (10240): Verilog HDL Always Construct warning at NextState.v(10): inferring latch(es) for variable "next", which holds its previous value in one or more paths through the always construct File: C:/Users/Trey/Documents/Digital Logic/Lab 3/Verilog/NextState.v Line: 10
Info (10041): Inferred latch for "next[0]" at NextState.v(10) File: C:/Users/Trey/Documents/Digital Logic/Lab 3/Verilog/NextState.v Line: 10
Info (10041): Inferred latch for "next[1]" at NextState.v(10) File: C:/Users/Trey/Documents/Digital Logic/Lab 3/Verilog/NextState.v Line: 10
Info (10041): Inferred latch for "next[2]" at NextState.v(10) File: C:/Users/Trey/Documents/Digital Logic/Lab 3/Verilog/NextState.v Line: 10
Info (10041): Inferred latch for "next[3]" at NextState.v(10) File: C:/Users/Trey/Documents/Digital Logic/Lab 3/Verilog/NextState.v Line: 10
Info (10041): Inferred latch for "next[4]" at NextState.v(10) File: C:/Users/Trey/Documents/Digital Logic/Lab 3/Verilog/NextState.v Line: 10
Info (10041): Inferred latch for "next[5]" at NextState.v(10) File: C:/Users/Trey/Documents/Digital Logic/Lab 3/Verilog/NextState.v Line: 10
Info (10041): Inferred latch for "next[6]" at NextState.v(10) File: C:/Users/Trey/Documents/Digital Logic/Lab 3/Verilog/NextState.v Line: 10
Info (10041): Inferred latch for "next[7]" at NextState.v(10) File: C:/Users/Trey/Documents/Digital Logic/Lab 3/Verilog/NextState.v Line: 10
Info (10041): Inferred latch for "next[8]" at NextState.v(10) File: C:/Users/Trey/Documents/Digital Logic/Lab 3/Verilog/NextState.v Line: 10
Info (10041): Inferred latch for "next[9]" at NextState.v(10) File: C:/Users/Trey/Documents/Digital Logic/Lab 3/Verilog/NextState.v Line: 10
Info (12128): Elaborating entity "CSL" for hierarchy "toplab3_man:U3|CSL:U4" File: C:/Users/Trey/Documents/Digital Logic/Lab 3/Verilog/toplab3_man.v Line: 21
Warning (14284): Synthesized away the following node(s):
    Warning (14285): Synthesized away the following RAM node(s):
        Warning (14320): Synthesized away node "mem:U1|altsyncram:altsyncram_component|altsyncram_q781:auto_generated|q_a[3]" File: C:/Users/Trey/Documents/Digital Logic/Lab 3/Quartus/db/altsyncram_q781.tdf Line: 100
Warning (12241): 1 hierarchies have connectivity warnings - see the Connectivity Checks report folder
Warning (13024): Output pins are stuck at VCC or GND
    Warning (13410): Pin "LEDR[3]" is stuck at GND File: C:/Users/Trey/Documents/Digital Logic/Lab 3/Verilog/toplab3.v Line: 5
    Warning (13410): Pin "LEDR[4]" is stuck at GND File: C:/Users/Trey/Documents/Digital Logic/Lab 3/Verilog/toplab3.v Line: 5
    Warning (13410): Pin "LEDR[5]" is stuck at GND File: C:/Users/Trey/Documents/Digital Logic/Lab 3/Verilog/toplab3.v Line: 5
    Warning (13410): Pin "LEDR[6]" is stuck at GND File: C:/Users/Trey/Documents/Digital Logic/Lab 3/Verilog/toplab3.v Line: 5
    Warning (13410): Pin "HEX0[1]" is stuck at GND File: C:/Users/Trey/Documents/Digital Logic/Lab 3/Verilog/toplab3.v Line: 6
    Warning (13410): Pin "HEX0[7]" is stuck at VCC File: C:/Users/Trey/Documents/Digital Logic/Lab 3/Verilog/toplab3.v Line: 6
    Warning (13410): Pin "HEX1[0]" is stuck at VCC File: C:/Users/Trey/Documents/Digital Logic/Lab 3/Verilog/toplab3.v Line: 6
    Warning (13410): Pin "HEX1[1]" is stuck at VCC File: C:/Users/Trey/Documents/Digital Logic/Lab 3/Verilog/toplab3.v Line: 6
    Warning (13410): Pin "HEX1[2]" is stuck at VCC File: C:/Users/Trey/Documents/Digital Logic/Lab 3/Verilog/toplab3.v Line: 6
    Warning (13410): Pin "HEX1[3]" is stuck at VCC File: C:/Users/Trey/Documents/Digital Logic/Lab 3/Verilog/toplab3.v Line: 6
    Warning (13410): Pin "HEX1[4]" is stuck at VCC File: C:/Users/Trey/Documents/Digital Logic/Lab 3/Verilog/toplab3.v Line: 6
    Warning (13410): Pin "HEX1[5]" is stuck at VCC File: C:/Users/Trey/Documents/Digital Logic/Lab 3/Verilog/toplab3.v Line: 6
    Warning (13410): Pin "HEX1[6]" is stuck at VCC File: C:/Users/Trey/Documents/Digital Logic/Lab 3/Verilog/toplab3.v Line: 6
    Warning (13410): Pin "HEX1[7]" is stuck at VCC File: C:/Users/Trey/Documents/Digital Logic/Lab 3/Verilog/toplab3.v Line: 6
    Warning (13410): Pin "HEX2[0]" is stuck at VCC File: C:/Users/Trey/Documents/Digital Logic/Lab 3/Verilog/toplab3.v Line: 6
    Warning (13410): Pin "HEX2[1]" is stuck at VCC File: C:/Users/Trey/Documents/Digital Logic/Lab 3/Verilog/toplab3.v Line: 6
    Warning (13410): Pin "HEX2[2]" is stuck at VCC File: C:/Users/Trey/Documents/Digital Logic/Lab 3/Verilog/toplab3.v Line: 6
    Warning (13410): Pin "HEX2[3]" is stuck at VCC File: C:/Users/Trey/Documents/Digital Logic/Lab 3/Verilog/toplab3.v Line: 6
    Warning (13410): Pin "HEX2[4]" is stuck at VCC File: C:/Users/Trey/Documents/Digital Logic/Lab 3/Verilog/toplab3.v Line: 6
    Warning (13410): Pin "HEX2[5]" is stuck at VCC File: C:/Users/Trey/Documents/Digital Logic/Lab 3/Verilog/toplab3.v Line: 6
    Warning (13410): Pin "HEX2[6]" is stuck at VCC File: C:/Users/Trey/Documents/Digital Logic/Lab 3/Verilog/toplab3.v Line: 6
    Warning (13410): Pin "HEX2[7]" is stuck at VCC File: C:/Users/Trey/Documents/Digital Logic/Lab 3/Verilog/toplab3.v Line: 6
    Warning (13410): Pin "HEX3[0]" is stuck at VCC File: C:/Users/Trey/Documents/Digital Logic/Lab 3/Verilog/toplab3.v Line: 6
    Warning (13410): Pin "HEX3[1]" is stuck at VCC File: C:/Users/Trey/Documents/Digital Logic/Lab 3/Verilog/toplab3.v Line: 6
    Warning (13410): Pin "HEX3[2]" is stuck at VCC File: C:/Users/Trey/Documents/Digital Logic/Lab 3/Verilog/toplab3.v Line: 6
    Warning (13410): Pin "HEX3[3]" is stuck at VCC File: C:/Users/Trey/Documents/Digital Logic/Lab 3/Verilog/toplab3.v Line: 6
    Warning (13410): Pin "HEX3[4]" is stuck at VCC File: C:/Users/Trey/Documents/Digital Logic/Lab 3/Verilog/toplab3.v Line: 6
    Warning (13410): Pin "HEX3[5]" is stuck at VCC File: C:/Users/Trey/Documents/Digital Logic/Lab 3/Verilog/toplab3.v Line: 6
    Warning (13410): Pin "HEX3[6]" is stuck at VCC File: C:/Users/Trey/Documents/Digital Logic/Lab 3/Verilog/toplab3.v Line: 6
    Warning (13410): Pin "HEX3[7]" is stuck at VCC File: C:/Users/Trey/Documents/Digital Logic/Lab 3/Verilog/toplab3.v Line: 6
    Warning (13410): Pin "HEX4[0]" is stuck at VCC File: C:/Users/Trey/Documents/Digital Logic/Lab 3/Verilog/toplab3.v Line: 6
    Warning (13410): Pin "HEX4[1]" is stuck at VCC File: C:/Users/Trey/Documents/Digital Logic/Lab 3/Verilog/toplab3.v Line: 6
    Warning (13410): Pin "HEX4[2]" is stuck at VCC File: C:/Users/Trey/Documents/Digital Logic/Lab 3/Verilog/toplab3.v Line: 6
    Warning (13410): Pin "HEX4[3]" is stuck at VCC File: C:/Users/Trey/Documents/Digital Logic/Lab 3/Verilog/toplab3.v Line: 6
    Warning (13410): Pin "HEX4[4]" is stuck at VCC File: C:/Users/Trey/Documents/Digital Logic/Lab 3/Verilog/toplab3.v Line: 6
    Warning (13410): Pin "HEX4[5]" is stuck at VCC File: C:/Users/Trey/Documents/Digital Logic/Lab 3/Verilog/toplab3.v Line: 6
    Warning (13410): Pin "HEX4[6]" is stuck at VCC File: C:/Users/Trey/Documents/Digital Logic/Lab 3/Verilog/toplab3.v Line: 6
    Warning (13410): Pin "HEX4[7]" is stuck at VCC File: C:/Users/Trey/Documents/Digital Logic/Lab 3/Verilog/toplab3.v Line: 6
    Warning (13410): Pin "HEX5[0]" is stuck at VCC File: C:/Users/Trey/Documents/Digital Logic/Lab 3/Verilog/toplab3.v Line: 6
    Warning (13410): Pin "HEX5[1]" is stuck at VCC File: C:/Users/Trey/Documents/Digital Logic/Lab 3/Verilog/toplab3.v Line: 6
    Warning (13410): Pin "HEX5[2]" is stuck at VCC File: C:/Users/Trey/Documents/Digital Logic/Lab 3/Verilog/toplab3.v Line: 6
    Warning (13410): Pin "HEX5[3]" is stuck at VCC File: C:/Users/Trey/Documents/Digital Logic/Lab 3/Verilog/toplab3.v Line: 6
    Warning (13410): Pin "HEX5[4]" is stuck at VCC File: C:/Users/Trey/Documents/Digital Logic/Lab 3/Verilog/toplab3.v Line: 6
    Warning (13410): Pin "HEX5[5]" is stuck at VCC File: C:/Users/Trey/Documents/Digital Logic/Lab 3/Verilog/toplab3.v Line: 6
    Warning (13410): Pin "HEX5[6]" is stuck at VCC File: C:/Users/Trey/Documents/Digital Logic/Lab 3/Verilog/toplab3.v Line: 6
    Warning (13410): Pin "HEX5[7]" is stuck at VCC File: C:/Users/Trey/Documents/Digital Logic/Lab 3/Verilog/toplab3.v Line: 6
Info (286030): Timing-Driven Synthesis is running
Info (17036): Removed 3 MSB VCC or GND address nodes from RAM block "mem:U1|altsyncram:altsyncram_component|altsyncram_q781:auto_generated|ALTSYNCRAM" File: C:/Users/Trey/Documents/Digital Logic/Lab 3/Quartus/db/altsyncram_q781.tdf Line: 31
Info (144001): Generated suppressed messages file C:/Users/Trey/Documents/Digital Logic/Lab 3/Quartus/toplab3.map.smsg
Info (16010): Generating hard_block partition "hard_block:auto_generated_inst"
    Info (16011): Adding 0 node(s), including 0 DDIO, 0 PLL, 0 transceiver and 0 LCELL
Warning (21074): Design contains 7 input pin(s) that do not drive logic
    Warning (15610): No output dependent on input pin "SW[2]" File: C:/Users/Trey/Documents/Digital Logic/Lab 3/Verilog/toplab3.v Line: 4
    Warning (15610): No output dependent on input pin "SW[3]" File: C:/Users/Trey/Documents/Digital Logic/Lab 3/Verilog/toplab3.v Line: 4
    Warning (15610): No output dependent on input pin "SW[4]" File: C:/Users/Trey/Documents/Digital Logic/Lab 3/Verilog/toplab3.v Line: 4
    Warning (15610): No output dependent on input pin "SW[5]" File: C:/Users/Trey/Documents/Digital Logic/Lab 3/Verilog/toplab3.v Line: 4
    Warning (15610): No output dependent on input pin "SW[6]" File: C:/Users/Trey/Documents/Digital Logic/Lab 3/Verilog/toplab3.v Line: 4
    Warning (15610): No output dependent on input pin "SW[7]" File: C:/Users/Trey/Documents/Digital Logic/Lab 3/Verilog/toplab3.v Line: 4
    Warning (15610): No output dependent on input pin "SW[8]" File: C:/Users/Trey/Documents/Digital Logic/Lab 3/Verilog/toplab3.v Line: 4
Info (21057): Implemented 209 device resources after synthesis - the final resource count might be different
    Info (21058): Implemented 13 input pins
    Info (21059): Implemented 58 output pins
    Info (21061): Implemented 135 logic cells
    Info (21064): Implemented 3 RAM segments
Info: Quartus Prime Analysis & Synthesis was successful. 0 errors, 70 warnings
    Info: Peak virtual memory: 4770 megabytes
    Info: Processing ended: Mon Dec 09 12:08:05 2019
    Info: Elapsed time: 00:00:31
    Info: Total CPU time (on all processors): 00:00:43


+------------------------------------------+
; Analysis & Synthesis Suppressed Messages ;
+------------------------------------------+
The suppressed messages can be found in C:/Users/Trey/Documents/Digital Logic/Lab 3/Quartus/toplab3.map.smsg.


