#! /usr/local/iverilog/bin/vvp
:ivl_version "11.0 (devel)" "(s20150603-612-ga9388a89)";
:ivl_delay_selection "TYPICAL";
:vpi_time_precision + 0;
:vpi_module "system";
:vpi_module "vhdl_sys";
:vpi_module "vhdl_textio";
:vpi_module "v2005_math";
:vpi_module "va_math";
S_0000000002725e20 .scope module, "designblock1" "designblock1" 2 1;
 .timescale 0 0;
    .port_info 0 /INPUT 8 "SW";
    .port_info 1 /INPUT 2 "KEY";
    .port_info 2 /OUTPUT 10 "LEDR";
    .port_info 3 /OUTPUT 8 "HEX0";
    .port_info 4 /OUTPUT 8 "HEX1";
    .port_info 5 /OUTPUT 8 "HEX2";
    .port_info 6 /OUTPUT 8 "HEX3";
    .port_info 7 /OUTPUT 8 "HEX4";
    .port_info 8 /OUTPUT 8 "HEX5";
P_0000000002725fb0 .param/l "Bday1" 0 2 7, C4<000100100000010010011001>;
P_0000000002725fe8 .param/l "Bday2" 0 2 8, C4<000001100000011000000000>;
o000000000272a558 .functor BUFZ 8, C4<zzzzzzzz>; HiZ drive
L_000000000271f640 .functor NOT 8, o000000000272a558, C4<00000000>, C4<00000000>, C4<00000000>;
v000000000271cea0_0 .net "Bday", 23 0, L_000000000277dde0;  1 drivers
v000000000271d3a0_0 .net "HEX0", 7 0, v000000000271ccc0_0;  1 drivers
v000000000277d020_0 .net "HEX1", 7 0, v000000000271d1c0_0;  1 drivers
v000000000277e4c0_0 .net "HEX2", 7 0, v000000000271d440_0;  1 drivers
v000000000277d8e0_0 .net "HEX3", 7 0, v000000000271ca40_0;  1 drivers
v000000000277db60_0 .net "HEX4", 7 0, v000000000271d260_0;  1 drivers
v000000000277dc00_0 .net "HEX5", 7 0, v000000000271d940_0;  1 drivers
o000000000272a4f8 .functor BUFZ 2, C4<zz>; HiZ drive
v000000000277e880_0 .net "KEY", 1 0, o000000000272a4f8;  0 drivers
L_000000000277ec18 .functor BUFT 1, C4<0000000000>, C4<0>, C4<0>, C4<0>;
RS_000000000272a528 .resolv tri, L_000000000277e060, L_000000000277ec18;
v000000000277e560_0 .net8 "LEDR", 9 0, RS_000000000272a528;  2 drivers
v000000000277ea60_0 .net "SW", 7 0, o000000000272a558;  0 drivers
v000000000277dca0_0 .net *"_s1", 0 0, L_000000000277d980;  1 drivers
L_000000000277eb88 .functor BUFT 1, C4<000100100000010010011001>, C4<0>, C4<0>, C4<0>;
v000000000277e600_0 .net/2u *"_s2", 23 0, L_000000000277eb88;  1 drivers
v000000000277e380_0 .net *"_s23", 0 0, L_000000000277e7e0;  1 drivers
v000000000277dfc0_0 .net *"_s24", 7 0, L_000000000271f640;  1 drivers
v000000000277d480_0 .net *"_s26", 7 0, L_000000000277e6a0;  1 drivers
L_000000000277ebd0 .functor BUFT 1, C4<000001100000011000000000>, C4<0>, C4<0>, C4<0>;
v000000000277dd40_0 .net/2u *"_s4", 23 0, L_000000000277ebd0;  1 drivers
L_000000000277d980 .part o000000000272a4f8, 0, 1;
L_000000000277dde0 .functor MUXZ 24, L_000000000277ebd0, L_000000000277eb88, L_000000000277d980, C4<>;
L_000000000277e920 .part L_000000000277dde0, 20, 4;
L_000000000277d0c0 .part L_000000000277dde0, 16, 4;
L_000000000277e9c0 .part L_000000000277dde0, 12, 4;
L_000000000277cbc0 .part L_000000000277dde0, 8, 4;
L_000000000277df20 .part L_000000000277dde0, 4, 4;
L_000000000277de80 .part L_000000000277dde0, 0, 4;
L_000000000277e060 .part/pv L_000000000277e6a0, 0, 8, 10;
L_000000000277e7e0 .part o000000000272a4f8, 1, 1;
L_000000000277e6a0 .functor MUXZ 8, o000000000272a558, L_000000000271f640, L_000000000277e7e0, C4<>;
S_00000000026f2510 .scope module, "U0" "print7seg" 2 11, 3 1 0, S_0000000002725e20;
 .timescale 0 0;
    .port_info 0 /INPUT 4 "num";
    .port_info 1 /OUTPUT 8 "HEX";
v000000000271d940_0 .var "HEX", 7 0;
v000000000271cc20_0 .net "num", 3 0, L_000000000277e920;  1 drivers
E_000000000271dfb0 .event edge, v000000000271cc20_0;
S_00000000026f26a0 .scope module, "U1" "print7seg" 2 12, 3 1 0, S_0000000002725e20;
 .timescale 0 0;
    .port_info 0 /INPUT 4 "num";
    .port_info 1 /OUTPUT 8 "HEX";
v000000000271d260_0 .var "HEX", 7 0;
v000000000271d800_0 .net "num", 3 0, L_000000000277d0c0;  1 drivers
E_000000000271e8b0 .event edge, v000000000271d800_0;
S_000000000277c530 .scope module, "U2" "print7seg" 2 13, 3 1 0, S_0000000002725e20;
 .timescale 0 0;
    .port_info 0 /INPUT 4 "num";
    .port_info 1 /OUTPUT 8 "HEX";
v000000000271ca40_0 .var "HEX", 7 0;
v000000000271cd60_0 .net "num", 3 0, L_000000000277e9c0;  1 drivers
E_000000000271e1f0 .event edge, v000000000271cd60_0;
S_000000000277c6c0 .scope module, "U3" "print7seg" 2 14, 3 1 0, S_0000000002725e20;
 .timescale 0 0;
    .port_info 0 /INPUT 4 "num";
    .port_info 1 /OUTPUT 8 "HEX";
v000000000271d440_0 .var "HEX", 7 0;
v000000000271cb80_0 .net "num", 3 0, L_000000000277cbc0;  1 drivers
E_000000000271dd70 .event edge, v000000000271cb80_0;
S_000000000277c850 .scope module, "U4" "print7seg" 2 15, 3 1 0, S_0000000002725e20;
 .timescale 0 0;
    .port_info 0 /INPUT 4 "num";
    .port_info 1 /OUTPUT 8 "HEX";
v000000000271d1c0_0 .var "HEX", 7 0;
v000000000271d300_0 .net "num", 3 0, L_000000000277df20;  1 drivers
E_000000000271e070 .event edge, v000000000271d300_0;
S_000000000277c9e0 .scope module, "U5" "print7seg" 2 16, 3 1 0, S_0000000002725e20;
 .timescale 0 0;
    .port_info 0 /INPUT 4 "num";
    .port_info 1 /OUTPUT 8 "HEX";
v000000000271ccc0_0 .var "HEX", 7 0;
v000000000271ce00_0 .net "num", 3 0, L_000000000277de80;  1 drivers
E_000000000271e430 .event edge, v000000000271ce00_0;
    .scope S_00000000026f2510;
T_0 ;
    %wait E_000000000271dfb0;
    %load/vec4 v000000000271cc20_0;
    %dup/vec4;
    %pushi/vec4 0, 0, 4;
    %cmp/u;
    %jmp/1 T_0.0, 6;
    %dup/vec4;
    %pushi/vec4 1, 0, 4;
    %cmp/u;
    %jmp/1 T_0.1, 6;
    %dup/vec4;
    %pushi/vec4 2, 0, 4;
    %cmp/u;
    %jmp/1 T_0.2, 6;
    %dup/vec4;
    %pushi/vec4 3, 0, 4;
    %cmp/u;
    %jmp/1 T_0.3, 6;
    %dup/vec4;
    %pushi/vec4 4, 0, 4;
    %cmp/u;
    %jmp/1 T_0.4, 6;
    %dup/vec4;
    %pushi/vec4 5, 0, 4;
    %cmp/u;
    %jmp/1 T_0.5, 6;
    %dup/vec4;
    %pushi/vec4 6, 0, 4;
    %cmp/u;
    %jmp/1 T_0.6, 6;
    %dup/vec4;
    %pushi/vec4 7, 0, 4;
    %cmp/u;
    %jmp/1 T_0.7, 6;
    %dup/vec4;
    %pushi/vec4 8, 0, 4;
    %cmp/u;
    %jmp/1 T_0.8, 6;
    %dup/vec4;
    %pushi/vec4 9, 0, 4;
    %cmp/u;
    %jmp/1 T_0.9, 6;
    %dup/vec4;
    %pushi/vec4 10, 0, 4;
    %cmp/u;
    %jmp/1 T_0.10, 6;
    %dup/vec4;
    %pushi/vec4 11, 0, 4;
    %cmp/u;
    %jmp/1 T_0.11, 6;
    %pushi/vec4 255, 0, 8;
    %store/vec4 v000000000271d940_0, 0, 8;
    %jmp T_0.13;
T_0.0 ;
    %pushi/vec4 192, 0, 8;
    %store/vec4 v000000000271d940_0, 0, 8;
    %jmp T_0.13;
T_0.1 ;
    %pushi/vec4 249, 0, 8;
    %store/vec4 v000000000271d940_0, 0, 8;
    %jmp T_0.13;
T_0.2 ;
    %pushi/vec4 164, 0, 8;
    %store/vec4 v000000000271d940_0, 0, 8;
    %jmp T_0.13;
T_0.3 ;
    %pushi/vec4 176, 0, 8;
    %store/vec4 v000000000271d940_0, 0, 8;
    %jmp T_0.13;
T_0.4 ;
    %pushi/vec4 153, 0, 8;
    %store/vec4 v000000000271d940_0, 0, 8;
    %jmp T_0.13;
T_0.5 ;
    %pushi/vec4 146, 0, 8;
    %store/vec4 v000000000271d940_0, 0, 8;
    %jmp T_0.13;
T_0.6 ;
    %pushi/vec4 130, 0, 8;
    %store/vec4 v000000000271d940_0, 0, 8;
    %jmp T_0.13;
T_0.7 ;
    %pushi/vec4 248, 0, 8;
    %store/vec4 v000000000271d940_0, 0, 8;
    %jmp T_0.13;
T_0.8 ;
    %pushi/vec4 128, 0, 8;
    %store/vec4 v000000000271d940_0, 0, 8;
    %jmp T_0.13;
T_0.9 ;
    %pushi/vec4 152, 0, 8;
    %store/vec4 v000000000271d940_0, 0, 8;
    %jmp T_0.13;
T_0.10 ;
    %pushi/vec4 142, 0, 8;
    %store/vec4 v000000000271d940_0, 0, 8;
    %jmp T_0.13;
T_0.11 ;
    %pushi/vec4 191, 0, 8;
    %store/vec4 v000000000271d940_0, 0, 8;
    %jmp T_0.13;
T_0.13 ;
    %pop/vec4 1;
    %jmp T_0;
    .thread T_0, $push;
    .scope S_00000000026f26a0;
T_1 ;
    %wait E_000000000271e8b0;
    %load/vec4 v000000000271d800_0;
    %dup/vec4;
    %pushi/vec4 0, 0, 4;
    %cmp/u;
    %jmp/1 T_1.0, 6;
    %dup/vec4;
    %pushi/vec4 1, 0, 4;
    %cmp/u;
    %jmp/1 T_1.1, 6;
    %dup/vec4;
    %pushi/vec4 2, 0, 4;
    %cmp/u;
    %jmp/1 T_1.2, 6;
    %dup/vec4;
    %pushi/vec4 3, 0, 4;
    %cmp/u;
    %jmp/1 T_1.3, 6;
    %dup/vec4;
    %pushi/vec4 4, 0, 4;
    %cmp/u;
    %jmp/1 T_1.4, 6;
    %dup/vec4;
    %pushi/vec4 5, 0, 4;
    %cmp/u;
    %jmp/1 T_1.5, 6;
    %dup/vec4;
    %pushi/vec4 6, 0, 4;
    %cmp/u;
    %jmp/1 T_1.6, 6;
    %dup/vec4;
    %pushi/vec4 7, 0, 4;
    %cmp/u;
    %jmp/1 T_1.7, 6;
    %dup/vec4;
    %pushi/vec4 8, 0, 4;
    %cmp/u;
    %jmp/1 T_1.8, 6;
    %dup/vec4;
    %pushi/vec4 9, 0, 4;
    %cmp/u;
    %jmp/1 T_1.9, 6;
    %dup/vec4;
    %pushi/vec4 10, 0, 4;
    %cmp/u;
    %jmp/1 T_1.10, 6;
    %dup/vec4;
    %pushi/vec4 11, 0, 4;
    %cmp/u;
    %jmp/1 T_1.11, 6;
    %pushi/vec4 255, 0, 8;
    %store/vec4 v000000000271d260_0, 0, 8;
    %jmp T_1.13;
T_1.0 ;
    %pushi/vec4 192, 0, 8;
    %store/vec4 v000000000271d260_0, 0, 8;
    %jmp T_1.13;
T_1.1 ;
    %pushi/vec4 249, 0, 8;
    %store/vec4 v000000000271d260_0, 0, 8;
    %jmp T_1.13;
T_1.2 ;
    %pushi/vec4 164, 0, 8;
    %store/vec4 v000000000271d260_0, 0, 8;
    %jmp T_1.13;
T_1.3 ;
    %pushi/vec4 176, 0, 8;
    %store/vec4 v000000000271d260_0, 0, 8;
    %jmp T_1.13;
T_1.4 ;
    %pushi/vec4 153, 0, 8;
    %store/vec4 v000000000271d260_0, 0, 8;
    %jmp T_1.13;
T_1.5 ;
    %pushi/vec4 146, 0, 8;
    %store/vec4 v000000000271d260_0, 0, 8;
    %jmp T_1.13;
T_1.6 ;
    %pushi/vec4 130, 0, 8;
    %store/vec4 v000000000271d260_0, 0, 8;
    %jmp T_1.13;
T_1.7 ;
    %pushi/vec4 248, 0, 8;
    %store/vec4 v000000000271d260_0, 0, 8;
    %jmp T_1.13;
T_1.8 ;
    %pushi/vec4 128, 0, 8;
    %store/vec4 v000000000271d260_0, 0, 8;
    %jmp T_1.13;
T_1.9 ;
    %pushi/vec4 152, 0, 8;
    %store/vec4 v000000000271d260_0, 0, 8;
    %jmp T_1.13;
T_1.10 ;
    %pushi/vec4 142, 0, 8;
    %store/vec4 v000000000271d260_0, 0, 8;
    %jmp T_1.13;
T_1.11 ;
    %pushi/vec4 191, 0, 8;
    %store/vec4 v000000000271d260_0, 0, 8;
    %jmp T_1.13;
T_1.13 ;
    %pop/vec4 1;
    %jmp T_1;
    .thread T_1, $push;
    .scope S_000000000277c530;
T_2 ;
    %wait E_000000000271e1f0;
    %load/vec4 v000000000271cd60_0;
    %dup/vec4;
    %pushi/vec4 0, 0, 4;
    %cmp/u;
    %jmp/1 T_2.0, 6;
    %dup/vec4;
    %pushi/vec4 1, 0, 4;
    %cmp/u;
    %jmp/1 T_2.1, 6;
    %dup/vec4;
    %pushi/vec4 2, 0, 4;
    %cmp/u;
    %jmp/1 T_2.2, 6;
    %dup/vec4;
    %pushi/vec4 3, 0, 4;
    %cmp/u;
    %jmp/1 T_2.3, 6;
    %dup/vec4;
    %pushi/vec4 4, 0, 4;
    %cmp/u;
    %jmp/1 T_2.4, 6;
    %dup/vec4;
    %pushi/vec4 5, 0, 4;
    %cmp/u;
    %jmp/1 T_2.5, 6;
    %dup/vec4;
    %pushi/vec4 6, 0, 4;
    %cmp/u;
    %jmp/1 T_2.6, 6;
    %dup/vec4;
    %pushi/vec4 7, 0, 4;
    %cmp/u;
    %jmp/1 T_2.7, 6;
    %dup/vec4;
    %pushi/vec4 8, 0, 4;
    %cmp/u;
    %jmp/1 T_2.8, 6;
    %dup/vec4;
    %pushi/vec4 9, 0, 4;
    %cmp/u;
    %jmp/1 T_2.9, 6;
    %dup/vec4;
    %pushi/vec4 10, 0, 4;
    %cmp/u;
    %jmp/1 T_2.10, 6;
    %dup/vec4;
    %pushi/vec4 11, 0, 4;
    %cmp/u;
    %jmp/1 T_2.11, 6;
    %pushi/vec4 255, 0, 8;
    %store/vec4 v000000000271ca40_0, 0, 8;
    %jmp T_2.13;
T_2.0 ;
    %pushi/vec4 192, 0, 8;
    %store/vec4 v000000000271ca40_0, 0, 8;
    %jmp T_2.13;
T_2.1 ;
    %pushi/vec4 249, 0, 8;
    %store/vec4 v000000000271ca40_0, 0, 8;
    %jmp T_2.13;
T_2.2 ;
    %pushi/vec4 164, 0, 8;
    %store/vec4 v000000000271ca40_0, 0, 8;
    %jmp T_2.13;
T_2.3 ;
    %pushi/vec4 176, 0, 8;
    %store/vec4 v000000000271ca40_0, 0, 8;
    %jmp T_2.13;
T_2.4 ;
    %pushi/vec4 153, 0, 8;
    %store/vec4 v000000000271ca40_0, 0, 8;
    %jmp T_2.13;
T_2.5 ;
    %pushi/vec4 146, 0, 8;
    %store/vec4 v000000000271ca40_0, 0, 8;
    %jmp T_2.13;
T_2.6 ;
    %pushi/vec4 130, 0, 8;
    %store/vec4 v000000000271ca40_0, 0, 8;
    %jmp T_2.13;
T_2.7 ;
    %pushi/vec4 248, 0, 8;
    %store/vec4 v000000000271ca40_0, 0, 8;
    %jmp T_2.13;
T_2.8 ;
    %pushi/vec4 128, 0, 8;
    %store/vec4 v000000000271ca40_0, 0, 8;
    %jmp T_2.13;
T_2.9 ;
    %pushi/vec4 152, 0, 8;
    %store/vec4 v000000000271ca40_0, 0, 8;
    %jmp T_2.13;
T_2.10 ;
    %pushi/vec4 142, 0, 8;
    %store/vec4 v000000000271ca40_0, 0, 8;
    %jmp T_2.13;
T_2.11 ;
    %pushi/vec4 191, 0, 8;
    %store/vec4 v000000000271ca40_0, 0, 8;
    %jmp T_2.13;
T_2.13 ;
    %pop/vec4 1;
    %jmp T_2;
    .thread T_2, $push;
    .scope S_000000000277c6c0;
T_3 ;
    %wait E_000000000271dd70;
    %load/vec4 v000000000271cb80_0;
    %dup/vec4;
    %pushi/vec4 0, 0, 4;
    %cmp/u;
    %jmp/1 T_3.0, 6;
    %dup/vec4;
    %pushi/vec4 1, 0, 4;
    %cmp/u;
    %jmp/1 T_3.1, 6;
    %dup/vec4;
    %pushi/vec4 2, 0, 4;
    %cmp/u;
    %jmp/1 T_3.2, 6;
    %dup/vec4;
    %pushi/vec4 3, 0, 4;
    %cmp/u;
    %jmp/1 T_3.3, 6;
    %dup/vec4;
    %pushi/vec4 4, 0, 4;
    %cmp/u;
    %jmp/1 T_3.4, 6;
    %dup/vec4;
    %pushi/vec4 5, 0, 4;
    %cmp/u;
    %jmp/1 T_3.5, 6;
    %dup/vec4;
    %pushi/vec4 6, 0, 4;
    %cmp/u;
    %jmp/1 T_3.6, 6;
    %dup/vec4;
    %pushi/vec4 7, 0, 4;
    %cmp/u;
    %jmp/1 T_3.7, 6;
    %dup/vec4;
    %pushi/vec4 8, 0, 4;
    %cmp/u;
    %jmp/1 T_3.8, 6;
    %dup/vec4;
    %pushi/vec4 9, 0, 4;
    %cmp/u;
    %jmp/1 T_3.9, 6;
    %dup/vec4;
    %pushi/vec4 10, 0, 4;
    %cmp/u;
    %jmp/1 T_3.10, 6;
    %dup/vec4;
    %pushi/vec4 11, 0, 4;
    %cmp/u;
    %jmp/1 T_3.11, 6;
    %pushi/vec4 255, 0, 8;
    %store/vec4 v000000000271d440_0, 0, 8;
    %jmp T_3.13;
T_3.0 ;
    %pushi/vec4 192, 0, 8;
    %store/vec4 v000000000271d440_0, 0, 8;
    %jmp T_3.13;
T_3.1 ;
    %pushi/vec4 249, 0, 8;
    %store/vec4 v000000000271d440_0, 0, 8;
    %jmp T_3.13;
T_3.2 ;
    %pushi/vec4 164, 0, 8;
    %store/vec4 v000000000271d440_0, 0, 8;
    %jmp T_3.13;
T_3.3 ;
    %pushi/vec4 176, 0, 8;
    %store/vec4 v000000000271d440_0, 0, 8;
    %jmp T_3.13;
T_3.4 ;
    %pushi/vec4 153, 0, 8;
    %store/vec4 v000000000271d440_0, 0, 8;
    %jmp T_3.13;
T_3.5 ;
    %pushi/vec4 146, 0, 8;
    %store/vec4 v000000000271d440_0, 0, 8;
    %jmp T_3.13;
T_3.6 ;
    %pushi/vec4 130, 0, 8;
    %store/vec4 v000000000271d440_0, 0, 8;
    %jmp T_3.13;
T_3.7 ;
    %pushi/vec4 248, 0, 8;
    %store/vec4 v000000000271d440_0, 0, 8;
    %jmp T_3.13;
T_3.8 ;
    %pushi/vec4 128, 0, 8;
    %store/vec4 v000000000271d440_0, 0, 8;
    %jmp T_3.13;
T_3.9 ;
    %pushi/vec4 152, 0, 8;
    %store/vec4 v000000000271d440_0, 0, 8;
    %jmp T_3.13;
T_3.10 ;
    %pushi/vec4 142, 0, 8;
    %store/vec4 v000000000271d440_0, 0, 8;
    %jmp T_3.13;
T_3.11 ;
    %pushi/vec4 191, 0, 8;
    %store/vec4 v000000000271d440_0, 0, 8;
    %jmp T_3.13;
T_3.13 ;
    %pop/vec4 1;
    %jmp T_3;
    .thread T_3, $push;
    .scope S_000000000277c850;
T_4 ;
    %wait E_000000000271e070;
    %load/vec4 v000000000271d300_0;
    %dup/vec4;
    %pushi/vec4 0, 0, 4;
    %cmp/u;
    %jmp/1 T_4.0, 6;
    %dup/vec4;
    %pushi/vec4 1, 0, 4;
    %cmp/u;
    %jmp/1 T_4.1, 6;
    %dup/vec4;
    %pushi/vec4 2, 0, 4;
    %cmp/u;
    %jmp/1 T_4.2, 6;
    %dup/vec4;
    %pushi/vec4 3, 0, 4;
    %cmp/u;
    %jmp/1 T_4.3, 6;
    %dup/vec4;
    %pushi/vec4 4, 0, 4;
    %cmp/u;
    %jmp/1 T_4.4, 6;
    %dup/vec4;
    %pushi/vec4 5, 0, 4;
    %cmp/u;
    %jmp/1 T_4.5, 6;
    %dup/vec4;
    %pushi/vec4 6, 0, 4;
    %cmp/u;
    %jmp/1 T_4.6, 6;
    %dup/vec4;
    %pushi/vec4 7, 0, 4;
    %cmp/u;
    %jmp/1 T_4.7, 6;
    %dup/vec4;
    %pushi/vec4 8, 0, 4;
    %cmp/u;
    %jmp/1 T_4.8, 6;
    %dup/vec4;
    %pushi/vec4 9, 0, 4;
    %cmp/u;
    %jmp/1 T_4.9, 6;
    %dup/vec4;
    %pushi/vec4 10, 0, 4;
    %cmp/u;
    %jmp/1 T_4.10, 6;
    %dup/vec4;
    %pushi/vec4 11, 0, 4;
    %cmp/u;
    %jmp/1 T_4.11, 6;
    %pushi/vec4 255, 0, 8;
    %store/vec4 v000000000271d1c0_0, 0, 8;
    %jmp T_4.13;
T_4.0 ;
    %pushi/vec4 192, 0, 8;
    %store/vec4 v000000000271d1c0_0, 0, 8;
    %jmp T_4.13;
T_4.1 ;
    %pushi/vec4 249, 0, 8;
    %store/vec4 v000000000271d1c0_0, 0, 8;
    %jmp T_4.13;
T_4.2 ;
    %pushi/vec4 164, 0, 8;
    %store/vec4 v000000000271d1c0_0, 0, 8;
    %jmp T_4.13;
T_4.3 ;
    %pushi/vec4 176, 0, 8;
    %store/vec4 v000000000271d1c0_0, 0, 8;
    %jmp T_4.13;
T_4.4 ;
    %pushi/vec4 153, 0, 8;
    %store/vec4 v000000000271d1c0_0, 0, 8;
    %jmp T_4.13;
T_4.5 ;
    %pushi/vec4 146, 0, 8;
    %store/vec4 v000000000271d1c0_0, 0, 8;
    %jmp T_4.13;
T_4.6 ;
    %pushi/vec4 130, 0, 8;
    %store/vec4 v000000000271d1c0_0, 0, 8;
    %jmp T_4.13;
T_4.7 ;
    %pushi/vec4 248, 0, 8;
    %store/vec4 v000000000271d1c0_0, 0, 8;
    %jmp T_4.13;
T_4.8 ;
    %pushi/vec4 128, 0, 8;
    %store/vec4 v000000000271d1c0_0, 0, 8;
    %jmp T_4.13;
T_4.9 ;
    %pushi/vec4 152, 0, 8;
    %store/vec4 v000000000271d1c0_0, 0, 8;
    %jmp T_4.13;
T_4.10 ;
    %pushi/vec4 142, 0, 8;
    %store/vec4 v000000000271d1c0_0, 0, 8;
    %jmp T_4.13;
T_4.11 ;
    %pushi/vec4 191, 0, 8;
    %store/vec4 v000000000271d1c0_0, 0, 8;
    %jmp T_4.13;
T_4.13 ;
    %pop/vec4 1;
    %jmp T_4;
    .thread T_4, $push;
    .scope S_000000000277c9e0;
T_5 ;
    %wait E_000000000271e430;
    %load/vec4 v000000000271ce00_0;
    %dup/vec4;
    %pushi/vec4 0, 0, 4;
    %cmp/u;
    %jmp/1 T_5.0, 6;
    %dup/vec4;
    %pushi/vec4 1, 0, 4;
    %cmp/u;
    %jmp/1 T_5.1, 6;
    %dup/vec4;
    %pushi/vec4 2, 0, 4;
    %cmp/u;
    %jmp/1 T_5.2, 6;
    %dup/vec4;
    %pushi/vec4 3, 0, 4;
    %cmp/u;
    %jmp/1 T_5.3, 6;
    %dup/vec4;
    %pushi/vec4 4, 0, 4;
    %cmp/u;
    %jmp/1 T_5.4, 6;
    %dup/vec4;
    %pushi/vec4 5, 0, 4;
    %cmp/u;
    %jmp/1 T_5.5, 6;
    %dup/vec4;
    %pushi/vec4 6, 0, 4;
    %cmp/u;
    %jmp/1 T_5.6, 6;
    %dup/vec4;
    %pushi/vec4 7, 0, 4;
    %cmp/u;
    %jmp/1 T_5.7, 6;
    %dup/vec4;
    %pushi/vec4 8, 0, 4;
    %cmp/u;
    %jmp/1 T_5.8, 6;
    %dup/vec4;
    %pushi/vec4 9, 0, 4;
    %cmp/u;
    %jmp/1 T_5.9, 6;
    %dup/vec4;
    %pushi/vec4 10, 0, 4;
    %cmp/u;
    %jmp/1 T_5.10, 6;
    %dup/vec4;
    %pushi/vec4 11, 0, 4;
    %cmp/u;
    %jmp/1 T_5.11, 6;
    %pushi/vec4 255, 0, 8;
    %store/vec4 v000000000271ccc0_0, 0, 8;
    %jmp T_5.13;
T_5.0 ;
    %pushi/vec4 192, 0, 8;
    %store/vec4 v000000000271ccc0_0, 0, 8;
    %jmp T_5.13;
T_5.1 ;
    %pushi/vec4 249, 0, 8;
    %store/vec4 v000000000271ccc0_0, 0, 8;
    %jmp T_5.13;
T_5.2 ;
    %pushi/vec4 164, 0, 8;
    %store/vec4 v000000000271ccc0_0, 0, 8;
    %jmp T_5.13;
T_5.3 ;
    %pushi/vec4 176, 0, 8;
    %store/vec4 v000000000271ccc0_0, 0, 8;
    %jmp T_5.13;
T_5.4 ;
    %pushi/vec4 153, 0, 8;
    %store/vec4 v000000000271ccc0_0, 0, 8;
    %jmp T_5.13;
T_5.5 ;
    %pushi/vec4 146, 0, 8;
    %store/vec4 v000000000271ccc0_0, 0, 8;
    %jmp T_5.13;
T_5.6 ;
    %pushi/vec4 130, 0, 8;
    %store/vec4 v000000000271ccc0_0, 0, 8;
    %jmp T_5.13;
T_5.7 ;
    %pushi/vec4 248, 0, 8;
    %store/vec4 v000000000271ccc0_0, 0, 8;
    %jmp T_5.13;
T_5.8 ;
    %pushi/vec4 128, 0, 8;
    %store/vec4 v000000000271ccc0_0, 0, 8;
    %jmp T_5.13;
T_5.9 ;
    %pushi/vec4 152, 0, 8;
    %store/vec4 v000000000271ccc0_0, 0, 8;
    %jmp T_5.13;
T_5.10 ;
    %pushi/vec4 142, 0, 8;
    %store/vec4 v000000000271ccc0_0, 0, 8;
    %jmp T_5.13;
T_5.11 ;
    %pushi/vec4 191, 0, 8;
    %store/vec4 v000000000271ccc0_0, 0, 8;
    %jmp T_5.13;
T_5.13 ;
    %pop/vec4 1;
    %jmp T_5;
    .thread T_5, $push;
# The file index is used to find the file name in the following table.
:file_names 4;
    "N/A";
    "<interactive>";
    "designblock1.v";
    "print7seg.v";
