#! /usr/local/iverilog/bin/vvp
:ivl_version "11.0 (devel)" "(s20150603-612-ga9388a89)";
:ivl_delay_selection "TYPICAL";
:vpi_time_precision - 10;
:vpi_module "system";
:vpi_module "vhdl_sys";
:vpi_module "vhdl_textio";
:vpi_module "v2005_math";
:vpi_module "va_math";
S_0000000002877ee0 .scope module, "testbenchlab2" "testbenchlab2" 2 3;
 .timescale -9 -10;
v00000000028e82b0_0 .var "my_ADC_CLK_10", 0 0;
v00000000028e73b0_0 .net "my_HEX0", 7 0, v000000000286ee10_0;  1 drivers
v00000000028e7db0_0 .net "my_HEX1", 7 0, v000000000286f630_0;  1 drivers
v00000000028e7630_0 .net "my_HEX2", 7 0, v000000000286dd30_0;  1 drivers
v00000000028e7270_0 .net "my_HEX3", 7 0, v000000000286f310_0;  1 drivers
v00000000028e7e50_0 .net "my_HEX4", 7 0, v000000000286f4f0_0;  1 drivers
v00000000028e8490_0 .net "my_HEX5", 7 0, v000000000286eb90_0;  1 drivers
v00000000028e6c30_0 .var "my_KEY", 1 0;
v00000000028e7450_0 .net "my_LEDR", 9 0, L_00000000028e9b40;  1 drivers
o000000000288b718 .functor BUFZ 10, C4<zzzzzzzzzz>; HiZ drive
v00000000028e76d0_0 .net "my_SW", 9 0, o000000000288b718;  0 drivers
S_0000000002826370 .scope module, "U0" "toplab2test" 2 14, 3 1 0, S_0000000002877ee0;
 .timescale 0 0;
    .port_info 0 /INPUT 1 "ADC_CLK_10";
    .port_info 1 /INPUT 2 "KEY";
    .port_info 2 /OUTPUT 10 "SW";
    .port_info 3 /OUTPUT 10 "LEDR";
    .port_info 4 /OUTPUT 8 "HEX0";
    .port_info 5 /OUTPUT 8 "HEX1";
    .port_info 6 /OUTPUT 8 "HEX2";
    .port_info 7 /OUTPUT 8 "HEX3";
    .port_info 8 /OUTPUT 8 "HEX4";
    .port_info 9 /OUTPUT 8 "HEX5";
v00000000028e6e10_0 .net "ADC_CLK_10", 0 0, v00000000028e82b0_0;  1 drivers
v00000000028e7f90_0 .net "HEX0", 7 0, v000000000286ee10_0;  alias, 1 drivers
v00000000028e7590_0 .net "HEX1", 7 0, v000000000286f630_0;  alias, 1 drivers
v00000000028e8210_0 .net "HEX2", 7 0, v000000000286dd30_0;  alias, 1 drivers
v00000000028e6ff0_0 .net "HEX3", 7 0, v000000000286f310_0;  alias, 1 drivers
v00000000028e69b0_0 .net "HEX4", 7 0, v000000000286f4f0_0;  alias, 1 drivers
v00000000028e6d70_0 .net "HEX5", 7 0, v000000000286eb90_0;  alias, 1 drivers
v00000000028e6eb0_0 .net "KEY", 1 0, v00000000028e6c30_0;  1 drivers
v00000000028e8030_0 .net "LEDR", 9 0, L_00000000028e9b40;  alias, 1 drivers
v00000000028e7810_0 .net "SW", 9 0, o000000000288b718;  alias, 0 drivers
L_00000000028ea890 .functor BUFT 1, C4<01>, C4<0>, C4<0>, C4<0>;
v00000000028e6af0_0 .net/2s *"_s10", 1 0, L_00000000028ea890;  1 drivers
v00000000028e7310_0 .net *"_s12", 1 0, L_00000000028e95a0;  1 drivers
v00000000028e80d0_0 .net *"_s15", 0 0, L_00000000028e8a60;  1 drivers
v00000000028e6f50_0 .net *"_s18", 0 0, L_00000000028e9640;  1 drivers
v00000000028e6b90_0 .net *"_s22", 0 0, L_00000000028e9320;  1 drivers
o000000000288b838 .functor BUFZ 8, C4<zzzzzzzz>; HiZ drive
; Elide local net with no drivers, v00000000028e7bd0_0 name=_s26
v00000000028e83f0_0 .net *"_s4", 0 0, L_00000000028ea220;  1 drivers
L_00000000028ea848 .functor BUFT 1, C4<00>, C4<0>, C4<0>, C4<0>;
v00000000028e7130_0 .net/2s *"_s8", 1 0, L_00000000028ea848;  1 drivers
v00000000028e74f0_0 .net "bigcounter", 3 0, v000000000286e4b0_0;  1 drivers
v00000000028e8170_0 .var "changeclock", 0 0;
v00000000028e7a90_0 .net "counter", 3 0, v000000000286f270_0;  1 drivers
v00000000028e8710_0 .net "fastLED", 0 0, v000000000286fbd0_0;  1 drivers
v00000000028e8670_0 .var "reset", 0 0;
v00000000028e7c70_0 .net "slowLED", 0 0, v00000000028583b0_0;  1 drivers
v00000000028e6a50_0 .net "slowclock", 0 0, v000000000286f1d0_0;  1 drivers
v00000000028e7d10_0 .net "slowclockfinal", 0 0, L_00000000028ea540;  1 drivers
v00000000028e71d0_0 .net "slowclockfive", 0 0, v00000000028589f0_0;  1 drivers
E_0000000002887340 .event negedge, L_00000000028e9320;
E_0000000002887000 .event negedge, L_00000000028e9640;
L_00000000028ea540 .functor MUXZ 1, v000000000286f1d0_0, v00000000028589f0_0, v00000000028e8170_0, C4<>;
L_00000000028ea220 .functor MUXZ 1, v000000000286fbd0_0, v00000000028583b0_0, v00000000028e8170_0, C4<>;
L_00000000028e95a0 .functor MUXZ 2, L_00000000028ea890, L_00000000028ea848, v00000000028e8670_0, C4<>;
L_00000000028e8a60 .part L_00000000028e95a0, 0, 1;
L_00000000028e9640 .part v00000000028e6c30_0, 1, 1;
L_00000000028e9320 .part v00000000028e6c30_0, 0, 1;
L_00000000028e9b40 .concat [ 1 1 8 0], L_00000000028e8a60, L_00000000028ea220, o000000000288b838;
S_0000000002826500 .scope module, "U0" "create_clock2" 3 12, 4 1 0, S_0000000002826370;
 .timescale 0 0;
    .port_info 0 /INPUT 1 "reset";
    .port_info 1 /INPUT 1 "clock_in";
    .port_info 2 /OUTPUT 1 "LED";
    .port_info 3 /OUTPUT 1 "clock_out";
P_0000000002886f80 .param/l "divide_by" 0 4 5, C4<00000000000000000000000111110100>;
v000000000286fbd0_0 .var "LED", 0 0;
v000000000286f950_0 .net "clock_in", 0 0, v00000000028e82b0_0;  alias, 1 drivers
v000000000286f1d0_0 .var "clock_out", 0 0;
v000000000286ef50_0 .var "divide_counter", 31 0;
v000000000286df10_0 .net "reset", 0 0, v00000000028e8670_0;  1 drivers
E_0000000002886b80/0 .event negedge, v000000000286df10_0;
E_0000000002886b80/1 .event posedge, v000000000286f950_0;
E_0000000002886b80 .event/or E_0000000002886b80/0, E_0000000002886b80/1;
S_0000000002820360 .scope module, "U1" "counter" 3 31, 5 1 0, S_0000000002826370;
 .timescale 0 0;
    .port_info 0 /INPUT 1 "clock";
    .port_info 1 /INPUT 1 "reset";
    .port_info 2 /OUTPUT 8 "HEX4";
    .port_info 3 /OUTPUT 8 "HEX5";
    .port_info 4 /OUTPUT 4 "counter";
    .port_info 5 /OUTPUT 4 "bigcounter";
v000000000286e410_0 .net "HEX4", 7 0, v000000000286f4f0_0;  alias, 1 drivers
v000000000286ed70_0 .net "HEX5", 7 0, v000000000286eb90_0;  alias, 1 drivers
v000000000286e4b0_0 .var "bigcounter", 3 0;
v000000000286fa90_0 .net "clock", 0 0, L_00000000028ea540;  alias, 1 drivers
v000000000286f270_0 .var "counter", 3 0;
v000000000286e870_0 .net "reset", 0 0, v00000000028e8670_0;  alias, 1 drivers
E_0000000002887100/0 .event negedge, v000000000286df10_0;
E_0000000002887100/1 .event posedge, v000000000286fa90_0;
E_0000000002887100 .event/or E_0000000002887100/0, E_0000000002887100/1;
S_00000000028204f0 .scope module, "U0" "print7seg" 5 32, 6 1 0, S_0000000002820360;
 .timescale 0 0;
    .port_info 0 /INPUT 4 "num";
    .port_info 1 /OUTPUT 8 "HEX";
v000000000286f4f0_0 .var "HEX", 7 0;
v000000000286ecd0_0 .net "num", 3 0, v000000000286f270_0;  alias, 1 drivers
E_0000000002886ac0 .event edge, v000000000286ecd0_0;
S_000000000283cda0 .scope module, "U1" "print7seg" 5 33, 6 1 0, S_0000000002820360;
 .timescale 0 0;
    .port_info 0 /INPUT 4 "num";
    .port_info 1 /OUTPUT 8 "HEX";
v000000000286eb90_0 .var "HEX", 7 0;
v000000000286f130_0 .net "num", 3 0, v000000000286e4b0_0;  alias, 1 drivers
E_0000000002886b00 .event edge, v000000000286f130_0;
S_000000000283cf30 .scope module, "U2" "date" 3 33, 7 1 0, S_0000000002826370;
 .timescale 0 0;
    .port_info 0 /INPUT 1 "clock";
    .port_info 1 /INPUT 1 "reset";
    .port_info 2 /INPUT 4 "counter";
    .port_info 3 /INPUT 4 "bigcounter";
    .port_info 4 /OUTPUT 8 "HEX0";
    .port_info 5 /OUTPUT 8 "HEX1";
    .port_info 6 /OUTPUT 8 "HEX2";
    .port_info 7 /OUTPUT 8 "HEX3";
v000000000286e690_0 .net "HEX0", 7 0, v000000000286ee10_0;  alias, 1 drivers
v000000000286ddd0_0 .net "HEX1", 7 0, v000000000286f630_0;  alias, 1 drivers
v000000000286f6d0_0 .net "HEX2", 7 0, v000000000286dd30_0;  alias, 1 drivers
v000000000286f8b0_0 .net "HEX3", 7 0, v000000000286f310_0;  alias, 1 drivers
v000000000286de70_0 .net "bigcounter", 3 0, v000000000286e4b0_0;  alias, 1 drivers
v000000000286dfb0_0 .net "clock", 0 0, L_00000000028ea540;  alias, 1 drivers
v000000000286e050_0 .net "counter", 3 0, v000000000286f270_0;  alias, 1 drivers
v000000000286eff0_0 .var "dateones", 3 0;
v000000000286e730_0 .var "datetens", 3 0;
v0000000002858770_0 .var "fakebigcounter", 3 0;
v0000000002858e50_0 .var "month", 3 0;
v0000000002858630_0 .net "reset", 0 0, v00000000028e8670_0;  alias, 1 drivers
S_000000000281be70 .scope module, "U0" "print7seg" 7 81, 6 1 0, S_000000000283cf30;
 .timescale 0 0;
    .port_info 0 /INPUT 4 "num";
    .port_info 1 /OUTPUT 8 "HEX";
v000000000286dd30_0 .var "HEX", 7 0;
v000000000286e190_0 .net "num", 3 0, v0000000002858e50_0;  1 drivers
E_0000000002886d80 .event edge, v000000000286e190_0;
S_000000000281c000 .scope module, "U1" "print7seg" 7 82, 6 1 0, S_000000000283cf30;
 .timescale 0 0;
    .port_info 0 /INPUT 4 "num";
    .port_info 1 /OUTPUT 8 "HEX";
v000000000286f630_0 .var "HEX", 7 0;
v000000000286f450_0 .net "num", 3 0, v000000000286e730_0;  1 drivers
E_0000000002886bc0 .event edge, v000000000286f450_0;
S_000000000282e3a0 .scope module, "U2" "print7seg" 7 83, 6 1 0, S_000000000283cf30;
 .timescale 0 0;
    .port_info 0 /INPUT 4 "num";
    .port_info 1 /OUTPUT 8 "HEX";
v000000000286ee10_0 .var "HEX", 7 0;
v000000000286e5f0_0 .net "num", 3 0, v000000000286eff0_0;  1 drivers
E_0000000002886e00 .event edge, v000000000286e5f0_0;
S_000000000282e530 .scope module, "U3" "print7seg" 7 84, 6 1 0, S_000000000283cf30;
 .timescale 0 0;
    .port_info 0 /INPUT 4 "num";
    .port_info 1 /OUTPUT 8 "HEX";
v000000000286f310_0 .var "HEX", 7 0;
L_00000000028ea8d8 .functor BUFT 1, C4<1111>, C4<0>, C4<0>, C4<0>;
v000000000286eeb0_0 .net "num", 3 0, L_00000000028ea8d8;  1 drivers
E_0000000002887680 .event edge, v000000000286eeb0_0;
S_0000000002815e70 .scope module, "U3" "create_clock2" 3 13, 4 1 0, S_0000000002826370;
 .timescale 0 0;
    .port_info 0 /INPUT 1 "reset";
    .port_info 1 /INPUT 1 "clock_in";
    .port_info 2 /OUTPUT 1 "LED";
    .port_info 3 /OUTPUT 1 "clock_out";
P_0000000002886fc0 .param/l "divide_by" 0 4 5, C4<00000000000000000000000001111101>;
v00000000028583b0_0 .var "LED", 0 0;
v0000000002858950_0 .net "clock_in", 0 0, v00000000028e82b0_0;  alias, 1 drivers
v00000000028589f0_0 .var "clock_out", 0 0;
v00000000028e6cd0_0 .var "divide_counter", 31 0;
v00000000028e7090_0 .net "reset", 0 0, v00000000028e8670_0;  alias, 1 drivers
S_0000000002878070 .scope module, "toplab2" "toplab2" 8 1;
 .timescale 0 0;
    .port_info 0 /INPUT 1 "ADC_CLK_10";
    .port_info 1 /INPUT 2 "KEY";
    .port_info 2 /OUTPUT 10 "SW";
    .port_info 3 /OUTPUT 10 "LEDR";
    .port_info 4 /OUTPUT 8 "HEX0";
    .port_info 5 /OUTPUT 8 "HEX1";
    .port_info 6 /OUTPUT 8 "HEX2";
    .port_info 7 /OUTPUT 8 "HEX3";
    .port_info 8 /OUTPUT 8 "HEX4";
    .port_info 9 /OUTPUT 8 "HEX5";
o000000000288bb08 .functor BUFZ 1, C4<z>; HiZ drive
v00000000028ccfc0_0 .net "ADC_CLK_10", 0 0, o000000000288bb08;  0 drivers
v00000000028cd4c0_0 .net "HEX0", 7 0, v00000000028cc520_0;  1 drivers
v00000000028cc0c0_0 .net "HEX1", 7 0, v00000000028cc700_0;  1 drivers
v00000000028cd7e0_0 .net "HEX2", 7 0, v00000000028cc980_0;  1 drivers
v00000000028cc2a0_0 .net "HEX3", 7 0, v00000000028cc7a0_0;  1 drivers
v00000000028ccca0_0 .net "HEX4", 7 0, v00000000028e78b0_0;  1 drivers
v00000000028cc8e0_0 .net "HEX5", 7 0, v00000000028e7b30_0;  1 drivers
o000000000288c4f8 .functor BUFZ 2, C4<zz>; HiZ drive
v00000000028cca20_0 .net "KEY", 1 0, o000000000288c4f8;  0 drivers
v00000000028cd060_0 .net "LEDR", 9 0, L_00000000028e9460;  1 drivers
o000000000288c558 .functor BUFZ 10, C4<zzzzzzzzzz>; HiZ drive
v00000000028cc480_0 .net "SW", 9 0, o000000000288c558;  0 drivers
L_00000000028ea968 .functor BUFT 1, C4<01>, C4<0>, C4<0>, C4<0>;
v00000000028cd6a0_0 .net/2s *"_s10", 1 0, L_00000000028ea968;  1 drivers
v00000000028ccac0_0 .net *"_s12", 1 0, L_00000000028e98c0;  1 drivers
v00000000028cbe40_0 .net *"_s15", 0 0, L_00000000028e9960;  1 drivers
v00000000028cd2e0_0 .net *"_s18", 0 0, L_00000000028e96e0;  1 drivers
v00000000028cd740_0 .net *"_s22", 0 0, L_00000000028ea180;  1 drivers
o000000000288c678 .functor BUFZ 8, C4<zzzzzzzz>; HiZ drive
; Elide local net with no drivers, v00000000028cdba0_0 name=_s26
v00000000028ccd40_0 .net *"_s4", 0 0, L_00000000028e9aa0;  1 drivers
L_00000000028ea920 .functor BUFT 1, C4<00>, C4<0>, C4<0>, C4<0>;
v00000000028cd880_0 .net/2s *"_s8", 1 0, L_00000000028ea920;  1 drivers
v00000000028cc160_0 .net "bigcounter", 3 0, v00000000028e6910_0;  1 drivers
v00000000028cd920_0 .var "changeclock", 0 0;
v00000000028cbee0_0 .net "counter", 3 0, v00000000028cc5c0_0;  1 drivers
v00000000028cc020_0 .net "fastLED", 0 0, v00000000028e7770_0;  1 drivers
v00000000028cc340_0 .var "reset", 0 0;
v00000000028e8c40_0 .net "slowLED", 0 0, v00000000028cce80_0;  1 drivers
v00000000028e8ec0_0 .net "slowclock", 0 0, v00000000028e8350_0;  1 drivers
v00000000028e90a0_0 .net "slowclockfinal", 0 0, L_00000000028e9820;  1 drivers
v00000000028ea400_0 .net "slowclockfive", 0 0, v00000000028cd1a0_0;  1 drivers
E_0000000002887040 .event negedge, L_00000000028ea180;
E_0000000002887440 .event negedge, L_00000000028e96e0;
L_00000000028e9820 .functor MUXZ 1, v00000000028e8350_0, v00000000028cd1a0_0, v00000000028cd920_0, C4<>;
L_00000000028e9aa0 .functor MUXZ 1, v00000000028e7770_0, v00000000028cce80_0, v00000000028cd920_0, C4<>;
L_00000000028e98c0 .functor MUXZ 2, L_00000000028ea968, L_00000000028ea920, v00000000028cc340_0, C4<>;
L_00000000028e9960 .part L_00000000028e98c0, 0, 1;
L_00000000028e96e0 .part o000000000288c4f8, 1, 1;
L_00000000028ea180 .part o000000000288c4f8, 0, 1;
L_00000000028e9460 .concat [ 1 1 8 0], L_00000000028e9960, L_00000000028e9aa0, o000000000288c678;
S_0000000002816000 .scope module, "U0" "create_clock" 8 11, 9 1 0, S_0000000002878070;
 .timescale 0 0;
    .port_info 0 /INPUT 1 "clock_in";
    .port_info 1 /OUTPUT 1 "LED";
    .port_info 2 /OUTPUT 1 "clock_out";
P_0000000002886c00 .param/l "divide_by" 0 9 5, C4<00000000010011000100101101000000>;
v00000000028e7770_0 .var "LED", 0 0;
v00000000028e7ef0_0 .net "clock_in", 0 0, o000000000288bb08;  alias, 0 drivers
v00000000028e8350_0 .var "clock_out", 0 0;
v00000000028e79f0_0 .var "divide_counter", 31 0;
E_0000000002887580 .event posedge, v00000000028e7ef0_0;
S_0000000002816fd0 .scope module, "U1" "counter" 8 30, 5 1 0, S_0000000002878070;
 .timescale 0 0;
    .port_info 0 /INPUT 1 "clock";
    .port_info 1 /INPUT 1 "reset";
    .port_info 2 /OUTPUT 8 "HEX4";
    .port_info 3 /OUTPUT 8 "HEX5";
    .port_info 4 /OUTPUT 4 "counter";
    .port_info 5 /OUTPUT 4 "bigcounter";
v00000000028e85d0_0 .net "HEX4", 7 0, v00000000028e78b0_0;  alias, 1 drivers
v00000000028e6870_0 .net "HEX5", 7 0, v00000000028e7b30_0;  alias, 1 drivers
v00000000028e6910_0 .var "bigcounter", 3 0;
v00000000028cd380_0 .net "clock", 0 0, L_00000000028e9820;  alias, 1 drivers
v00000000028cc5c0_0 .var "counter", 3 0;
v00000000028cd9c0_0 .net "reset", 0 0, v00000000028cc340_0;  1 drivers
E_0000000002886cc0/0 .event negedge, v00000000028cd9c0_0;
E_0000000002886cc0/1 .event posedge, v00000000028cd380_0;
E_0000000002886cc0 .event/or E_0000000002886cc0/0, E_0000000002886cc0/1;
S_0000000002817160 .scope module, "U0" "print7seg" 5 32, 6 1 0, S_0000000002816fd0;
 .timescale 0 0;
    .port_info 0 /INPUT 4 "num";
    .port_info 1 /OUTPUT 8 "HEX";
v00000000028e78b0_0 .var "HEX", 7 0;
v00000000028e7950_0 .net "num", 3 0, v00000000028cc5c0_0;  alias, 1 drivers
E_0000000002886d00 .event edge, v00000000028e7950_0;
S_00000000027e2bc0 .scope module, "U1" "print7seg" 5 33, 6 1 0, S_0000000002816fd0;
 .timescale 0 0;
    .port_info 0 /INPUT 4 "num";
    .port_info 1 /OUTPUT 8 "HEX";
v00000000028e7b30_0 .var "HEX", 7 0;
v00000000028e8530_0 .net "num", 3 0, v00000000028e6910_0;  alias, 1 drivers
E_0000000002887480 .event edge, v00000000028e8530_0;
S_00000000028ce990 .scope module, "U2" "date" 8 32, 7 1 0, S_0000000002878070;
 .timescale 0 0;
    .port_info 0 /INPUT 1 "clock";
    .port_info 1 /INPUT 1 "reset";
    .port_info 2 /INPUT 4 "counter";
    .port_info 3 /INPUT 4 "bigcounter";
    .port_info 4 /OUTPUT 8 "HEX0";
    .port_info 5 /OUTPUT 8 "HEX1";
    .port_info 6 /OUTPUT 8 "HEX2";
    .port_info 7 /OUTPUT 8 "HEX3";
v00000000028cbda0_0 .net "HEX0", 7 0, v00000000028cc520_0;  alias, 1 drivers
v00000000028cc840_0 .net "HEX1", 7 0, v00000000028cc700_0;  alias, 1 drivers
v00000000028cd560_0 .net "HEX2", 7 0, v00000000028cc980_0;  alias, 1 drivers
v00000000028cd420_0 .net "HEX3", 7 0, v00000000028cc7a0_0;  alias, 1 drivers
v00000000028cc3e0_0 .net "bigcounter", 3 0, v00000000028e6910_0;  alias, 1 drivers
v00000000028ccc00_0 .net "clock", 0 0, L_00000000028e9820;  alias, 1 drivers
v00000000028ccde0_0 .net "counter", 3 0, v00000000028cc5c0_0;  alias, 1 drivers
v00000000028cc200_0 .var "dateones", 3 0;
v00000000028ccb60_0 .var "datetens", 3 0;
v00000000028cc660_0 .var "fakebigcounter", 3 0;
v00000000028cd600_0 .var "month", 3 0;
v00000000028cd240_0 .net "reset", 0 0, v00000000028cc340_0;  alias, 1 drivers
S_00000000028ce030 .scope module, "U0" "print7seg" 7 81, 6 1 0, S_00000000028ce990;
 .timescale 0 0;
    .port_info 0 /INPUT 4 "num";
    .port_info 1 /OUTPUT 8 "HEX";
v00000000028cc980_0 .var "HEX", 7 0;
v00000000028ccf20_0 .net "num", 3 0, v00000000028cd600_0;  1 drivers
E_0000000002886dc0 .event edge, v00000000028ccf20_0;
S_00000000028ce670 .scope module, "U1" "print7seg" 7 82, 6 1 0, S_00000000028ce990;
 .timescale 0 0;
    .port_info 0 /INPUT 4 "num";
    .port_info 1 /OUTPUT 8 "HEX";
v00000000028cc700_0 .var "HEX", 7 0;
v00000000028cbd00_0 .net "num", 3 0, v00000000028ccb60_0;  1 drivers
E_0000000002887140 .event edge, v00000000028cbd00_0;
S_00000000028ce1c0 .scope module, "U2" "print7seg" 7 83, 6 1 0, S_00000000028ce990;
 .timescale 0 0;
    .port_info 0 /INPUT 4 "num";
    .port_info 1 /OUTPUT 8 "HEX";
v00000000028cc520_0 .var "HEX", 7 0;
v00000000028cd100_0 .net "num", 3 0, v00000000028cc200_0;  1 drivers
E_00000000028873c0 .event edge, v00000000028cd100_0;
S_00000000028ce350 .scope module, "U3" "print7seg" 7 84, 6 1 0, S_00000000028ce990;
 .timescale 0 0;
    .port_info 0 /INPUT 4 "num";
    .port_info 1 /OUTPUT 8 "HEX";
v00000000028cc7a0_0 .var "HEX", 7 0;
L_00000000028ea9b0 .functor BUFT 1, C4<1111>, C4<0>, C4<0>, C4<0>;
v00000000028cda60_0 .net "num", 3 0, L_00000000028ea9b0;  1 drivers
E_0000000002886980 .event edge, v00000000028cda60_0;
S_00000000028ce4e0 .scope module, "U3" "create_clock" 8 12, 9 1 0, S_0000000002878070;
 .timescale 0 0;
    .port_info 0 /INPUT 1 "clock_in";
    .port_info 1 /OUTPUT 1 "LED";
    .port_info 2 /OUTPUT 1 "clock_out";
P_0000000002887700 .param/l "divide_by" 0 9 5, C4<00000000000011110100001001000000>;
v00000000028cce80_0 .var "LED", 0 0;
v00000000028cdb00_0 .net "clock_in", 0 0, o000000000288bb08;  alias, 0 drivers
v00000000028cd1a0_0 .var "clock_out", 0 0;
v00000000028cbf80_0 .var "divide_counter", 31 0;
    .scope S_0000000002826500;
T_0 ;
    %wait E_0000000002886b80;
    %load/vec4 v000000000286df10_0;
    %pad/u 32;
    %cmpi/e 0, 0, 32;
    %jmp/0xz  T_0.0, 4;
    %pushi/vec4 0, 0, 32;
    %assign/vec4 v000000000286ef50_0, 0;
    %pushi/vec4 0, 0, 1;
    %assign/vec4 v000000000286f1d0_0, 0;
    %pushi/vec4 0, 0, 1;
    %assign/vec4 v000000000286fbd0_0, 0;
    %jmp T_0.1;
T_0.0 ;
    %load/vec4 v000000000286ef50_0;
    %cmpi/e 500, 0, 32;
    %jmp/0xz  T_0.2, 4;
    %pushi/vec4 0, 0, 32;
    %assign/vec4 v000000000286ef50_0, 0;
    %load/vec4 v000000000286f1d0_0;
    %inv;
    %assign/vec4 v000000000286f1d0_0, 0;
    %load/vec4 v000000000286fbd0_0;
    %inv;
    %assign/vec4 v000000000286fbd0_0, 0;
    %jmp T_0.3;
T_0.2 ;
    %load/vec4 v000000000286ef50_0;
    %addi 1, 0, 32;
    %assign/vec4 v000000000286ef50_0, 0;
T_0.3 ;
T_0.1 ;
    %jmp T_0;
    .thread T_0;
    .scope S_0000000002815e70;
T_1 ;
    %wait E_0000000002886b80;
    %load/vec4 v00000000028e7090_0;
    %pad/u 32;
    %cmpi/e 0, 0, 32;
    %jmp/0xz  T_1.0, 4;
    %pushi/vec4 0, 0, 32;
    %assign/vec4 v00000000028e6cd0_0, 0;
    %pushi/vec4 0, 0, 1;
    %assign/vec4 v00000000028589f0_0, 0;
    %pushi/vec4 0, 0, 1;
    %assign/vec4 v00000000028583b0_0, 0;
    %jmp T_1.1;
T_1.0 ;
    %load/vec4 v00000000028e6cd0_0;
    %cmpi/e 125, 0, 32;
    %jmp/0xz  T_1.2, 4;
    %pushi/vec4 0, 0, 32;
    %assign/vec4 v00000000028e6cd0_0, 0;
    %load/vec4 v00000000028589f0_0;
    %inv;
    %assign/vec4 v00000000028589f0_0, 0;
    %load/vec4 v00000000028583b0_0;
    %inv;
    %assign/vec4 v00000000028583b0_0, 0;
    %jmp T_1.3;
T_1.2 ;
    %load/vec4 v00000000028e6cd0_0;
    %addi 1, 0, 32;
    %assign/vec4 v00000000028e6cd0_0, 0;
T_1.3 ;
T_1.1 ;
    %jmp T_1;
    .thread T_1;
    .scope S_00000000028204f0;
T_2 ;
    %wait E_0000000002886ac0;
    %load/vec4 v000000000286ecd0_0;
    %dup/vec4;
    %pushi/vec4 0, 0, 4;
    %cmp/u;
    %jmp/1 T_2.0, 6;
    %dup/vec4;
    %pushi/vec4 1, 0, 4;
    %cmp/u;
    %jmp/1 T_2.1, 6;
    %dup/vec4;
    %pushi/vec4 2, 0, 4;
    %cmp/u;
    %jmp/1 T_2.2, 6;
    %dup/vec4;
    %pushi/vec4 3, 0, 4;
    %cmp/u;
    %jmp/1 T_2.3, 6;
    %dup/vec4;
    %pushi/vec4 4, 0, 4;
    %cmp/u;
    %jmp/1 T_2.4, 6;
    %dup/vec4;
    %pushi/vec4 5, 0, 4;
    %cmp/u;
    %jmp/1 T_2.5, 6;
    %dup/vec4;
    %pushi/vec4 6, 0, 4;
    %cmp/u;
    %jmp/1 T_2.6, 6;
    %dup/vec4;
    %pushi/vec4 7, 0, 4;
    %cmp/u;
    %jmp/1 T_2.7, 6;
    %dup/vec4;
    %pushi/vec4 8, 0, 4;
    %cmp/u;
    %jmp/1 T_2.8, 6;
    %dup/vec4;
    %pushi/vec4 9, 0, 4;
    %cmp/u;
    %jmp/1 T_2.9, 6;
    %dup/vec4;
    %pushi/vec4 10, 0, 4;
    %cmp/u;
    %jmp/1 T_2.10, 6;
    %dup/vec4;
    %pushi/vec4 11, 0, 4;
    %cmp/u;
    %jmp/1 T_2.11, 6;
    %pushi/vec4 255, 0, 8;
    %store/vec4 v000000000286f4f0_0, 0, 8;
    %jmp T_2.13;
T_2.0 ;
    %pushi/vec4 192, 0, 8;
    %store/vec4 v000000000286f4f0_0, 0, 8;
    %jmp T_2.13;
T_2.1 ;
    %pushi/vec4 249, 0, 8;
    %store/vec4 v000000000286f4f0_0, 0, 8;
    %jmp T_2.13;
T_2.2 ;
    %pushi/vec4 164, 0, 8;
    %store/vec4 v000000000286f4f0_0, 0, 8;
    %jmp T_2.13;
T_2.3 ;
    %pushi/vec4 176, 0, 8;
    %store/vec4 v000000000286f4f0_0, 0, 8;
    %jmp T_2.13;
T_2.4 ;
    %pushi/vec4 153, 0, 8;
    %store/vec4 v000000000286f4f0_0, 0, 8;
    %jmp T_2.13;
T_2.5 ;
    %pushi/vec4 146, 0, 8;
    %store/vec4 v000000000286f4f0_0, 0, 8;
    %jmp T_2.13;
T_2.6 ;
    %pushi/vec4 130, 0, 8;
    %store/vec4 v000000000286f4f0_0, 0, 8;
    %jmp T_2.13;
T_2.7 ;
    %pushi/vec4 248, 0, 8;
    %store/vec4 v000000000286f4f0_0, 0, 8;
    %jmp T_2.13;
T_2.8 ;
    %pushi/vec4 128, 0, 8;
    %store/vec4 v000000000286f4f0_0, 0, 8;
    %jmp T_2.13;
T_2.9 ;
    %pushi/vec4 152, 0, 8;
    %store/vec4 v000000000286f4f0_0, 0, 8;
    %jmp T_2.13;
T_2.10 ;
    %pushi/vec4 142, 0, 8;
    %store/vec4 v000000000286f4f0_0, 0, 8;
    %jmp T_2.13;
T_2.11 ;
    %pushi/vec4 191, 0, 8;
    %store/vec4 v000000000286f4f0_0, 0, 8;
    %jmp T_2.13;
T_2.13 ;
    %pop/vec4 1;
    %jmp T_2;
    .thread T_2, $push;
    .scope S_000000000283cda0;
T_3 ;
    %wait E_0000000002886b00;
    %load/vec4 v000000000286f130_0;
    %dup/vec4;
    %pushi/vec4 0, 0, 4;
    %cmp/u;
    %jmp/1 T_3.0, 6;
    %dup/vec4;
    %pushi/vec4 1, 0, 4;
    %cmp/u;
    %jmp/1 T_3.1, 6;
    %dup/vec4;
    %pushi/vec4 2, 0, 4;
    %cmp/u;
    %jmp/1 T_3.2, 6;
    %dup/vec4;
    %pushi/vec4 3, 0, 4;
    %cmp/u;
    %jmp/1 T_3.3, 6;
    %dup/vec4;
    %pushi/vec4 4, 0, 4;
    %cmp/u;
    %jmp/1 T_3.4, 6;
    %dup/vec4;
    %pushi/vec4 5, 0, 4;
    %cmp/u;
    %jmp/1 T_3.5, 6;
    %dup/vec4;
    %pushi/vec4 6, 0, 4;
    %cmp/u;
    %jmp/1 T_3.6, 6;
    %dup/vec4;
    %pushi/vec4 7, 0, 4;
    %cmp/u;
    %jmp/1 T_3.7, 6;
    %dup/vec4;
    %pushi/vec4 8, 0, 4;
    %cmp/u;
    %jmp/1 T_3.8, 6;
    %dup/vec4;
    %pushi/vec4 9, 0, 4;
    %cmp/u;
    %jmp/1 T_3.9, 6;
    %dup/vec4;
    %pushi/vec4 10, 0, 4;
    %cmp/u;
    %jmp/1 T_3.10, 6;
    %dup/vec4;
    %pushi/vec4 11, 0, 4;
    %cmp/u;
    %jmp/1 T_3.11, 6;
    %pushi/vec4 255, 0, 8;
    %store/vec4 v000000000286eb90_0, 0, 8;
    %jmp T_3.13;
T_3.0 ;
    %pushi/vec4 192, 0, 8;
    %store/vec4 v000000000286eb90_0, 0, 8;
    %jmp T_3.13;
T_3.1 ;
    %pushi/vec4 249, 0, 8;
    %store/vec4 v000000000286eb90_0, 0, 8;
    %jmp T_3.13;
T_3.2 ;
    %pushi/vec4 164, 0, 8;
    %store/vec4 v000000000286eb90_0, 0, 8;
    %jmp T_3.13;
T_3.3 ;
    %pushi/vec4 176, 0, 8;
    %store/vec4 v000000000286eb90_0, 0, 8;
    %jmp T_3.13;
T_3.4 ;
    %pushi/vec4 153, 0, 8;
    %store/vec4 v000000000286eb90_0, 0, 8;
    %jmp T_3.13;
T_3.5 ;
    %pushi/vec4 146, 0, 8;
    %store/vec4 v000000000286eb90_0, 0, 8;
    %jmp T_3.13;
T_3.6 ;
    %pushi/vec4 130, 0, 8;
    %store/vec4 v000000000286eb90_0, 0, 8;
    %jmp T_3.13;
T_3.7 ;
    %pushi/vec4 248, 0, 8;
    %store/vec4 v000000000286eb90_0, 0, 8;
    %jmp T_3.13;
T_3.8 ;
    %pushi/vec4 128, 0, 8;
    %store/vec4 v000000000286eb90_0, 0, 8;
    %jmp T_3.13;
T_3.9 ;
    %pushi/vec4 152, 0, 8;
    %store/vec4 v000000000286eb90_0, 0, 8;
    %jmp T_3.13;
T_3.10 ;
    %pushi/vec4 142, 0, 8;
    %store/vec4 v000000000286eb90_0, 0, 8;
    %jmp T_3.13;
T_3.11 ;
    %pushi/vec4 191, 0, 8;
    %store/vec4 v000000000286eb90_0, 0, 8;
    %jmp T_3.13;
T_3.13 ;
    %pop/vec4 1;
    %jmp T_3;
    .thread T_3, $push;
    .scope S_0000000002820360;
T_4 ;
    %wait E_0000000002887100;
    %load/vec4 v000000000286e870_0;
    %pad/u 32;
    %cmpi/e 0, 0, 32;
    %jmp/0xz  T_4.0, 4;
    %pushi/vec4 1, 0, 4;
    %assign/vec4 v000000000286f270_0, 0;
    %jmp T_4.1;
T_4.0 ;
    %load/vec4 v000000000286f270_0;
    %pushi/vec4 9, 0, 4;
    %cmp/e;
    %flag_get/vec4 4;
    %load/vec4 v000000000286e4b0_0;
    %pushi/vec4 9, 0, 4;
    %cmp/e;
    %flag_get/vec4 4;
    %and;
    %flag_set/vec4 8;
    %jmp/0xz  T_4.2, 8;
    %pushi/vec4 1, 0, 4;
    %assign/vec4 v000000000286f270_0, 0;
    %jmp T_4.3;
T_4.2 ;
    %load/vec4 v000000000286f270_0;
    %cmpi/e 9, 0, 4;
    %jmp/0xz  T_4.4, 4;
    %pushi/vec4 0, 0, 4;
    %assign/vec4 v000000000286f270_0, 0;
    %jmp T_4.5;
T_4.4 ;
    %load/vec4 v000000000286f270_0;
    %addi 1, 0, 4;
    %assign/vec4 v000000000286f270_0, 0;
T_4.5 ;
T_4.3 ;
T_4.1 ;
    %jmp T_4;
    .thread T_4;
    .scope S_0000000002820360;
T_5 ;
    %wait E_0000000002887100;
    %load/vec4 v000000000286e870_0;
    %pad/u 32;
    %cmpi/e 0, 0, 32;
    %jmp/0xz  T_5.0, 4;
    %pushi/vec4 15, 0, 4;
    %assign/vec4 v000000000286e4b0_0, 0;
    %jmp T_5.1;
T_5.0 ;
    %load/vec4 v000000000286e4b0_0;
    %pushi/vec4 9, 0, 4;
    %cmp/e;
    %flag_get/vec4 4;
    %load/vec4 v000000000286f270_0;
    %pushi/vec4 9, 0, 4;
    %cmp/e;
    %flag_get/vec4 4;
    %and;
    %flag_set/vec4 8;
    %jmp/0xz  T_5.2, 8;
    %pushi/vec4 15, 0, 4;
    %assign/vec4 v000000000286e4b0_0, 0;
    %jmp T_5.3;
T_5.2 ;
    %load/vec4 v000000000286f270_0;
    %pushi/vec4 9, 0, 4;
    %cmp/e;
    %flag_get/vec4 4;
    %load/vec4 v000000000286e4b0_0;
    %pushi/vec4 15, 0, 4;
    %cmp/ne;
    %flag_get/vec4 6;
    %and;
    %flag_set/vec4 8;
    %jmp/0xz  T_5.4, 8;
    %load/vec4 v000000000286e4b0_0;
    %addi 1, 0, 4;
    %assign/vec4 v000000000286e4b0_0, 0;
    %jmp T_5.5;
T_5.4 ;
    %load/vec4 v000000000286f270_0;
    %cmpi/e 9, 0, 4;
    %jmp/0xz  T_5.6, 4;
    %pushi/vec4 1, 0, 4;
    %assign/vec4 v000000000286e4b0_0, 0;
T_5.6 ;
T_5.5 ;
T_5.3 ;
T_5.1 ;
    %jmp T_5;
    .thread T_5;
    .scope S_000000000281be70;
T_6 ;
    %wait E_0000000002886d80;
    %load/vec4 v000000000286e190_0;
    %dup/vec4;
    %pushi/vec4 0, 0, 4;
    %cmp/u;
    %jmp/1 T_6.0, 6;
    %dup/vec4;
    %pushi/vec4 1, 0, 4;
    %cmp/u;
    %jmp/1 T_6.1, 6;
    %dup/vec4;
    %pushi/vec4 2, 0, 4;
    %cmp/u;
    %jmp/1 T_6.2, 6;
    %dup/vec4;
    %pushi/vec4 3, 0, 4;
    %cmp/u;
    %jmp/1 T_6.3, 6;
    %dup/vec4;
    %pushi/vec4 4, 0, 4;
    %cmp/u;
    %jmp/1 T_6.4, 6;
    %dup/vec4;
    %pushi/vec4 5, 0, 4;
    %cmp/u;
    %jmp/1 T_6.5, 6;
    %dup/vec4;
    %pushi/vec4 6, 0, 4;
    %cmp/u;
    %jmp/1 T_6.6, 6;
    %dup/vec4;
    %pushi/vec4 7, 0, 4;
    %cmp/u;
    %jmp/1 T_6.7, 6;
    %dup/vec4;
    %pushi/vec4 8, 0, 4;
    %cmp/u;
    %jmp/1 T_6.8, 6;
    %dup/vec4;
    %pushi/vec4 9, 0, 4;
    %cmp/u;
    %jmp/1 T_6.9, 6;
    %dup/vec4;
    %pushi/vec4 10, 0, 4;
    %cmp/u;
    %jmp/1 T_6.10, 6;
    %dup/vec4;
    %pushi/vec4 11, 0, 4;
    %cmp/u;
    %jmp/1 T_6.11, 6;
    %pushi/vec4 255, 0, 8;
    %store/vec4 v000000000286dd30_0, 0, 8;
    %jmp T_6.13;
T_6.0 ;
    %pushi/vec4 192, 0, 8;
    %store/vec4 v000000000286dd30_0, 0, 8;
    %jmp T_6.13;
T_6.1 ;
    %pushi/vec4 249, 0, 8;
    %store/vec4 v000000000286dd30_0, 0, 8;
    %jmp T_6.13;
T_6.2 ;
    %pushi/vec4 164, 0, 8;
    %store/vec4 v000000000286dd30_0, 0, 8;
    %jmp T_6.13;
T_6.3 ;
    %pushi/vec4 176, 0, 8;
    %store/vec4 v000000000286dd30_0, 0, 8;
    %jmp T_6.13;
T_6.4 ;
    %pushi/vec4 153, 0, 8;
    %store/vec4 v000000000286dd30_0, 0, 8;
    %jmp T_6.13;
T_6.5 ;
    %pushi/vec4 146, 0, 8;
    %store/vec4 v000000000286dd30_0, 0, 8;
    %jmp T_6.13;
T_6.6 ;
    %pushi/vec4 130, 0, 8;
    %store/vec4 v000000000286dd30_0, 0, 8;
    %jmp T_6.13;
T_6.7 ;
    %pushi/vec4 248, 0, 8;
    %store/vec4 v000000000286dd30_0, 0, 8;
    %jmp T_6.13;
T_6.8 ;
    %pushi/vec4 128, 0, 8;
    %store/vec4 v000000000286dd30_0, 0, 8;
    %jmp T_6.13;
T_6.9 ;
    %pushi/vec4 152, 0, 8;
    %store/vec4 v000000000286dd30_0, 0, 8;
    %jmp T_6.13;
T_6.10 ;
    %pushi/vec4 142, 0, 8;
    %store/vec4 v000000000286dd30_0, 0, 8;
    %jmp T_6.13;
T_6.11 ;
    %pushi/vec4 191, 0, 8;
    %store/vec4 v000000000286dd30_0, 0, 8;
    %jmp T_6.13;
T_6.13 ;
    %pop/vec4 1;
    %jmp T_6;
    .thread T_6, $push;
    .scope S_000000000281c000;
T_7 ;
    %wait E_0000000002886bc0;
    %load/vec4 v000000000286f450_0;
    %dup/vec4;
    %pushi/vec4 0, 0, 4;
    %cmp/u;
    %jmp/1 T_7.0, 6;
    %dup/vec4;
    %pushi/vec4 1, 0, 4;
    %cmp/u;
    %jmp/1 T_7.1, 6;
    %dup/vec4;
    %pushi/vec4 2, 0, 4;
    %cmp/u;
    %jmp/1 T_7.2, 6;
    %dup/vec4;
    %pushi/vec4 3, 0, 4;
    %cmp/u;
    %jmp/1 T_7.3, 6;
    %dup/vec4;
    %pushi/vec4 4, 0, 4;
    %cmp/u;
    %jmp/1 T_7.4, 6;
    %dup/vec4;
    %pushi/vec4 5, 0, 4;
    %cmp/u;
    %jmp/1 T_7.5, 6;
    %dup/vec4;
    %pushi/vec4 6, 0, 4;
    %cmp/u;
    %jmp/1 T_7.6, 6;
    %dup/vec4;
    %pushi/vec4 7, 0, 4;
    %cmp/u;
    %jmp/1 T_7.7, 6;
    %dup/vec4;
    %pushi/vec4 8, 0, 4;
    %cmp/u;
    %jmp/1 T_7.8, 6;
    %dup/vec4;
    %pushi/vec4 9, 0, 4;
    %cmp/u;
    %jmp/1 T_7.9, 6;
    %dup/vec4;
    %pushi/vec4 10, 0, 4;
    %cmp/u;
    %jmp/1 T_7.10, 6;
    %dup/vec4;
    %pushi/vec4 11, 0, 4;
    %cmp/u;
    %jmp/1 T_7.11, 6;
    %pushi/vec4 255, 0, 8;
    %store/vec4 v000000000286f630_0, 0, 8;
    %jmp T_7.13;
T_7.0 ;
    %pushi/vec4 192, 0, 8;
    %store/vec4 v000000000286f630_0, 0, 8;
    %jmp T_7.13;
T_7.1 ;
    %pushi/vec4 249, 0, 8;
    %store/vec4 v000000000286f630_0, 0, 8;
    %jmp T_7.13;
T_7.2 ;
    %pushi/vec4 164, 0, 8;
    %store/vec4 v000000000286f630_0, 0, 8;
    %jmp T_7.13;
T_7.3 ;
    %pushi/vec4 176, 0, 8;
    %store/vec4 v000000000286f630_0, 0, 8;
    %jmp T_7.13;
T_7.4 ;
    %pushi/vec4 153, 0, 8;
    %store/vec4 v000000000286f630_0, 0, 8;
    %jmp T_7.13;
T_7.5 ;
    %pushi/vec4 146, 0, 8;
    %store/vec4 v000000000286f630_0, 0, 8;
    %jmp T_7.13;
T_7.6 ;
    %pushi/vec4 130, 0, 8;
    %store/vec4 v000000000286f630_0, 0, 8;
    %jmp T_7.13;
T_7.7 ;
    %pushi/vec4 248, 0, 8;
    %store/vec4 v000000000286f630_0, 0, 8;
    %jmp T_7.13;
T_7.8 ;
    %pushi/vec4 128, 0, 8;
    %store/vec4 v000000000286f630_0, 0, 8;
    %jmp T_7.13;
T_7.9 ;
    %pushi/vec4 152, 0, 8;
    %store/vec4 v000000000286f630_0, 0, 8;
    %jmp T_7.13;
T_7.10 ;
    %pushi/vec4 142, 0, 8;
    %store/vec4 v000000000286f630_0, 0, 8;
    %jmp T_7.13;
T_7.11 ;
    %pushi/vec4 191, 0, 8;
    %store/vec4 v000000000286f630_0, 0, 8;
    %jmp T_7.13;
T_7.13 ;
    %pop/vec4 1;
    %jmp T_7;
    .thread T_7, $push;
    .scope S_000000000282e3a0;
T_8 ;
    %wait E_0000000002886e00;
    %load/vec4 v000000000286e5f0_0;
    %dup/vec4;
    %pushi/vec4 0, 0, 4;
    %cmp/u;
    %jmp/1 T_8.0, 6;
    %dup/vec4;
    %pushi/vec4 1, 0, 4;
    %cmp/u;
    %jmp/1 T_8.1, 6;
    %dup/vec4;
    %pushi/vec4 2, 0, 4;
    %cmp/u;
    %jmp/1 T_8.2, 6;
    %dup/vec4;
    %pushi/vec4 3, 0, 4;
    %cmp/u;
    %jmp/1 T_8.3, 6;
    %dup/vec4;
    %pushi/vec4 4, 0, 4;
    %cmp/u;
    %jmp/1 T_8.4, 6;
    %dup/vec4;
    %pushi/vec4 5, 0, 4;
    %cmp/u;
    %jmp/1 T_8.5, 6;
    %dup/vec4;
    %pushi/vec4 6, 0, 4;
    %cmp/u;
    %jmp/1 T_8.6, 6;
    %dup/vec4;
    %pushi/vec4 7, 0, 4;
    %cmp/u;
    %jmp/1 T_8.7, 6;
    %dup/vec4;
    %pushi/vec4 8, 0, 4;
    %cmp/u;
    %jmp/1 T_8.8, 6;
    %dup/vec4;
    %pushi/vec4 9, 0, 4;
    %cmp/u;
    %jmp/1 T_8.9, 6;
    %dup/vec4;
    %pushi/vec4 10, 0, 4;
    %cmp/u;
    %jmp/1 T_8.10, 6;
    %dup/vec4;
    %pushi/vec4 11, 0, 4;
    %cmp/u;
    %jmp/1 T_8.11, 6;
    %pushi/vec4 255, 0, 8;
    %store/vec4 v000000000286ee10_0, 0, 8;
    %jmp T_8.13;
T_8.0 ;
    %pushi/vec4 192, 0, 8;
    %store/vec4 v000000000286ee10_0, 0, 8;
    %jmp T_8.13;
T_8.1 ;
    %pushi/vec4 249, 0, 8;
    %store/vec4 v000000000286ee10_0, 0, 8;
    %jmp T_8.13;
T_8.2 ;
    %pushi/vec4 164, 0, 8;
    %store/vec4 v000000000286ee10_0, 0, 8;
    %jmp T_8.13;
T_8.3 ;
    %pushi/vec4 176, 0, 8;
    %store/vec4 v000000000286ee10_0, 0, 8;
    %jmp T_8.13;
T_8.4 ;
    %pushi/vec4 153, 0, 8;
    %store/vec4 v000000000286ee10_0, 0, 8;
    %jmp T_8.13;
T_8.5 ;
    %pushi/vec4 146, 0, 8;
    %store/vec4 v000000000286ee10_0, 0, 8;
    %jmp T_8.13;
T_8.6 ;
    %pushi/vec4 130, 0, 8;
    %store/vec4 v000000000286ee10_0, 0, 8;
    %jmp T_8.13;
T_8.7 ;
    %pushi/vec4 248, 0, 8;
    %store/vec4 v000000000286ee10_0, 0, 8;
    %jmp T_8.13;
T_8.8 ;
    %pushi/vec4 128, 0, 8;
    %store/vec4 v000000000286ee10_0, 0, 8;
    %jmp T_8.13;
T_8.9 ;
    %pushi/vec4 152, 0, 8;
    %store/vec4 v000000000286ee10_0, 0, 8;
    %jmp T_8.13;
T_8.10 ;
    %pushi/vec4 142, 0, 8;
    %store/vec4 v000000000286ee10_0, 0, 8;
    %jmp T_8.13;
T_8.11 ;
    %pushi/vec4 191, 0, 8;
    %store/vec4 v000000000286ee10_0, 0, 8;
    %jmp T_8.13;
T_8.13 ;
    %pop/vec4 1;
    %jmp T_8;
    .thread T_8, $push;
    .scope S_000000000282e530;
T_9 ;
    %wait E_0000000002887680;
    %load/vec4 v000000000286eeb0_0;
    %dup/vec4;
    %pushi/vec4 0, 0, 4;
    %cmp/u;
    %jmp/1 T_9.0, 6;
    %dup/vec4;
    %pushi/vec4 1, 0, 4;
    %cmp/u;
    %jmp/1 T_9.1, 6;
    %dup/vec4;
    %pushi/vec4 2, 0, 4;
    %cmp/u;
    %jmp/1 T_9.2, 6;
    %dup/vec4;
    %pushi/vec4 3, 0, 4;
    %cmp/u;
    %jmp/1 T_9.3, 6;
    %dup/vec4;
    %pushi/vec4 4, 0, 4;
    %cmp/u;
    %jmp/1 T_9.4, 6;
    %dup/vec4;
    %pushi/vec4 5, 0, 4;
    %cmp/u;
    %jmp/1 T_9.5, 6;
    %dup/vec4;
    %pushi/vec4 6, 0, 4;
    %cmp/u;
    %jmp/1 T_9.6, 6;
    %dup/vec4;
    %pushi/vec4 7, 0, 4;
    %cmp/u;
    %jmp/1 T_9.7, 6;
    %dup/vec4;
    %pushi/vec4 8, 0, 4;
    %cmp/u;
    %jmp/1 T_9.8, 6;
    %dup/vec4;
    %pushi/vec4 9, 0, 4;
    %cmp/u;
    %jmp/1 T_9.9, 6;
    %dup/vec4;
    %pushi/vec4 10, 0, 4;
    %cmp/u;
    %jmp/1 T_9.10, 6;
    %dup/vec4;
    %pushi/vec4 11, 0, 4;
    %cmp/u;
    %jmp/1 T_9.11, 6;
    %pushi/vec4 255, 0, 8;
    %store/vec4 v000000000286f310_0, 0, 8;
    %jmp T_9.13;
T_9.0 ;
    %pushi/vec4 192, 0, 8;
    %store/vec4 v000000000286f310_0, 0, 8;
    %jmp T_9.13;
T_9.1 ;
    %pushi/vec4 249, 0, 8;
    %store/vec4 v000000000286f310_0, 0, 8;
    %jmp T_9.13;
T_9.2 ;
    %pushi/vec4 164, 0, 8;
    %store/vec4 v000000000286f310_0, 0, 8;
    %jmp T_9.13;
T_9.3 ;
    %pushi/vec4 176, 0, 8;
    %store/vec4 v000000000286f310_0, 0, 8;
    %jmp T_9.13;
T_9.4 ;
    %pushi/vec4 153, 0, 8;
    %store/vec4 v000000000286f310_0, 0, 8;
    %jmp T_9.13;
T_9.5 ;
    %pushi/vec4 146, 0, 8;
    %store/vec4 v000000000286f310_0, 0, 8;
    %jmp T_9.13;
T_9.6 ;
    %pushi/vec4 130, 0, 8;
    %store/vec4 v000000000286f310_0, 0, 8;
    %jmp T_9.13;
T_9.7 ;
    %pushi/vec4 248, 0, 8;
    %store/vec4 v000000000286f310_0, 0, 8;
    %jmp T_9.13;
T_9.8 ;
    %pushi/vec4 128, 0, 8;
    %store/vec4 v000000000286f310_0, 0, 8;
    %jmp T_9.13;
T_9.9 ;
    %pushi/vec4 152, 0, 8;
    %store/vec4 v000000000286f310_0, 0, 8;
    %jmp T_9.13;
T_9.10 ;
    %pushi/vec4 142, 0, 8;
    %store/vec4 v000000000286f310_0, 0, 8;
    %jmp T_9.13;
T_9.11 ;
    %pushi/vec4 191, 0, 8;
    %store/vec4 v000000000286f310_0, 0, 8;
    %jmp T_9.13;
T_9.13 ;
    %pop/vec4 1;
    %jmp T_9;
    .thread T_9, $push;
    .scope S_000000000283cf30;
T_10 ;
    %wait E_0000000002886ac0;
    %load/vec4 v000000000286de70_0;
    %cmpi/e 15, 0, 4;
    %jmp/0xz  T_10.0, 4;
    %pushi/vec4 0, 0, 4;
    %assign/vec4 v0000000002858770_0, 0;
    %jmp T_10.1;
T_10.0 ;
    %load/vec4 v000000000286de70_0;
    %assign/vec4 v0000000002858770_0, 0;
T_10.1 ;
    %load/vec4 v0000000002858770_0;
    %pushi/vec4 3, 0, 4;
    %cmp/e;
    %flag_get/vec4 4;
    %load/vec4 v000000000286e050_0;
    %cmpi/u 1, 0, 4;
    %flag_get/vec4 4;
    %flag_get/vec4 5;
    %or;
    %and;
    %flag_set/vec4 8;
    %load/vec4 v0000000002858770_0;
    %cmpi/u 2, 0, 4;
    %flag_or 5, 4;
    %flag_or 5, 8;
    %jmp/0xz  T_10.2, 5;
    %pushi/vec4 1, 0, 4;
    %assign/vec4 v0000000002858e50_0, 0;
    %load/vec4 v000000000286de70_0;
    %assign/vec4 v000000000286e730_0, 0;
    %load/vec4 v000000000286e050_0;
    %assign/vec4 v000000000286eff0_0, 0;
    %jmp T_10.3;
T_10.2 ;
    %load/vec4 v0000000002858770_0;
    %cmpi/u 5, 0, 4;
    %flag_or 5, 4;
    %jmp/0xz  T_10.4, 5;
    %pushi/vec4 2, 0, 4;
    %assign/vec4 v0000000002858e50_0, 0;
    %load/vec4 v000000000286e050_0;
    %cmpi/u 1, 0, 4;
    %flag_inv 5; GE is !LT
    %jmp/0xz  T_10.6, 5;
    %load/vec4 v000000000286e050_0;
    %subi 1, 0, 4;
    %assign/vec4 v000000000286eff0_0, 0;
    %jmp T_10.7;
T_10.6 ;
    %pushi/vec4 9, 0, 4;
    %assign/vec4 v000000000286eff0_0, 0;
T_10.7 ;
    %load/vec4 v0000000002858770_0;
    %pushi/vec4 3, 0, 4;
    %cmp/e;
    %flag_get/vec4 4;
    %load/vec4 v000000000286e050_0;
    %cmpi/u 9, 0, 4;
    %flag_get/vec4 4;
    %flag_get/vec4 5;
    %or;
    %and;
    %flag_set/vec4 8;
    %load/vec4 v0000000002858770_0;
    %pushi/vec4 4, 0, 4;
    %cmp/e;
    %flag_get/vec4 4;
    %load/vec4 v000000000286e050_0;
    %pushi/vec4 0, 0, 4;
    %cmp/e;
    %flag_get/vec4 4;
    %and;
    %flag_set/vec4 9;
    %flag_or 9, 8;
    %jmp/0xz  T_10.8, 9;
    %pushi/vec4 15, 0, 4;
    %store/vec4 v000000000286e730_0, 0, 4;
T_10.8 ;
    %load/vec4 v0000000002858770_0;
    %pushi/vec4 4, 0, 4;
    %cmp/e;
    %flag_get/vec4 4;
    %pushi/vec4 1, 0, 4;
    %load/vec4 v000000000286e050_0;
    %cmp/u;
    %flag_get/vec4 4;
    %flag_get/vec4 5;
    %or;
    %and;
    %flag_set/vec4 8;
    %load/vec4 v0000000002858770_0;
    %pushi/vec4 5, 0, 4;
    %cmp/e;
    %flag_get/vec4 4;
    %load/vec4 v000000000286e050_0;
    %pushi/vec4 0, 0, 4;
    %cmp/e;
    %flag_get/vec4 4;
    %and;
    %flag_set/vec4 9;
    %flag_or 9, 8;
    %jmp/0xz  T_10.10, 9;
    %pushi/vec4 1, 0, 4;
    %store/vec4 v000000000286e730_0, 0, 4;
T_10.10 ;
    %load/vec4 v0000000002858770_0;
    %pushi/vec4 5, 0, 4;
    %cmp/e;
    %flag_get/vec4 4;
    %pushi/vec4 1, 0, 4;
    %load/vec4 v000000000286e050_0;
    %cmp/u;
    %flag_get/vec4 4;
    %flag_get/vec4 5;
    %or;
    %and;
    %flag_set/vec4 8;
    %jmp/0xz  T_10.12, 8;
    %pushi/vec4 2, 0, 4;
    %store/vec4 v000000000286e730_0, 0, 4;
T_10.12 ;
    %jmp T_10.5;
T_10.4 ;
    %load/vec4 v0000000002858770_0;
    %pushi/vec4 9, 0, 4;
    %cmp/e;
    %flag_get/vec4 4;
    %load/vec4 v000000000286e050_0;
    %pad/u 32;
    %pushi/vec4 0, 0, 32;
    %cmp/e;
    %flag_get/vec4 4;
    %and;
    %flag_set/vec4 8;
    %load/vec4 v0000000002858770_0;
    %cmpi/u 8, 0, 4;
    %flag_or 5, 4;
    %flag_or 5, 8;
    %jmp/0xz  T_10.14, 5;
    %pushi/vec4 3, 0, 4;
    %assign/vec4 v0000000002858e50_0, 0;
    %load/vec4 v000000000286e050_0;
    %cmpi/u 8, 0, 4;
    %flag_or 5, 4;
    %jmp/0xz  T_10.16, 5;
    %load/vec4 v000000000286e050_0;
    %addi 1, 0, 4;
    %assign/vec4 v000000000286eff0_0, 0;
    %jmp T_10.17;
T_10.16 ;
    %pushi/vec4 0, 0, 4;
    %assign/vec4 v000000000286eff0_0, 0;
T_10.17 ;
    %load/vec4 v0000000002858770_0;
    %pushi/vec4 6, 0, 4;
    %cmp/e;
    %flag_get/vec4 4;
    %load/vec4 v000000000286e050_0;
    %cmpi/u 9, 0, 4;
    %flag_get/vec4 4;
    %flag_get/vec4 5;
    %or;
    %and;
    %flag_set/vec4 8;
    %jmp/0xz  T_10.18, 8;
    %pushi/vec4 15, 0, 4;
    %store/vec4 v000000000286e730_0, 0, 4;
T_10.18 ;
    %load/vec4 v0000000002858770_0;
    %pushi/vec4 6, 0, 4;
    %cmp/e;
    %flag_get/vec4 4;
    %load/vec4 v000000000286e050_0;
    %pushi/vec4 9, 0, 4;
    %cmp/e;
    %flag_get/vec4 4;
    %and;
    %flag_set/vec4 8;
    %load/vec4 v0000000002858770_0;
    %pushi/vec4 7, 0, 4;
    %cmp/e;
    %flag_get/vec4 4;
    %load/vec4 v000000000286e050_0;
    %cmpi/u 8, 0, 4;
    %flag_get/vec4 4;
    %flag_get/vec4 5;
    %or;
    %and;
    %flag_set/vec4 9;
    %flag_or 9, 8;
    %jmp/0xz  T_10.20, 9;
    %pushi/vec4 1, 0, 4;
    %store/vec4 v000000000286e730_0, 0, 4;
T_10.20 ;
    %load/vec4 v0000000002858770_0;
    %pushi/vec4 7, 0, 4;
    %cmp/e;
    %flag_get/vec4 4;
    %load/vec4 v000000000286e050_0;
    %pushi/vec4 9, 0, 4;
    %cmp/e;
    %flag_get/vec4 4;
    %and;
    %flag_set/vec4 8;
    %load/vec4 v0000000002858770_0;
    %pushi/vec4 8, 0, 4;
    %cmp/e;
    %flag_get/vec4 4;
    %load/vec4 v000000000286e050_0;
    %cmpi/u 8, 0, 4;
    %flag_get/vec4 4;
    %flag_get/vec4 5;
    %or;
    %and;
    %flag_set/vec4 9;
    %flag_or 9, 8;
    %jmp/0xz  T_10.22, 9;
    %pushi/vec4 2, 0, 4;
    %store/vec4 v000000000286e730_0, 0, 4;
T_10.22 ;
    %load/vec4 v0000000002858770_0;
    %pushi/vec4 8, 0, 4;
    %cmp/e;
    %flag_get/vec4 4;
    %load/vec4 v000000000286e050_0;
    %pushi/vec4 9, 0, 4;
    %cmp/e;
    %flag_get/vec4 4;
    %and;
    %flag_set/vec4 8;
    %load/vec4 v0000000002858770_0;
    %cmpi/e 9, 0, 4;
    %flag_or 4, 8;
    %jmp/0xz  T_10.24, 4;
    %pushi/vec4 3, 0, 4;
    %store/vec4 v000000000286e730_0, 0, 4;
T_10.24 ;
    %jmp T_10.15;
T_10.14 ;
    %pushi/vec4 4, 0, 4;
    %assign/vec4 v0000000002858e50_0, 0;
    %pushi/vec4 15, 0, 4;
    %assign/vec4 v000000000286e730_0, 0;
    %load/vec4 v000000000286e050_0;
    %assign/vec4 v000000000286eff0_0, 0;
    %load/vec4 v000000000286e730_0;
    %cmpi/e 0, 0, 4;
    %jmp/0xz  T_10.26, 4;
    %pushi/vec4 15, 0, 4;
    %assign/vec4 v000000000286e730_0, 0;
T_10.26 ;
    %load/vec4 v000000000286eff0_0;
    %cmpi/e 15, 0, 4;
    %jmp/0xz  T_10.28, 4;
    %pushi/vec4 0, 0, 4;
    %assign/vec4 v000000000286eff0_0, 0;
T_10.28 ;
T_10.15 ;
T_10.5 ;
T_10.3 ;
    %jmp T_10;
    .thread T_10, $push;
    .scope S_0000000002826370;
T_11 ;
    %pushi/vec4 0, 0, 1;
    %store/vec4 v00000000028e8170_0, 0, 1;
    %pushi/vec4 1, 0, 1;
    %store/vec4 v00000000028e8670_0, 0, 1;
    %end;
    .thread T_11;
    .scope S_0000000002826370;
T_12 ;
    %wait E_0000000002887000;
    %load/vec4 v00000000028e8170_0;
    %inv;
    %assign/vec4 v00000000028e8170_0, 0;
    %jmp T_12;
    .thread T_12;
    .scope S_0000000002826370;
T_13 ;
    %wait E_0000000002887340;
    %load/vec4 v00000000028e8670_0;
    %inv;
    %assign/vec4 v00000000028e8670_0, 0;
    %jmp T_13;
    .thread T_13;
    .scope S_0000000002877ee0;
T_14 ;
    %delay 1000, 0;
    %load/vec4 v00000000028e82b0_0;
    %inv;
    %store/vec4 v00000000028e82b0_0, 0, 1;
    %jmp T_14;
    .thread T_14;
    .scope S_0000000002877ee0;
T_15 ;
    %vpi_call 2 19 "$dumpfile", "out.vcd" {0 0 0};
    %vpi_call 2 20 "$dumpvars" {0 0 0};
    %vpi_call 2 21 "$display", $time, " << Starting Simulation >>" {0 0 0};
    %pushi/vec4 0, 0, 1;
    %store/vec4 v00000000028e82b0_0, 0, 1;
    %pushi/vec4 1, 0, 1;
    %ix/load 4, 0, 0;
    %flag_set/imm 4, 0;
    %store/vec4 v00000000028e6c30_0, 4, 1;
    %delay 1000000, 0;
    %pushi/vec4 0, 0, 1;
    %ix/load 4, 0, 0;
    %flag_set/imm 4, 0;
    %store/vec4 v00000000028e6c30_0, 4, 1;
    %delay 1000000, 0;
    %pushi/vec4 1, 0, 1;
    %ix/load 4, 0, 0;
    %flag_set/imm 4, 0;
    %store/vec4 v00000000028e6c30_0, 4, 1;
    %delay 1000000, 0;
    %pushi/vec4 0, 0, 1;
    %ix/load 4, 0, 0;
    %flag_set/imm 4, 0;
    %store/vec4 v00000000028e6c30_0, 4, 1;
    %delay 1000000, 0;
    %pushi/vec4 1, 0, 1;
    %ix/load 4, 0, 0;
    %flag_set/imm 4, 0;
    %store/vec4 v00000000028e6c30_0, 4, 1;
    %delay 1000000, 0;
    %delay 1000000, 0;
    %delay 1000000, 0;
    %delay 1000000, 0;
    %delay 1000000, 0;
    %delay 1000000, 0;
    %delay 1000000, 0;
    %delay 1000000, 0;
    %delay 1000000, 0;
    %delay 1000000, 0;
    %delay 1000000, 0;
    %delay 1000000, 0;
    %delay 1000000, 0;
    %delay 1000000, 0;
    %delay 1000000, 0;
    %delay 1000000, 0;
    %delay 1000000, 0;
    %delay 1000000, 0;
    %delay 1000000, 0;
    %delay 1000000, 0;
    %delay 1000000, 0;
    %delay 1000000, 0;
    %delay 1000000, 0;
    %delay 1000000, 0;
    %delay 1000000, 0;
    %delay 1000000, 0;
    %delay 1000000, 0;
    %delay 1000000, 0;
    %delay 1000000, 0;
    %delay 1000000, 0;
    %delay 1000000, 0;
    %delay 1000000, 0;
    %delay 1000000, 0;
    %delay 1000000, 0;
    %delay 1000000, 0;
    %delay 1000000, 0;
    %delay 1000000, 0;
    %delay 1000000, 0;
    %delay 1000000, 0;
    %delay 1000000, 0;
    %delay 1000000, 0;
    %delay 1000000, 0;
    %delay 1000000, 0;
    %delay 1000000, 0;
    %delay 1000000, 0;
    %delay 1000000, 0;
    %delay 1000000, 0;
    %delay 1000000, 0;
    %delay 1000000, 0;
    %delay 1000000, 0;
    %delay 1000000, 0;
    %delay 1000000, 0;
    %delay 1000000, 0;
    %delay 1000000, 0;
    %delay 1000000, 0;
    %delay 1000000, 0;
    %delay 1000000, 0;
    %delay 1000000, 0;
    %delay 1000000, 0;
    %delay 1000000, 0;
    %delay 1000000, 0;
    %delay 1000000, 0;
    %delay 1000000, 0;
    %delay 1000000, 0;
    %delay 1000000, 0;
    %delay 1000000, 0;
    %delay 1000000, 0;
    %delay 1000000, 0;
    %delay 1000000, 0;
    %delay 1000000, 0;
    %delay 1000000, 0;
    %delay 1000000, 0;
    %delay 1000000, 0;
    %delay 1000000, 0;
    %delay 1000000, 0;
    %delay 1000000, 0;
    %delay 1000000, 0;
    %delay 1000000, 0;
    %delay 1000000, 0;
    %delay 1000000, 0;
    %delay 1000000, 0;
    %delay 1000000, 0;
    %delay 1000000, 0;
    %delay 1000000, 0;
    %delay 1000000, 0;
    %delay 1000000, 0;
    %delay 1000000, 0;
    %delay 1000000, 0;
    %delay 1000000, 0;
    %delay 1000000, 0;
    %delay 1000000, 0;
    %delay 1000000, 0;
    %delay 1000000, 0;
    %delay 1000000, 0;
    %delay 1000000, 0;
    %delay 1000000, 0;
    %delay 1000000, 0;
    %delay 1000000, 0;
    %delay 1000000, 0;
    %vpi_call 2 127 "$finish" {0 0 0};
    %end;
    .thread T_15;
    .scope S_0000000002877ee0;
T_16 ;
    %vpi_call 2 132 "$monitor", $time, "  HEX 2: %b, HEX 1: %b, HEX 0: %b, LED: %b", v00000000028e7630_0, v00000000028e7db0_0, v00000000028e73b0_0, &PV<v00000000028e7450_0, 0, 2> {0 0 0};
    %end;
    .thread T_16;
    .scope S_0000000002816000;
T_17 ;
    %wait E_0000000002887580;
    %load/vec4 v00000000028e79f0_0;
    %cmpi/e 5000000, 0, 32;
    %jmp/0xz  T_17.0, 4;
    %pushi/vec4 0, 0, 32;
    %assign/vec4 v00000000028e79f0_0, 0;
    %load/vec4 v00000000028e8350_0;
    %inv;
    %assign/vec4 v00000000028e8350_0, 0;
    %load/vec4 v00000000028e7770_0;
    %inv;
    %assign/vec4 v00000000028e7770_0, 0;
    %jmp T_17.1;
T_17.0 ;
    %load/vec4 v00000000028e79f0_0;
    %addi 1, 0, 32;
    %assign/vec4 v00000000028e79f0_0, 0;
T_17.1 ;
    %jmp T_17;
    .thread T_17;
    .scope S_00000000028ce4e0;
T_18 ;
    %wait E_0000000002887580;
    %load/vec4 v00000000028cbf80_0;
    %cmpi/e 1000000, 0, 32;
    %jmp/0xz  T_18.0, 4;
    %pushi/vec4 0, 0, 32;
    %assign/vec4 v00000000028cbf80_0, 0;
    %load/vec4 v00000000028cd1a0_0;
    %inv;
    %assign/vec4 v00000000028cd1a0_0, 0;
    %load/vec4 v00000000028cce80_0;
    %inv;
    %assign/vec4 v00000000028cce80_0, 0;
    %jmp T_18.1;
T_18.0 ;
    %load/vec4 v00000000028cbf80_0;
    %addi 1, 0, 32;
    %assign/vec4 v00000000028cbf80_0, 0;
T_18.1 ;
    %jmp T_18;
    .thread T_18;
    .scope S_0000000002817160;
T_19 ;
    %wait E_0000000002886d00;
    %load/vec4 v00000000028e7950_0;
    %dup/vec4;
    %pushi/vec4 0, 0, 4;
    %cmp/u;
    %jmp/1 T_19.0, 6;
    %dup/vec4;
    %pushi/vec4 1, 0, 4;
    %cmp/u;
    %jmp/1 T_19.1, 6;
    %dup/vec4;
    %pushi/vec4 2, 0, 4;
    %cmp/u;
    %jmp/1 T_19.2, 6;
    %dup/vec4;
    %pushi/vec4 3, 0, 4;
    %cmp/u;
    %jmp/1 T_19.3, 6;
    %dup/vec4;
    %pushi/vec4 4, 0, 4;
    %cmp/u;
    %jmp/1 T_19.4, 6;
    %dup/vec4;
    %pushi/vec4 5, 0, 4;
    %cmp/u;
    %jmp/1 T_19.5, 6;
    %dup/vec4;
    %pushi/vec4 6, 0, 4;
    %cmp/u;
    %jmp/1 T_19.6, 6;
    %dup/vec4;
    %pushi/vec4 7, 0, 4;
    %cmp/u;
    %jmp/1 T_19.7, 6;
    %dup/vec4;
    %pushi/vec4 8, 0, 4;
    %cmp/u;
    %jmp/1 T_19.8, 6;
    %dup/vec4;
    %pushi/vec4 9, 0, 4;
    %cmp/u;
    %jmp/1 T_19.9, 6;
    %dup/vec4;
    %pushi/vec4 10, 0, 4;
    %cmp/u;
    %jmp/1 T_19.10, 6;
    %dup/vec4;
    %pushi/vec4 11, 0, 4;
    %cmp/u;
    %jmp/1 T_19.11, 6;
    %pushi/vec4 255, 0, 8;
    %store/vec4 v00000000028e78b0_0, 0, 8;
    %jmp T_19.13;
T_19.0 ;
    %pushi/vec4 192, 0, 8;
    %store/vec4 v00000000028e78b0_0, 0, 8;
    %jmp T_19.13;
T_19.1 ;
    %pushi/vec4 249, 0, 8;
    %store/vec4 v00000000028e78b0_0, 0, 8;
    %jmp T_19.13;
T_19.2 ;
    %pushi/vec4 164, 0, 8;
    %store/vec4 v00000000028e78b0_0, 0, 8;
    %jmp T_19.13;
T_19.3 ;
    %pushi/vec4 176, 0, 8;
    %store/vec4 v00000000028e78b0_0, 0, 8;
    %jmp T_19.13;
T_19.4 ;
    %pushi/vec4 153, 0, 8;
    %store/vec4 v00000000028e78b0_0, 0, 8;
    %jmp T_19.13;
T_19.5 ;
    %pushi/vec4 146, 0, 8;
    %store/vec4 v00000000028e78b0_0, 0, 8;
    %jmp T_19.13;
T_19.6 ;
    %pushi/vec4 130, 0, 8;
    %store/vec4 v00000000028e78b0_0, 0, 8;
    %jmp T_19.13;
T_19.7 ;
    %pushi/vec4 248, 0, 8;
    %store/vec4 v00000000028e78b0_0, 0, 8;
    %jmp T_19.13;
T_19.8 ;
    %pushi/vec4 128, 0, 8;
    %store/vec4 v00000000028e78b0_0, 0, 8;
    %jmp T_19.13;
T_19.9 ;
    %pushi/vec4 152, 0, 8;
    %store/vec4 v00000000028e78b0_0, 0, 8;
    %jmp T_19.13;
T_19.10 ;
    %pushi/vec4 142, 0, 8;
    %store/vec4 v00000000028e78b0_0, 0, 8;
    %jmp T_19.13;
T_19.11 ;
    %pushi/vec4 191, 0, 8;
    %store/vec4 v00000000028e78b0_0, 0, 8;
    %jmp T_19.13;
T_19.13 ;
    %pop/vec4 1;
    %jmp T_19;
    .thread T_19, $push;
    .scope S_00000000027e2bc0;
T_20 ;
    %wait E_0000000002887480;
    %load/vec4 v00000000028e8530_0;
    %dup/vec4;
    %pushi/vec4 0, 0, 4;
    %cmp/u;
    %jmp/1 T_20.0, 6;
    %dup/vec4;
    %pushi/vec4 1, 0, 4;
    %cmp/u;
    %jmp/1 T_20.1, 6;
    %dup/vec4;
    %pushi/vec4 2, 0, 4;
    %cmp/u;
    %jmp/1 T_20.2, 6;
    %dup/vec4;
    %pushi/vec4 3, 0, 4;
    %cmp/u;
    %jmp/1 T_20.3, 6;
    %dup/vec4;
    %pushi/vec4 4, 0, 4;
    %cmp/u;
    %jmp/1 T_20.4, 6;
    %dup/vec4;
    %pushi/vec4 5, 0, 4;
    %cmp/u;
    %jmp/1 T_20.5, 6;
    %dup/vec4;
    %pushi/vec4 6, 0, 4;
    %cmp/u;
    %jmp/1 T_20.6, 6;
    %dup/vec4;
    %pushi/vec4 7, 0, 4;
    %cmp/u;
    %jmp/1 T_20.7, 6;
    %dup/vec4;
    %pushi/vec4 8, 0, 4;
    %cmp/u;
    %jmp/1 T_20.8, 6;
    %dup/vec4;
    %pushi/vec4 9, 0, 4;
    %cmp/u;
    %jmp/1 T_20.9, 6;
    %dup/vec4;
    %pushi/vec4 10, 0, 4;
    %cmp/u;
    %jmp/1 T_20.10, 6;
    %dup/vec4;
    %pushi/vec4 11, 0, 4;
    %cmp/u;
    %jmp/1 T_20.11, 6;
    %pushi/vec4 255, 0, 8;
    %store/vec4 v00000000028e7b30_0, 0, 8;
    %jmp T_20.13;
T_20.0 ;
    %pushi/vec4 192, 0, 8;
    %store/vec4 v00000000028e7b30_0, 0, 8;
    %jmp T_20.13;
T_20.1 ;
    %pushi/vec4 249, 0, 8;
    %store/vec4 v00000000028e7b30_0, 0, 8;
    %jmp T_20.13;
T_20.2 ;
    %pushi/vec4 164, 0, 8;
    %store/vec4 v00000000028e7b30_0, 0, 8;
    %jmp T_20.13;
T_20.3 ;
    %pushi/vec4 176, 0, 8;
    %store/vec4 v00000000028e7b30_0, 0, 8;
    %jmp T_20.13;
T_20.4 ;
    %pushi/vec4 153, 0, 8;
    %store/vec4 v00000000028e7b30_0, 0, 8;
    %jmp T_20.13;
T_20.5 ;
    %pushi/vec4 146, 0, 8;
    %store/vec4 v00000000028e7b30_0, 0, 8;
    %jmp T_20.13;
T_20.6 ;
    %pushi/vec4 130, 0, 8;
    %store/vec4 v00000000028e7b30_0, 0, 8;
    %jmp T_20.13;
T_20.7 ;
    %pushi/vec4 248, 0, 8;
    %store/vec4 v00000000028e7b30_0, 0, 8;
    %jmp T_20.13;
T_20.8 ;
    %pushi/vec4 128, 0, 8;
    %store/vec4 v00000000028e7b30_0, 0, 8;
    %jmp T_20.13;
T_20.9 ;
    %pushi/vec4 152, 0, 8;
    %store/vec4 v00000000028e7b30_0, 0, 8;
    %jmp T_20.13;
T_20.10 ;
    %pushi/vec4 142, 0, 8;
    %store/vec4 v00000000028e7b30_0, 0, 8;
    %jmp T_20.13;
T_20.11 ;
    %pushi/vec4 191, 0, 8;
    %store/vec4 v00000000028e7b30_0, 0, 8;
    %jmp T_20.13;
T_20.13 ;
    %pop/vec4 1;
    %jmp T_20;
    .thread T_20, $push;
    .scope S_0000000002816fd0;
T_21 ;
    %wait E_0000000002886cc0;
    %load/vec4 v00000000028cd9c0_0;
    %pad/u 32;
    %cmpi/e 0, 0, 32;
    %jmp/0xz  T_21.0, 4;
    %pushi/vec4 1, 0, 4;
    %assign/vec4 v00000000028cc5c0_0, 0;
    %jmp T_21.1;
T_21.0 ;
    %load/vec4 v00000000028cc5c0_0;
    %pushi/vec4 9, 0, 4;
    %cmp/e;
    %flag_get/vec4 4;
    %load/vec4 v00000000028e6910_0;
    %pushi/vec4 9, 0, 4;
    %cmp/e;
    %flag_get/vec4 4;
    %and;
    %flag_set/vec4 8;
    %jmp/0xz  T_21.2, 8;
    %pushi/vec4 1, 0, 4;
    %assign/vec4 v00000000028cc5c0_0, 0;
    %jmp T_21.3;
T_21.2 ;
    %load/vec4 v00000000028cc5c0_0;
    %cmpi/e 9, 0, 4;
    %jmp/0xz  T_21.4, 4;
    %pushi/vec4 0, 0, 4;
    %assign/vec4 v00000000028cc5c0_0, 0;
    %jmp T_21.5;
T_21.4 ;
    %load/vec4 v00000000028cc5c0_0;
    %addi 1, 0, 4;
    %assign/vec4 v00000000028cc5c0_0, 0;
T_21.5 ;
T_21.3 ;
T_21.1 ;
    %jmp T_21;
    .thread T_21;
    .scope S_0000000002816fd0;
T_22 ;
    %wait E_0000000002886cc0;
    %load/vec4 v00000000028cd9c0_0;
    %pad/u 32;
    %cmpi/e 0, 0, 32;
    %jmp/0xz  T_22.0, 4;
    %pushi/vec4 15, 0, 4;
    %assign/vec4 v00000000028e6910_0, 0;
    %jmp T_22.1;
T_22.0 ;
    %load/vec4 v00000000028e6910_0;
    %pushi/vec4 9, 0, 4;
    %cmp/e;
    %flag_get/vec4 4;
    %load/vec4 v00000000028cc5c0_0;
    %pushi/vec4 9, 0, 4;
    %cmp/e;
    %flag_get/vec4 4;
    %and;
    %flag_set/vec4 8;
    %jmp/0xz  T_22.2, 8;
    %pushi/vec4 15, 0, 4;
    %assign/vec4 v00000000028e6910_0, 0;
    %jmp T_22.3;
T_22.2 ;
    %load/vec4 v00000000028cc5c0_0;
    %pushi/vec4 9, 0, 4;
    %cmp/e;
    %flag_get/vec4 4;
    %load/vec4 v00000000028e6910_0;
    %pushi/vec4 15, 0, 4;
    %cmp/ne;
    %flag_get/vec4 6;
    %and;
    %flag_set/vec4 8;
    %jmp/0xz  T_22.4, 8;
    %load/vec4 v00000000028e6910_0;
    %addi 1, 0, 4;
    %assign/vec4 v00000000028e6910_0, 0;
    %jmp T_22.5;
T_22.4 ;
    %load/vec4 v00000000028cc5c0_0;
    %cmpi/e 9, 0, 4;
    %jmp/0xz  T_22.6, 4;
    %pushi/vec4 1, 0, 4;
    %assign/vec4 v00000000028e6910_0, 0;
T_22.6 ;
T_22.5 ;
T_22.3 ;
T_22.1 ;
    %jmp T_22;
    .thread T_22;
    .scope S_00000000028ce030;
T_23 ;
    %wait E_0000000002886dc0;
    %load/vec4 v00000000028ccf20_0;
    %dup/vec4;
    %pushi/vec4 0, 0, 4;
    %cmp/u;
    %jmp/1 T_23.0, 6;
    %dup/vec4;
    %pushi/vec4 1, 0, 4;
    %cmp/u;
    %jmp/1 T_23.1, 6;
    %dup/vec4;
    %pushi/vec4 2, 0, 4;
    %cmp/u;
    %jmp/1 T_23.2, 6;
    %dup/vec4;
    %pushi/vec4 3, 0, 4;
    %cmp/u;
    %jmp/1 T_23.3, 6;
    %dup/vec4;
    %pushi/vec4 4, 0, 4;
    %cmp/u;
    %jmp/1 T_23.4, 6;
    %dup/vec4;
    %pushi/vec4 5, 0, 4;
    %cmp/u;
    %jmp/1 T_23.5, 6;
    %dup/vec4;
    %pushi/vec4 6, 0, 4;
    %cmp/u;
    %jmp/1 T_23.6, 6;
    %dup/vec4;
    %pushi/vec4 7, 0, 4;
    %cmp/u;
    %jmp/1 T_23.7, 6;
    %dup/vec4;
    %pushi/vec4 8, 0, 4;
    %cmp/u;
    %jmp/1 T_23.8, 6;
    %dup/vec4;
    %pushi/vec4 9, 0, 4;
    %cmp/u;
    %jmp/1 T_23.9, 6;
    %dup/vec4;
    %pushi/vec4 10, 0, 4;
    %cmp/u;
    %jmp/1 T_23.10, 6;
    %dup/vec4;
    %pushi/vec4 11, 0, 4;
    %cmp/u;
    %jmp/1 T_23.11, 6;
    %pushi/vec4 255, 0, 8;
    %store/vec4 v00000000028cc980_0, 0, 8;
    %jmp T_23.13;
T_23.0 ;
    %pushi/vec4 192, 0, 8;
    %store/vec4 v00000000028cc980_0, 0, 8;
    %jmp T_23.13;
T_23.1 ;
    %pushi/vec4 249, 0, 8;
    %store/vec4 v00000000028cc980_0, 0, 8;
    %jmp T_23.13;
T_23.2 ;
    %pushi/vec4 164, 0, 8;
    %store/vec4 v00000000028cc980_0, 0, 8;
    %jmp T_23.13;
T_23.3 ;
    %pushi/vec4 176, 0, 8;
    %store/vec4 v00000000028cc980_0, 0, 8;
    %jmp T_23.13;
T_23.4 ;
    %pushi/vec4 153, 0, 8;
    %store/vec4 v00000000028cc980_0, 0, 8;
    %jmp T_23.13;
T_23.5 ;
    %pushi/vec4 146, 0, 8;
    %store/vec4 v00000000028cc980_0, 0, 8;
    %jmp T_23.13;
T_23.6 ;
    %pushi/vec4 130, 0, 8;
    %store/vec4 v00000000028cc980_0, 0, 8;
    %jmp T_23.13;
T_23.7 ;
    %pushi/vec4 248, 0, 8;
    %store/vec4 v00000000028cc980_0, 0, 8;
    %jmp T_23.13;
T_23.8 ;
    %pushi/vec4 128, 0, 8;
    %store/vec4 v00000000028cc980_0, 0, 8;
    %jmp T_23.13;
T_23.9 ;
    %pushi/vec4 152, 0, 8;
    %store/vec4 v00000000028cc980_0, 0, 8;
    %jmp T_23.13;
T_23.10 ;
    %pushi/vec4 142, 0, 8;
    %store/vec4 v00000000028cc980_0, 0, 8;
    %jmp T_23.13;
T_23.11 ;
    %pushi/vec4 191, 0, 8;
    %store/vec4 v00000000028cc980_0, 0, 8;
    %jmp T_23.13;
T_23.13 ;
    %pop/vec4 1;
    %jmp T_23;
    .thread T_23, $push;
    .scope S_00000000028ce670;
T_24 ;
    %wait E_0000000002887140;
    %load/vec4 v00000000028cbd00_0;
    %dup/vec4;
    %pushi/vec4 0, 0, 4;
    %cmp/u;
    %jmp/1 T_24.0, 6;
    %dup/vec4;
    %pushi/vec4 1, 0, 4;
    %cmp/u;
    %jmp/1 T_24.1, 6;
    %dup/vec4;
    %pushi/vec4 2, 0, 4;
    %cmp/u;
    %jmp/1 T_24.2, 6;
    %dup/vec4;
    %pushi/vec4 3, 0, 4;
    %cmp/u;
    %jmp/1 T_24.3, 6;
    %dup/vec4;
    %pushi/vec4 4, 0, 4;
    %cmp/u;
    %jmp/1 T_24.4, 6;
    %dup/vec4;
    %pushi/vec4 5, 0, 4;
    %cmp/u;
    %jmp/1 T_24.5, 6;
    %dup/vec4;
    %pushi/vec4 6, 0, 4;
    %cmp/u;
    %jmp/1 T_24.6, 6;
    %dup/vec4;
    %pushi/vec4 7, 0, 4;
    %cmp/u;
    %jmp/1 T_24.7, 6;
    %dup/vec4;
    %pushi/vec4 8, 0, 4;
    %cmp/u;
    %jmp/1 T_24.8, 6;
    %dup/vec4;
    %pushi/vec4 9, 0, 4;
    %cmp/u;
    %jmp/1 T_24.9, 6;
    %dup/vec4;
    %pushi/vec4 10, 0, 4;
    %cmp/u;
    %jmp/1 T_24.10, 6;
    %dup/vec4;
    %pushi/vec4 11, 0, 4;
    %cmp/u;
    %jmp/1 T_24.11, 6;
    %pushi/vec4 255, 0, 8;
    %store/vec4 v00000000028cc700_0, 0, 8;
    %jmp T_24.13;
T_24.0 ;
    %pushi/vec4 192, 0, 8;
    %store/vec4 v00000000028cc700_0, 0, 8;
    %jmp T_24.13;
T_24.1 ;
    %pushi/vec4 249, 0, 8;
    %store/vec4 v00000000028cc700_0, 0, 8;
    %jmp T_24.13;
T_24.2 ;
    %pushi/vec4 164, 0, 8;
    %store/vec4 v00000000028cc700_0, 0, 8;
    %jmp T_24.13;
T_24.3 ;
    %pushi/vec4 176, 0, 8;
    %store/vec4 v00000000028cc700_0, 0, 8;
    %jmp T_24.13;
T_24.4 ;
    %pushi/vec4 153, 0, 8;
    %store/vec4 v00000000028cc700_0, 0, 8;
    %jmp T_24.13;
T_24.5 ;
    %pushi/vec4 146, 0, 8;
    %store/vec4 v00000000028cc700_0, 0, 8;
    %jmp T_24.13;
T_24.6 ;
    %pushi/vec4 130, 0, 8;
    %store/vec4 v00000000028cc700_0, 0, 8;
    %jmp T_24.13;
T_24.7 ;
    %pushi/vec4 248, 0, 8;
    %store/vec4 v00000000028cc700_0, 0, 8;
    %jmp T_24.13;
T_24.8 ;
    %pushi/vec4 128, 0, 8;
    %store/vec4 v00000000028cc700_0, 0, 8;
    %jmp T_24.13;
T_24.9 ;
    %pushi/vec4 152, 0, 8;
    %store/vec4 v00000000028cc700_0, 0, 8;
    %jmp T_24.13;
T_24.10 ;
    %pushi/vec4 142, 0, 8;
    %store/vec4 v00000000028cc700_0, 0, 8;
    %jmp T_24.13;
T_24.11 ;
    %pushi/vec4 191, 0, 8;
    %store/vec4 v00000000028cc700_0, 0, 8;
    %jmp T_24.13;
T_24.13 ;
    %pop/vec4 1;
    %jmp T_24;
    .thread T_24, $push;
    .scope S_00000000028ce1c0;
T_25 ;
    %wait E_00000000028873c0;
    %load/vec4 v00000000028cd100_0;
    %dup/vec4;
    %pushi/vec4 0, 0, 4;
    %cmp/u;
    %jmp/1 T_25.0, 6;
    %dup/vec4;
    %pushi/vec4 1, 0, 4;
    %cmp/u;
    %jmp/1 T_25.1, 6;
    %dup/vec4;
    %pushi/vec4 2, 0, 4;
    %cmp/u;
    %jmp/1 T_25.2, 6;
    %dup/vec4;
    %pushi/vec4 3, 0, 4;
    %cmp/u;
    %jmp/1 T_25.3, 6;
    %dup/vec4;
    %pushi/vec4 4, 0, 4;
    %cmp/u;
    %jmp/1 T_25.4, 6;
    %dup/vec4;
    %pushi/vec4 5, 0, 4;
    %cmp/u;
    %jmp/1 T_25.5, 6;
    %dup/vec4;
    %pushi/vec4 6, 0, 4;
    %cmp/u;
    %jmp/1 T_25.6, 6;
    %dup/vec4;
    %pushi/vec4 7, 0, 4;
    %cmp/u;
    %jmp/1 T_25.7, 6;
    %dup/vec4;
    %pushi/vec4 8, 0, 4;
    %cmp/u;
    %jmp/1 T_25.8, 6;
    %dup/vec4;
    %pushi/vec4 9, 0, 4;
    %cmp/u;
    %jmp/1 T_25.9, 6;
    %dup/vec4;
    %pushi/vec4 10, 0, 4;
    %cmp/u;
    %jmp/1 T_25.10, 6;
    %dup/vec4;
    %pushi/vec4 11, 0, 4;
    %cmp/u;
    %jmp/1 T_25.11, 6;
    %pushi/vec4 255, 0, 8;
    %store/vec4 v00000000028cc520_0, 0, 8;
    %jmp T_25.13;
T_25.0 ;
    %pushi/vec4 192, 0, 8;
    %store/vec4 v00000000028cc520_0, 0, 8;
    %jmp T_25.13;
T_25.1 ;
    %pushi/vec4 249, 0, 8;
    %store/vec4 v00000000028cc520_0, 0, 8;
    %jmp T_25.13;
T_25.2 ;
    %pushi/vec4 164, 0, 8;
    %store/vec4 v00000000028cc520_0, 0, 8;
    %jmp T_25.13;
T_25.3 ;
    %pushi/vec4 176, 0, 8;
    %store/vec4 v00000000028cc520_0, 0, 8;
    %jmp T_25.13;
T_25.4 ;
    %pushi/vec4 153, 0, 8;
    %store/vec4 v00000000028cc520_0, 0, 8;
    %jmp T_25.13;
T_25.5 ;
    %pushi/vec4 146, 0, 8;
    %store/vec4 v00000000028cc520_0, 0, 8;
    %jmp T_25.13;
T_25.6 ;
    %pushi/vec4 130, 0, 8;
    %store/vec4 v00000000028cc520_0, 0, 8;
    %jmp T_25.13;
T_25.7 ;
    %pushi/vec4 248, 0, 8;
    %store/vec4 v00000000028cc520_0, 0, 8;
    %jmp T_25.13;
T_25.8 ;
    %pushi/vec4 128, 0, 8;
    %store/vec4 v00000000028cc520_0, 0, 8;
    %jmp T_25.13;
T_25.9 ;
    %pushi/vec4 152, 0, 8;
    %store/vec4 v00000000028cc520_0, 0, 8;
    %jmp T_25.13;
T_25.10 ;
    %pushi/vec4 142, 0, 8;
    %store/vec4 v00000000028cc520_0, 0, 8;
    %jmp T_25.13;
T_25.11 ;
    %pushi/vec4 191, 0, 8;
    %store/vec4 v00000000028cc520_0, 0, 8;
    %jmp T_25.13;
T_25.13 ;
    %pop/vec4 1;
    %jmp T_25;
    .thread T_25, $push;
    .scope S_00000000028ce350;
T_26 ;
    %wait E_0000000002886980;
    %load/vec4 v00000000028cda60_0;
    %dup/vec4;
    %pushi/vec4 0, 0, 4;
    %cmp/u;
    %jmp/1 T_26.0, 6;
    %dup/vec4;
    %pushi/vec4 1, 0, 4;
    %cmp/u;
    %jmp/1 T_26.1, 6;
    %dup/vec4;
    %pushi/vec4 2, 0, 4;
    %cmp/u;
    %jmp/1 T_26.2, 6;
    %dup/vec4;
    %pushi/vec4 3, 0, 4;
    %cmp/u;
    %jmp/1 T_26.3, 6;
    %dup/vec4;
    %pushi/vec4 4, 0, 4;
    %cmp/u;
    %jmp/1 T_26.4, 6;
    %dup/vec4;
    %pushi/vec4 5, 0, 4;
    %cmp/u;
    %jmp/1 T_26.5, 6;
    %dup/vec4;
    %pushi/vec4 6, 0, 4;
    %cmp/u;
    %jmp/1 T_26.6, 6;
    %dup/vec4;
    %pushi/vec4 7, 0, 4;
    %cmp/u;
    %jmp/1 T_26.7, 6;
    %dup/vec4;
    %pushi/vec4 8, 0, 4;
    %cmp/u;
    %jmp/1 T_26.8, 6;
    %dup/vec4;
    %pushi/vec4 9, 0, 4;
    %cmp/u;
    %jmp/1 T_26.9, 6;
    %dup/vec4;
    %pushi/vec4 10, 0, 4;
    %cmp/u;
    %jmp/1 T_26.10, 6;
    %dup/vec4;
    %pushi/vec4 11, 0, 4;
    %cmp/u;
    %jmp/1 T_26.11, 6;
    %pushi/vec4 255, 0, 8;
    %store/vec4 v00000000028cc7a0_0, 0, 8;
    %jmp T_26.13;
T_26.0 ;
    %pushi/vec4 192, 0, 8;
    %store/vec4 v00000000028cc7a0_0, 0, 8;
    %jmp T_26.13;
T_26.1 ;
    %pushi/vec4 249, 0, 8;
    %store/vec4 v00000000028cc7a0_0, 0, 8;
    %jmp T_26.13;
T_26.2 ;
    %pushi/vec4 164, 0, 8;
    %store/vec4 v00000000028cc7a0_0, 0, 8;
    %jmp T_26.13;
T_26.3 ;
    %pushi/vec4 176, 0, 8;
    %store/vec4 v00000000028cc7a0_0, 0, 8;
    %jmp T_26.13;
T_26.4 ;
    %pushi/vec4 153, 0, 8;
    %store/vec4 v00000000028cc7a0_0, 0, 8;
    %jmp T_26.13;
T_26.5 ;
    %pushi/vec4 146, 0, 8;
    %store/vec4 v00000000028cc7a0_0, 0, 8;
    %jmp T_26.13;
T_26.6 ;
    %pushi/vec4 130, 0, 8;
    %store/vec4 v00000000028cc7a0_0, 0, 8;
    %jmp T_26.13;
T_26.7 ;
    %pushi/vec4 248, 0, 8;
    %store/vec4 v00000000028cc7a0_0, 0, 8;
    %jmp T_26.13;
T_26.8 ;
    %pushi/vec4 128, 0, 8;
    %store/vec4 v00000000028cc7a0_0, 0, 8;
    %jmp T_26.13;
T_26.9 ;
    %pushi/vec4 152, 0, 8;
    %store/vec4 v00000000028cc7a0_0, 0, 8;
    %jmp T_26.13;
T_26.10 ;
    %pushi/vec4 142, 0, 8;
    %store/vec4 v00000000028cc7a0_0, 0, 8;
    %jmp T_26.13;
T_26.11 ;
    %pushi/vec4 191, 0, 8;
    %store/vec4 v00000000028cc7a0_0, 0, 8;
    %jmp T_26.13;
T_26.13 ;
    %pop/vec4 1;
    %jmp T_26;
    .thread T_26, $push;
    .scope S_00000000028ce990;
T_27 ;
    %wait E_0000000002886d00;
    %load/vec4 v00000000028cc3e0_0;
    %cmpi/e 15, 0, 4;
    %jmp/0xz  T_27.0, 4;
    %pushi/vec4 0, 0, 4;
    %assign/vec4 v00000000028cc660_0, 0;
    %jmp T_27.1;
T_27.0 ;
    %load/vec4 v00000000028cc3e0_0;
    %assign/vec4 v00000000028cc660_0, 0;
T_27.1 ;
    %load/vec4 v00000000028cc660_0;
    %pushi/vec4 3, 0, 4;
    %cmp/e;
    %flag_get/vec4 4;
    %load/vec4 v00000000028ccde0_0;
    %cmpi/u 1, 0, 4;
    %flag_get/vec4 4;
    %flag_get/vec4 5;
    %or;
    %and;
    %flag_set/vec4 8;
    %load/vec4 v00000000028cc660_0;
    %cmpi/u 2, 0, 4;
    %flag_or 5, 4;
    %flag_or 5, 8;
    %jmp/0xz  T_27.2, 5;
    %pushi/vec4 1, 0, 4;
    %assign/vec4 v00000000028cd600_0, 0;
    %load/vec4 v00000000028cc3e0_0;
    %assign/vec4 v00000000028ccb60_0, 0;
    %load/vec4 v00000000028ccde0_0;
    %assign/vec4 v00000000028cc200_0, 0;
    %jmp T_27.3;
T_27.2 ;
    %load/vec4 v00000000028cc660_0;
    %cmpi/u 5, 0, 4;
    %flag_or 5, 4;
    %jmp/0xz  T_27.4, 5;
    %pushi/vec4 2, 0, 4;
    %assign/vec4 v00000000028cd600_0, 0;
    %load/vec4 v00000000028ccde0_0;
    %cmpi/u 1, 0, 4;
    %flag_inv 5; GE is !LT
    %jmp/0xz  T_27.6, 5;
    %load/vec4 v00000000028ccde0_0;
    %subi 1, 0, 4;
    %assign/vec4 v00000000028cc200_0, 0;
    %jmp T_27.7;
T_27.6 ;
    %pushi/vec4 9, 0, 4;
    %assign/vec4 v00000000028cc200_0, 0;
T_27.7 ;
    %load/vec4 v00000000028cc660_0;
    %pushi/vec4 3, 0, 4;
    %cmp/e;
    %flag_get/vec4 4;
    %load/vec4 v00000000028ccde0_0;
    %cmpi/u 9, 0, 4;
    %flag_get/vec4 4;
    %flag_get/vec4 5;
    %or;
    %and;
    %flag_set/vec4 8;
    %load/vec4 v00000000028cc660_0;
    %pushi/vec4 4, 0, 4;
    %cmp/e;
    %flag_get/vec4 4;
    %load/vec4 v00000000028ccde0_0;
    %pushi/vec4 0, 0, 4;
    %cmp/e;
    %flag_get/vec4 4;
    %and;
    %flag_set/vec4 9;
    %flag_or 9, 8;
    %jmp/0xz  T_27.8, 9;
    %pushi/vec4 15, 0, 4;
    %store/vec4 v00000000028ccb60_0, 0, 4;
T_27.8 ;
    %load/vec4 v00000000028cc660_0;
    %pushi/vec4 4, 0, 4;
    %cmp/e;
    %flag_get/vec4 4;
    %pushi/vec4 1, 0, 4;
    %load/vec4 v00000000028ccde0_0;
    %cmp/u;
    %flag_get/vec4 4;
    %flag_get/vec4 5;
    %or;
    %and;
    %flag_set/vec4 8;
    %load/vec4 v00000000028cc660_0;
    %pushi/vec4 5, 0, 4;
    %cmp/e;
    %flag_get/vec4 4;
    %load/vec4 v00000000028ccde0_0;
    %pushi/vec4 0, 0, 4;
    %cmp/e;
    %flag_get/vec4 4;
    %and;
    %flag_set/vec4 9;
    %flag_or 9, 8;
    %jmp/0xz  T_27.10, 9;
    %pushi/vec4 1, 0, 4;
    %store/vec4 v00000000028ccb60_0, 0, 4;
T_27.10 ;
    %load/vec4 v00000000028cc660_0;
    %pushi/vec4 5, 0, 4;
    %cmp/e;
    %flag_get/vec4 4;
    %pushi/vec4 1, 0, 4;
    %load/vec4 v00000000028ccde0_0;
    %cmp/u;
    %flag_get/vec4 4;
    %flag_get/vec4 5;
    %or;
    %and;
    %flag_set/vec4 8;
    %jmp/0xz  T_27.12, 8;
    %pushi/vec4 2, 0, 4;
    %store/vec4 v00000000028ccb60_0, 0, 4;
T_27.12 ;
    %jmp T_27.5;
T_27.4 ;
    %load/vec4 v00000000028cc660_0;
    %pushi/vec4 9, 0, 4;
    %cmp/e;
    %flag_get/vec4 4;
    %load/vec4 v00000000028ccde0_0;
    %pad/u 32;
    %pushi/vec4 0, 0, 32;
    %cmp/e;
    %flag_get/vec4 4;
    %and;
    %flag_set/vec4 8;
    %load/vec4 v00000000028cc660_0;
    %cmpi/u 8, 0, 4;
    %flag_or 5, 4;
    %flag_or 5, 8;
    %jmp/0xz  T_27.14, 5;
    %pushi/vec4 3, 0, 4;
    %assign/vec4 v00000000028cd600_0, 0;
    %load/vec4 v00000000028ccde0_0;
    %cmpi/u 8, 0, 4;
    %flag_or 5, 4;
    %jmp/0xz  T_27.16, 5;
    %load/vec4 v00000000028ccde0_0;
    %addi 1, 0, 4;
    %assign/vec4 v00000000028cc200_0, 0;
    %jmp T_27.17;
T_27.16 ;
    %pushi/vec4 0, 0, 4;
    %assign/vec4 v00000000028cc200_0, 0;
T_27.17 ;
    %load/vec4 v00000000028cc660_0;
    %pushi/vec4 6, 0, 4;
    %cmp/e;
    %flag_get/vec4 4;
    %load/vec4 v00000000028ccde0_0;
    %cmpi/u 9, 0, 4;
    %flag_get/vec4 4;
    %flag_get/vec4 5;
    %or;
    %and;
    %flag_set/vec4 8;
    %jmp/0xz  T_27.18, 8;
    %pushi/vec4 15, 0, 4;
    %store/vec4 v00000000028ccb60_0, 0, 4;
T_27.18 ;
    %load/vec4 v00000000028cc660_0;
    %pushi/vec4 6, 0, 4;
    %cmp/e;
    %flag_get/vec4 4;
    %load/vec4 v00000000028ccde0_0;
    %pushi/vec4 9, 0, 4;
    %cmp/e;
    %flag_get/vec4 4;
    %and;
    %flag_set/vec4 8;
    %load/vec4 v00000000028cc660_0;
    %pushi/vec4 7, 0, 4;
    %cmp/e;
    %flag_get/vec4 4;
    %load/vec4 v00000000028ccde0_0;
    %cmpi/u 8, 0, 4;
    %flag_get/vec4 4;
    %flag_get/vec4 5;
    %or;
    %and;
    %flag_set/vec4 9;
    %flag_or 9, 8;
    %jmp/0xz  T_27.20, 9;
    %pushi/vec4 1, 0, 4;
    %store/vec4 v00000000028ccb60_0, 0, 4;
T_27.20 ;
    %load/vec4 v00000000028cc660_0;
    %pushi/vec4 7, 0, 4;
    %cmp/e;
    %flag_get/vec4 4;
    %load/vec4 v00000000028ccde0_0;
    %pushi/vec4 9, 0, 4;
    %cmp/e;
    %flag_get/vec4 4;
    %and;
    %flag_set/vec4 8;
    %load/vec4 v00000000028cc660_0;
    %pushi/vec4 8, 0, 4;
    %cmp/e;
    %flag_get/vec4 4;
    %load/vec4 v00000000028ccde0_0;
    %cmpi/u 8, 0, 4;
    %flag_get/vec4 4;
    %flag_get/vec4 5;
    %or;
    %and;
    %flag_set/vec4 9;
    %flag_or 9, 8;
    %jmp/0xz  T_27.22, 9;
    %pushi/vec4 2, 0, 4;
    %store/vec4 v00000000028ccb60_0, 0, 4;
T_27.22 ;
    %load/vec4 v00000000028cc660_0;
    %pushi/vec4 8, 0, 4;
    %cmp/e;
    %flag_get/vec4 4;
    %load/vec4 v00000000028ccde0_0;
    %pushi/vec4 9, 0, 4;
    %cmp/e;
    %flag_get/vec4 4;
    %and;
    %flag_set/vec4 8;
    %load/vec4 v00000000028cc660_0;
    %cmpi/e 9, 0, 4;
    %flag_or 4, 8;
    %jmp/0xz  T_27.24, 4;
    %pushi/vec4 3, 0, 4;
    %store/vec4 v00000000028ccb60_0, 0, 4;
T_27.24 ;
    %jmp T_27.15;
T_27.14 ;
    %pushi/vec4 4, 0, 4;
    %assign/vec4 v00000000028cd600_0, 0;
    %pushi/vec4 15, 0, 4;
    %assign/vec4 v00000000028ccb60_0, 0;
    %load/vec4 v00000000028ccde0_0;
    %assign/vec4 v00000000028cc200_0, 0;
    %load/vec4 v00000000028ccb60_0;
    %cmpi/e 0, 0, 4;
    %jmp/0xz  T_27.26, 4;
    %pushi/vec4 15, 0, 4;
    %assign/vec4 v00000000028ccb60_0, 0;
T_27.26 ;
    %load/vec4 v00000000028cc200_0;
    %cmpi/e 15, 0, 4;
    %jmp/0xz  T_27.28, 4;
    %pushi/vec4 0, 0, 4;
    %assign/vec4 v00000000028cc200_0, 0;
T_27.28 ;
T_27.15 ;
T_27.5 ;
T_27.3 ;
    %jmp T_27;
    .thread T_27, $push;
    .scope S_0000000002878070;
T_28 ;
    %wait E_0000000002887440;
    %load/vec4 v00000000028cd920_0;
    %inv;
    %assign/vec4 v00000000028cd920_0, 0;
    %jmp T_28;
    .thread T_28;
    .scope S_0000000002878070;
T_29 ;
    %wait E_0000000002887040;
    %load/vec4 v00000000028cc340_0;
    %inv;
    %assign/vec4 v00000000028cc340_0, 0;
    %jmp T_29;
    .thread T_29;
# The file index is used to find the file name in the following table.
:file_names 10;
    "N/A";
    "<interactive>";
    "testbenchlab2.v";
    "toplab2test.v";
    "create_clock2.v";
    "counter.v";
    "print7seg.v";
    "date.v";
    "toplab2.v";
    "create_clock.v";
