#! /usr/local/iverilog/bin/vvp
:ivl_version "11.0 (devel)" "(s20150603-612-ga9388a89)";
:ivl_delay_selection "TYPICAL";
:vpi_time_precision - 10;
:vpi_module "system";
:vpi_module "vhdl_sys";
:vpi_module "vhdl_textio";
:vpi_module "v2005_math";
:vpi_module "va_math";
S_000000000275be10 .scope module, "testbench3" "testbench3" 2 3;
 .timescale -9 -10;
v00000000027e2dd0_0 .var "my_ADC_CLK_10", 0 0;
v00000000027e12f0_0 .net "my_HEX0", 7 0, v00000000027e17f0_0;  1 drivers
v00000000027e26f0_0 .net "my_HEX1", 7 0, v00000000027e1570_0;  1 drivers
v00000000027e2830_0 .net "my_HEX2", 7 0, v00000000027e2010_0;  1 drivers
v00000000027e1e30_0 .net "my_HEX3", 7 0, v00000000027e1a70_0;  1 drivers
v00000000027e28d0_0 .net "my_HEX4", 7 0, v00000000027e1430_0;  1 drivers
v00000000027e2b50_0 .net "my_HEX5", 7 0, v00000000027e1bb0_0;  1 drivers
v00000000027e2c90_0 .var "my_KEY", 1 0;
v00000000027e2d30_0 .net "my_LEDR", 9 0, L_0000000002763520;  1 drivers
v00000000027e67b0_0 .var "my_SW", 1 0;
S_0000000002783840 .scope module, "U0" "toplab3_man_test" 2 14, 3 1 0, S_000000000275be10;
 .timescale 0 0;
    .port_info 0 /INPUT 1 "ADC_CLK_10";
    .port_info 1 /INPUT 2 "KEY";
    .port_info 2 /INPUT 2 "SW";
    .port_info 3 /OUTPUT 10 "LEDR";
    .port_info 4 /OUTPUT 8 "HEX0";
    .port_info 5 /OUTPUT 8 "HEX1";
    .port_info 6 /OUTPUT 8 "HEX2";
    .port_info 7 /OUTPUT 8 "HEX3";
    .port_info 8 /OUTPUT 8 "HEX4";
    .port_info 9 /OUTPUT 8 "HEX5";
L_0000000002763520 .functor BUFZ 10, v00000000027e1070_0, C4<0000000000>, C4<0000000000>, C4<0000000000>;
v00000000027e25b0_0 .net "ADC_CLK_10", 0 0, v00000000027e2dd0_0;  1 drivers
v00000000027e1890_0 .net "HEX0", 7 0, v00000000027e17f0_0;  alias, 1 drivers
v00000000027e11b0_0 .net "HEX1", 7 0, v00000000027e1570_0;  alias, 1 drivers
v00000000027e1c50_0 .net "HEX2", 7 0, v00000000027e2010_0;  alias, 1 drivers
v00000000027e1930_0 .net "HEX3", 7 0, v00000000027e1a70_0;  alias, 1 drivers
v00000000027e1610_0 .net "HEX4", 7 0, v00000000027e1430_0;  alias, 1 drivers
v00000000027e2970_0 .net "HEX5", 7 0, v00000000027e1bb0_0;  alias, 1 drivers
v00000000027e2290_0 .net "KEY", 1 0, v00000000027e2c90_0;  1 drivers
v00000000027e1250_0 .net "LEDR", 9 0, L_0000000002763520;  alias, 1 drivers
v00000000027e16b0_0 .net "SW", 1 0, v00000000027e67b0_0;  1 drivers
v00000000027e1b10_0 .net "clock", 0 0, v00000000027e1390_0;  1 drivers
v00000000027e2650_0 .net "current", 9 0, v00000000027e1070_0;  1 drivers
v00000000027e2790_0 .net "jank1", 0 0, v0000000000f69e80_0;  1 drivers
v00000000027e2470_0 .net "mode", 3 0, v00000000027e1ed0_0;  1 drivers
v00000000027e1cf0_0 .net "state", 9 0, v00000000027e2bf0_0;  1 drivers
L_00000000027e6850 .part v00000000027e2c90_0, 0, 1;
L_00000000027e5950 .part v00000000027e2c90_0, 0, 1;
S_00000000027839d0 .scope module, "U0" "create_clock2" 3 13, 4 1 0, S_0000000002783840;
 .timescale 0 0;
    .port_info 0 /INPUT 1 "reset";
    .port_info 1 /INPUT 1 "clock_in";
    .port_info 2 /OUTPUT 1 "LED";
    .port_info 3 /OUTPUT 1 "clock_out";
P_0000000002781980 .param/l "divide_by" 0 4 5, C4<00000000000000000000000111110100>;
v0000000000f69e80_0 .var "LED", 0 0;
v00000000027e2ab0_0 .net "clock_in", 0 0, v00000000027e2dd0_0;  alias, 1 drivers
v00000000027e1390_0 .var "clock_out", 0 0;
v00000000027e2e70_0 .var "divide_counter", 31 0;
v00000000027e2330_0 .net "reset", 0 0, L_00000000027e6850;  1 drivers
E_0000000002781cc0/0 .event negedge, v00000000027e2330_0;
E_0000000002781cc0/1 .event posedge, v00000000027e2ab0_0;
E_0000000002781cc0 .event/or E_0000000002781cc0/0, E_0000000002781cc0/1;
S_0000000002764ab0 .scope module, "U1" "Mode" 3 15, 5 1 0, S_0000000002783840;
 .timescale 0 0;
    .port_info 0 /INPUT 2 "SW";
    .port_info 1 /INPUT 2 "KEY";
    .port_info 2 /OUTPUT 4 "MODE";
P_0000000002753d90 .param/l "hazard" 0 5 4, C4<0001>;
P_0000000002753dc8 .param/l "left" 0 5 4, C4<0010>;
P_0000000002753e00 .param/l "off" 0 5 4, C4<0000>;
P_0000000002753e38 .param/l "right" 0 5 4, C4<0011>;
v00000000027e21f0_0 .net "KEY", 1 0, v00000000027e2c90_0;  alias, 1 drivers
v00000000027e1ed0_0 .var "MODE", 3 0;
v00000000027e2f10_0 .net "SW", 1 0, v00000000027e67b0_0;  alias, 1 drivers
E_0000000002780ac0 .event edge, v00000000027e21f0_0, v00000000027e2f10_0;
S_0000000002764c40 .scope module, "U2" "print7seg" 3 17, 6 1 0, S_0000000002783840;
 .timescale 0 0;
    .port_info 0 /INPUT 4 "num";
    .port_info 1 /OUTPUT 8 "HEX";
v00000000027e17f0_0 .var "HEX", 7 0;
v00000000027e1d90_0 .net "num", 3 0, v00000000027e1ed0_0;  alias, 1 drivers
E_0000000002780a40 .event edge, v00000000027e1ed0_0;
S_0000000002769a60 .scope module, "U3" "NextState" 3 19, 7 1 0, S_0000000002783840;
 .timescale 0 0;
    .port_info 0 /INPUT 4 "mode";
    .port_info 1 /INPUT 10 "current";
    .port_info 2 /OUTPUT 10 "next";
P_0000000000f6d200 .param/l "hazard" 0 7 5, C4<0001>;
P_0000000000f6d238 .param/l "hazard1" 0 7 8, C4<1110000111>;
P_0000000000f6d270 .param/l "hazard2" 0 7 8, C4<0000000000>;
P_0000000000f6d2a8 .param/l "left" 0 7 5, C4<0010>;
P_0000000000f6d2e0 .param/l "left1" 0 7 6, C4<0010000000>;
P_0000000000f6d318 .param/l "left2" 0 7 6, C4<0110000000>;
P_0000000000f6d350 .param/l "left3" 0 7 6, C4<1110000000>;
P_0000000000f6d388 .param/l "left4" 0 7 6, C4<0000000000>;
P_0000000000f6d3c0 .param/l "off" 0 7 5, C4<0000>;
P_0000000000f6d3f8 .param/l "right" 0 7 5, C4<0011>;
P_0000000000f6d430 .param/l "right1" 0 7 7, C4<0000000100>;
P_0000000000f6d468 .param/l "right2" 0 7 7, C4<0000000110>;
P_0000000000f6d4a0 .param/l "right3" 0 7 7, C4<0000000111>;
P_0000000000f6d4d8 .param/l "right4" 0 7 7, C4<0000000000>;
v00000000027e2510_0 .net "current", 9 0, v00000000027e1070_0;  alias, 1 drivers
v00000000027e23d0_0 .net "mode", 3 0, v00000000027e1ed0_0;  alias, 1 drivers
v00000000027e2bf0_0 .var "next", 9 0;
E_0000000002780d40 .event edge, v00000000027e2510_0, v00000000027e1ed0_0;
S_0000000002769bf0 .scope module, "U4" "CSL" 3 21, 8 1 0, S_0000000002783840;
 .timescale 0 0;
    .port_info 0 /INPUT 1 "clock";
    .port_info 1 /INPUT 1 "reset";
    .port_info 2 /INPUT 10 "next";
    .port_info 3 /OUTPUT 10 "current";
v00000000027e19d0_0 .net "clock", 0 0, v00000000027e1390_0;  alias, 1 drivers
v00000000027e1070_0 .var "current", 9 0;
v00000000027e1f70_0 .net "next", 9 0, v00000000027e2bf0_0;  alias, 1 drivers
v00000000027e1110_0 .net "reset", 0 0, L_00000000027e5950;  1 drivers
E_0000000002780dc0/0 .event negedge, v00000000027e1110_0;
E_0000000002780dc0/1 .event posedge, v00000000027e1390_0;
E_0000000002780dc0 .event/or E_0000000002780dc0/0, E_0000000002780dc0/1;
S_000000000275e400 .scope module, "U5" "print7seg" 3 27, 6 1 0, S_0000000002783840;
 .timescale 0 0;
    .port_info 0 /INPUT 4 "num";
    .port_info 1 /OUTPUT 8 "HEX";
v00000000027e2010_0 .var "HEX", 7 0;
L_00000000028100d0 .functor BUFT 1, C4<1111>, C4<0>, C4<0>, C4<0>;
v00000000027e2a10_0 .net "num", 3 0, L_00000000028100d0;  1 drivers
E_0000000002780e00 .event edge, v00000000027e2a10_0;
S_000000000275e590 .scope module, "U6" "print7seg" 3 28, 6 1 0, S_0000000002783840;
 .timescale 0 0;
    .port_info 0 /INPUT 4 "num";
    .port_info 1 /OUTPUT 8 "HEX";
v00000000027e1a70_0 .var "HEX", 7 0;
L_0000000002810118 .functor BUFT 1, C4<1111>, C4<0>, C4<0>, C4<0>;
v00000000027e2150_0 .net "num", 3 0, L_0000000002810118;  1 drivers
E_0000000002780e80 .event edge, v00000000027e2150_0;
S_000000000275a360 .scope module, "U7" "print7seg" 3 29, 6 1 0, S_0000000002783840;
 .timescale 0 0;
    .port_info 0 /INPUT 4 "num";
    .port_info 1 /OUTPUT 8 "HEX";
v00000000027e1430_0 .var "HEX", 7 0;
L_0000000002810160 .functor BUFT 1, C4<1111>, C4<0>, C4<0>, C4<0>;
v00000000027e14d0_0 .net "num", 3 0, L_0000000002810160;  1 drivers
E_0000000002780f80 .event edge, v00000000027e14d0_0;
S_000000000275a4f0 .scope module, "U8" "print7seg" 3 30, 6 1 0, S_0000000002783840;
 .timescale 0 0;
    .port_info 0 /INPUT 4 "num";
    .port_info 1 /OUTPUT 8 "HEX";
v00000000027e1bb0_0 .var "HEX", 7 0;
L_00000000028101a8 .functor BUFT 1, C4<1111>, C4<0>, C4<0>, C4<0>;
v00000000027e1750_0 .net "num", 3 0, L_00000000028101a8;  1 drivers
E_0000000002780fc0 .event edge, v00000000027e1750_0;
S_00000000027594a0 .scope module, "U9" "print7seg" 3 26, 6 1 0, S_0000000002783840;
 .timescale 0 0;
    .port_info 0 /INPUT 4 "num";
    .port_info 1 /OUTPUT 8 "HEX";
v00000000027e1570_0 .var "HEX", 7 0;
L_0000000002810088 .functor BUFT 1, C4<1111>, C4<0>, C4<0>, C4<0>;
v00000000027e20b0_0 .net "num", 3 0, L_0000000002810088;  1 drivers
E_0000000002781000 .event edge, v00000000027e20b0_0;
    .scope S_00000000027839d0;
T_0 ;
    %wait E_0000000002781cc0;
    %load/vec4 v00000000027e2330_0;
    %pad/u 32;
    %cmpi/e 0, 0, 32;
    %jmp/0xz  T_0.0, 4;
    %pushi/vec4 0, 0, 32;
    %assign/vec4 v00000000027e2e70_0, 0;
    %pushi/vec4 0, 0, 1;
    %assign/vec4 v00000000027e1390_0, 0;
    %pushi/vec4 0, 0, 1;
    %assign/vec4 v0000000000f69e80_0, 0;
    %jmp T_0.1;
T_0.0 ;
    %load/vec4 v00000000027e2e70_0;
    %cmpi/e 500, 0, 32;
    %jmp/0xz  T_0.2, 4;
    %pushi/vec4 0, 0, 32;
    %assign/vec4 v00000000027e2e70_0, 0;
    %load/vec4 v00000000027e1390_0;
    %inv;
    %assign/vec4 v00000000027e1390_0, 0;
    %load/vec4 v0000000000f69e80_0;
    %inv;
    %assign/vec4 v0000000000f69e80_0, 0;
    %jmp T_0.3;
T_0.2 ;
    %load/vec4 v00000000027e2e70_0;
    %addi 1, 0, 32;
    %assign/vec4 v00000000027e2e70_0, 0;
T_0.3 ;
T_0.1 ;
    %jmp T_0;
    .thread T_0;
    .scope S_0000000002764ab0;
T_1 ;
    %wait E_0000000002780ac0;
    %load/vec4 v00000000027e2f10_0;
    %parti/s 1, 1, 2;
    %load/vec4 v00000000027e2f10_0;
    %parti/s 1, 0, 2;
    %concat/vec4; draw_concat_vec4
    %load/vec4 v00000000027e21f0_0;
    %parti/s 1, 1, 2;
    %concat/vec4; draw_concat_vec4
    %load/vec4 v00000000027e21f0_0;
    %parti/s 1, 0, 2;
    %concat/vec4; draw_concat_vec4
    %dup/vec4;
    %pushi/vec4 0, 0, 4;
    %cmp/u;
    %jmp/1 T_1.0, 6;
    %dup/vec4;
    %pushi/vec4 13, 0, 4;
    %cmp/u;
    %jmp/1 T_1.1, 6;
    %dup/vec4;
    %pushi/vec4 5, 0, 4;
    %cmp/u;
    %jmp/1 T_1.2, 6;
    %dup/vec4;
    %pushi/vec4 15, 0, 4;
    %cmp/u;
    %jmp/1 T_1.3, 6;
    %dup/vec4;
    %pushi/vec4 7, 0, 4;
    %cmp/u;
    %jmp/1 T_1.4, 6;
    %dup/vec4;
    %pushi/vec4 9, 0, 4;
    %cmp/u;
    %jmp/1 T_1.5, 6;
    %dup/vec4;
    %pushi/vec4 11, 0, 4;
    %cmp/u;
    %jmp/1 T_1.6, 6;
    %pushi/vec4 0, 0, 4;
    %store/vec4 v00000000027e1ed0_0, 0, 4;
    %jmp T_1.8;
T_1.0 ;
    %pushi/vec4 0, 0, 4;
    %store/vec4 v00000000027e1ed0_0, 0, 4;
    %jmp T_1.8;
T_1.1 ;
    %pushi/vec4 1, 0, 4;
    %store/vec4 v00000000027e1ed0_0, 0, 4;
    %jmp T_1.8;
T_1.2 ;
    %pushi/vec4 1, 0, 4;
    %store/vec4 v00000000027e1ed0_0, 0, 4;
    %jmp T_1.8;
T_1.3 ;
    %pushi/vec4 1, 0, 4;
    %store/vec4 v00000000027e1ed0_0, 0, 4;
    %jmp T_1.8;
T_1.4 ;
    %pushi/vec4 1, 0, 4;
    %store/vec4 v00000000027e1ed0_0, 0, 4;
    %jmp T_1.8;
T_1.5 ;
    %pushi/vec4 2, 0, 4;
    %store/vec4 v00000000027e1ed0_0, 0, 4;
    %jmp T_1.8;
T_1.6 ;
    %pushi/vec4 3, 0, 4;
    %store/vec4 v00000000027e1ed0_0, 0, 4;
    %jmp T_1.8;
T_1.8 ;
    %pop/vec4 1;
    %jmp T_1;
    .thread T_1, $push;
    .scope S_0000000002764c40;
T_2 ;
    %wait E_0000000002780a40;
    %load/vec4 v00000000027e1d90_0;
    %dup/vec4;
    %pushi/vec4 0, 0, 4;
    %cmp/u;
    %jmp/1 T_2.0, 6;
    %dup/vec4;
    %pushi/vec4 1, 0, 4;
    %cmp/u;
    %jmp/1 T_2.1, 6;
    %dup/vec4;
    %pushi/vec4 2, 0, 4;
    %cmp/u;
    %jmp/1 T_2.2, 6;
    %dup/vec4;
    %pushi/vec4 3, 0, 4;
    %cmp/u;
    %jmp/1 T_2.3, 6;
    %dup/vec4;
    %pushi/vec4 4, 0, 4;
    %cmp/u;
    %jmp/1 T_2.4, 6;
    %dup/vec4;
    %pushi/vec4 5, 0, 4;
    %cmp/u;
    %jmp/1 T_2.5, 6;
    %dup/vec4;
    %pushi/vec4 6, 0, 4;
    %cmp/u;
    %jmp/1 T_2.6, 6;
    %dup/vec4;
    %pushi/vec4 7, 0, 4;
    %cmp/u;
    %jmp/1 T_2.7, 6;
    %dup/vec4;
    %pushi/vec4 8, 0, 4;
    %cmp/u;
    %jmp/1 T_2.8, 6;
    %dup/vec4;
    %pushi/vec4 9, 0, 4;
    %cmp/u;
    %jmp/1 T_2.9, 6;
    %dup/vec4;
    %pushi/vec4 10, 0, 4;
    %cmp/u;
    %jmp/1 T_2.10, 6;
    %dup/vec4;
    %pushi/vec4 11, 0, 4;
    %cmp/u;
    %jmp/1 T_2.11, 6;
    %pushi/vec4 255, 0, 8;
    %store/vec4 v00000000027e17f0_0, 0, 8;
    %jmp T_2.13;
T_2.0 ;
    %pushi/vec4 192, 0, 8;
    %store/vec4 v00000000027e17f0_0, 0, 8;
    %jmp T_2.13;
T_2.1 ;
    %pushi/vec4 249, 0, 8;
    %store/vec4 v00000000027e17f0_0, 0, 8;
    %jmp T_2.13;
T_2.2 ;
    %pushi/vec4 164, 0, 8;
    %store/vec4 v00000000027e17f0_0, 0, 8;
    %jmp T_2.13;
T_2.3 ;
    %pushi/vec4 176, 0, 8;
    %store/vec4 v00000000027e17f0_0, 0, 8;
    %jmp T_2.13;
T_2.4 ;
    %pushi/vec4 153, 0, 8;
    %store/vec4 v00000000027e17f0_0, 0, 8;
    %jmp T_2.13;
T_2.5 ;
    %pushi/vec4 146, 0, 8;
    %store/vec4 v00000000027e17f0_0, 0, 8;
    %jmp T_2.13;
T_2.6 ;
    %pushi/vec4 130, 0, 8;
    %store/vec4 v00000000027e17f0_0, 0, 8;
    %jmp T_2.13;
T_2.7 ;
    %pushi/vec4 248, 0, 8;
    %store/vec4 v00000000027e17f0_0, 0, 8;
    %jmp T_2.13;
T_2.8 ;
    %pushi/vec4 128, 0, 8;
    %store/vec4 v00000000027e17f0_0, 0, 8;
    %jmp T_2.13;
T_2.9 ;
    %pushi/vec4 152, 0, 8;
    %store/vec4 v00000000027e17f0_0, 0, 8;
    %jmp T_2.13;
T_2.10 ;
    %pushi/vec4 142, 0, 8;
    %store/vec4 v00000000027e17f0_0, 0, 8;
    %jmp T_2.13;
T_2.11 ;
    %pushi/vec4 191, 0, 8;
    %store/vec4 v00000000027e17f0_0, 0, 8;
    %jmp T_2.13;
T_2.13 ;
    %pop/vec4 1;
    %jmp T_2;
    .thread T_2, $push;
    .scope S_0000000002769a60;
T_3 ;
    %wait E_0000000002780d40;
    %load/vec4 v00000000027e23d0_0;
    %cmpi/e 1, 0, 4;
    %jmp/0xz  T_3.0, 4;
    %load/vec4 v00000000027e2510_0;
    %cmpi/ne 903, 0, 10;
    %jmp/0xz  T_3.2, 6;
    %pushi/vec4 903, 0, 10;
    %assign/vec4 v00000000027e2bf0_0, 0;
T_3.2 ;
    %load/vec4 v00000000027e2510_0;
    %cmpi/e 903, 0, 10;
    %jmp/0xz  T_3.4, 4;
    %pushi/vec4 0, 0, 10;
    %assign/vec4 v00000000027e2bf0_0, 0;
T_3.4 ;
    %jmp T_3.1;
T_3.0 ;
    %load/vec4 v00000000027e23d0_0;
    %cmpi/e 2, 0, 4;
    %jmp/0xz  T_3.6, 4;
    %load/vec4 v00000000027e2510_0;
    %dup/vec4;
    %pushi/vec4 128, 0, 10;
    %cmp/u;
    %jmp/1 T_3.8, 6;
    %dup/vec4;
    %pushi/vec4 384, 0, 10;
    %cmp/u;
    %jmp/1 T_3.9, 6;
    %dup/vec4;
    %pushi/vec4 896, 0, 10;
    %cmp/u;
    %jmp/1 T_3.10, 6;
    %dup/vec4;
    %pushi/vec4 0, 0, 10;
    %cmp/u;
    %jmp/1 T_3.11, 6;
    %pushi/vec4 128, 0, 10;
    %assign/vec4 v00000000027e2bf0_0, 0;
    %jmp T_3.13;
T_3.8 ;
    %pushi/vec4 384, 0, 10;
    %assign/vec4 v00000000027e2bf0_0, 0;
    %jmp T_3.13;
T_3.9 ;
    %pushi/vec4 896, 0, 10;
    %assign/vec4 v00000000027e2bf0_0, 0;
    %jmp T_3.13;
T_3.10 ;
    %pushi/vec4 0, 0, 10;
    %assign/vec4 v00000000027e2bf0_0, 0;
    %jmp T_3.13;
T_3.11 ;
    %pushi/vec4 128, 0, 10;
    %assign/vec4 v00000000027e2bf0_0, 0;
    %jmp T_3.13;
T_3.13 ;
    %pop/vec4 1;
    %jmp T_3.7;
T_3.6 ;
    %load/vec4 v00000000027e23d0_0;
    %cmpi/e 3, 0, 4;
    %jmp/0xz  T_3.14, 4;
    %load/vec4 v00000000027e2510_0;
    %dup/vec4;
    %pushi/vec4 4, 0, 10;
    %cmp/u;
    %jmp/1 T_3.16, 6;
    %dup/vec4;
    %pushi/vec4 6, 0, 10;
    %cmp/u;
    %jmp/1 T_3.17, 6;
    %dup/vec4;
    %pushi/vec4 7, 0, 10;
    %cmp/u;
    %jmp/1 T_3.18, 6;
    %dup/vec4;
    %pushi/vec4 0, 0, 10;
    %cmp/u;
    %jmp/1 T_3.19, 6;
    %pushi/vec4 4, 0, 10;
    %assign/vec4 v00000000027e2bf0_0, 0;
    %jmp T_3.21;
T_3.16 ;
    %pushi/vec4 6, 0, 10;
    %assign/vec4 v00000000027e2bf0_0, 0;
    %jmp T_3.21;
T_3.17 ;
    %pushi/vec4 7, 0, 10;
    %assign/vec4 v00000000027e2bf0_0, 0;
    %jmp T_3.21;
T_3.18 ;
    %pushi/vec4 0, 0, 10;
    %assign/vec4 v00000000027e2bf0_0, 0;
    %jmp T_3.21;
T_3.19 ;
    %pushi/vec4 4, 0, 10;
    %assign/vec4 v00000000027e2bf0_0, 0;
    %jmp T_3.21;
T_3.21 ;
    %pop/vec4 1;
    %jmp T_3.15;
T_3.14 ;
    %load/vec4 v00000000027e23d0_0;
    %cmpi/e 0, 0, 4;
    %jmp/0xz  T_3.22, 4;
    %pushi/vec4 0, 0, 10;
    %assign/vec4 v00000000027e2bf0_0, 0;
    %jmp T_3.23;
T_3.22 ;
    %pushi/vec4 0, 0, 10;
    %assign/vec4 v00000000027e2bf0_0, 0;
T_3.23 ;
T_3.15 ;
T_3.7 ;
T_3.1 ;
    %jmp T_3;
    .thread T_3, $push;
    .scope S_0000000002769bf0;
T_4 ;
    %wait E_0000000002780dc0;
    %load/vec4 v00000000027e1110_0;
    %pad/u 32;
    %cmpi/e 0, 0, 32;
    %jmp/0xz  T_4.0, 4;
    %pushi/vec4 0, 0, 10;
    %store/vec4 v00000000027e1070_0, 0, 10;
    %jmp T_4.1;
T_4.0 ;
    %load/vec4 v00000000027e1f70_0;
    %store/vec4 v00000000027e1070_0, 0, 10;
T_4.1 ;
    %jmp T_4;
    .thread T_4;
    .scope S_00000000027594a0;
T_5 ;
    %wait E_0000000002781000;
    %load/vec4 v00000000027e20b0_0;
    %dup/vec4;
    %pushi/vec4 0, 0, 4;
    %cmp/u;
    %jmp/1 T_5.0, 6;
    %dup/vec4;
    %pushi/vec4 1, 0, 4;
    %cmp/u;
    %jmp/1 T_5.1, 6;
    %dup/vec4;
    %pushi/vec4 2, 0, 4;
    %cmp/u;
    %jmp/1 T_5.2, 6;
    %dup/vec4;
    %pushi/vec4 3, 0, 4;
    %cmp/u;
    %jmp/1 T_5.3, 6;
    %dup/vec4;
    %pushi/vec4 4, 0, 4;
    %cmp/u;
    %jmp/1 T_5.4, 6;
    %dup/vec4;
    %pushi/vec4 5, 0, 4;
    %cmp/u;
    %jmp/1 T_5.5, 6;
    %dup/vec4;
    %pushi/vec4 6, 0, 4;
    %cmp/u;
    %jmp/1 T_5.6, 6;
    %dup/vec4;
    %pushi/vec4 7, 0, 4;
    %cmp/u;
    %jmp/1 T_5.7, 6;
    %dup/vec4;
    %pushi/vec4 8, 0, 4;
    %cmp/u;
    %jmp/1 T_5.8, 6;
    %dup/vec4;
    %pushi/vec4 9, 0, 4;
    %cmp/u;
    %jmp/1 T_5.9, 6;
    %dup/vec4;
    %pushi/vec4 10, 0, 4;
    %cmp/u;
    %jmp/1 T_5.10, 6;
    %dup/vec4;
    %pushi/vec4 11, 0, 4;
    %cmp/u;
    %jmp/1 T_5.11, 6;
    %pushi/vec4 255, 0, 8;
    %store/vec4 v00000000027e1570_0, 0, 8;
    %jmp T_5.13;
T_5.0 ;
    %pushi/vec4 192, 0, 8;
    %store/vec4 v00000000027e1570_0, 0, 8;
    %jmp T_5.13;
T_5.1 ;
    %pushi/vec4 249, 0, 8;
    %store/vec4 v00000000027e1570_0, 0, 8;
    %jmp T_5.13;
T_5.2 ;
    %pushi/vec4 164, 0, 8;
    %store/vec4 v00000000027e1570_0, 0, 8;
    %jmp T_5.13;
T_5.3 ;
    %pushi/vec4 176, 0, 8;
    %store/vec4 v00000000027e1570_0, 0, 8;
    %jmp T_5.13;
T_5.4 ;
    %pushi/vec4 153, 0, 8;
    %store/vec4 v00000000027e1570_0, 0, 8;
    %jmp T_5.13;
T_5.5 ;
    %pushi/vec4 146, 0, 8;
    %store/vec4 v00000000027e1570_0, 0, 8;
    %jmp T_5.13;
T_5.6 ;
    %pushi/vec4 130, 0, 8;
    %store/vec4 v00000000027e1570_0, 0, 8;
    %jmp T_5.13;
T_5.7 ;
    %pushi/vec4 248, 0, 8;
    %store/vec4 v00000000027e1570_0, 0, 8;
    %jmp T_5.13;
T_5.8 ;
    %pushi/vec4 128, 0, 8;
    %store/vec4 v00000000027e1570_0, 0, 8;
    %jmp T_5.13;
T_5.9 ;
    %pushi/vec4 152, 0, 8;
    %store/vec4 v00000000027e1570_0, 0, 8;
    %jmp T_5.13;
T_5.10 ;
    %pushi/vec4 142, 0, 8;
    %store/vec4 v00000000027e1570_0, 0, 8;
    %jmp T_5.13;
T_5.11 ;
    %pushi/vec4 191, 0, 8;
    %store/vec4 v00000000027e1570_0, 0, 8;
    %jmp T_5.13;
T_5.13 ;
    %pop/vec4 1;
    %jmp T_5;
    .thread T_5, $push;
    .scope S_000000000275e400;
T_6 ;
    %wait E_0000000002780e00;
    %load/vec4 v00000000027e2a10_0;
    %dup/vec4;
    %pushi/vec4 0, 0, 4;
    %cmp/u;
    %jmp/1 T_6.0, 6;
    %dup/vec4;
    %pushi/vec4 1, 0, 4;
    %cmp/u;
    %jmp/1 T_6.1, 6;
    %dup/vec4;
    %pushi/vec4 2, 0, 4;
    %cmp/u;
    %jmp/1 T_6.2, 6;
    %dup/vec4;
    %pushi/vec4 3, 0, 4;
    %cmp/u;
    %jmp/1 T_6.3, 6;
    %dup/vec4;
    %pushi/vec4 4, 0, 4;
    %cmp/u;
    %jmp/1 T_6.4, 6;
    %dup/vec4;
    %pushi/vec4 5, 0, 4;
    %cmp/u;
    %jmp/1 T_6.5, 6;
    %dup/vec4;
    %pushi/vec4 6, 0, 4;
    %cmp/u;
    %jmp/1 T_6.6, 6;
    %dup/vec4;
    %pushi/vec4 7, 0, 4;
    %cmp/u;
    %jmp/1 T_6.7, 6;
    %dup/vec4;
    %pushi/vec4 8, 0, 4;
    %cmp/u;
    %jmp/1 T_6.8, 6;
    %dup/vec4;
    %pushi/vec4 9, 0, 4;
    %cmp/u;
    %jmp/1 T_6.9, 6;
    %dup/vec4;
    %pushi/vec4 10, 0, 4;
    %cmp/u;
    %jmp/1 T_6.10, 6;
    %dup/vec4;
    %pushi/vec4 11, 0, 4;
    %cmp/u;
    %jmp/1 T_6.11, 6;
    %pushi/vec4 255, 0, 8;
    %store/vec4 v00000000027e2010_0, 0, 8;
    %jmp T_6.13;
T_6.0 ;
    %pushi/vec4 192, 0, 8;
    %store/vec4 v00000000027e2010_0, 0, 8;
    %jmp T_6.13;
T_6.1 ;
    %pushi/vec4 249, 0, 8;
    %store/vec4 v00000000027e2010_0, 0, 8;
    %jmp T_6.13;
T_6.2 ;
    %pushi/vec4 164, 0, 8;
    %store/vec4 v00000000027e2010_0, 0, 8;
    %jmp T_6.13;
T_6.3 ;
    %pushi/vec4 176, 0, 8;
    %store/vec4 v00000000027e2010_0, 0, 8;
    %jmp T_6.13;
T_6.4 ;
    %pushi/vec4 153, 0, 8;
    %store/vec4 v00000000027e2010_0, 0, 8;
    %jmp T_6.13;
T_6.5 ;
    %pushi/vec4 146, 0, 8;
    %store/vec4 v00000000027e2010_0, 0, 8;
    %jmp T_6.13;
T_6.6 ;
    %pushi/vec4 130, 0, 8;
    %store/vec4 v00000000027e2010_0, 0, 8;
    %jmp T_6.13;
T_6.7 ;
    %pushi/vec4 248, 0, 8;
    %store/vec4 v00000000027e2010_0, 0, 8;
    %jmp T_6.13;
T_6.8 ;
    %pushi/vec4 128, 0, 8;
    %store/vec4 v00000000027e2010_0, 0, 8;
    %jmp T_6.13;
T_6.9 ;
    %pushi/vec4 152, 0, 8;
    %store/vec4 v00000000027e2010_0, 0, 8;
    %jmp T_6.13;
T_6.10 ;
    %pushi/vec4 142, 0, 8;
    %store/vec4 v00000000027e2010_0, 0, 8;
    %jmp T_6.13;
T_6.11 ;
    %pushi/vec4 191, 0, 8;
    %store/vec4 v00000000027e2010_0, 0, 8;
    %jmp T_6.13;
T_6.13 ;
    %pop/vec4 1;
    %jmp T_6;
    .thread T_6, $push;
    .scope S_000000000275e590;
T_7 ;
    %wait E_0000000002780e80;
    %load/vec4 v00000000027e2150_0;
    %dup/vec4;
    %pushi/vec4 0, 0, 4;
    %cmp/u;
    %jmp/1 T_7.0, 6;
    %dup/vec4;
    %pushi/vec4 1, 0, 4;
    %cmp/u;
    %jmp/1 T_7.1, 6;
    %dup/vec4;
    %pushi/vec4 2, 0, 4;
    %cmp/u;
    %jmp/1 T_7.2, 6;
    %dup/vec4;
    %pushi/vec4 3, 0, 4;
    %cmp/u;
    %jmp/1 T_7.3, 6;
    %dup/vec4;
    %pushi/vec4 4, 0, 4;
    %cmp/u;
    %jmp/1 T_7.4, 6;
    %dup/vec4;
    %pushi/vec4 5, 0, 4;
    %cmp/u;
    %jmp/1 T_7.5, 6;
    %dup/vec4;
    %pushi/vec4 6, 0, 4;
    %cmp/u;
    %jmp/1 T_7.6, 6;
    %dup/vec4;
    %pushi/vec4 7, 0, 4;
    %cmp/u;
    %jmp/1 T_7.7, 6;
    %dup/vec4;
    %pushi/vec4 8, 0, 4;
    %cmp/u;
    %jmp/1 T_7.8, 6;
    %dup/vec4;
    %pushi/vec4 9, 0, 4;
    %cmp/u;
    %jmp/1 T_7.9, 6;
    %dup/vec4;
    %pushi/vec4 10, 0, 4;
    %cmp/u;
    %jmp/1 T_7.10, 6;
    %dup/vec4;
    %pushi/vec4 11, 0, 4;
    %cmp/u;
    %jmp/1 T_7.11, 6;
    %pushi/vec4 255, 0, 8;
    %store/vec4 v00000000027e1a70_0, 0, 8;
    %jmp T_7.13;
T_7.0 ;
    %pushi/vec4 192, 0, 8;
    %store/vec4 v00000000027e1a70_0, 0, 8;
    %jmp T_7.13;
T_7.1 ;
    %pushi/vec4 249, 0, 8;
    %store/vec4 v00000000027e1a70_0, 0, 8;
    %jmp T_7.13;
T_7.2 ;
    %pushi/vec4 164, 0, 8;
    %store/vec4 v00000000027e1a70_0, 0, 8;
    %jmp T_7.13;
T_7.3 ;
    %pushi/vec4 176, 0, 8;
    %store/vec4 v00000000027e1a70_0, 0, 8;
    %jmp T_7.13;
T_7.4 ;
    %pushi/vec4 153, 0, 8;
    %store/vec4 v00000000027e1a70_0, 0, 8;
    %jmp T_7.13;
T_7.5 ;
    %pushi/vec4 146, 0, 8;
    %store/vec4 v00000000027e1a70_0, 0, 8;
    %jmp T_7.13;
T_7.6 ;
    %pushi/vec4 130, 0, 8;
    %store/vec4 v00000000027e1a70_0, 0, 8;
    %jmp T_7.13;
T_7.7 ;
    %pushi/vec4 248, 0, 8;
    %store/vec4 v00000000027e1a70_0, 0, 8;
    %jmp T_7.13;
T_7.8 ;
    %pushi/vec4 128, 0, 8;
    %store/vec4 v00000000027e1a70_0, 0, 8;
    %jmp T_7.13;
T_7.9 ;
    %pushi/vec4 152, 0, 8;
    %store/vec4 v00000000027e1a70_0, 0, 8;
    %jmp T_7.13;
T_7.10 ;
    %pushi/vec4 142, 0, 8;
    %store/vec4 v00000000027e1a70_0, 0, 8;
    %jmp T_7.13;
T_7.11 ;
    %pushi/vec4 191, 0, 8;
    %store/vec4 v00000000027e1a70_0, 0, 8;
    %jmp T_7.13;
T_7.13 ;
    %pop/vec4 1;
    %jmp T_7;
    .thread T_7, $push;
    .scope S_000000000275a360;
T_8 ;
    %wait E_0000000002780f80;
    %load/vec4 v00000000027e14d0_0;
    %dup/vec4;
    %pushi/vec4 0, 0, 4;
    %cmp/u;
    %jmp/1 T_8.0, 6;
    %dup/vec4;
    %pushi/vec4 1, 0, 4;
    %cmp/u;
    %jmp/1 T_8.1, 6;
    %dup/vec4;
    %pushi/vec4 2, 0, 4;
    %cmp/u;
    %jmp/1 T_8.2, 6;
    %dup/vec4;
    %pushi/vec4 3, 0, 4;
    %cmp/u;
    %jmp/1 T_8.3, 6;
    %dup/vec4;
    %pushi/vec4 4, 0, 4;
    %cmp/u;
    %jmp/1 T_8.4, 6;
    %dup/vec4;
    %pushi/vec4 5, 0, 4;
    %cmp/u;
    %jmp/1 T_8.5, 6;
    %dup/vec4;
    %pushi/vec4 6, 0, 4;
    %cmp/u;
    %jmp/1 T_8.6, 6;
    %dup/vec4;
    %pushi/vec4 7, 0, 4;
    %cmp/u;
    %jmp/1 T_8.7, 6;
    %dup/vec4;
    %pushi/vec4 8, 0, 4;
    %cmp/u;
    %jmp/1 T_8.8, 6;
    %dup/vec4;
    %pushi/vec4 9, 0, 4;
    %cmp/u;
    %jmp/1 T_8.9, 6;
    %dup/vec4;
    %pushi/vec4 10, 0, 4;
    %cmp/u;
    %jmp/1 T_8.10, 6;
    %dup/vec4;
    %pushi/vec4 11, 0, 4;
    %cmp/u;
    %jmp/1 T_8.11, 6;
    %pushi/vec4 255, 0, 8;
    %store/vec4 v00000000027e1430_0, 0, 8;
    %jmp T_8.13;
T_8.0 ;
    %pushi/vec4 192, 0, 8;
    %store/vec4 v00000000027e1430_0, 0, 8;
    %jmp T_8.13;
T_8.1 ;
    %pushi/vec4 249, 0, 8;
    %store/vec4 v00000000027e1430_0, 0, 8;
    %jmp T_8.13;
T_8.2 ;
    %pushi/vec4 164, 0, 8;
    %store/vec4 v00000000027e1430_0, 0, 8;
    %jmp T_8.13;
T_8.3 ;
    %pushi/vec4 176, 0, 8;
    %store/vec4 v00000000027e1430_0, 0, 8;
    %jmp T_8.13;
T_8.4 ;
    %pushi/vec4 153, 0, 8;
    %store/vec4 v00000000027e1430_0, 0, 8;
    %jmp T_8.13;
T_8.5 ;
    %pushi/vec4 146, 0, 8;
    %store/vec4 v00000000027e1430_0, 0, 8;
    %jmp T_8.13;
T_8.6 ;
    %pushi/vec4 130, 0, 8;
    %store/vec4 v00000000027e1430_0, 0, 8;
    %jmp T_8.13;
T_8.7 ;
    %pushi/vec4 248, 0, 8;
    %store/vec4 v00000000027e1430_0, 0, 8;
    %jmp T_8.13;
T_8.8 ;
    %pushi/vec4 128, 0, 8;
    %store/vec4 v00000000027e1430_0, 0, 8;
    %jmp T_8.13;
T_8.9 ;
    %pushi/vec4 152, 0, 8;
    %store/vec4 v00000000027e1430_0, 0, 8;
    %jmp T_8.13;
T_8.10 ;
    %pushi/vec4 142, 0, 8;
    %store/vec4 v00000000027e1430_0, 0, 8;
    %jmp T_8.13;
T_8.11 ;
    %pushi/vec4 191, 0, 8;
    %store/vec4 v00000000027e1430_0, 0, 8;
    %jmp T_8.13;
T_8.13 ;
    %pop/vec4 1;
    %jmp T_8;
    .thread T_8, $push;
    .scope S_000000000275a4f0;
T_9 ;
    %wait E_0000000002780fc0;
    %load/vec4 v00000000027e1750_0;
    %dup/vec4;
    %pushi/vec4 0, 0, 4;
    %cmp/u;
    %jmp/1 T_9.0, 6;
    %dup/vec4;
    %pushi/vec4 1, 0, 4;
    %cmp/u;
    %jmp/1 T_9.1, 6;
    %dup/vec4;
    %pushi/vec4 2, 0, 4;
    %cmp/u;
    %jmp/1 T_9.2, 6;
    %dup/vec4;
    %pushi/vec4 3, 0, 4;
    %cmp/u;
    %jmp/1 T_9.3, 6;
    %dup/vec4;
    %pushi/vec4 4, 0, 4;
    %cmp/u;
    %jmp/1 T_9.4, 6;
    %dup/vec4;
    %pushi/vec4 5, 0, 4;
    %cmp/u;
    %jmp/1 T_9.5, 6;
    %dup/vec4;
    %pushi/vec4 6, 0, 4;
    %cmp/u;
    %jmp/1 T_9.6, 6;
    %dup/vec4;
    %pushi/vec4 7, 0, 4;
    %cmp/u;
    %jmp/1 T_9.7, 6;
    %dup/vec4;
    %pushi/vec4 8, 0, 4;
    %cmp/u;
    %jmp/1 T_9.8, 6;
    %dup/vec4;
    %pushi/vec4 9, 0, 4;
    %cmp/u;
    %jmp/1 T_9.9, 6;
    %dup/vec4;
    %pushi/vec4 10, 0, 4;
    %cmp/u;
    %jmp/1 T_9.10, 6;
    %dup/vec4;
    %pushi/vec4 11, 0, 4;
    %cmp/u;
    %jmp/1 T_9.11, 6;
    %pushi/vec4 255, 0, 8;
    %store/vec4 v00000000027e1bb0_0, 0, 8;
    %jmp T_9.13;
T_9.0 ;
    %pushi/vec4 192, 0, 8;
    %store/vec4 v00000000027e1bb0_0, 0, 8;
    %jmp T_9.13;
T_9.1 ;
    %pushi/vec4 249, 0, 8;
    %store/vec4 v00000000027e1bb0_0, 0, 8;
    %jmp T_9.13;
T_9.2 ;
    %pushi/vec4 164, 0, 8;
    %store/vec4 v00000000027e1bb0_0, 0, 8;
    %jmp T_9.13;
T_9.3 ;
    %pushi/vec4 176, 0, 8;
    %store/vec4 v00000000027e1bb0_0, 0, 8;
    %jmp T_9.13;
T_9.4 ;
    %pushi/vec4 153, 0, 8;
    %store/vec4 v00000000027e1bb0_0, 0, 8;
    %jmp T_9.13;
T_9.5 ;
    %pushi/vec4 146, 0, 8;
    %store/vec4 v00000000027e1bb0_0, 0, 8;
    %jmp T_9.13;
T_9.6 ;
    %pushi/vec4 130, 0, 8;
    %store/vec4 v00000000027e1bb0_0, 0, 8;
    %jmp T_9.13;
T_9.7 ;
    %pushi/vec4 248, 0, 8;
    %store/vec4 v00000000027e1bb0_0, 0, 8;
    %jmp T_9.13;
T_9.8 ;
    %pushi/vec4 128, 0, 8;
    %store/vec4 v00000000027e1bb0_0, 0, 8;
    %jmp T_9.13;
T_9.9 ;
    %pushi/vec4 152, 0, 8;
    %store/vec4 v00000000027e1bb0_0, 0, 8;
    %jmp T_9.13;
T_9.10 ;
    %pushi/vec4 142, 0, 8;
    %store/vec4 v00000000027e1bb0_0, 0, 8;
    %jmp T_9.13;
T_9.11 ;
    %pushi/vec4 191, 0, 8;
    %store/vec4 v00000000027e1bb0_0, 0, 8;
    %jmp T_9.13;
T_9.13 ;
    %pop/vec4 1;
    %jmp T_9;
    .thread T_9, $push;
    .scope S_000000000275be10;
T_10 ;
    %delay 1000, 0;
    %load/vec4 v00000000027e2dd0_0;
    %inv;
    %store/vec4 v00000000027e2dd0_0, 0, 1;
    %jmp T_10;
    .thread T_10;
    .scope S_000000000275be10;
T_11 ;
    %vpi_call 2 19 "$dumpfile", "out.vcd" {0 0 0};
    %vpi_call 2 20 "$dumpvars" {0 0 0};
    %vpi_call 2 21 "$display", $time, " << Starting Simulation >>" {0 0 0};
    %pushi/vec4 0, 0, 1;
    %store/vec4 v00000000027e2dd0_0, 0, 1;
    %pushi/vec4 1, 0, 1;
    %ix/load 4, 0, 0;
    %flag_set/imm 4, 0;
    %store/vec4 v00000000027e2c90_0, 4, 1;
    %pushi/vec4 0, 0, 1;
    %ix/load 4, 1, 0;
    %flag_set/imm 4, 0;
    %store/vec4 v00000000027e2c90_0, 4, 1;
    %pushi/vec4 1, 0, 1;
    %ix/load 4, 0, 0;
    %flag_set/imm 4, 0;
    %store/vec4 v00000000027e67b0_0, 4, 1;
    %pushi/vec4 0, 0, 1;
    %ix/load 4, 1, 0;
    %flag_set/imm 4, 0;
    %store/vec4 v00000000027e67b0_0, 4, 1;
    %delay 1000000, 0;
    %pushi/vec4 1, 0, 1;
    %ix/load 4, 0, 0;
    %flag_set/imm 4, 0;
    %store/vec4 v00000000027e67b0_0, 4, 1;
    %delay 1000000, 0;
    %pushi/vec4 0, 0, 1;
    %ix/load 4, 0, 0;
    %flag_set/imm 4, 0;
    %store/vec4 v00000000027e2c90_0, 4, 1;
    %delay 1000000, 0;
    %pushi/vec4 0, 0, 1;
    %ix/load 4, 0, 0;
    %flag_set/imm 4, 0;
    %store/vec4 v00000000027e2c90_0, 4, 1;
    %delay 1000000, 0;
    %pushi/vec4 0, 0, 1;
    %ix/load 4, 0, 0;
    %flag_set/imm 4, 0;
    %store/vec4 v00000000027e2c90_0, 4, 1;
    %delay 1000000, 0;
    %delay 1000000, 0;
    %delay 1000000, 0;
    %pushi/vec4 1, 0, 1;
    %ix/load 4, 0, 0;
    %flag_set/imm 4, 0;
    %store/vec4 v00000000027e2c90_0, 4, 1;
    %delay 1000000, 0;
    %pushi/vec4 1, 0, 1;
    %ix/load 4, 0, 0;
    %flag_set/imm 4, 0;
    %store/vec4 v00000000027e2c90_0, 4, 1;
    %delay 1000000, 0;
    %pushi/vec4 1, 0, 1;
    %ix/load 4, 0, 0;
    %flag_set/imm 4, 0;
    %store/vec4 v00000000027e2c90_0, 4, 1;
    %delay 1000000, 0;
    %pushi/vec4 1, 0, 1;
    %ix/load 4, 0, 0;
    %flag_set/imm 4, 0;
    %store/vec4 v00000000027e2c90_0, 4, 1;
    %delay 1000000, 0;
    %pushi/vec4 1, 0, 1;
    %ix/load 4, 0, 0;
    %flag_set/imm 4, 0;
    %store/vec4 v00000000027e2c90_0, 4, 1;
    %delay 1000000, 0;
    %pushi/vec4 1, 0, 1;
    %ix/load 4, 0, 0;
    %flag_set/imm 4, 0;
    %store/vec4 v00000000027e2c90_0, 4, 1;
    %delay 1000000, 0;
    %delay 1000000, 0;
    %delay 1000000, 0;
    %pushi/vec4 1, 0, 1;
    %ix/load 4, 1, 0;
    %flag_set/imm 4, 0;
    %store/vec4 v00000000027e67b0_0, 4, 1;
    %pushi/vec4 0, 0, 1;
    %ix/load 4, 0, 0;
    %flag_set/imm 4, 0;
    %store/vec4 v00000000027e67b0_0, 4, 1;
    %delay 1000000, 0;
    %pushi/vec4 1, 0, 1;
    %ix/load 4, 1, 0;
    %flag_set/imm 4, 0;
    %store/vec4 v00000000027e67b0_0, 4, 1;
    %delay 1000000, 0;
    %pushi/vec4 1, 0, 1;
    %ix/load 4, 1, 0;
    %flag_set/imm 4, 0;
    %store/vec4 v00000000027e67b0_0, 4, 1;
    %delay 1000000, 0;
    %pushi/vec4 1, 0, 1;
    %ix/load 4, 1, 0;
    %flag_set/imm 4, 0;
    %store/vec4 v00000000027e67b0_0, 4, 1;
    %delay 1000000, 0;
    %pushi/vec4 1, 0, 1;
    %ix/load 4, 1, 0;
    %flag_set/imm 4, 0;
    %store/vec4 v00000000027e67b0_0, 4, 1;
    %delay 1000000, 0;
    %pushi/vec4 1, 0, 1;
    %ix/load 4, 1, 0;
    %flag_set/imm 4, 0;
    %store/vec4 v00000000027e67b0_0, 4, 1;
    %delay 1000000, 0;
    %pushi/vec4 1, 0, 1;
    %ix/load 4, 1, 0;
    %flag_set/imm 4, 0;
    %store/vec4 v00000000027e67b0_0, 4, 1;
    %delay 1000000, 0;
    %delay 1000000, 0;
    %delay 1000000, 0;
    %pushi/vec4 1, 0, 1;
    %ix/load 4, 1, 0;
    %flag_set/imm 4, 0;
    %store/vec4 v00000000027e2c90_0, 4, 1;
    %delay 1000000, 0;
    %pushi/vec4 1, 0, 1;
    %ix/load 4, 1, 0;
    %flag_set/imm 4, 0;
    %store/vec4 v00000000027e2c90_0, 4, 1;
    %delay 1000000, 0;
    %pushi/vec4 1, 0, 1;
    %ix/load 4, 1, 0;
    %flag_set/imm 4, 0;
    %store/vec4 v00000000027e2c90_0, 4, 1;
    %delay 1000000, 0;
    %pushi/vec4 1, 0, 1;
    %ix/load 4, 1, 0;
    %flag_set/imm 4, 0;
    %store/vec4 v00000000027e2c90_0, 4, 1;
    %delay 1000000, 0;
    %pushi/vec4 1, 0, 1;
    %ix/load 4, 1, 0;
    %flag_set/imm 4, 0;
    %store/vec4 v00000000027e2c90_0, 4, 1;
    %delay 1000000, 0;
    %delay 1000000, 0;
    %delay 1000000, 0;
    %vpi_call 2 64 "$finish" {0 0 0};
    %end;
    .thread T_11;
    .scope S_000000000275be10;
T_12 ;
    %vpi_call 2 69 "$monitor", $time, " my_KEY: %b, SW1: %b, SW0: %b, my_HEX0: %b, LEDR9: %b, LEDR8: %b, LEDR7: %b, LEDR2: %b, LEDR1: %b, LEDR0: %b", v00000000027e2c90_0, &PV<v00000000027e67b0_0, 1, 1>, &PV<v00000000027e67b0_0, 0, 1>, v00000000027e12f0_0, &PV<v00000000027e2d30_0, 9, 1>, &PV<v00000000027e2d30_0, 8, 1>, &PV<v00000000027e2d30_0, 7, 1>, &PV<v00000000027e2d30_0, 2, 1>, &PV<v00000000027e2d30_0, 1, 1>, &PV<v00000000027e2d30_0, 0, 1> {0 0 0};
    %end;
    .thread T_12;
# The file index is used to find the file name in the following table.
:file_names 9;
    "N/A";
    "<interactive>";
    "testbench3.v";
    "toplab3_man_test.v";
    "create_clock2.v";
    "Mode.v";
    "print7seg.v";
    "NextState.v";
    "CSL.v";
