#! /usr/local/iverilog/bin/vvp
:ivl_version "11.0 (devel)" "(s20150603-612-ga9388a89)";
:ivl_delay_selection "TYPICAL";
:vpi_time_precision - 10;
:vpi_module "system";
:vpi_module "vhdl_sys";
:vpi_module "vhdl_textio";
:vpi_module "v2005_math";
:vpi_module "va_math";
S_00000000027eb320 .scope module, "tb_designblock3" "tb_designblock3" 2 2;
 .timescale -9 -10;
v00000000028465d0_0 .net "my_HEX0", 7 0, v00000000027c3990_0;  1 drivers
v0000000002846710_0 .net "my_HEX1", 7 0, v00000000027c3030_0;  1 drivers
v00000000028467b0_0 .net "my_HEX2", 7 0, v00000000027c30d0_0;  1 drivers
v0000000002846850_0 .net "my_HEX3", 7 0, v00000000027c2950_0;  1 drivers
v00000000028468f0_0 .net "my_HEX4", 7 0, v00000000027c2e50_0;  1 drivers
v0000000002846990_0 .net "my_HEX5", 7 0, v00000000027c2b30_0;  1 drivers
o00000000027eddb8 .functor BUFZ 2, C4<zz>; HiZ drive
v0000000002846a30_0 .net "my_KEY", 1 0, o00000000027eddb8;  0 drivers
v0000000002846c10_0 .net "my_LEDR", 9 0, v00000000027c37b0_0;  1 drivers
v0000000002848f70_0 .var "my_SW", 9 0;
S_00000000027ed2d0 .scope module, "U0" "designblock3" 2 8, 3 1 0, S_00000000027eb320;
 .timescale -9 -10;
    .port_info 0 /INPUT 2 "KEY";
    .port_info 1 /INPUT 10 "SW";
    .port_info 2 /OUTPUT 10 "LEDR";
    .port_info 3 /OUTPUT 8 "HEX0";
    .port_info 4 /OUTPUT 8 "HEX1";
    .port_info 5 /OUTPUT 8 "HEX2";
    .port_info 6 /OUTPUT 8 "HEX3";
    .port_info 7 /OUTPUT 8 "HEX4";
    .port_info 8 /OUTPUT 8 "HEX5";
L_00000000027e2600 .functor NOT 4, L_0000000002849470, C4<0000>, C4<0000>, C4<0000>;
L_00000000027e2670 .functor NOT 4, L_0000000002848e30, C4<0000>, C4<0000>, C4<0000>;
L_00000000027e26e0 .functor OR 1, L_0000000002849f10, L_0000000002848930, C4<0>, C4<0>;
L_00000000027e27c0 .functor OR 1, L_00000000027e26e0, L_00000000028496f0, C4<0>, C4<0>;
v00000000027c3210_0 .net "HEX0", 7 0, v00000000027c3990_0;  alias, 1 drivers
v00000000027c1eb0_0 .net "HEX1", 7 0, v00000000027c3030_0;  alias, 1 drivers
v00000000027c32b0_0 .net "HEX2", 7 0, v00000000027c30d0_0;  alias, 1 drivers
v00000000027c3350_0 .net "HEX3", 7 0, v00000000027c2950_0;  alias, 1 drivers
v00000000027c33f0_0 .net "HEX4", 7 0, v00000000027c2e50_0;  alias, 1 drivers
v00000000027c1f50_0 .net "HEX5", 7 0, v00000000027c2b30_0;  alias, 1 drivers
v00000000027c3490_0 .net "KEY", 1 0, o00000000027eddb8;  alias, 0 drivers
v00000000027c37b0_0 .var "LEDR", 9 0;
v00000000027c3850_0 .net "SW", 9 0, v0000000002848f70_0;  1 drivers
v00000000027c1c30_0 .net *"_s10", 1 0, L_0000000002849290;  1 drivers
v00000000027c1ff0_0 .net *"_s15", 0 0, L_0000000002848610;  1 drivers
L_0000000002880118 .functor BUFT 1, C4<1011>, C4<0>, C4<0>, C4<0>;
v00000000027c2130_0 .net/2u *"_s16", 3 0, L_0000000002880118;  1 drivers
L_0000000002880160 .functor BUFT 1, C4<1010>, C4<0>, C4<0>, C4<0>;
v00000000027c21d0_0 .net/2u *"_s18", 3 0, L_0000000002880160;  1 drivers
v00000000027c2310_0 .net *"_s23", 0 0, L_0000000002849510;  1 drivers
L_00000000028801a8 .functor BUFT 1, C4<1011>, C4<0>, C4<0>, C4<0>;
v00000000028476b0_0 .net/2u *"_s24", 3 0, L_00000000028801a8;  1 drivers
L_00000000028801f0 .functor BUFT 1, C4<1010>, C4<0>, C4<0>, C4<0>;
v00000000028472f0_0 .net/2u *"_s26", 3 0, L_00000000028801f0;  1 drivers
L_0000000002880238 .functor BUFT 1, C4<1010>, C4<0>, C4<0>, C4<0>;
v0000000002846e90_0 .net/2u *"_s30", 3 0, L_0000000002880238;  1 drivers
L_0000000002880280 .functor BUFT 1, C4<1010>, C4<0>, C4<0>, C4<0>;
v00000000028471b0_0 .net/2u *"_s34", 3 0, L_0000000002880280;  1 drivers
L_00000000028802c8 .functor BUFT 1, C4<1010>, C4<0>, C4<0>, C4<0>;
v0000000002847c50_0 .net/2u *"_s38", 3 0, L_00000000028802c8;  1 drivers
v00000000028462b0_0 .net *"_s43", 0 0, L_00000000028486b0;  1 drivers
v0000000002847390_0 .net *"_s44", 3 0, L_00000000027e2600;  1 drivers
L_0000000002880310 .functor BUFT 1, C4<0001>, C4<0>, C4<0>, C4<0>;
v0000000002847b10_0 .net/2u *"_s46", 3 0, L_0000000002880310;  1 drivers
v0000000002846670_0 .net *"_s48", 3 0, L_00000000028490b0;  1 drivers
v0000000002847110_0 .net *"_s5", 0 0, L_00000000028487f0;  1 drivers
L_0000000002880358 .functor BUFT 1, C4<1010>, C4<0>, C4<0>, C4<0>;
v0000000002847a70_0 .net/2u *"_s52", 3 0, L_0000000002880358;  1 drivers
v0000000002846df0_0 .net *"_s57", 0 0, L_0000000002848750;  1 drivers
v0000000002846d50_0 .net *"_s58", 3 0, L_00000000027e2670;  1 drivers
L_0000000002880088 .functor BUFT 1, C4<01>, C4<0>, C4<0>, C4<0>;
v0000000002847750_0 .net/2s *"_s6", 1 0, L_0000000002880088;  1 drivers
L_00000000028803a0 .functor BUFT 1, C4<0001>, C4<0>, C4<0>, C4<0>;
v0000000002847250_0 .net/2u *"_s60", 3 0, L_00000000028803a0;  1 drivers
v0000000002847d90_0 .net *"_s62", 3 0, L_0000000002849830;  1 drivers
L_00000000028803e8 .functor BUFT 1, C4<1000>, C4<0>, C4<0>, C4<0>;
v0000000002847f70_0 .net/2u *"_s66", 3 0, L_00000000028803e8;  1 drivers
v0000000002847bb0_0 .net *"_s68", 0 0, L_000000000284a190;  1 drivers
L_0000000002880430 .functor BUFT 1, C4<1111>, C4<0>, C4<0>, C4<0>;
v0000000002847430_0 .net/2u *"_s70", 3 0, L_0000000002880430;  1 drivers
L_0000000002880478 .functor BUFT 1, C4<1000>, C4<0>, C4<0>, C4<0>;
v0000000002848010_0 .net/2u *"_s74", 3 0, L_0000000002880478;  1 drivers
v0000000002847070_0 .net *"_s76", 0 0, L_0000000002849330;  1 drivers
L_00000000028804c0 .functor BUFT 1, C4<1111>, C4<0>, C4<0>, C4<0>;
v00000000028477f0_0 .net/2u *"_s78", 3 0, L_00000000028804c0;  1 drivers
L_00000000028800d0 .functor BUFT 1, C4<00>, C4<0>, C4<0>, C4<0>;
v0000000002847ed0_0 .net/2s *"_s8", 1 0, L_00000000028800d0;  1 drivers
L_0000000002880598 .functor BUFT 1, C4<0000>, C4<0>, C4<0>, C4<0>;
v0000000002846f30_0 .net/2u *"_s87", 3 0, L_0000000002880598;  1 drivers
v0000000002847890_0 .net *"_s89", 0 0, L_0000000002849f10;  1 drivers
L_00000000028805e0 .functor BUFT 1, C4<0000>, C4<0>, C4<0>, C4<0>;
v0000000002847cf0_0 .net/2u *"_s91", 3 0, L_00000000028805e0;  1 drivers
v0000000002847610_0 .net *"_s93", 0 0, L_0000000002848930;  1 drivers
v0000000002847930_0 .net *"_s95", 0 0, L_00000000027e26e0;  1 drivers
v00000000028474d0_0 .net *"_s97", 0 0, L_00000000027e27c0;  1 drivers
v0000000002847e30_0 .net "final1", 3 0, L_00000000028495b0;  1 drivers
v0000000002846350_0 .net "final2", 3 0, L_000000000284a0f0;  1 drivers
v00000000028480b0_0 .net "negative1", 3 0, L_0000000002849970;  1 drivers
v0000000002846fd0_0 .net "negative2", 3 0, L_0000000002849790;  1 drivers
v0000000002846cb0_0 .net "num1", 3 0, L_0000000002849010;  1 drivers
v0000000002846ad0_0 .net "num2", 3 0, L_00000000028484d0;  1 drivers
v00000000028479d0_0 .net "printnum1", 3 0, L_0000000002849e70;  1 drivers
v0000000002846210_0 .net "printnum2", 3 0, L_0000000002849fb0;  1 drivers
v0000000002847570_0 .net "printsign1", 3 0, L_0000000002848ed0;  1 drivers
v00000000028463f0_0 .net "printsign2", 3 0, L_0000000002849650;  1 drivers
v0000000002846b70_0 .net "signednum", 0 0, L_00000000028496f0;  1 drivers
v0000000002846490_0 .net "x", 3 0, L_0000000002849470;  1 drivers
v0000000002846530_0 .net "y", 3 0, L_0000000002848e30;  1 drivers
E_00000000027e4600 .event edge, L_00000000027e27c0;
L_0000000002849470 .part v0000000002848f70_0, 4, 4;
L_0000000002848e30 .part v0000000002848f70_0, 0, 4;
L_00000000028487f0 .part v0000000002848f70_0, 8, 1;
L_0000000002849290 .functor MUXZ 2, L_00000000028800d0, L_0000000002880088, L_00000000028487f0, C4<>;
L_00000000028496f0 .part L_0000000002849290, 0, 1;
L_0000000002848610 .part L_0000000002849470, 3, 1;
L_0000000002849970 .functor MUXZ 4, L_0000000002880160, L_0000000002880118, L_0000000002848610, C4<>;
L_0000000002849510 .part L_0000000002848e30, 3, 1;
L_0000000002849790 .functor MUXZ 4, L_00000000028801f0, L_00000000028801a8, L_0000000002849510, C4<>;
L_0000000002848ed0 .functor MUXZ 4, L_0000000002880238, L_0000000002849970, L_00000000028496f0, C4<>;
L_0000000002849650 .functor MUXZ 4, L_0000000002880280, L_0000000002849790, L_00000000028496f0, C4<>;
L_0000000002849010 .functor MUXZ 4, L_00000000028802c8, L_0000000002849970, L_00000000028496f0, C4<>;
L_00000000028486b0 .part L_0000000002849010, 0, 1;
L_00000000028490b0 .arith/sum 4, L_00000000027e2600, L_0000000002880310;
L_0000000002849e70 .functor MUXZ 4, L_0000000002849470, L_00000000028490b0, L_00000000028486b0, C4<>;
L_00000000028484d0 .functor MUXZ 4, L_0000000002880358, L_0000000002849790, L_00000000028496f0, C4<>;
L_0000000002848750 .part L_00000000028484d0, 0, 1;
L_0000000002849830 .arith/sum 4, L_00000000027e2670, L_00000000028803a0;
L_0000000002849fb0 .functor MUXZ 4, L_0000000002848e30, L_0000000002849830, L_0000000002848750, C4<>;
L_000000000284a190 .cmp/gt 4, L_0000000002849e70, L_00000000028803e8;
L_00000000028495b0 .functor MUXZ 4, L_0000000002849e70, L_0000000002880430, L_000000000284a190, C4<>;
L_0000000002849330 .cmp/gt 4, L_0000000002849fb0, L_0000000002880478;
L_000000000284a0f0 .functor MUXZ 4, L_0000000002849fb0, L_00000000028804c0, L_0000000002849330, C4<>;
L_0000000002849f10 .cmp/ne 4, L_0000000002849470, L_0000000002880598;
L_0000000002848930 .cmp/ne 4, L_0000000002848e30, L_00000000028805e0;
S_00000000027ed460 .scope module, "U0" "print7seg3" 3 21, 4 1 0, S_00000000027ed2d0;
 .timescale -9 -10;
    .port_info 0 /INPUT 4 "num";
    .port_info 1 /OUTPUT 8 "HEX";
v00000000027c2b30_0 .var "HEX", 7 0;
v00000000027c3670_0 .net "num", 3 0, L_0000000002848ed0;  alias, 1 drivers
E_00000000027e4340 .event edge, v00000000027c3670_0;
S_00000000027c5710 .scope module, "U1" "print7seg3" 3 22, 4 1 0, S_00000000027ed2d0;
 .timescale -9 -10;
    .port_info 0 /INPUT 4 "num";
    .port_info 1 /OUTPUT 8 "HEX";
v00000000027c3030_0 .var "HEX", 7 0;
v00000000027c1cd0_0 .net "num", 3 0, L_0000000002849650;  alias, 1 drivers
E_00000000027e3fc0 .event edge, v00000000027c1cd0_0;
S_00000000027c58a0 .scope module, "U2" "print7seg3" 3 31, 4 1 0, S_00000000027ed2d0;
 .timescale -9 -10;
    .port_info 0 /INPUT 4 "num";
    .port_info 1 /OUTPUT 8 "HEX";
v00000000027c2e50_0 .var "HEX", 7 0;
v00000000027c2630_0 .net "num", 3 0, L_00000000028495b0;  alias, 1 drivers
E_00000000027e41c0 .event edge, v00000000027c2630_0;
S_0000000002792530 .scope module, "U3" "print7seg3" 3 32, 4 1 0, S_00000000027ed2d0;
 .timescale -9 -10;
    .port_info 0 /INPUT 4 "num";
    .port_info 1 /OUTPUT 8 "HEX";
v00000000027c3990_0 .var "HEX", 7 0;
v00000000027c2ef0_0 .net "num", 3 0, L_000000000284a0f0;  alias, 1 drivers
E_00000000027e3a80 .event edge, v00000000027c2ef0_0;
S_00000000027926c0 .scope module, "U4" "print7seg3" 3 33, 4 1 0, S_00000000027ed2d0;
 .timescale -9 -10;
    .port_info 0 /INPUT 4 "num";
    .port_info 1 /OUTPUT 8 "HEX";
v00000000027c2950_0 .var "HEX", 7 0;
L_0000000002880508 .functor BUFT 1, C4<1010>, C4<0>, C4<0>, C4<0>;
v00000000027c2450_0 .net "num", 3 0, L_0000000002880508;  1 drivers
E_00000000027e4900 .event edge, v00000000027c2450_0;
S_0000000002846030 .scope module, "U5" "print7seg3" 3 34, 4 1 0, S_00000000027ed2d0;
 .timescale -9 -10;
    .port_info 0 /INPUT 4 "num";
    .port_info 1 /OUTPUT 8 "HEX";
v00000000027c30d0_0 .var "HEX", 7 0;
L_0000000002880550 .functor BUFT 1, C4<1010>, C4<0>, C4<0>, C4<0>;
v00000000027c1e10_0 .net "num", 3 0, L_0000000002880550;  1 drivers
E_00000000027e4000 .event edge, v00000000027c1e10_0;
    .scope S_00000000027ed460;
T_0 ;
    %wait E_00000000027e4340;
    %load/vec4 v00000000027c3670_0;
    %dup/vec4;
    %pushi/vec4 0, 0, 4;
    %cmp/u;
    %jmp/1 T_0.0, 6;
    %dup/vec4;
    %pushi/vec4 1, 0, 4;
    %cmp/u;
    %jmp/1 T_0.1, 6;
    %dup/vec4;
    %pushi/vec4 2, 0, 4;
    %cmp/u;
    %jmp/1 T_0.2, 6;
    %dup/vec4;
    %pushi/vec4 3, 0, 4;
    %cmp/u;
    %jmp/1 T_0.3, 6;
    %dup/vec4;
    %pushi/vec4 4, 0, 4;
    %cmp/u;
    %jmp/1 T_0.4, 6;
    %dup/vec4;
    %pushi/vec4 5, 0, 4;
    %cmp/u;
    %jmp/1 T_0.5, 6;
    %dup/vec4;
    %pushi/vec4 6, 0, 4;
    %cmp/u;
    %jmp/1 T_0.6, 6;
    %dup/vec4;
    %pushi/vec4 7, 0, 4;
    %cmp/u;
    %jmp/1 T_0.7, 6;
    %dup/vec4;
    %pushi/vec4 8, 0, 4;
    %cmp/u;
    %jmp/1 T_0.8, 6;
    %dup/vec4;
    %pushi/vec4 9, 0, 4;
    %cmp/u;
    %jmp/1 T_0.9, 6;
    %dup/vec4;
    %pushi/vec4 10, 0, 4;
    %cmp/u;
    %jmp/1 T_0.10, 6;
    %dup/vec4;
    %pushi/vec4 11, 0, 4;
    %cmp/u;
    %jmp/1 T_0.11, 6;
    %pushi/vec4 142, 0, 8;
    %store/vec4 v00000000027c2b30_0, 0, 8;
    %jmp T_0.13;
T_0.0 ;
    %pushi/vec4 192, 0, 8;
    %store/vec4 v00000000027c2b30_0, 0, 8;
    %jmp T_0.13;
T_0.1 ;
    %pushi/vec4 249, 0, 8;
    %store/vec4 v00000000027c2b30_0, 0, 8;
    %jmp T_0.13;
T_0.2 ;
    %pushi/vec4 164, 0, 8;
    %store/vec4 v00000000027c2b30_0, 0, 8;
    %jmp T_0.13;
T_0.3 ;
    %pushi/vec4 176, 0, 8;
    %store/vec4 v00000000027c2b30_0, 0, 8;
    %jmp T_0.13;
T_0.4 ;
    %pushi/vec4 153, 0, 8;
    %store/vec4 v00000000027c2b30_0, 0, 8;
    %jmp T_0.13;
T_0.5 ;
    %pushi/vec4 146, 0, 8;
    %store/vec4 v00000000027c2b30_0, 0, 8;
    %jmp T_0.13;
T_0.6 ;
    %pushi/vec4 130, 0, 8;
    %store/vec4 v00000000027c2b30_0, 0, 8;
    %jmp T_0.13;
T_0.7 ;
    %pushi/vec4 248, 0, 8;
    %store/vec4 v00000000027c2b30_0, 0, 8;
    %jmp T_0.13;
T_0.8 ;
    %pushi/vec4 128, 0, 8;
    %store/vec4 v00000000027c2b30_0, 0, 8;
    %jmp T_0.13;
T_0.9 ;
    %pushi/vec4 152, 0, 8;
    %store/vec4 v00000000027c2b30_0, 0, 8;
    %jmp T_0.13;
T_0.10 ;
    %pushi/vec4 255, 0, 8;
    %store/vec4 v00000000027c2b30_0, 0, 8;
    %jmp T_0.13;
T_0.11 ;
    %pushi/vec4 191, 0, 8;
    %store/vec4 v00000000027c2b30_0, 0, 8;
    %jmp T_0.13;
T_0.13 ;
    %pop/vec4 1;
    %jmp T_0;
    .thread T_0, $push;
    .scope S_00000000027c5710;
T_1 ;
    %wait E_00000000027e3fc0;
    %load/vec4 v00000000027c1cd0_0;
    %dup/vec4;
    %pushi/vec4 0, 0, 4;
    %cmp/u;
    %jmp/1 T_1.0, 6;
    %dup/vec4;
    %pushi/vec4 1, 0, 4;
    %cmp/u;
    %jmp/1 T_1.1, 6;
    %dup/vec4;
    %pushi/vec4 2, 0, 4;
    %cmp/u;
    %jmp/1 T_1.2, 6;
    %dup/vec4;
    %pushi/vec4 3, 0, 4;
    %cmp/u;
    %jmp/1 T_1.3, 6;
    %dup/vec4;
    %pushi/vec4 4, 0, 4;
    %cmp/u;
    %jmp/1 T_1.4, 6;
    %dup/vec4;
    %pushi/vec4 5, 0, 4;
    %cmp/u;
    %jmp/1 T_1.5, 6;
    %dup/vec4;
    %pushi/vec4 6, 0, 4;
    %cmp/u;
    %jmp/1 T_1.6, 6;
    %dup/vec4;
    %pushi/vec4 7, 0, 4;
    %cmp/u;
    %jmp/1 T_1.7, 6;
    %dup/vec4;
    %pushi/vec4 8, 0, 4;
    %cmp/u;
    %jmp/1 T_1.8, 6;
    %dup/vec4;
    %pushi/vec4 9, 0, 4;
    %cmp/u;
    %jmp/1 T_1.9, 6;
    %dup/vec4;
    %pushi/vec4 10, 0, 4;
    %cmp/u;
    %jmp/1 T_1.10, 6;
    %dup/vec4;
    %pushi/vec4 11, 0, 4;
    %cmp/u;
    %jmp/1 T_1.11, 6;
    %pushi/vec4 142, 0, 8;
    %store/vec4 v00000000027c3030_0, 0, 8;
    %jmp T_1.13;
T_1.0 ;
    %pushi/vec4 192, 0, 8;
    %store/vec4 v00000000027c3030_0, 0, 8;
    %jmp T_1.13;
T_1.1 ;
    %pushi/vec4 249, 0, 8;
    %store/vec4 v00000000027c3030_0, 0, 8;
    %jmp T_1.13;
T_1.2 ;
    %pushi/vec4 164, 0, 8;
    %store/vec4 v00000000027c3030_0, 0, 8;
    %jmp T_1.13;
T_1.3 ;
    %pushi/vec4 176, 0, 8;
    %store/vec4 v00000000027c3030_0, 0, 8;
    %jmp T_1.13;
T_1.4 ;
    %pushi/vec4 153, 0, 8;
    %store/vec4 v00000000027c3030_0, 0, 8;
    %jmp T_1.13;
T_1.5 ;
    %pushi/vec4 146, 0, 8;
    %store/vec4 v00000000027c3030_0, 0, 8;
    %jmp T_1.13;
T_1.6 ;
    %pushi/vec4 130, 0, 8;
    %store/vec4 v00000000027c3030_0, 0, 8;
    %jmp T_1.13;
T_1.7 ;
    %pushi/vec4 248, 0, 8;
    %store/vec4 v00000000027c3030_0, 0, 8;
    %jmp T_1.13;
T_1.8 ;
    %pushi/vec4 128, 0, 8;
    %store/vec4 v00000000027c3030_0, 0, 8;
    %jmp T_1.13;
T_1.9 ;
    %pushi/vec4 152, 0, 8;
    %store/vec4 v00000000027c3030_0, 0, 8;
    %jmp T_1.13;
T_1.10 ;
    %pushi/vec4 255, 0, 8;
    %store/vec4 v00000000027c3030_0, 0, 8;
    %jmp T_1.13;
T_1.11 ;
    %pushi/vec4 191, 0, 8;
    %store/vec4 v00000000027c3030_0, 0, 8;
    %jmp T_1.13;
T_1.13 ;
    %pop/vec4 1;
    %jmp T_1;
    .thread T_1, $push;
    .scope S_00000000027c58a0;
T_2 ;
    %wait E_00000000027e41c0;
    %load/vec4 v00000000027c2630_0;
    %dup/vec4;
    %pushi/vec4 0, 0, 4;
    %cmp/u;
    %jmp/1 T_2.0, 6;
    %dup/vec4;
    %pushi/vec4 1, 0, 4;
    %cmp/u;
    %jmp/1 T_2.1, 6;
    %dup/vec4;
    %pushi/vec4 2, 0, 4;
    %cmp/u;
    %jmp/1 T_2.2, 6;
    %dup/vec4;
    %pushi/vec4 3, 0, 4;
    %cmp/u;
    %jmp/1 T_2.3, 6;
    %dup/vec4;
    %pushi/vec4 4, 0, 4;
    %cmp/u;
    %jmp/1 T_2.4, 6;
    %dup/vec4;
    %pushi/vec4 5, 0, 4;
    %cmp/u;
    %jmp/1 T_2.5, 6;
    %dup/vec4;
    %pushi/vec4 6, 0, 4;
    %cmp/u;
    %jmp/1 T_2.6, 6;
    %dup/vec4;
    %pushi/vec4 7, 0, 4;
    %cmp/u;
    %jmp/1 T_2.7, 6;
    %dup/vec4;
    %pushi/vec4 8, 0, 4;
    %cmp/u;
    %jmp/1 T_2.8, 6;
    %dup/vec4;
    %pushi/vec4 9, 0, 4;
    %cmp/u;
    %jmp/1 T_2.9, 6;
    %dup/vec4;
    %pushi/vec4 10, 0, 4;
    %cmp/u;
    %jmp/1 T_2.10, 6;
    %dup/vec4;
    %pushi/vec4 11, 0, 4;
    %cmp/u;
    %jmp/1 T_2.11, 6;
    %pushi/vec4 142, 0, 8;
    %store/vec4 v00000000027c2e50_0, 0, 8;
    %jmp T_2.13;
T_2.0 ;
    %pushi/vec4 192, 0, 8;
    %store/vec4 v00000000027c2e50_0, 0, 8;
    %jmp T_2.13;
T_2.1 ;
    %pushi/vec4 249, 0, 8;
    %store/vec4 v00000000027c2e50_0, 0, 8;
    %jmp T_2.13;
T_2.2 ;
    %pushi/vec4 164, 0, 8;
    %store/vec4 v00000000027c2e50_0, 0, 8;
    %jmp T_2.13;
T_2.3 ;
    %pushi/vec4 176, 0, 8;
    %store/vec4 v00000000027c2e50_0, 0, 8;
    %jmp T_2.13;
T_2.4 ;
    %pushi/vec4 153, 0, 8;
    %store/vec4 v00000000027c2e50_0, 0, 8;
    %jmp T_2.13;
T_2.5 ;
    %pushi/vec4 146, 0, 8;
    %store/vec4 v00000000027c2e50_0, 0, 8;
    %jmp T_2.13;
T_2.6 ;
    %pushi/vec4 130, 0, 8;
    %store/vec4 v00000000027c2e50_0, 0, 8;
    %jmp T_2.13;
T_2.7 ;
    %pushi/vec4 248, 0, 8;
    %store/vec4 v00000000027c2e50_0, 0, 8;
    %jmp T_2.13;
T_2.8 ;
    %pushi/vec4 128, 0, 8;
    %store/vec4 v00000000027c2e50_0, 0, 8;
    %jmp T_2.13;
T_2.9 ;
    %pushi/vec4 152, 0, 8;
    %store/vec4 v00000000027c2e50_0, 0, 8;
    %jmp T_2.13;
T_2.10 ;
    %pushi/vec4 255, 0, 8;
    %store/vec4 v00000000027c2e50_0, 0, 8;
    %jmp T_2.13;
T_2.11 ;
    %pushi/vec4 191, 0, 8;
    %store/vec4 v00000000027c2e50_0, 0, 8;
    %jmp T_2.13;
T_2.13 ;
    %pop/vec4 1;
    %jmp T_2;
    .thread T_2, $push;
    .scope S_0000000002792530;
T_3 ;
    %wait E_00000000027e3a80;
    %load/vec4 v00000000027c2ef0_0;
    %dup/vec4;
    %pushi/vec4 0, 0, 4;
    %cmp/u;
    %jmp/1 T_3.0, 6;
    %dup/vec4;
    %pushi/vec4 1, 0, 4;
    %cmp/u;
    %jmp/1 T_3.1, 6;
    %dup/vec4;
    %pushi/vec4 2, 0, 4;
    %cmp/u;
    %jmp/1 T_3.2, 6;
    %dup/vec4;
    %pushi/vec4 3, 0, 4;
    %cmp/u;
    %jmp/1 T_3.3, 6;
    %dup/vec4;
    %pushi/vec4 4, 0, 4;
    %cmp/u;
    %jmp/1 T_3.4, 6;
    %dup/vec4;
    %pushi/vec4 5, 0, 4;
    %cmp/u;
    %jmp/1 T_3.5, 6;
    %dup/vec4;
    %pushi/vec4 6, 0, 4;
    %cmp/u;
    %jmp/1 T_3.6, 6;
    %dup/vec4;
    %pushi/vec4 7, 0, 4;
    %cmp/u;
    %jmp/1 T_3.7, 6;
    %dup/vec4;
    %pushi/vec4 8, 0, 4;
    %cmp/u;
    %jmp/1 T_3.8, 6;
    %dup/vec4;
    %pushi/vec4 9, 0, 4;
    %cmp/u;
    %jmp/1 T_3.9, 6;
    %dup/vec4;
    %pushi/vec4 10, 0, 4;
    %cmp/u;
    %jmp/1 T_3.10, 6;
    %dup/vec4;
    %pushi/vec4 11, 0, 4;
    %cmp/u;
    %jmp/1 T_3.11, 6;
    %pushi/vec4 142, 0, 8;
    %store/vec4 v00000000027c3990_0, 0, 8;
    %jmp T_3.13;
T_3.0 ;
    %pushi/vec4 192, 0, 8;
    %store/vec4 v00000000027c3990_0, 0, 8;
    %jmp T_3.13;
T_3.1 ;
    %pushi/vec4 249, 0, 8;
    %store/vec4 v00000000027c3990_0, 0, 8;
    %jmp T_3.13;
T_3.2 ;
    %pushi/vec4 164, 0, 8;
    %store/vec4 v00000000027c3990_0, 0, 8;
    %jmp T_3.13;
T_3.3 ;
    %pushi/vec4 176, 0, 8;
    %store/vec4 v00000000027c3990_0, 0, 8;
    %jmp T_3.13;
T_3.4 ;
    %pushi/vec4 153, 0, 8;
    %store/vec4 v00000000027c3990_0, 0, 8;
    %jmp T_3.13;
T_3.5 ;
    %pushi/vec4 146, 0, 8;
    %store/vec4 v00000000027c3990_0, 0, 8;
    %jmp T_3.13;
T_3.6 ;
    %pushi/vec4 130, 0, 8;
    %store/vec4 v00000000027c3990_0, 0, 8;
    %jmp T_3.13;
T_3.7 ;
    %pushi/vec4 248, 0, 8;
    %store/vec4 v00000000027c3990_0, 0, 8;
    %jmp T_3.13;
T_3.8 ;
    %pushi/vec4 128, 0, 8;
    %store/vec4 v00000000027c3990_0, 0, 8;
    %jmp T_3.13;
T_3.9 ;
    %pushi/vec4 152, 0, 8;
    %store/vec4 v00000000027c3990_0, 0, 8;
    %jmp T_3.13;
T_3.10 ;
    %pushi/vec4 255, 0, 8;
    %store/vec4 v00000000027c3990_0, 0, 8;
    %jmp T_3.13;
T_3.11 ;
    %pushi/vec4 191, 0, 8;
    %store/vec4 v00000000027c3990_0, 0, 8;
    %jmp T_3.13;
T_3.13 ;
    %pop/vec4 1;
    %jmp T_3;
    .thread T_3, $push;
    .scope S_00000000027926c0;
T_4 ;
    %wait E_00000000027e4900;
    %load/vec4 v00000000027c2450_0;
    %dup/vec4;
    %pushi/vec4 0, 0, 4;
    %cmp/u;
    %jmp/1 T_4.0, 6;
    %dup/vec4;
    %pushi/vec4 1, 0, 4;
    %cmp/u;
    %jmp/1 T_4.1, 6;
    %dup/vec4;
    %pushi/vec4 2, 0, 4;
    %cmp/u;
    %jmp/1 T_4.2, 6;
    %dup/vec4;
    %pushi/vec4 3, 0, 4;
    %cmp/u;
    %jmp/1 T_4.3, 6;
    %dup/vec4;
    %pushi/vec4 4, 0, 4;
    %cmp/u;
    %jmp/1 T_4.4, 6;
    %dup/vec4;
    %pushi/vec4 5, 0, 4;
    %cmp/u;
    %jmp/1 T_4.5, 6;
    %dup/vec4;
    %pushi/vec4 6, 0, 4;
    %cmp/u;
    %jmp/1 T_4.6, 6;
    %dup/vec4;
    %pushi/vec4 7, 0, 4;
    %cmp/u;
    %jmp/1 T_4.7, 6;
    %dup/vec4;
    %pushi/vec4 8, 0, 4;
    %cmp/u;
    %jmp/1 T_4.8, 6;
    %dup/vec4;
    %pushi/vec4 9, 0, 4;
    %cmp/u;
    %jmp/1 T_4.9, 6;
    %dup/vec4;
    %pushi/vec4 10, 0, 4;
    %cmp/u;
    %jmp/1 T_4.10, 6;
    %dup/vec4;
    %pushi/vec4 11, 0, 4;
    %cmp/u;
    %jmp/1 T_4.11, 6;
    %pushi/vec4 142, 0, 8;
    %store/vec4 v00000000027c2950_0, 0, 8;
    %jmp T_4.13;
T_4.0 ;
    %pushi/vec4 192, 0, 8;
    %store/vec4 v00000000027c2950_0, 0, 8;
    %jmp T_4.13;
T_4.1 ;
    %pushi/vec4 249, 0, 8;
    %store/vec4 v00000000027c2950_0, 0, 8;
    %jmp T_4.13;
T_4.2 ;
    %pushi/vec4 164, 0, 8;
    %store/vec4 v00000000027c2950_0, 0, 8;
    %jmp T_4.13;
T_4.3 ;
    %pushi/vec4 176, 0, 8;
    %store/vec4 v00000000027c2950_0, 0, 8;
    %jmp T_4.13;
T_4.4 ;
    %pushi/vec4 153, 0, 8;
    %store/vec4 v00000000027c2950_0, 0, 8;
    %jmp T_4.13;
T_4.5 ;
    %pushi/vec4 146, 0, 8;
    %store/vec4 v00000000027c2950_0, 0, 8;
    %jmp T_4.13;
T_4.6 ;
    %pushi/vec4 130, 0, 8;
    %store/vec4 v00000000027c2950_0, 0, 8;
    %jmp T_4.13;
T_4.7 ;
    %pushi/vec4 248, 0, 8;
    %store/vec4 v00000000027c2950_0, 0, 8;
    %jmp T_4.13;
T_4.8 ;
    %pushi/vec4 128, 0, 8;
    %store/vec4 v00000000027c2950_0, 0, 8;
    %jmp T_4.13;
T_4.9 ;
    %pushi/vec4 152, 0, 8;
    %store/vec4 v00000000027c2950_0, 0, 8;
    %jmp T_4.13;
T_4.10 ;
    %pushi/vec4 255, 0, 8;
    %store/vec4 v00000000027c2950_0, 0, 8;
    %jmp T_4.13;
T_4.11 ;
    %pushi/vec4 191, 0, 8;
    %store/vec4 v00000000027c2950_0, 0, 8;
    %jmp T_4.13;
T_4.13 ;
    %pop/vec4 1;
    %jmp T_4;
    .thread T_4, $push;
    .scope S_0000000002846030;
T_5 ;
    %wait E_00000000027e4000;
    %load/vec4 v00000000027c1e10_0;
    %dup/vec4;
    %pushi/vec4 0, 0, 4;
    %cmp/u;
    %jmp/1 T_5.0, 6;
    %dup/vec4;
    %pushi/vec4 1, 0, 4;
    %cmp/u;
    %jmp/1 T_5.1, 6;
    %dup/vec4;
    %pushi/vec4 2, 0, 4;
    %cmp/u;
    %jmp/1 T_5.2, 6;
    %dup/vec4;
    %pushi/vec4 3, 0, 4;
    %cmp/u;
    %jmp/1 T_5.3, 6;
    %dup/vec4;
    %pushi/vec4 4, 0, 4;
    %cmp/u;
    %jmp/1 T_5.4, 6;
    %dup/vec4;
    %pushi/vec4 5, 0, 4;
    %cmp/u;
    %jmp/1 T_5.5, 6;
    %dup/vec4;
    %pushi/vec4 6, 0, 4;
    %cmp/u;
    %jmp/1 T_5.6, 6;
    %dup/vec4;
    %pushi/vec4 7, 0, 4;
    %cmp/u;
    %jmp/1 T_5.7, 6;
    %dup/vec4;
    %pushi/vec4 8, 0, 4;
    %cmp/u;
    %jmp/1 T_5.8, 6;
    %dup/vec4;
    %pushi/vec4 9, 0, 4;
    %cmp/u;
    %jmp/1 T_5.9, 6;
    %dup/vec4;
    %pushi/vec4 10, 0, 4;
    %cmp/u;
    %jmp/1 T_5.10, 6;
    %dup/vec4;
    %pushi/vec4 11, 0, 4;
    %cmp/u;
    %jmp/1 T_5.11, 6;
    %pushi/vec4 142, 0, 8;
    %store/vec4 v00000000027c30d0_0, 0, 8;
    %jmp T_5.13;
T_5.0 ;
    %pushi/vec4 192, 0, 8;
    %store/vec4 v00000000027c30d0_0, 0, 8;
    %jmp T_5.13;
T_5.1 ;
    %pushi/vec4 249, 0, 8;
    %store/vec4 v00000000027c30d0_0, 0, 8;
    %jmp T_5.13;
T_5.2 ;
    %pushi/vec4 164, 0, 8;
    %store/vec4 v00000000027c30d0_0, 0, 8;
    %jmp T_5.13;
T_5.3 ;
    %pushi/vec4 176, 0, 8;
    %store/vec4 v00000000027c30d0_0, 0, 8;
    %jmp T_5.13;
T_5.4 ;
    %pushi/vec4 153, 0, 8;
    %store/vec4 v00000000027c30d0_0, 0, 8;
    %jmp T_5.13;
T_5.5 ;
    %pushi/vec4 146, 0, 8;
    %store/vec4 v00000000027c30d0_0, 0, 8;
    %jmp T_5.13;
T_5.6 ;
    %pushi/vec4 130, 0, 8;
    %store/vec4 v00000000027c30d0_0, 0, 8;
    %jmp T_5.13;
T_5.7 ;
    %pushi/vec4 248, 0, 8;
    %store/vec4 v00000000027c30d0_0, 0, 8;
    %jmp T_5.13;
T_5.8 ;
    %pushi/vec4 128, 0, 8;
    %store/vec4 v00000000027c30d0_0, 0, 8;
    %jmp T_5.13;
T_5.9 ;
    %pushi/vec4 152, 0, 8;
    %store/vec4 v00000000027c30d0_0, 0, 8;
    %jmp T_5.13;
T_5.10 ;
    %pushi/vec4 255, 0, 8;
    %store/vec4 v00000000027c30d0_0, 0, 8;
    %jmp T_5.13;
T_5.11 ;
    %pushi/vec4 191, 0, 8;
    %store/vec4 v00000000027c30d0_0, 0, 8;
    %jmp T_5.13;
T_5.13 ;
    %pop/vec4 1;
    %jmp T_5;
    .thread T_5, $push;
    .scope S_00000000027ed2d0;
T_6 ;
    %wait E_00000000027e4600;
    %load/vec4 v0000000002846b70_0;
    %flag_set/vec4 8;
    %jmp/0xz  T_6.0, 8;
    %load/vec4 v00000000028480b0_0;
    %parti/s 1, 0, 2;
    %load/vec4 v0000000002846fd0_0;
    %parti/s 1, 0, 2;
    %inv;
    %and;
    %flag_set/vec4 8;
    %jmp/0xz  T_6.2, 8;
    %pushi/vec4 1, 0, 1;
    %ix/load 4, 0, 0;
    %flag_set/imm 4, 0;
    %store/vec4 v00000000027c37b0_0, 4, 1;
    %pushi/vec4 0, 0, 2;
    %ix/load 4, 1, 0;
    %flag_set/imm 4, 0;
    %store/vec4 v00000000027c37b0_0, 4, 2;
    %jmp T_6.3;
T_6.2 ;
    %load/vec4 v00000000028480b0_0;
    %parti/s 1, 0, 2;
    %inv;
    %load/vec4 v0000000002846fd0_0;
    %parti/s 1, 0, 2;
    %and;
    %flag_set/vec4 8;
    %jmp/0xz  T_6.4, 8;
    %pushi/vec4 1, 0, 1;
    %ix/load 4, 1, 0;
    %flag_set/imm 4, 0;
    %store/vec4 v00000000027c37b0_0, 4, 1;
    %pushi/vec4 0, 0, 1;
    %ix/load 4, 0, 0;
    %flag_set/imm 4, 0;
    %store/vec4 v00000000027c37b0_0, 4, 1;
    %pushi/vec4 0, 0, 1;
    %ix/load 4, 2, 0;
    %flag_set/imm 4, 0;
    %store/vec4 v00000000027c37b0_0, 4, 1;
    %jmp T_6.5;
T_6.4 ;
    %load/vec4 v00000000028480b0_0;
    %parti/s 1, 0, 2;
    %load/vec4 v0000000002846fd0_0;
    %parti/s 1, 0, 2;
    %and;
    %flag_set/vec4 8;
    %jmp/0xz  T_6.6, 8;
    %load/vec4 v00000000028479d0_0;
    %load/vec4 v0000000002846210_0;
    %cmp/e;
    %flag_mov 8, 4;
    %jmp/0 T_6.8, 8;
    %pushi/vec4 1, 0, 2;
    %jmp/1 T_6.9, 8;
T_6.8 ; End of true expr.
    %pushi/vec4 0, 0, 2;
    %jmp/0 T_6.9, 8;
 ; End of false expr.
    %blend;
T_6.9;
    %pad/s 1;
    %ix/load 4, 2, 0;
    %flag_set/imm 4, 0;
    %store/vec4 v00000000027c37b0_0, 4, 1;
    %load/vec4 v00000000028479d0_0;
    %load/vec4 v0000000002846210_0;
    %cmp/u;
    %flag_mov 8, 5;
    %jmp/0 T_6.10, 8;
    %pushi/vec4 1, 0, 2;
    %jmp/1 T_6.11, 8;
T_6.10 ; End of true expr.
    %pushi/vec4 0, 0, 2;
    %jmp/0 T_6.11, 8;
 ; End of false expr.
    %blend;
T_6.11;
    %pad/s 1;
    %ix/load 4, 1, 0;
    %flag_set/imm 4, 0;
    %store/vec4 v00000000027c37b0_0, 4, 1;
    %load/vec4 v0000000002846210_0;
    %load/vec4 v00000000028479d0_0;
    %cmp/u;
    %flag_mov 8, 5;
    %jmp/0 T_6.12, 8;
    %pushi/vec4 1, 0, 2;
    %jmp/1 T_6.13, 8;
T_6.12 ; End of true expr.
    %pushi/vec4 0, 0, 2;
    %jmp/0 T_6.13, 8;
 ; End of false expr.
    %blend;
T_6.13;
    %pad/s 1;
    %ix/load 4, 0, 0;
    %flag_set/imm 4, 0;
    %store/vec4 v00000000027c37b0_0, 4, 1;
    %jmp T_6.7;
T_6.6 ;
    %load/vec4 v00000000028479d0_0;
    %load/vec4 v0000000002846210_0;
    %cmp/e;
    %flag_mov 8, 4;
    %jmp/0 T_6.14, 8;
    %pushi/vec4 1, 0, 2;
    %jmp/1 T_6.15, 8;
T_6.14 ; End of true expr.
    %pushi/vec4 0, 0, 2;
    %jmp/0 T_6.15, 8;
 ; End of false expr.
    %blend;
T_6.15;
    %pad/s 1;
    %ix/load 4, 2, 0;
    %flag_set/imm 4, 0;
    %store/vec4 v00000000027c37b0_0, 4, 1;
    %load/vec4 v0000000002846210_0;
    %load/vec4 v00000000028479d0_0;
    %cmp/u;
    %flag_mov 8, 5;
    %jmp/0 T_6.16, 8;
    %pushi/vec4 1, 0, 2;
    %jmp/1 T_6.17, 8;
T_6.16 ; End of true expr.
    %pushi/vec4 0, 0, 2;
    %jmp/0 T_6.17, 8;
 ; End of false expr.
    %blend;
T_6.17;
    %pad/s 1;
    %ix/load 4, 1, 0;
    %flag_set/imm 4, 0;
    %store/vec4 v00000000027c37b0_0, 4, 1;
    %load/vec4 v00000000028479d0_0;
    %load/vec4 v0000000002846210_0;
    %cmp/u;
    %flag_mov 8, 5;
    %jmp/0 T_6.18, 8;
    %pushi/vec4 1, 0, 2;
    %jmp/1 T_6.19, 8;
T_6.18 ; End of true expr.
    %pushi/vec4 0, 0, 2;
    %jmp/0 T_6.19, 8;
 ; End of false expr.
    %blend;
T_6.19;
    %pad/s 1;
    %ix/load 4, 0, 0;
    %flag_set/imm 4, 0;
    %store/vec4 v00000000027c37b0_0, 4, 1;
T_6.7 ;
T_6.5 ;
T_6.3 ;
    %jmp T_6.1;
T_6.0 ;
    %load/vec4 v00000000028479d0_0;
    %load/vec4 v0000000002846210_0;
    %cmp/e;
    %flag_mov 8, 4;
    %jmp/0 T_6.20, 8;
    %pushi/vec4 1, 0, 2;
    %jmp/1 T_6.21, 8;
T_6.20 ; End of true expr.
    %pushi/vec4 0, 0, 2;
    %jmp/0 T_6.21, 8;
 ; End of false expr.
    %blend;
T_6.21;
    %pad/s 1;
    %ix/load 4, 2, 0;
    %flag_set/imm 4, 0;
    %store/vec4 v00000000027c37b0_0, 4, 1;
    %load/vec4 v0000000002846210_0;
    %load/vec4 v00000000028479d0_0;
    %cmp/u;
    %flag_mov 8, 5;
    %jmp/0 T_6.22, 8;
    %pushi/vec4 1, 0, 2;
    %jmp/1 T_6.23, 8;
T_6.22 ; End of true expr.
    %pushi/vec4 0, 0, 2;
    %jmp/0 T_6.23, 8;
 ; End of false expr.
    %blend;
T_6.23;
    %pad/s 1;
    %ix/load 4, 1, 0;
    %flag_set/imm 4, 0;
    %store/vec4 v00000000027c37b0_0, 4, 1;
    %load/vec4 v00000000028479d0_0;
    %load/vec4 v0000000002846210_0;
    %cmp/u;
    %flag_mov 8, 5;
    %jmp/0 T_6.24, 8;
    %pushi/vec4 1, 0, 2;
    %jmp/1 T_6.25, 8;
T_6.24 ; End of true expr.
    %pushi/vec4 0, 0, 2;
    %jmp/0 T_6.25, 8;
 ; End of false expr.
    %blend;
T_6.25;
    %pad/s 1;
    %ix/load 4, 0, 0;
    %flag_set/imm 4, 0;
    %store/vec4 v00000000027c37b0_0, 4, 1;
T_6.1 ;
    %jmp T_6;
    .thread T_6, $push;
    .scope S_00000000027eb320;
T_7 ;
    %vpi_call 2 12 "$dumpfile", "output.vcd" {0 0 0};
    %vpi_call 2 13 "$dumpvars" {0 0 0};
    %vpi_call 2 14 "$display", "begin" {0 0 0};
    %delay 300, 0;
    %pushi/vec4 888, 0, 10;
    %store/vec4 v0000000002848f70_0, 0, 10;
    %vpi_call 2 16 "$display", "LEDR should be 010" {0 0 0};
    %delay 300, 0;
    %pushi/vec4 512, 0, 10;
    %store/vec4 v0000000002848f70_0, 0, 10;
    %vpi_call 2 18 "$display", "LEDR should be 100" {0 0 0};
    %delay 300, 0;
    %pushi/vec4 535, 0, 10;
    %store/vec4 v0000000002848f70_0, 0, 10;
    %vpi_call 2 20 "$display", "LEDR should be 001" {0 0 0};
    %delay 300, 0;
    %pushi/vec4 896, 0, 10;
    %store/vec4 v0000000002848f70_0, 0, 10;
    %vpi_call 2 22 "$display", "LEDR should be 001" {0 0 0};
    %vpi_call 2 23 "$finish" {0 0 0};
    %end;
    .thread T_7;
    .scope S_00000000027eb320;
T_8 ;
    %vpi_call 2 28 "$monitor", $time, "my_SW = %b, my_LEDR = %b ", v0000000002848f70_0, &PV<v0000000002846c10_0, 0, 3> {0 0 0};
    %end;
    .thread T_8;
# The file index is used to find the file name in the following table.
:file_names 5;
    "N/A";
    "<interactive>";
    "tb_designblock3.v";
    "designblock3.v";
    "print7seg3.v";
